  *******************************************
  *                                         *
  *        W E L C O M E  to  R O O T       *
  *                                         *
  *   Version   3.05/07     22 April 2004   *
  *                                         *
  *  You are welcome to visit our Web site  *
  *          http://root.cern.ch            *
  *                                         *
  *******************************************

FreeType Engine v2.1.3 used to render TrueType fonts.
Compiled for linux with thread support.

CINT/ROOT C/C++ Interpreter version 5.15.94, June 30 2003
Type ? for help. Commands must be C++ statements.
Enclose multiple statements between { }.

[1mRooFit -- Version 1.04, developed by Wouter Verkerke and David Kirkby[0m 
          Copyright (C) 2000-2004 University of California & Stanford University
          All rights reserved, please read http://roofit.sourceforge.net/license.txt


Processing get_results.C...

 ---------------------------------------------------------------------------
                Sensitivity vs. nSig and Sigma in Fit
 ---------------------------------------------------------------------------
 nSig / SigFit--> |    0.1   |   0.2   |   0.3   |   0.4   |  W. Avg  (val) 
 ---------------------------------------------------------------------------
       0.130      |  17.799  |  8.891  |  5.942  |  4.505  |  6.473 (0.270) 
       0.163      |  17.783  |  8.909  |  5.943  |  4.510  |  5.840 (0.313) 
       0.196      |  17.808  |  8.897  |  5.943  |  4.503  |  5.162 (0.270) 
 ---------------------------------------------------------------------------

