  *******************************************
  *                                         *
  *        W E L C O M E  to  R O O T       *
  *                                         *
  *   Version   3.05/07     22 April 2004   *
  *                                         *
  *  You are welcome to visit our Web site  *
  *          http://root.cern.ch            *
  *                                         *
  *******************************************

Compiled for linux with thread support.

CINT/ROOT C/C++ Interpreter version 5.15.94, June 30 2003
Type ? for help. Commands must be C++ statements.
Enclose multiple statements between { }.

[1mRooFit -- Version 1.04, developed by Wouter Verkerke and David Kirkby[0m 
          Copyright (C) 2000-2004 University of California & Stanford University
          All rights reserved, please read http://roofit.sourceforge.net/license.txt


Processing varsig0130_4.C...
============== dm fixed at 0.5 ====================
Number of events  4000
for event #50: rTime = 1.67686, isMixed = 1.73055
 **********
 **    1 **SET ERR         0.5
 **********
 PARAMETER DEFINITIONS:
    NO.   NAME         VALUE      STEP SIZE      LIMITS
     1 t0           1.50000e+00  1.00000e-01     no limits
     2 dm           5.00000e-01  1.00000e-02     no limits
     3 sigma        4.00000e-01  1.00000e-02     no limits
     4 mistag       4.20000e-01  1.00000e-01     no limits
 **********
 **    2 **FIX           1           2           3
 **********
 **********
 **    3 **CALL FCN           1
 **********
iflag  1
 FCN=6138.24 FROM CALl fcn    STATUS=RESET           1 CALLS           1 TOTAL
                     EDM= unknown      STRATEGY= 1      NO ERROR MATRIX       
  EXT PARAMETER               CURRENT GUESS      PHYSICAL LIMITS       
  NO.   NAME      VALUE            ERROR       NEGATIVE      POSITIVE  
   1  t0           1.50000e+00     fixed    
   2  dm           5.00000e-01     fixed    
   3  sigma        4.00000e-01     fixed    
   4  mistag       4.20000e-01   1.00000e-01
                               ERR DEF= 0.5
 **********
 **    4 **MIGRAD        3000         0.1
 **********
 START MIGRAD MINIMIZATION.  STRATEGY 1.  CONVERGENCE WHEN EDM .LT. 1.00e-04
 FCN=6138.24 FROM MIGRAD    STATUS=INITIATE        4 CALLS           5 TOTAL
                     EDM= unknown      STRATEGY= 1      NO ERROR MATRIX       
  EXT PARAMETER               CURRENT GUESS       STEP         FIRST   
  NO.   NAME      VALUE            ERROR          SIZE      DERIVATIVE 
   1  t0           1.50000e+00     fixed    
   2  dm           5.00000e-01     fixed    
   3  sigma        4.00000e-01     fixed    
   4  mistag       4.20000e-01   1.00000e-01   1.00000e-01  -7.23158e+02
                               ERR DEF= 0.5
 MIGRAD MINIMIZATION HAS CONVERGED.
 MIGRAD WILL VERIFY CONVERGENCE AND ERROR MATRIX.
 COVARIANCE MATRIX CALCULATED SUCCESSFULLY
 FCN=6113.99 FROM MIGRAD    STATUS=CONVERGED      20 CALLS          21 TOTAL
                     EDM=5.44218e-14    STRATEGY= 1      ERROR MATRIX ACCURATE 
  EXT PARAMETER                                   STEP         FIRST   
  NO.   NAME      VALUE            ERROR          SIZE      DERIVATIVE 
   1  t0           1.50000e+00     fixed    
   2  dm           5.00000e-01     fixed    
   3  sigma        4.00000e-01     fixed    
   4  mistag       4.87687e-01   9.77312e-03   5.27712e-04  -2.38700e-05
                               ERR DEF= 0.5
 EXTERNAL ERROR MATRIX.    NDIM=  25    NPAR=  1    ERR DEF=0.5
  9.551e-05 
 **********
 **    5 **CALL FCN           3
 **********
iflag  3
ct  0.14024  0.222213
============== dm fixed at 0.83 ====================
Number of events  4000
for event #50: rTime = 2.2185, isMixed = 1.85882
 **********
 **    1 **SET ERR         0.5
 **********
 PARAMETER DEFINITIONS:
    NO.   NAME         VALUE      STEP SIZE      LIMITS
     1 t0           1.50000e+00  1.00000e-01     no limits
     2 dm           8.30000e-01  1.00000e-02     no limits
     3 sigma        4.00000e-01  1.00000e-02     no limits
     4 mistag       4.20000e-01  1.00000e-01     no limits
 **********
 **    2 **FIX           1           2           3
 **********
 **********
 **    3 **CALL FCN           1
 **********
iflag  1
 FCN=6284.69 FROM CALl fcn    STATUS=RESET           1 CALLS           1 TOTAL
                     EDM= unknown      STRATEGY= 1      NO ERROR MATRIX       
  EXT PARAMETER               CURRENT GUESS      PHYSICAL LIMITS       
  NO.   NAME      VALUE            ERROR       NEGATIVE      POSITIVE  
   1  t0           1.50000e+00     fixed    
   2  dm           8.30000e-01     fixed    
   3  sigma        4.00000e-01     fixed    
   4  mistag       4.20000e-01   1.00000e-01
                               ERR DEF= 0.5
 **********
 **    4 **MIGRAD        3000         0.1
 **********
 START MIGRAD MINIMIZATION.  STRATEGY 1.  CONVERGENCE WHEN EDM .LT. 1.00e-04
 FCN=6284.69 FROM MIGRAD    STATUS=INITIATE        4 CALLS           5 TOTAL
                     EDM= unknown      STRATEGY= 1      NO ERROR MATRIX       
  EXT PARAMETER               CURRENT GUESS       STEP         FIRST   
  NO.   NAME      VALUE            ERROR          SIZE      DERIVATIVE 
   1  t0           1.50000e+00     fixed    
   2  dm           8.30000e-01     fixed    
   3  sigma        4.00000e-01     fixed    
   4  mistag       4.20000e-01   1.00000e-01   1.00000e-01  -7.17509e+02
                               ERR DEF= 0.5
 MIGRAD MINIMIZATION HAS CONVERGED.
 MIGRAD WILL VERIFY CONVERGENCE AND ERROR MATRIX.
 COVARIANCE MATRIX CALCULATED SUCCESSFULLY
 FCN=6254.86 FROM MIGRAD    STATUS=CONVERGED      20 CALLS          21 TOTAL
                     EDM=7.64356e-15    STRATEGY= 1      ERROR MATRIX ACCURATE 
  EXT PARAMETER                                   STEP         FIRST   
  NO.   NAME      VALUE            ERROR          SIZE      DERIVATIVE 
   1  t0           1.50000e+00     fixed    
   2  dm           8.30000e-01     fixed    
   3  sigma        4.00000e-01     fixed    
   4  mistag       5.03962e-01   1.09230e-02   5.96560e-04  -8.00397e-06
                               ERR DEF= 0.5
 EXTERNAL ERROR MATRIX.    NDIM=  25    NPAR=  1    ERR DEF=0.5
  1.193e-04 
 **********
 **    5 **CALL FCN           3
 **********
iflag  3
ct  0.14024  0.222213
============== dm fixed at 1.16 ====================
Number of events  4000
for event #50: rTime = 0.231837, isMixed = 1.80162
 **********
 **    1 **SET ERR         0.5
 **********
 PARAMETER DEFINITIONS:
    NO.   NAME         VALUE      STEP SIZE      LIMITS
     1 t0           1.50000e+00  1.00000e-01     no limits
     2 dm           1.16000e+00  1.00000e-02     no limits
     3 sigma        4.00000e-01  1.00000e-02     no limits
     4 mistag       4.20000e-01  1.00000e-01     no limits
 **********
 **    2 **FIX           1           2           3
 **********
 **********
 **    3 **CALL FCN           1
 **********
iflag  1
 FCN=6140.51 FROM CALl fcn    STATUS=RESET           1 CALLS           1 TOTAL
                     EDM= unknown      STRATEGY= 1      NO ERROR MATRIX       
  EXT PARAMETER               CURRENT GUESS      PHYSICAL LIMITS       
  NO.   NAME      VALUE            ERROR       NEGATIVE      POSITIVE  
   1  t0           1.50000e+00     fixed    
   2  dm           1.16000e+00     fixed    
   3  sigma        4.00000e-01     fixed    
   4  mistag       4.20000e-01   1.00000e-01
                               ERR DEF= 0.5
 **********
 **    4 **MIGRAD        3000         0.1
 **********
 START MIGRAD MINIMIZATION.  STRATEGY 1.  CONVERGENCE WHEN EDM .LT. 1.00e-04
 FCN=6140.51 FROM MIGRAD    STATUS=INITIATE        4 CALLS           5 TOTAL
                     EDM= unknown      STRATEGY= 1      NO ERROR MATRIX       
  EXT PARAMETER               CURRENT GUESS       STEP         FIRST   
  NO.   NAME      VALUE            ERROR          SIZE      DERIVATIVE 
   1  t0           1.50000e+00     fixed    
   2  dm           1.16000e+00     fixed    
   3  sigma        4.00000e-01     fixed    
   4  mistag       4.20000e-01   1.00000e-01   1.00000e-01  -8.07281e+02
                               ERR DEF= 0.5
 MIGRAD MINIMIZATION HAS CONVERGED.
 MIGRAD WILL VERIFY CONVERGENCE AND ERROR MATRIX.
 COVARIANCE MATRIX CALCULATED SUCCESSFULLY
 FCN=6097.13 FROM MIGRAD    STATUS=CONVERGED      20 CALLS          21 TOTAL
                     EDM=5.35511e-12    STRATEGY= 1      ERROR MATRIX ACCURATE 
  EXT PARAMETER                                   STEP         FIRST   
  NO.   NAME      VALUE            ERROR          SIZE      DERIVATIVE 
   1  t0           1.50000e+00     fixed    
   2  dm           1.16000e+00     fixed    
   3  sigma        4.00000e-01     fixed    
   4  mistag       5.28552e-01   1.16804e-02   6.29837e-04   1.98119e-04
                               ERR DEF= 0.5
 EXTERNAL ERROR MATRIX.    NDIM=  25    NPAR=  1    ERR DEF=0.5
  1.364e-04 
 **********
 **    5 **CALL FCN           3
 **********
iflag  3
ct  0.14024  0.222213
============== dm fixed at 1.49 ====================
Number of events  4000
for event #50: rTime = 0.505834, isMixed = 0.000716257
 **********
 **    1 **SET ERR         0.5
 **********
 PARAMETER DEFINITIONS:
    NO.   NAME         VALUE      STEP SIZE      LIMITS
     1 t0           1.50000e+00  1.00000e-01     no limits
     2 dm           1.49000e+00  1.00000e-02     no limits
     3 sigma        4.00000e-01  1.00000e-02     no limits
     4 mistag       4.20000e-01  1.00000e-01     no limits
 **********
 **    2 **FIX           1           2           3
 **********
 **********
 **    3 **CALL FCN           1
 **********
iflag  1
 FCN=6090.48 FROM CALl fcn    STATUS=RESET           1 CALLS           1 TOTAL
                     EDM= unknown      STRATEGY= 1      NO ERROR MATRIX       
  EXT PARAMETER               CURRENT GUESS      PHYSICAL LIMITS       
  NO.   NAME      VALUE            ERROR       NEGATIVE      POSITIVE  
   1  t0           1.50000e+00     fixed    
   2  dm           1.49000e+00     fixed    
   3  sigma        4.00000e-01     fixed    
   4  mistag       4.20000e-01   1.00000e-01
                               ERR DEF= 0.5
 **********
 **    4 **MIGRAD        3000         0.1
 **********
 START MIGRAD MINIMIZATION.  STRATEGY 1.  CONVERGENCE WHEN EDM .LT. 1.00e-04
 FCN=6090.48 FROM MIGRAD    STATUS=INITIATE        4 CALLS           5 TOTAL
                     EDM= unknown      STRATEGY= 1      NO ERROR MATRIX       
  EXT PARAMETER               CURRENT GUESS       STEP         FIRST   
  NO.   NAME      VALUE            ERROR          SIZE      DERIVATIVE 
   1  t0           1.50000e+00     fixed    
   2  dm           1.49000e+00     fixed    
   3  sigma        4.00000e-01     fixed    
   4  mistag       4.20000e-01   1.00000e-01   1.00000e-01  -3.13682e+02
                               ERR DEF= 0.5
 MIGRAD MINIMIZATION HAS CONVERGED.
 MIGRAD WILL VERIFY CONVERGENCE AND ERROR MATRIX.
 COVARIANCE MATRIX CALCULATED SUCCESSFULLY
 FCN=6082.54 FROM MIGRAD    STATUS=CONVERGED      15 CALLS          16 TOTAL
                     EDM=7.85507e-07    STRATEGY= 1      ERROR MATRIX ACCURATE 
  EXT PARAMETER                                   STEP         FIRST   
  NO.   NAME      VALUE            ERROR          SIZE      DERIVATIVE 
   1  t0           1.50000e+00     fixed    
   2  dm           1.49000e+00     fixed    
   3  sigma        4.00000e-01     fixed    
   4  mistag       4.70874e-01   1.28160e-02   6.90151e-04  -6.91551e-02
                               ERR DEF= 0.5
 EXTERNAL ERROR MATRIX.    NDIM=  25    NPAR=  1    ERR DEF=0.5
  1.642e-04 
 **********
 **    5 **CALL FCN           3
 **********
iflag  3
ct  0.14024  0.222213
============== dm fixed at 1.82 ====================
Number of events  4000
for event #50: rTime = 1.81231, isMixed = 0.0758218
 **********
 **    1 **SET ERR         0.5
 **********
 PARAMETER DEFINITIONS:
    NO.   NAME         VALUE      STEP SIZE      LIMITS
     1 t0           1.50000e+00  1.00000e-01     no limits
     2 dm           1.82000e+00  1.00000e-02     no limits
     3 sigma        4.00000e-01  1.00000e-02     no limits
     4 mistag       4.20000e-01  1.00000e-01     no limits
 **********
 **    2 **FIX           1           2           3
 **********
 **********
 **    3 **CALL FCN           1
 **********
iflag  1
 FCN=6120.34 FROM CALl fcn    STATUS=RESET           1 CALLS           1 TOTAL
                     EDM= unknown      STRATEGY= 1      NO ERROR MATRIX       
  EXT PARAMETER               CURRENT GUESS      PHYSICAL LIMITS       
  NO.   NAME      VALUE            ERROR       NEGATIVE      POSITIVE  
   1  t0           1.50000e+00     fixed    
   2  dm           1.82000e+00     fixed    
   3  sigma        4.00000e-01     fixed    
   4  mistag       4.20000e-01   1.00000e-01
                               ERR DEF= 0.5
 **********
 **    4 **MIGRAD        3000         0.1
 **********
 START MIGRAD MINIMIZATION.  STRATEGY 1.  CONVERGENCE WHEN EDM .LT. 1.00e-04
 FCN=6120.34 FROM MIGRAD    STATUS=INITIATE        4 CALLS           5 TOTAL
                     EDM= unknown      STRATEGY= 1      NO ERROR MATRIX       
  EXT PARAMETER               CURRENT GUESS       STEP         FIRST   
  NO.   NAME      VALUE            ERROR          SIZE      DERIVATIVE 
   1  t0           1.50000e+00     fixed    
   2  dm           1.82000e+00     fixed    
   3  sigma        4.00000e-01     fixed    
   4  mistag       4.20000e-01   1.00000e-01   1.00000e-01  -2.83349e+02
                               ERR DEF= 0.5
 MIGRAD MINIMIZATION HAS CONVERGED.
 MIGRAD WILL VERIFY CONVERGENCE AND ERROR MATRIX.
 COVARIANCE MATRIX CALCULATED SUCCESSFULLY
 FCN=6112.24 FROM MIGRAD    STATUS=CONVERGED      15 CALLS          16 TOTAL
                     EDM=5.47296e-07    STRATEGY= 1      ERROR MATRIX ACCURATE 
  EXT PARAMETER                                   STEP         FIRST   
  NO.   NAME      VALUE            ERROR          SIZE      DERIVATIVE 
   1  t0           1.50000e+00     fixed    
   2  dm           1.82000e+00     fixed    
   3  sigma        4.00000e-01     fixed    
   4  mistag       4.77433e-01   1.43163e-02   7.72854e-04  -5.16750e-02
                               ERR DEF= 0.5
 EXTERNAL ERROR MATRIX.    NDIM=  25    NPAR=  1    ERR DEF=0.5
  2.050e-04 
 **********
 **    5 **CALL FCN           3
 **********
iflag  3
ct  0.14024  0.222213
============== dm fixed at 2.15 ====================
Number of events  4000
for event #50: rTime = 3.28732, isMixed = 1.34949
 **********
 **    1 **SET ERR         0.5
 **********
 PARAMETER DEFINITIONS:
    NO.   NAME         VALUE      STEP SIZE      LIMITS
     1 t0           1.50000e+00  1.00000e-01     no limits
     2 dm           2.15000e+00  1.00000e-02     no limits
     3 sigma        4.00000e-01  1.00000e-02     no limits
     4 mistag       4.20000e-01  1.00000e-01     no limits
 **********
 **    2 **FIX           1           2           3
 **********
 **********
 **    3 **CALL FCN           1
 **********
iflag  1
 FCN=6149.18 FROM CALl fcn    STATUS=RESET           1 CALLS           1 TOTAL
                     EDM= unknown      STRATEGY= 1      NO ERROR MATRIX       
  EXT PARAMETER               CURRENT GUESS      PHYSICAL LIMITS       
  NO.   NAME      VALUE            ERROR       NEGATIVE      POSITIVE  
   1  t0           1.50000e+00     fixed    
   2  dm           2.15000e+00     fixed    
   3  sigma        4.00000e-01     fixed    
   4  mistag       4.20000e-01   1.00000e-01
                               ERR DEF= 0.5
 **********
 **    4 **MIGRAD        3000         0.1
 **********
 START MIGRAD MINIMIZATION.  STRATEGY 1.  CONVERGENCE WHEN EDM .LT. 1.00e-04
 FCN=6149.18 FROM MIGRAD    STATUS=INITIATE        4 CALLS           5 TOTAL
                     EDM= unknown      STRATEGY= 1      NO ERROR MATRIX       
  EXT PARAMETER               CURRENT GUESS       STEP         FIRST   
  NO.   NAME      VALUE            ERROR          SIZE      DERIVATIVE 
   1  t0           1.50000e+00     fixed    
   2  dm           2.15000e+00     fixed    
   3  sigma        4.00000e-01     fixed    
   4  mistag       4.20000e-01   1.00000e-01   1.00000e-01  -3.38702e+02
                               ERR DEF= 0.5
 MIGRAD MINIMIZATION HAS CONVERGED.
 MIGRAD WILL VERIFY CONVERGENCE AND ERROR MATRIX.
 COVARIANCE MATRIX CALCULATED SUCCESSFULLY
 FCN=6134.97 FROM MIGRAD    STATUS=CONVERGED      15 CALLS          16 TOTAL
                     EDM=1.48554e-06    STRATEGY= 1      ERROR MATRIX ACCURATE 
  EXT PARAMETER                                   STEP         FIRST   
  NO.   NAME      VALUE            ERROR          SIZE      DERIVATIVE 
   1  t0           1.50000e+00     fixed    
   2  dm           2.15000e+00     fixed    
   3  sigma        4.00000e-01     fixed    
   4  mistag       5.04334e-01   1.58657e-02   8.58154e-04  -7.68218e-02
                               ERR DEF= 0.5
 EXTERNAL ERROR MATRIX.    NDIM=  25    NPAR=  1    ERR DEF=0.5
  2.517e-04 
 **********
 **    5 **CALL FCN           3
 **********
iflag  3
ct  0.14024  0.222213
============== dm fixed at 2.48 ====================
Number of events  4000
for event #50: rTime = 0.639768, isMixed = 1.43886
 **********
 **    1 **SET ERR         0.5
 **********
 PARAMETER DEFINITIONS:
    NO.   NAME         VALUE      STEP SIZE      LIMITS
     1 t0           1.50000e+00  1.00000e-01     no limits
     2 dm           2.48000e+00  1.00000e-02     no limits
     3 sigma        4.00000e-01  1.00000e-02     no limits
     4 mistag       4.20000e-01  1.00000e-01     no limits
 **********
 **    2 **FIX           1           2           3
 **********
 **********
 **    3 **CALL FCN           1
 **********
iflag  1
 FCN=6250.81 FROM CALl fcn    STATUS=RESET           1 CALLS           1 TOTAL
                     EDM= unknown      STRATEGY= 1      NO ERROR MATRIX       
  EXT PARAMETER               CURRENT GUESS      PHYSICAL LIMITS       
  NO.   NAME      VALUE            ERROR       NEGATIVE      POSITIVE  
   1  t0           1.50000e+00     fixed    
   2  dm           2.48000e+00     fixed    
   3  sigma        4.00000e-01     fixed    
   4  mistag       4.20000e-01   1.00000e-01
                               ERR DEF= 0.5
 **********
 **    4 **MIGRAD        3000         0.1
 **********
 START MIGRAD MINIMIZATION.  STRATEGY 1.  CONVERGENCE WHEN EDM .LT. 1.00e-04
 FCN=6250.81 FROM MIGRAD    STATUS=INITIATE        4 CALLS           5 TOTAL
                     EDM= unknown      STRATEGY= 1      NO ERROR MATRIX       
  EXT PARAMETER               CURRENT GUESS       STEP         FIRST   
  NO.   NAME      VALUE            ERROR          SIZE      DERIVATIVE 
   1  t0           1.50000e+00     fixed    
   2  dm           2.48000e+00     fixed    
   3  sigma        4.00000e-01     fixed    
   4  mistag       4.20000e-01   1.00000e-01   1.00000e-01  -2.48884e+02
                               ERR DEF= 0.5
 MIGRAD MINIMIZATION HAS CONVERGED.
 MIGRAD WILL VERIFY CONVERGENCE AND ERROR MATRIX.
 COVARIANCE MATRIX CALCULATED SUCCESSFULLY
 FCN=6240.82 FROM MIGRAD    STATUS=CONVERGED      15 CALLS          16 TOTAL
                     EDM=2.9137e-07    STRATEGY= 1      ERROR MATRIX ACCURATE 
  EXT PARAMETER                                   STEP         FIRST   
  NO.   NAME      VALUE            ERROR          SIZE      DERIVATIVE 
   1  t0           1.50000e+00     fixed    
   2  dm           2.48000e+00     fixed    
   3  sigma        4.00000e-01     fixed    
   4  mistag       5.00631e-01   1.80704e-02   9.85801e-04  -2.98714e-02
                               ERR DEF= 0.5
 EXTERNAL ERROR MATRIX.    NDIM=  25    NPAR=  1    ERR DEF=0.5
  3.265e-04 
 **********
 **    5 **CALL FCN           3
 **********
iflag  3
ct  0.14024  0.222213
============== dm fixed at 2.81 ====================
Number of events  4000
for event #50: rTime = 1.29467, isMixed = 1.94542
 **********
 **    1 **SET ERR         0.5
 **********
 PARAMETER DEFINITIONS:
    NO.   NAME         VALUE      STEP SIZE      LIMITS
     1 t0           1.50000e+00  1.00000e-01     no limits
     2 dm           2.81000e+00  1.00000e-02     no limits
     3 sigma        4.00000e-01  1.00000e-02     no limits
     4 mistag       4.20000e-01  1.00000e-01     no limits
 **********
 **    2 **FIX           1           2           3
 **********
 **********
 **    3 **CALL FCN           1
 **********
iflag  1
 FCN=6167.26 FROM CALl fcn    STATUS=RESET           1 CALLS           1 TOTAL
                     EDM= unknown      STRATEGY= 1      NO ERROR MATRIX       
  EXT PARAMETER               CURRENT GUESS      PHYSICAL LIMITS       
  NO.   NAME      VALUE            ERROR       NEGATIVE      POSITIVE  
   1  t0           1.50000e+00     fixed    
   2  dm           2.81000e+00     fixed    
   3  sigma        4.00000e-01     fixed    
   4  mistag       4.20000e-01   1.00000e-01
                               ERR DEF= 0.5
 **********
 **    4 **MIGRAD        3000         0.1
 **********
 START MIGRAD MINIMIZATION.  STRATEGY 1.  CONVERGENCE WHEN EDM .LT. 1.00e-04
 FCN=6167.26 FROM MIGRAD    STATUS=INITIATE        4 CALLS           5 TOTAL
                     EDM= unknown      STRATEGY= 1      NO ERROR MATRIX       
  EXT PARAMETER               CURRENT GUESS       STEP         FIRST   
  NO.   NAME      VALUE            ERROR          SIZE      DERIVATIVE 
   1  t0           1.50000e+00     fixed    
   2  dm           2.81000e+00     fixed    
   3  sigma        4.00000e-01     fixed    
   4  mistag       4.20000e-01   1.00000e-01   1.00000e-01  -2.07611e+02
                               ERR DEF= 0.5
 MIGRAD MINIMIZATION HAS CONVERGED.
 MIGRAD WILL VERIFY CONVERGENCE AND ERROR MATRIX.
 COVARIANCE MATRIX CALCULATED SUCCESSFULLY
 FCN=6158.22 FROM MIGRAD    STATUS=CONVERGED      15 CALLS          16 TOTAL
                     EDM=1.23155e-07    STRATEGY= 1      ERROR MATRIX ACCURATE 
  EXT PARAMETER                                   STEP         FIRST   
  NO.   NAME      VALUE            ERROR          SIZE      DERIVATIVE 
   1  t0           1.50000e+00     fixed    
   2  dm           2.81000e+00     fixed    
   3  sigma        4.00000e-01     fixed    
   4  mistag       5.07378e-01   2.05797e-02   1.11525e-03  -1.70524e-02
                               ERR DEF= 0.5
 EXTERNAL ERROR MATRIX.    NDIM=  25    NPAR=  1    ERR DEF=0.5
  4.235e-04 
 **********
 **    5 **CALL FCN           3
 **********
iflag  3
ct  0.14024  0.222213
============== dm fixed at 3.14 ====================
Number of events  4000
for event #50: rTime = 0.126802, isMixed = 1.41937
 **********
 **    1 **SET ERR         0.5
 **********
 PARAMETER DEFINITIONS:
    NO.   NAME         VALUE      STEP SIZE      LIMITS
     1 t0           1.50000e+00  1.00000e-01     no limits
     2 dm           3.14000e+00  1.00000e-02     no limits
     3 sigma        4.00000e-01  1.00000e-02     no limits
     4 mistag       4.20000e-01  1.00000e-01     no limits
 **********
 **    2 **FIX           1           2           3
 **********
 **********
 **    3 **CALL FCN           1
 **********
iflag  1
 FCN=6131.37 FROM CALl fcn    STATUS=RESET           1 CALLS           1 TOTAL
                     EDM= unknown      STRATEGY= 1      NO ERROR MATRIX       
  EXT PARAMETER               CURRENT GUESS      PHYSICAL LIMITS       
  NO.   NAME      VALUE            ERROR       NEGATIVE      POSITIVE  
   1  t0           1.50000e+00     fixed    
   2  dm           3.14000e+00     fixed    
   3  sigma        4.00000e-01     fixed    
   4  mistag       4.20000e-01   1.00000e-01
                               ERR DEF= 0.5
 **********
 **    4 **MIGRAD        3000         0.1
 **********
 START MIGRAD MINIMIZATION.  STRATEGY 1.  CONVERGENCE WHEN EDM .LT. 1.00e-04
 FCN=6131.37 FROM MIGRAD    STATUS=INITIATE        4 CALLS           5 TOTAL
                     EDM= unknown      STRATEGY= 1      NO ERROR MATRIX       
  EXT PARAMETER               CURRENT GUESS       STEP         FIRST   
  NO.   NAME      VALUE            ERROR          SIZE      DERIVATIVE 
   1  t0           1.50000e+00     fixed    
   2  dm           3.14000e+00     fixed    
   3  sigma        4.00000e-01     fixed    
   4  mistag       4.20000e-01   1.00000e-01   1.00000e-01  -1.67798e+02
                               ERR DEF= 0.5
 MIGRAD MINIMIZATION HAS CONVERGED.
 MIGRAD WILL VERIFY CONVERGENCE AND ERROR MATRIX.
 COVARIANCE MATRIX CALCULATED SUCCESSFULLY
 FCN=6123.38 FROM MIGRAD    STATUS=CONVERGED      15 CALLS          16 TOTAL
                     EDM=3.64137e-08    STRATEGY= 1      ERROR MATRIX ACCURATE 
  EXT PARAMETER                                   STEP         FIRST   
  NO.   NAME      VALUE            ERROR          SIZE      DERIVATIVE 
   1  t0           1.50000e+00     fixed    
   2  dm           3.14000e+00     fixed    
   3  sigma        4.00000e-01     fixed    
   4  mistag       5.15432e-01   2.39010e-02   1.29159e-03  -7.98391e-03
                               ERR DEF= 0.5
 EXTERNAL ERROR MATRIX.    NDIM=  25    NPAR=  1    ERR DEF=0.5
  5.713e-04 
 **********
 **    5 **CALL FCN           3
 **********
iflag  3
ct  0.14024  0.222213
============== dm fixed at 3.47 ====================
Number of events  4000
for event #50: rTime = 0.659945, isMixed = 1.97791
 **********
 **    1 **SET ERR         0.5
 **********
 PARAMETER DEFINITIONS:
    NO.   NAME         VALUE      STEP SIZE      LIMITS
     1 t0           1.50000e+00  1.00000e-01     no limits
     2 dm           3.47000e+00  1.00000e-02     no limits
     3 sigma        4.00000e-01  1.00000e-02     no limits
     4 mistag       4.20000e-01  1.00000e-01     no limits
 **********
 **    2 **FIX           1           2           3
 **********
 **********
 **    3 **CALL FCN           1
 **********
iflag  1
 FCN=6174.14 FROM CALl fcn    STATUS=RESET           1 CALLS           1 TOTAL
                     EDM= unknown      STRATEGY= 1      NO ERROR MATRIX       
  EXT PARAMETER               CURRENT GUESS      PHYSICAL LIMITS       
  NO.   NAME      VALUE            ERROR       NEGATIVE      POSITIVE  
   1  t0           1.50000e+00     fixed    
   2  dm           3.47000e+00     fixed    
   3  sigma        4.00000e-01     fixed    
   4  mistag       4.20000e-01   1.00000e-01
                               ERR DEF= 0.5
 **********
 **    4 **MIGRAD        3000         0.1
 **********
 START MIGRAD MINIMIZATION.  STRATEGY 1.  CONVERGENCE WHEN EDM .LT. 1.00e-04
 FCN=6174.14 FROM MIGRAD    STATUS=INITIATE        4 CALLS           5 TOTAL
                     EDM= unknown      STRATEGY= 1      NO ERROR MATRIX       
  EXT PARAMETER               CURRENT GUESS       STEP         FIRST   
  NO.   NAME      VALUE            ERROR          SIZE      DERIVATIVE 
   1  t0           1.50000e+00     fixed    
   2  dm           3.47000e+00     fixed    
   3  sigma        4.00000e-01     fixed    
   4  mistag       4.20000e-01   1.00000e-01   1.00000e-01  -1.32139e+02
                               ERR DEF= 0.5
 MIGRAD MINIMIZATION HAS CONVERGED.
 MIGRAD WILL VERIFY CONVERGENCE AND ERROR MATRIX.
 COVARIANCE MATRIX CALCULATED SUCCESSFULLY
 FCN=6167.42 FROM MIGRAD    STATUS=CONVERGED      15 CALLS          16 TOTAL
                     EDM=8.36918e-09    STRATEGY= 1      ERROR MATRIX ACCURATE 
  EXT PARAMETER                                   STEP         FIRST   
  NO.   NAME      VALUE            ERROR          SIZE      DERIVATIVE 
   1  t0           1.50000e+00     fixed    
   2  dm           3.47000e+00     fixed    
   3  sigma        4.00000e-01     fixed    
   4  mistag       5.21849e-01   2.78041e-02   1.50790e-03  -3.29028e-03
                               ERR DEF= 0.5
 EXTERNAL ERROR MATRIX.    NDIM=  25    NPAR=  1    ERR DEF=0.5
  7.731e-04 
 **********
 **    5 **CALL FCN           3
 **********
iflag  3
ct  0.14024  0.222213
============== dm fixed at 3.8 ====================
Number of events  4000
for event #50: rTime = 3.49636, isMixed = 0.0264208
 **********
 **    1 **SET ERR         0.5
 **********
 PARAMETER DEFINITIONS:
    NO.   NAME         VALUE      STEP SIZE      LIMITS
     1 t0           1.50000e+00  1.00000e-01     no limits
     2 dm           3.80000e+00  1.00000e-02     no limits
     3 sigma        4.00000e-01  1.00000e-02     no limits
     4 mistag       4.20000e-01  1.00000e-01     no limits
 **********
 **    2 **FIX           1           2           3
 **********
 **********
 **    3 **CALL FCN           1
 **********
iflag  1
 FCN=6123.57 FROM CALl fcn    STATUS=RESET           1 CALLS           1 TOTAL
                     EDM= unknown      STRATEGY= 1      NO ERROR MATRIX       
  EXT PARAMETER               CURRENT GUESS      PHYSICAL LIMITS       
  NO.   NAME      VALUE            ERROR       NEGATIVE      POSITIVE  
   1  t0           1.50000e+00     fixed    
   2  dm           3.80000e+00     fixed    
   3  sigma        4.00000e-01     fixed    
   4  mistag       4.20000e-01   1.00000e-01
                               ERR DEF= 0.5
 **********
 **    4 **MIGRAD        3000         0.1
 **********
 START MIGRAD MINIMIZATION.  STRATEGY 1.  CONVERGENCE WHEN EDM .LT. 1.00e-04
 FCN=6123.57 FROM MIGRAD    STATUS=INITIATE        4 CALLS           5 TOTAL
                     EDM= unknown      STRATEGY= 1      NO ERROR MATRIX       
  EXT PARAMETER               CURRENT GUESS       STEP         FIRST   
  NO.   NAME      VALUE            ERROR          SIZE      DERIVATIVE 
   1  t0           1.50000e+00     fixed    
   2  dm           3.80000e+00     fixed    
   3  sigma        4.00000e-01     fixed    
   4  mistag       4.20000e-01   1.00000e-01   1.00000e-01  -9.61323e+01
                               ERR DEF= 0.5
 MIGRAD MINIMIZATION HAS CONVERGED.
 MIGRAD WILL VERIFY CONVERGENCE AND ERROR MATRIX.
 COVARIANCE MATRIX CALCULATED SUCCESSFULLY
 FCN=6118.58 FROM MIGRAD    STATUS=CONVERGED      15 CALLS          16 TOTAL
                     EDM=4.08528e-09    STRATEGY= 1      ERROR MATRIX ACCURATE 
  EXT PARAMETER                                   STEP         FIRST   
  NO.   NAME      VALUE            ERROR          SIZE      DERIVATIVE 
   1  t0           1.50000e+00     fixed    
   2  dm           3.80000e+00     fixed    
   3  sigma        4.00000e-01     fixed    
   4  mistag       5.23918e-01   3.29257e-02   1.77856e-03  -1.94122e-03
                               ERR DEF= 0.5
 EXTERNAL ERROR MATRIX.    NDIM=  25    NPAR=  1    ERR DEF=0.5
  1.084e-03 
 **********
 **    5 **CALL FCN           3
 **********
iflag  3
ct  0.14024  0.222213
============== dm fixed at 4.13 ====================
Number of events  4000
for event #50: rTime = 0.375806, isMixed = 1.37661
 **********
 **    1 **SET ERR         0.5
 **********
 PARAMETER DEFINITIONS:
    NO.   NAME         VALUE      STEP SIZE      LIMITS
     1 t0           1.50000e+00  1.00000e-01     no limits
     2 dm           4.13000e+00  1.00000e-02     no limits
     3 sigma        4.00000e-01  1.00000e-02     no limits
     4 mistag       4.20000e-01  1.00000e-01     no limits
 **********
 **    2 **FIX           1           2           3
 **********
 **********
 **    3 **CALL FCN           1
 **********
iflag  1
 FCN=6054.54 FROM CALl fcn    STATUS=RESET           1 CALLS           1 TOTAL
                     EDM= unknown      STRATEGY= 1      NO ERROR MATRIX       
  EXT PARAMETER               CURRENT GUESS      PHYSICAL LIMITS       
  NO.   NAME      VALUE            ERROR       NEGATIVE      POSITIVE  
   1  t0           1.50000e+00     fixed    
   2  dm           4.13000e+00     fixed    
   3  sigma        4.00000e-01     fixed    
   4  mistag       4.20000e-01   1.00000e-01
                               ERR DEF= 0.5
 **********
 **    4 **MIGRAD        3000         0.1
 **********
 START MIGRAD MINIMIZATION.  STRATEGY 1.  CONVERGENCE WHEN EDM .LT. 1.00e-04
 FCN=6054.54 FROM MIGRAD    STATUS=INITIATE        4 CALLS           5 TOTAL
                     EDM= unknown      STRATEGY= 1      NO ERROR MATRIX       
  EXT PARAMETER               CURRENT GUESS       STEP         FIRST   
  NO.   NAME      VALUE            ERROR          SIZE      DERIVATIVE 
   1  t0           1.50000e+00     fixed    
   2  dm           4.13000e+00     fixed    
   3  sigma        4.00000e-01     fixed    
   4  mistag       4.20000e-01   1.00000e-01   1.00000e-01  -3.08979e+01
                               ERR DEF= 0.5
 MIGRAD MINIMIZATION HAS CONVERGED.
 MIGRAD WILL VERIFY CONVERGENCE AND ERROR MATRIX.
 COVARIANCE MATRIX CALCULATED SUCCESSFULLY
 FCN=6053.78 FROM MIGRAD    STATUS=CONVERGED      17 CALLS          18 TOTAL
                     EDM=1.3342e-11    STRATEGY= 1      ERROR MATRIX ACCURATE 
  EXT PARAMETER                                   STEP         FIRST   
  NO.   NAME      VALUE            ERROR          SIZE      DERIVATIVE 
   1  t0           1.50000e+00     fixed    
   2  dm           4.13000e+00     fixed    
   3  sigma        4.00000e-01     fixed    
   4  mistag       4.69393e-01   4.00141e-02   2.14995e-03  -9.12847e-05
                               ERR DEF= 0.5
 EXTERNAL ERROR MATRIX.    NDIM=  25    NPAR=  1    ERR DEF=0.5
  1.601e-03 
 **********
 **    5 **CALL FCN           3
 **********
iflag  3
ct  0.14024  0.222213
============== dm fixed at 4.46 ====================
Number of events  4000
for event #50: rTime = 2.51029, isMixed = 0.0124598
 **********
 **    1 **SET ERR         0.5
 **********
 PARAMETER DEFINITIONS:
    NO.   NAME         VALUE      STEP SIZE      LIMITS
     1 t0           1.50000e+00  1.00000e-01     no limits
     2 dm           4.46000e+00  1.00000e-02     no limits
     3 sigma        4.00000e-01  1.00000e-02     no limits
     4 mistag       4.20000e-01  1.00000e-01     no limits
 **********
 **    2 **FIX           1           2           3
 **********
 **********
 **    3 **CALL FCN           1
 **********
iflag  1
 FCN=6179.36 FROM CALl fcn    STATUS=RESET           1 CALLS           1 TOTAL
                     EDM= unknown      STRATEGY= 1      NO ERROR MATRIX       
  EXT PARAMETER               CURRENT GUESS      PHYSICAL LIMITS       
  NO.   NAME      VALUE            ERROR       NEGATIVE      POSITIVE  
   1  t0           1.50000e+00     fixed    
   2  dm           4.46000e+00     fixed    
   3  sigma        4.00000e-01     fixed    
   4  mistag       4.20000e-01   1.00000e-01
                               ERR DEF= 0.5
 **********
 **    4 **MIGRAD        3000         0.1
 **********
 START MIGRAD MINIMIZATION.  STRATEGY 1.  CONVERGENCE WHEN EDM .LT. 1.00e-04
 FCN=6179.36 FROM MIGRAD    STATUS=INITIATE        4 CALLS           5 TOTAL
                     EDM= unknown      STRATEGY= 1      NO ERROR MATRIX       
  EXT PARAMETER               CURRENT GUESS       STEP         FIRST   
  NO.   NAME      VALUE            ERROR          SIZE      DERIVATIVE 
   1  t0           1.50000e+00     fixed    
   2  dm           4.46000e+00     fixed    
   3  sigma        4.00000e-01     fixed    
   4  mistag       4.20000e-01   1.00000e-01   1.00000e-01  -2.86038e+01
                               ERR DEF= 0.5
 MIGRAD MINIMIZATION HAS CONVERGED.
 MIGRAD WILL VERIFY CONVERGENCE AND ERROR MATRIX.
 COVARIANCE MATRIX CALCULATED SUCCESSFULLY
 FCN=6178.42 FROM MIGRAD    STATUS=CONVERGED      17 CALLS          18 TOTAL
                     EDM=3.10854e-11    STRATEGY= 1      ERROR MATRIX ACCURATE 
  EXT PARAMETER                                   STEP         FIRST   
  NO.   NAME      VALUE            ERROR          SIZE      DERIVATIVE 
   1  t0           1.50000e+00     fixed    
   2  dm           4.46000e+00     fixed    
   3  sigma        4.00000e-01     fixed    
   4  mistag       4.86101e-01   4.81136e-02   2.61161e-03  -1.15880e-04
                               ERR DEF= 0.5
 EXTERNAL ERROR MATRIX.    NDIM=  25    NPAR=  1    ERR DEF=0.5
  2.315e-03 
 **********
 **    5 **CALL FCN           3
 **********
iflag  3
ct  0.14024  0.222213
============== dm fixed at 4.79 ====================
Number of events  4000
for event #50: rTime = 0.288897, isMixed = 1.99157
 **********
 **    1 **SET ERR         0.5
 **********
 PARAMETER DEFINITIONS:
    NO.   NAME         VALUE      STEP SIZE      LIMITS
     1 t0           1.50000e+00  1.00000e-01     no limits
     2 dm           4.79000e+00  1.00000e-02     no limits
     3 sigma        4.00000e-01  1.00000e-02     no limits
     4 mistag       4.20000e-01  1.00000e-01     no limits
 **********
 **    2 **FIX           1           2           3
 **********
 **********
 **    3 **CALL FCN           1
 **********
iflag  1
 FCN=6151.12 FROM CALl fcn    STATUS=RESET           1 CALLS           1 TOTAL
                     EDM= unknown      STRATEGY= 1      NO ERROR MATRIX       
  EXT PARAMETER               CURRENT GUESS      PHYSICAL LIMITS       
  NO.   NAME      VALUE            ERROR       NEGATIVE      POSITIVE  
   1  t0           1.50000e+00     fixed    
   2  dm           4.79000e+00     fixed    
   3  sigma        4.00000e-01     fixed    
   4  mistag       4.20000e-01   1.00000e-01
                               ERR DEF= 0.5
 **********
 **    4 **MIGRAD        3000         0.1
 **********
 START MIGRAD MINIMIZATION.  STRATEGY 1.  CONVERGENCE WHEN EDM .LT. 1.00e-04
 FCN=6151.12 FROM MIGRAD    STATUS=INITIATE        4 CALLS           5 TOTAL
                     EDM= unknown      STRATEGY= 1      NO ERROR MATRIX       
  EXT PARAMETER               CURRENT GUESS       STEP         FIRST   
  NO.   NAME      VALUE            ERROR          SIZE      DERIVATIVE 
   1  t0           1.50000e+00     fixed    
   2  dm           4.79000e+00     fixed    
   3  sigma        4.00000e-01     fixed    
   4  mistag       4.20000e-01   1.00000e-01   1.00000e-01  -3.72044e+01
                               ERR DEF= 0.5
 MIGRAD MINIMIZATION HAS CONVERGED.
 MIGRAD WILL VERIFY CONVERGENCE AND ERROR MATRIX.
 COVARIANCE MATRIX CALCULATED SUCCESSFULLY
 FCN=6148.74 FROM MIGRAD    STATUS=CONVERGED      17 CALLS          18 TOTAL
                     EDM=4.15433e-15    STRATEGY= 1      ERROR MATRIX ACCURATE 
  EXT PARAMETER                                   STEP         FIRST   
  NO.   NAME      VALUE            ERROR          SIZE      DERIVATIVE 
   1  t0           1.50000e+00     fixed    
   2  dm           4.79000e+00     fixed    
   3  sigma        4.00000e-01     fixed    
   4  mistag       5.47935e-01   5.86334e-02   3.17500e-03  -1.09927e-06
                               ERR DEF= 0.5
 EXTERNAL ERROR MATRIX.    NDIM=  25    NPAR=  1    ERR DEF=0.5
  3.438e-03 
 **********
 **    5 **CALL FCN           3
 **********
iflag  3
ct  0.14024  0.222213
============== dm fixed at 5.12 ====================
Number of events  4000
for event #50: rTime = 2.49054, isMixed = 0.263367
 **********
 **    1 **SET ERR         0.5
 **********
 PARAMETER DEFINITIONS:
    NO.   NAME         VALUE      STEP SIZE      LIMITS
     1 t0           1.50000e+00  1.00000e-01     no limits
     2 dm           5.12000e+00  1.00000e-02     no limits
     3 sigma        4.00000e-01  1.00000e-02     no limits
     4 mistag       4.20000e-01  1.00000e-01     no limits
 **********
 **    2 **FIX           1           2           3
 **********
 **********
 **    3 **CALL FCN           1
 **********
iflag  1
 FCN=6170.57 FROM CALl fcn    STATUS=RESET           1 CALLS           1 TOTAL
                     EDM= unknown      STRATEGY= 1      NO ERROR MATRIX       
  EXT PARAMETER               CURRENT GUESS      PHYSICAL LIMITS       
  NO.   NAME      VALUE            ERROR       NEGATIVE      POSITIVE  
   1  t0           1.50000e+00     fixed    
   2  dm           5.12000e+00     fixed    
   3  sigma        4.00000e-01     fixed    
   4  mistag       4.20000e-01   1.00000e-01
                               ERR DEF= 0.5
 **********
 **    4 **MIGRAD        3000         0.1
 **********
 START MIGRAD MINIMIZATION.  STRATEGY 1.  CONVERGENCE WHEN EDM .LT. 1.00e-04
 FCN=6170.57 FROM MIGRAD    STATUS=INITIATE        4 CALLS           5 TOTAL
                     EDM= unknown      STRATEGY= 1      NO ERROR MATRIX       
  EXT PARAMETER               CURRENT GUESS       STEP         FIRST   
  NO.   NAME      VALUE            ERROR          SIZE      DERIVATIVE 
   1  t0           1.50000e+00     fixed    
   2  dm           5.12000e+00     fixed    
   3  sigma        4.00000e-01     fixed    
   4  mistag       4.20000e-01   1.00000e-01   1.00000e-01  -5.09374e+01
                               ERR DEF= 0.5
 MIGRAD MINIMIZATION HAS CONVERGED.
 MIGRAD WILL VERIFY CONVERGENCE AND ERROR MATRIX.
 COVARIANCE MATRIX CALCULATED SUCCESSFULLY
 FCN=6164.11 FROM MIGRAD    STATUS=CONVERGED      17 CALLS          18 TOTAL
                     EDM=1.31619e-09    STRATEGY= 1      ERROR MATRIX ACCURATE 
  EXT PARAMETER                                   STEP         FIRST   
  NO.   NAME      VALUE            ERROR          SIZE      DERIVATIVE 
   1  t0           1.50000e+00     fixed    
   2  dm           5.12000e+00     fixed    
   3  sigma        4.00000e-01     fixed    
   4  mistag       6.73415e-01   7.03667e-02   3.81520e-03   5.15575e-04
                               ERR DEF= 0.5
 EXTERNAL ERROR MATRIX.    NDIM=  25    NPAR=  1    ERR DEF=0.5
  4.951e-03 
 **********
 **    5 **CALL FCN           3
 **********
iflag  3
ct  0.14024  0.222213
============== dm fixed at 5.45 ====================
Number of events  4000
for event #50: rTime = 0.366255, isMixed = 0.743792
 **********
 **    1 **SET ERR         0.5
 **********
 PARAMETER DEFINITIONS:
    NO.   NAME         VALUE      STEP SIZE      LIMITS
     1 t0           1.50000e+00  1.00000e-01     no limits
     2 dm           5.45000e+00  1.00000e-02     no limits
     3 sigma        4.00000e-01  1.00000e-02     no limits
     4 mistag       4.20000e-01  1.00000e-01     no limits
 **********
 **    2 **FIX           1           2           3
 **********
 **********
 **    3 **CALL FCN           1
 **********
iflag  1
 FCN=6045.45 FROM CALl fcn    STATUS=RESET           1 CALLS           1 TOTAL
                     EDM= unknown      STRATEGY= 1      NO ERROR MATRIX       
  EXT PARAMETER               CURRENT GUESS      PHYSICAL LIMITS       
  NO.   NAME      VALUE            ERROR       NEGATIVE      POSITIVE  
   1  t0           1.50000e+00     fixed    
   2  dm           5.45000e+00     fixed    
   3  sigma        4.00000e-01     fixed    
   4  mistag       4.20000e-01   1.00000e-01
                               ERR DEF= 0.5
 **********
 **    4 **MIGRAD        3000         0.1
 **********
 START MIGRAD MINIMIZATION.  STRATEGY 1.  CONVERGENCE WHEN EDM .LT. 1.00e-04
 FCN=6045.45 FROM MIGRAD    STATUS=INITIATE        2 CALLS           3 TOTAL
                     EDM= unknown      STRATEGY= 1      NO ERROR MATRIX       
  EXT PARAMETER               CURRENT GUESS       STEP         FIRST   
  NO.   NAME      VALUE            ERROR          SIZE      DERIVATIVE 
   1  t0           1.50000e+00     fixed    
   2  dm           5.45000e+00     fixed    
   3  sigma        4.00000e-01     fixed    
   4  mistag       4.20000e-01   1.00000e-01   1.00000e-01  -9.96448e+00
                               ERR DEF= 0.5
 MIGRAD MINIMIZATION HAS CONVERGED.
 MIGRAD WILL VERIFY CONVERGENCE AND ERROR MATRIX.
 COVARIANCE MATRIX CALCULATED SUCCESSFULLY
 FCN=6045.07 FROM MIGRAD    STATUS=CONVERGED      10 CALLS          11 TOTAL
                     EDM=2.93242e-07    STRATEGY= 1      ERROR MATRIX ACCURATE 
  EXT PARAMETER                                   STEP         FIRST   
  NO.   NAME      VALUE            ERROR          SIZE      DERIVATIVE 
   1  t0           1.50000e+00     fixed    
   2  dm           5.45000e+00     fixed    
   3  sigma        4.00000e-01     fixed    
   4  mistag       4.96308e-01   8.75453e-02   4.69854e-03  -6.18558e-03
                               ERR DEF= 0.5
 EXTERNAL ERROR MATRIX.    NDIM=  25    NPAR=  1    ERR DEF=0.5
  7.664e-03 
 **********
 **    5 **CALL FCN           3
 **********
iflag  3
ct  0.14024  0.222213
============== dm fixed at 5.78 ====================
Number of events  4000
for event #50: rTime = 3.38547, isMixed = 1.39283
 **********
 **    1 **SET ERR         0.5
 **********
 PARAMETER DEFINITIONS:
    NO.   NAME         VALUE      STEP SIZE      LIMITS
     1 t0           1.50000e+00  1.00000e-01     no limits
     2 dm           5.78000e+00  1.00000e-02     no limits
     3 sigma        4.00000e-01  1.00000e-02     no limits
     4 mistag       4.20000e-01  1.00000e-01     no limits
 **********
 **    2 **FIX           1           2           3
 **********
 **********
 **    3 **CALL FCN           1
 **********
iflag  1
 FCN=6225.8 FROM CALl fcn    STATUS=RESET           1 CALLS           1 TOTAL
                     EDM= unknown      STRATEGY= 1      NO ERROR MATRIX       
  EXT PARAMETER               CURRENT GUESS      PHYSICAL LIMITS       
  NO.   NAME      VALUE            ERROR       NEGATIVE      POSITIVE  
   1  t0           1.50000e+00     fixed    
   2  dm           5.78000e+00     fixed    
   3  sigma        4.00000e-01     fixed    
   4  mistag       4.20000e-01   1.00000e-01
                               ERR DEF= 0.5
 **********
 **    4 **MIGRAD        3000         0.1
 **********
 START MIGRAD MINIMIZATION.  STRATEGY 1.  CONVERGENCE WHEN EDM .LT. 1.00e-04
 FCN=6225.8 FROM MIGRAD    STATUS=INITIATE        2 CALLS           3 TOTAL
                     EDM= unknown      STRATEGY= 1      NO ERROR MATRIX       
  EXT PARAMETER               CURRENT GUESS       STEP         FIRST   
  NO.   NAME      VALUE            ERROR          SIZE      DERIVATIVE 
   1  t0           1.50000e+00     fixed    
   2  dm           5.78000e+00     fixed    
   3  sigma        4.00000e-01     fixed    
   4  mistag       4.20000e-01   1.00000e-01   1.00000e-01  -1.56567e+01
                               ERR DEF= 0.5
 MIGRAD MINIMIZATION HAS CONVERGED.
 MIGRAD WILL VERIFY CONVERGENCE AND ERROR MATRIX.
 COVARIANCE MATRIX CALCULATED SUCCESSFULLY
 FCN=6224.37 FROM MIGRAD    STATUS=CONVERGED      15 CALLS          16 TOTAL
                     EDM=2.92022e-11    STRATEGY= 1      ERROR MATRIX ACCURATE 
  EXT PARAMETER                                   STEP         FIRST   
  NO.   NAME      VALUE            ERROR          SIZE      DERIVATIVE 
   1  t0           1.50000e+00     fixed    
   2  dm           5.78000e+00     fixed    
   3  sigma        4.00000e-01     fixed    
   4  mistag       6.02475e-01   1.08006e-01   5.88436e-03  -5.00335e-05
                               ERR DEF= 0.5
 EXTERNAL ERROR MATRIX.    NDIM=  25    NPAR=  1    ERR DEF=0.5
  1.167e-02 
 **********
 **    5 **CALL FCN           3
 **********
iflag  3
ct  0.14024  0.222213
============== dm fixed at 6.11 ====================
Number of events  4000
for event #50: rTime = 0.636961, isMixed = 0.291008
 **********
 **    1 **SET ERR         0.5
 **********
 PARAMETER DEFINITIONS:
    NO.   NAME         VALUE      STEP SIZE      LIMITS
     1 t0           1.50000e+00  1.00000e-01     no limits
     2 dm           6.11000e+00  1.00000e-02     no limits
     3 sigma        4.00000e-01  1.00000e-02     no limits
     4 mistag       4.20000e-01  1.00000e-01     no limits
 **********
 **    2 **FIX           1           2           3
 **********
 **********
 **    3 **CALL FCN           1
 **********
iflag  1
 FCN=6171.33 FROM CALl fcn    STATUS=RESET           1 CALLS           1 TOTAL
                     EDM= unknown      STRATEGY= 1      NO ERROR MATRIX       
  EXT PARAMETER               CURRENT GUESS      PHYSICAL LIMITS       
  NO.   NAME      VALUE            ERROR       NEGATIVE      POSITIVE  
   1  t0           1.50000e+00     fixed    
   2  dm           6.11000e+00     fixed    
   3  sigma        4.00000e-01     fixed    
   4  mistag       4.20000e-01   1.00000e-01
                               ERR DEF= 0.5
 **********
 **    4 **MIGRAD        3000         0.1
 **********
 START MIGRAD MINIMIZATION.  STRATEGY 1.  CONVERGENCE WHEN EDM .LT. 1.00e-04
 FCN=6171.33 FROM MIGRAD    STATUS=INITIATE        2 CALLS           3 TOTAL
                     EDM= unknown      STRATEGY= 1      NO ERROR MATRIX       
  EXT PARAMETER               CURRENT GUESS       STEP         FIRST   
  NO.   NAME      VALUE            ERROR          SIZE      DERIVATIVE 
   1  t0           1.50000e+00     fixed    
   2  dm           6.11000e+00     fixed    
   3  sigma        4.00000e-01     fixed    
   4  mistag       4.20000e-01   1.00000e-01   1.00000e-01   1.17921e+01
                               ERR DEF= 0.5
 MIGRAD MINIMIZATION HAS CONVERGED.
 MIGRAD WILL VERIFY CONVERGENCE AND ERROR MATRIX.
 COVARIANCE MATRIX CALCULATED SUCCESSFULLY
 FCN=6170.12 FROM MIGRAD    STATUS=CONVERGED      10 CALLS          11 TOTAL
                     EDM=1.10821e-06    STRATEGY= 1      ERROR MATRIX ACCURATE 
  EXT PARAMETER                                   STEP         FIRST   
  NO.   NAME      VALUE            ERROR          SIZE      DERIVATIVE 
   1  t0           1.50000e+00     fixed    
   2  dm           6.11000e+00     fixed    
   3  sigma        4.00000e-01     fixed    
   4  mistag       2.15223e-01   1.31562e-01   7.14817e-03  -8.00169e-03
                               ERR DEF= 0.5
 EXTERNAL ERROR MATRIX.    NDIM=  25    NPAR=  1    ERR DEF=0.5
  1.731e-02 
 **********
 **    5 **CALL FCN           3
 **********
iflag  3
ct  0.14024  0.222213
============== dm fixed at 6.44 ====================
Number of events  4000
for event #50: rTime = 0.106646, isMixed = 1.98593
 **********
 **    1 **SET ERR         0.5
 **********
 PARAMETER DEFINITIONS:
    NO.   NAME         VALUE      STEP SIZE      LIMITS
     1 t0           1.50000e+00  1.00000e-01     no limits
     2 dm           6.44000e+00  1.00000e-02     no limits
     3 sigma        4.00000e-01  1.00000e-02     no limits
     4 mistag       4.20000e-01  1.00000e-01     no limits
 **********
 **    2 **FIX           1           2           3
 **********
 **********
 **    3 **CALL FCN           1
 **********
iflag  1
 FCN=6114.98 FROM CALl fcn    STATUS=RESET           1 CALLS           1 TOTAL
                     EDM= unknown      STRATEGY= 1      NO ERROR MATRIX       
  EXT PARAMETER               CURRENT GUESS      PHYSICAL LIMITS       
  NO.   NAME      VALUE            ERROR       NEGATIVE      POSITIVE  
   1  t0           1.50000e+00     fixed    
   2  dm           6.44000e+00     fixed    
   3  sigma        4.00000e-01     fixed    
   4  mistag       4.20000e-01   1.00000e-01
                               ERR DEF= 0.5
 **********
 **    4 **MIGRAD        3000         0.1
 **********
 START MIGRAD MINIMIZATION.  STRATEGY 1.  CONVERGENCE WHEN EDM .LT. 1.00e-04
 FCN=6114.98 FROM MIGRAD    STATUS=INITIATE        4 CALLS           5 TOTAL
                     EDM= unknown      STRATEGY= 1      NO ERROR MATRIX       
  EXT PARAMETER               CURRENT GUESS       STEP         FIRST   
  NO.   NAME      VALUE            ERROR          SIZE      DERIVATIVE 
   1  t0           1.50000e+00     fixed    
   2  dm           6.44000e+00     fixed    
   3  sigma        4.00000e-01     fixed    
   4  mistag       4.20000e-01   1.00000e-01   1.00000e-01  -1.66231e+00
                               ERR DEF= 0.5
 MIGRAD MINIMIZATION HAS CONVERGED.
 MIGRAD WILL VERIFY CONVERGENCE AND ERROR MATRIX.
 COVARIANCE MATRIX CALCULATED SUCCESSFULLY
 FCN=6114.95 FROM MIGRAD    STATUS=CONVERGED      12 CALLS          13 TOTAL
                     EDM=2.55754e-10    STRATEGY= 1      ERROR MATRIX ACCURATE 
  EXT PARAMETER                                   STEP         FIRST   
  NO.   NAME      VALUE            ERROR          SIZE      DERIVATIVE 
   1  t0           1.50000e+00     fixed    
   2  dm           6.44000e+00     fixed    
   3  sigma        4.00000e-01     fixed    
   4  mistag       4.60550e-01   1.56189e-01   8.43408e-03  -1.02390e-04
                               ERR DEF= 0.5
 EXTERNAL ERROR MATRIX.    NDIM=  25    NPAR=  1    ERR DEF=0.5
  2.440e-02 
 **********
 **    5 **CALL FCN           3
 **********
iflag  3
ct  0.14024  0.222213
============== dm fixed at 6.77 ====================
Number of events  4000
for event #50: rTime = 1.24254, isMixed = 1.04145
 **********
 **    1 **SET ERR         0.5
 **********
 PARAMETER DEFINITIONS:
    NO.   NAME         VALUE      STEP SIZE      LIMITS
     1 t0           1.50000e+00  1.00000e-01     no limits
     2 dm           6.77000e+00  1.00000e-02     no limits
     3 sigma        4.00000e-01  1.00000e-02     no limits
     4 mistag       4.20000e-01  1.00000e-01     no limits
 **********
 **    2 **FIX           1           2           3
 **********
 **********
 **    3 **CALL FCN           1
 **********
iflag  1
 FCN=6135.73 FROM CALl fcn    STATUS=RESET           1 CALLS           1 TOTAL
                     EDM= unknown      STRATEGY= 1      NO ERROR MATRIX       
  EXT PARAMETER               CURRENT GUESS      PHYSICAL LIMITS       
  NO.   NAME      VALUE            ERROR       NEGATIVE      POSITIVE  
   1  t0           1.50000e+00     fixed    
   2  dm           6.77000e+00     fixed    
   3  sigma        4.00000e-01     fixed    
   4  mistag       4.20000e-01   1.00000e-01
                               ERR DEF= 0.5
 **********
 **    4 **MIGRAD        3000         0.1
 **********
 START MIGRAD MINIMIZATION.  STRATEGY 1.  CONVERGENCE WHEN EDM .LT. 1.00e-04
 FCN=6135.73 FROM MIGRAD    STATUS=INITIATE        4 CALLS           5 TOTAL
                     EDM= unknown      STRATEGY= 1      NO ERROR MATRIX       
  EXT PARAMETER               CURRENT GUESS       STEP         FIRST   
  NO.   NAME      VALUE            ERROR          SIZE      DERIVATIVE 
   1  t0           1.50000e+00     fixed    
   2  dm           6.77000e+00     fixed    
   3  sigma        4.00000e-01     fixed    
   4  mistag       4.20000e-01   1.00000e-01   1.00000e-01   2.94013e+00
                               ERR DEF= 0.5
 MIGRAD MINIMIZATION HAS CONVERGED.
 MIGRAD WILL VERIFY CONVERGENCE AND ERROR MATRIX.
 COVARIANCE MATRIX CALCULATED SUCCESSFULLY
 FCN=6135.56 FROM MIGRAD    STATUS=CONVERGED      12 CALLS          13 TOTAL
                     EDM=6.11432e-08    STRATEGY= 1      ERROR MATRIX ACCURATE 
  EXT PARAMETER                                   STEP         FIRST   
  NO.   NAME      VALUE            ERROR          SIZE      DERIVATIVE 
   1  t0           1.50000e+00     fixed    
   2  dm           6.77000e+00     fixed    
   3  sigma        4.00000e-01     fixed    
   4  mistag       3.10909e-01   1.92678e-01   1.04194e-02   1.28334e-03
                               ERR DEF= 0.5
 EXTERNAL ERROR MATRIX.    NDIM=  25    NPAR=  1    ERR DEF=0.5
  3.712e-02 
 **********
 **    5 **CALL FCN           3
 **********
iflag  3
ct  0.14024  0.222213
Real time 3340.38
CPU time  3336.46
