0.716838   1
0.568132   -1
2.70049   1
1.92554   -1
1.59526   1
0.84836   1
0.340365   1
0.0768546   1
0.567059   1
1.34717   1
1.98429   -1
1.1051   1
1.01465   1
0.256382   1
4.72407   1
0.85816   1
2.14291   1
1.60857   -1
0.673439   -1
0.0535747   -1
0.791331   -1
-0.00105507   1
0.0536661   -1
0.309252   1
0.551919   1
4.61737   1
1.58424   1
0.219406   -1
0.182862   -1
-0.0334702   1
0.276031   1
0.778224   1
1.8282   -1
2.16456   1
0.174829   1
3.11482   1
3.59402   -1
1.14823   1
0.689369   1
1.25621   -1
1.84344   1
1.80244   -1
0.27948   -1
-0.134575   1
2.06914   -1
3.80831   -1
0.942606   -1
1.81091   -1
1.13188   1
0.663787   -1
0.975435   1
0.10187   1
0.761861   1
-0.177484   -1
3.79747   1
2.71678   1
1.86789   1
1.71349   -1
1.85243   1
2.09924   1
0.515351   -1
1.72416   1
-0.233258   1
0.759589   1
1.41702   -1
2.10446   -1
0.896578   1
0.839159   1
-0.0190289   -1
0.184115   -1
3.05507   1
3.43912   -1
0.705506   -1
5.86625   1
1.41766   -1
1.81186   -1
0.945805   1
1.11427   1
2.12212   1
1.43075   1
7.66817   -1
2.82846   -1
0.431604   -1
0.205087   -1
6.43282   1
-0.208939   1
1.51747   -1
0.325921   -1
1.2053   1
0.52328   -1
2.43764   1
1.08774   -1
1.69694   -1
0.712988   1
1.1574   1
1.0166   -1
2.25392   1
0.644174   -1
1.62331   -1
1.45897   1
1.77977   -1
0.335312   -1
3.45442   -1
0.364521   -1
0.509222   -1
0.549896   1
2.41017   -1
0.261852   -1
0.78606   -1
0.447376   1
2.74188   -1
1.50063   1
1.57501   1
0.464685   -1
4.48028   1
1.39822   1
2.96364   1
3.58099   -1
1.46274   -1
0.15274   1
1.11825   1
1.40605   -1
2.55886   -1
0.612377   1
0.961031   1
0.231794   -1
0.435366   -1
0.600704   -1
2.01346   1
0.291153   1
0.333689   1
3.3295   -1
0.501418   1
1.43653   1
2.37375   1
0.213802   1
1.68501   -1
0.759462   -1
0.0855115   -1
1.31124   1
1.98675   1
2.26152   -1
1.49373   -1
1.3335   -1
0.376205   -1
0.882779   1
1.45826   -1
1.36586   -1
1.26528   1
2.18592   1
0.210854   1
0.297941   1
0.366266   -1
3.2473   1
3.01524   1
0.136868   -1
2.02049   -1
0.747281   1
1.41771   1
2.67963   -1
0.401603   1
0.550985   -1
4.91234   1
0.207658   1
0.606683   1
2.6581   1
1.88246   1
0.203003   -1
2.20664   1
0.380046   -1
3.80301   1
0.728076   -1
2.33231   1
1.45502   -1
0.690145   1
4.63507   1
2.58837   -1
9.29967   1
0.432258   1
1.02774   -1
2.29126   -1
1.01633   -1
1.97709   1
9.19977   -1
2.68166   -1
-0.25734   1
0.0792532   1
0.1509   -1
2.63674   1
1.24518   -1
0.107872   -1
0.320231   -1
0.569409   1
2.59465   -1
2.64413   1
2.2117   1
0.315649   -1
2.08601   1
0.842834   -1
4.95217   -1
0.597161   1
0.618289   -1
0.493482   -1
5.13348   1
2.16758   1
0.0783479   1
0.552264   1
1.66249   -1
0.31965   -1
0.578564   -1
2.65013   -1
6.98527   -1
1.0853   -1
2.03321   1
1.82293   -1
4.85917   -1
0.381969   1
1.78085   -1
2.95788   1
0.19166   -1
0.0268953   -1
2.01096   -1
0.540518   1
0.63511   1
0.270234   1
-0.251817   -1
0.469869   1
-0.0223779   -1
0.691078   1
2.10816   -1
0.141769   -1
0.783151   1
1.06528   1
1.00787   -1
-0.0285814   1
1.51873   -1
0.810806   -1
1.31722   -1
1.78622   -1
3.01431   1
1.07831   1
1.92635   -1
0.722123   1
1.20534   1
2.17266   -1
0.476034   1
0.174323   -1
3.40138   1
0.903706   1
-0.0946105   -1
1.37432   1
2.7607   1
0.359462   1
0.432291   -1
0.418137   1
2.43395   -1
2.56602   -1
0.23887   -1
6.7382   -1
1.41093   1
0.383799   -1
1.36174   -1
3.72382   1
0.273085   -1
1.17284   -1
1.136   1
0.0445831   1
0.657342   -1
2.18938   -1
1.13023   -1
0.419965   1
0.797306   -1
4.17676   -1
0.416518   1
0.52694   1
0.672463   1
1.39786   1
0.461956   -1
0.0296132   -1
0.688455   -1
6.27928   1
2.7727   1
2.09386   1
1.12141   -1
1.2518   1
0.285744   -1
1.47131   1
1.73098   1
1.23984   -1
2.165   1
2.99515   1
1.47201   1
1.63386   1
3.654   1
1.00856   -1
1.7771   1
1.5098   1
-0.0969059   -1
1.52145   -1
0.925004   1
0.359154   -1
4.21275   1
0.877899   -1
1.30789   -1
0.0776683   -1
0.484917   1
3.30864   -1
2.71537   1
0.761401   1
3.51405   1
1.34832   -1
0.420989   1
0.0725163   1
1.57118   1
0.160671   1
4.61942   1
0.634186   1
0.625245   -1
0.67688   -1
2.42273   -1
3.00933   1
0.464823   -1
3.15415   1
0.633815   1
0.556285   -1
4.56888   -1
6.64604   1
-0.0268066   -1
0.945594   -1
0.276066   -1
3.36228   1
0.486559   1
0.0996539   1
0.698617   1
0.132388   -1
1.7812   -1
0.33966   -1
3.04433   1
1.98432   -1
1.07892   1
0.822084   -1
0.0817482   -1
1.78125   1
2.27617   1
1.0031   -1
0.636057   -1
1.64809   -1
1.25111   1
0.180383   -1
0.730842   -1
0.0846037   -1
1.28874   -1
0.863422   1
3.77303   1
0.160962   1
0.564262   -1
0.400821   1
1.01581   1
0.866769   1
0.620535   1
0.842636   1
0.26901   -1
0.514631   -1
0.930353   -1
2.40901   -1
0.263683   -1
0.732261   1
0.380233   1
0.0982781   -1
-0.192607   1
1.44026   1
0.385463   -1
0.278932   1
1.15137   1
0.135547   -1
3.94648   1
1.29495   -1
3.87317   1
0.0951663   -1
1.00536   -1
0.385306   1
-0.032677   1
4.21556   1
9.10387   -1
0.947094   1
5.10537   -1
2.55411   1
2.30002   -1
1.1819   -1
3.20508   -1
4.68675   1
0.535895   1
0.664039   1
0.455942   -1
0.384156   -1
1.1065   -1
0.268531   -1
3.65058   1
4.6282   -1
5.11133   -1
0.639918   -1
0.266135   -1
0.595189   1
0.422799   -1
0.955424   1
0.960043   1
2.83454   1
2.67099   1
0.44701   -1
0.937688   -1
1.1156   -1
0.82808   1
1.06187   1
-0.000836064   -1
1.65199   -1
2.29253   1
0.703336   1
1.98319   -1
0.600388   1
1.12078   1
0.92795   -1
0.318162   -1
-0.217094   1
0.621684   1
0.0521381   1
