000 (003.000.000) 10/02 16:34:40 Job submitted from host: <129.15.30.206:64115>
...
000 (003.001.000) 10/02 16:34:40 Job submitted from host: <129.15.30.206:64115>
...
000 (003.002.000) 10/02 16:34:40 Job submitted from host: <129.15.30.206:64115>
...
000 (003.003.000) 10/02 16:34:40 Job submitted from host: <129.15.30.206:64115>
...
001 (003.000.000) 10/02 16:34:44 Job executing on host: <129.15.30.178:64557>
...
005 (003.000.000) 10/02 16:34:45 Job terminated.
	(1) Normal termination (return value 0)
		Usr 0 00:00:00, Sys 0 00:00:00  -  Run Remote Usage
		Usr 0 00:00:00, Sys 0 00:00:00  -  Run Local Usage
		Usr 0 00:00:00, Sys 0 00:00:00  -  Total Remote Usage
		Usr 0 00:00:00, Sys 0 00:00:00  -  Total Local Usage
	0  -  Run Bytes Sent By Job
	0  -  Run Bytes Received By Job
	0  -  Total Bytes Sent By Job
	0  -  Total Bytes Received By Job
...
001 (003.001.000) 10/02 16:34:46 Job executing on host: <129.15.30.146:63962>
...
001 (003.002.000) 10/02 16:34:47 Job executing on host: <129.15.30.130:64000>
...
005 (003.002.000) 10/02 16:34:48 Job terminated.
	(1) Normal termination (return value 0)
		Usr 0 00:00:00, Sys 0 00:00:00  -  Run Remote Usage
		Usr 0 00:00:00, Sys 0 00:00:00  -  Run Local Usage
		Usr 0 00:00:00, Sys 0 00:00:00  -  Total Remote Usage
		Usr 0 00:00:00, Sys 0 00:00:00  -  Total Local Usage
	0  -  Run Bytes Sent By Job
	0  -  Run Bytes Received By Job
	0  -  Total Bytes Sent By Job
	0  -  Total Bytes Received By Job
...
001 (003.003.000) 10/02 16:34:49 Job executing on host: <129.15.30.130:64000>
...
005 (003.003.000) 10/02 16:34:50 Job terminated.
	(1) Normal termination (return value 0)
		Usr 0 00:00:00, Sys 0 00:00:00  -  Run Remote Usage
		Usr 0 00:00:00, Sys 0 00:00:00  -  Run Local Usage
		Usr 0 00:00:00, Sys 0 00:00:00  -  Total Remote Usage
		Usr 0 00:00:00, Sys 0 00:00:00  -  Total Local Usage
	0  -  Run Bytes Sent By Job
	0  -  Run Bytes Received By Job
	0  -  Total Bytes Sent By Job
	0  -  Total Bytes Received By Job
...
006 (003.001.000) 10/02 16:34:54 Image size of job updated: 21152
...
005 (003.001.000) 10/02 16:35:02 Job terminated.
	(1) Normal termination (return value 0)
		Usr 0 00:00:00, Sys 0 00:00:00  -  Run Remote Usage
		Usr 0 00:00:00, Sys 0 00:00:00  -  Run Local Usage
		Usr 0 00:00:00, Sys 0 00:00:00  -  Total Remote Usage
		Usr 0 00:00:00, Sys 0 00:00:00  -  Total Local Usage
	0  -  Run Bytes Sent By Job
	0  -  Run Bytes Received By Job
	0  -  Total Bytes Sent By Job
	0  -  Total Bytes Received By Job
...
