000 (004.000.000) 10/02 16:36:58 Job submitted from host: <129.15.30.206:64115>
...
000 (004.001.000) 10/02 16:36:58 Job submitted from host: <129.15.30.206:64115>
...
000 (004.002.000) 10/02 16:36:58 Job submitted from host: <129.15.30.206:64115>
...
000 (004.003.000) 10/02 16:36:58 Job submitted from host: <129.15.30.206:64115>
...
001 (004.000.000) 10/02 16:37:02 Job executing on host: <129.15.30.178:64557>
...
001 (004.001.000) 10/02 16:37:05 Job executing on host: <129.15.30.146:63962>
...
001 (004.002.000) 10/02 16:37:07 Job executing on host: <129.15.30.130:64000>
...
001 (004.003.000) 10/02 16:37:08 Job executing on host: <129.15.30.130:64000>
...
006 (004.000.000) 10/02 16:37:10 Image size of job updated: 33932
...
006 (004.001.000) 10/02 16:37:13 Image size of job updated: 33840
...
006 (004.002.000) 10/02 16:37:15 Image size of job updated: 33892
...
006 (004.003.000) 10/02 16:37:16 Image size of job updated: 33892
...
005 (004.000.000) 10/02 16:43:02 Job terminated.
	(1) Normal termination (return value 0)
		Usr 0 00:05:42, Sys 0 00:00:04  -  Run Remote Usage
		Usr 0 00:00:00, Sys 0 00:00:00  -  Run Local Usage
		Usr 0 00:05:42, Sys 0 00:00:04  -  Total Remote Usage
		Usr 0 00:00:00, Sys 0 00:00:00  -  Total Local Usage
	0  -  Run Bytes Sent By Job
	0  -  Run Bytes Received By Job
	0  -  Total Bytes Sent By Job
	0  -  Total Bytes Received By Job
...
005 (004.001.000) 10/02 16:53:29 Job terminated.
	(1) Normal termination (return value 0)
		Usr 0 00:09:32, Sys 0 00:00:27  -  Run Remote Usage
		Usr 0 00:00:00, Sys 0 00:00:00  -  Run Local Usage
		Usr 0 00:09:32, Sys 0 00:00:27  -  Total Remote Usage
		Usr 0 00:00:00, Sys 0 00:00:00  -  Total Local Usage
	0  -  Run Bytes Sent By Job
	0  -  Run Bytes Received By Job
	0  -  Total Bytes Sent By Job
	0  -  Total Bytes Received By Job
...
006 (004.002.000) 10/02 16:57:15 Image size of job updated: 33944
...
006 (004.003.000) 10/02 16:57:16 Image size of job updated: 33944
...
005 (004.003.000) 10/02 17:05:59 Job terminated.
	(1) Normal termination (return value 0)
		Usr 0 00:28:17, Sys 0 00:00:21  -  Run Remote Usage
		Usr 0 00:00:00, Sys 0 00:00:00  -  Run Local Usage
		Usr 0 00:28:17, Sys 0 00:00:21  -  Total Remote Usage
		Usr 0 00:00:00, Sys 0 00:00:00  -  Total Local Usage
	0  -  Run Bytes Sent By Job
	0  -  Run Bytes Received By Job
	0  -  Total Bytes Sent By Job
	0  -  Total Bytes Received By Job
...
005 (004.002.000) 10/02 17:10:15 Job terminated.
	(1) Normal termination (return value 0)
		Usr 0 00:32:29, Sys 0 00:00:25  -  Run Remote Usage
		Usr 0 00:00:00, Sys 0 00:00:00  -  Run Local Usage
		Usr 0 00:32:29, Sys 0 00:00:25  -  Total Remote Usage
		Usr 0 00:00:00, Sys 0 00:00:00  -  Total Local Usage
	0  -  Run Bytes Sent By Job
	0  -  Run Bytes Received By Job
	0  -  Total Bytes Sent By Job
	0  -  Total Bytes Received By Job
...
