  *******************************************
  *                                         *
  *        W E L C O M E  to  R O O T       *
  *                                         *
  *   Version   3.05/07     22 April 2004   *
  *                                         *
  *  You are welcome to visit our Web site  *
  *          http://root.cern.ch            *
  *                                         *
  *******************************************

Compiled for linux with thread support.

CINT/ROOT C/C++ Interpreter version 5.15.94, June 30 2003
Type ? for help. Commands must be C++ statements.
Enclose multiple statements between { }.

[1mRooFit -- Version 1.04, developed by Wouter Verkerke and David Kirkby[0m 
          Copyright (C) 2000-2004 University of California & Stanford University
          All rights reserved, please read http://roofit.sourceforge.net/license.txt


Processing varsigma_2.C...
============== dm fixed at 1 ====================
Number of events  4000
for event #50: rTime = 1.67686, isMixed = 1.73055
 **********
 **    1 **SET ERR         0.5
 **********
 PARAMETER DEFINITIONS:
    NO.   NAME         VALUE      STEP SIZE      LIMITS
     1 t0           1.50000e+00  1.00000e-01     no limits
     2 dm           1.00000e+00  1.00000e-02     no limits
     3 sigma        2.00000e-01  1.00000e-02     no limits
     4 mistag       4.20000e-01  1.00000e-01     no limits
 **********
 **    2 **FIX           1           2           3
 **********
 **********
 **    3 **CALL FCN           1
 **********
iflag  1
 FCN=5924.26 FROM CALl fcn    STATUS=RESET           1 CALLS           1 TOTAL
                     EDM= unknown      STRATEGY= 1      NO ERROR MATRIX       
  EXT PARAMETER               CURRENT GUESS      PHYSICAL LIMITS       
  NO.   NAME      VALUE            ERROR       NEGATIVE      POSITIVE  
   1  t0           1.50000e+00     fixed    
   2  dm           1.00000e+00     fixed    
   3  sigma        2.00000e-01     fixed    
   4  mistag       4.20000e-01   1.00000e-01
                               ERR DEF= 0.5
 **********
 **    4 **MIGRAD        3000         0.1
 **********
 START MIGRAD MINIMIZATION.  STRATEGY 1.  CONVERGENCE WHEN EDM .LT. 1.00e-04
 FCN=5924.26 FROM MIGRAD    STATUS=INITIATE        4 CALLS           5 TOTAL
                     EDM= unknown      STRATEGY= 1      NO ERROR MATRIX       
  EXT PARAMETER               CURRENT GUESS       STEP         FIRST   
  NO.   NAME      VALUE            ERROR          SIZE      DERIVATIVE 
   1  t0           1.50000e+00     fixed    
   2  dm           1.00000e+00     fixed    
   3  sigma        2.00000e-01     fixed    
   4  mistag       4.20000e-01   1.00000e-01   1.00000e-01  -5.88945e+02
                               ERR DEF= 0.5
 MIGRAD MINIMIZATION HAS CONVERGED.
 MIGRAD WILL VERIFY CONVERGENCE AND ERROR MATRIX.
 COVARIANCE MATRIX CALCULATED SUCCESSFULLY
 FCN=5904.59 FROM MIGRAD    STATUS=CONVERGED      20 CALLS          21 TOTAL
                     EDM=1.70979e-15    STRATEGY= 1      ERROR MATRIX ACCURATE 
  EXT PARAMETER                                   STEP         FIRST   
  NO.   NAME      VALUE            ERROR          SIZE      DERIVATIVE 
   1  t0           1.50000e+00     fixed    
   2  dm           1.00000e+00     fixed    
   3  sigma        2.00000e-01     fixed    
   4  mistag       4.87399e-01   1.08035e-02   5.73271e-04   3.82743e-06
                               ERR DEF= 0.5
 EXTERNAL ERROR MATRIX.    NDIM=  25    NPAR=  1    ERR DEF=0.5
  1.167e-04 
 **********
 **    5 **CALL FCN           3
 **********
iflag  3
ct  0.14024  0.222213
============== dm fixed at 6 ====================
Number of events  4000
for event #50: rTime = 2.2185, isMixed = 1.85882
 **********
 **    1 **SET ERR         0.5
 **********
 PARAMETER DEFINITIONS:
    NO.   NAME         VALUE      STEP SIZE      LIMITS
     1 t0           1.50000e+00  1.00000e-01     no limits
     2 dm           6.00000e+00  1.00000e-02     no limits
     3 sigma        2.00000e-01  1.00000e-02     no limits
     4 mistag       4.20000e-01  1.00000e-01     no limits
 **********
 **    2 **FIX           1           2           3
 **********
 **********
 **    3 **CALL FCN           1
 **********
iflag  1
 FCN=6061.75 FROM CALl fcn    STATUS=RESET           1 CALLS           1 TOTAL
                     EDM= unknown      STRATEGY= 1      NO ERROR MATRIX       
  EXT PARAMETER               CURRENT GUESS      PHYSICAL LIMITS       
  NO.   NAME      VALUE            ERROR       NEGATIVE      POSITIVE  
   1  t0           1.50000e+00     fixed    
   2  dm           6.00000e+00     fixed    
   3  sigma        2.00000e-01     fixed    
   4  mistag       4.20000e-01   1.00000e-01
                               ERR DEF= 0.5
 **********
 **    4 **MIGRAD        3000         0.1
 **********
 START MIGRAD MINIMIZATION.  STRATEGY 1.  CONVERGENCE WHEN EDM .LT. 1.00e-04
 FCN=6061.75 FROM MIGRAD    STATUS=INITIATE        4 CALLS           5 TOTAL
                     EDM= unknown      STRATEGY= 1      NO ERROR MATRIX       
  EXT PARAMETER               CURRENT GUESS       STEP         FIRST   
  NO.   NAME      VALUE            ERROR          SIZE      DERIVATIVE 
   1  t0           1.50000e+00     fixed    
   2  dm           6.00000e+00     fixed    
   3  sigma        2.00000e-01     fixed    
   4  mistag       4.20000e-01   1.00000e-01   1.00000e-01  -8.39730e+01
                               ERR DEF= 0.5
 MIGRAD MINIMIZATION HAS CONVERGED.
 MIGRAD WILL VERIFY CONVERGENCE AND ERROR MATRIX.
 COVARIANCE MATRIX CALCULATED SUCCESSFULLY
 FCN=6059.95 FROM MIGRAD    STATUS=CONVERGED      15 CALLS          16 TOTAL
                     EDM=1.66511e-09    STRATEGY= 1      ERROR MATRIX ACCURATE 
  EXT PARAMETER                                   STEP         FIRST   
  NO.   NAME      VALUE            ERROR          SIZE      DERIVATIVE 
   1  t0           1.50000e+00     fixed    
   2  dm           6.00000e+00     fixed    
   3  sigma        2.00000e-01     fixed    
   4  mistag       4.62996e-01   2.26740e-02   1.21887e-03  -1.79967e-03
                               ERR DEF= 0.5
 EXTERNAL ERROR MATRIX.    NDIM=  25    NPAR=  1    ERR DEF=0.5
  5.141e-04 
 **********
 **    5 **CALL FCN           3
 **********
iflag  3
ct  0.14024  0.222213
============== dm fixed at 11 ====================
Number of events  4000
for event #50: rTime = 0.231837, isMixed = 1.80162
 **********
 **    1 **SET ERR         0.5
 **********
 PARAMETER DEFINITIONS:
    NO.   NAME         VALUE      STEP SIZE      LIMITS
     1 t0           1.50000e+00  1.00000e-01     no limits
     2 dm           1.10000e+01  1.00000e-02     no limits
     3 sigma        2.00000e-01  1.00000e-02     no limits
     4 mistag       4.20000e-01  1.00000e-01     no limits
 **********
 **    2 **FIX           1           2           3
 **********
 **********
 **    3 **CALL FCN           1
 **********
iflag  1
 FCN=5879.62 FROM CALl fcn    STATUS=RESET           1 CALLS           1 TOTAL
                     EDM= unknown      STRATEGY= 1      NO ERROR MATRIX       
  EXT PARAMETER               CURRENT GUESS      PHYSICAL LIMITS       
  NO.   NAME      VALUE            ERROR       NEGATIVE      POSITIVE  
   1  t0           1.50000e+00     fixed    
   2  dm           1.10000e+01     fixed    
   3  sigma        2.00000e-01     fixed    
   4  mistag       4.20000e-01   1.00000e-01
                               ERR DEF= 0.5
 **********
 **    4 **MIGRAD        3000         0.1
 **********
 START MIGRAD MINIMIZATION.  STRATEGY 1.  CONVERGENCE WHEN EDM .LT. 1.00e-04
 FCN=5879.62 FROM MIGRAD    STATUS=INITIATE        2 CALLS           3 TOTAL
                     EDM= unknown      STRATEGY= 1      NO ERROR MATRIX       
  EXT PARAMETER               CURRENT GUESS       STEP         FIRST   
  NO.   NAME      VALUE            ERROR          SIZE      DERIVATIVE 
   1  t0           1.50000e+00     fixed    
   2  dm           1.10000e+01     fixed    
   3  sigma        2.00000e-01     fixed    
   4  mistag       4.20000e-01   1.00000e-01   1.00000e-01  -1.50203e+01
                               ERR DEF= 0.5
 MIGRAD MINIMIZATION HAS CONVERGED.
 MIGRAD WILL VERIFY CONVERGENCE AND ERROR MATRIX.
 COVARIANCE MATRIX CALCULATED SUCCESSFULLY
 FCN=5878.57 FROM MIGRAD    STATUS=CONVERGED      13 CALLS          14 TOTAL
                     EDM=4.85825e-10    STRATEGY= 1      ERROR MATRIX ACCURATE 
  EXT PARAMETER                                   STEP         FIRST   
  NO.   NAME      VALUE            ERROR          SIZE      DERIVATIVE 
   1  t0           1.50000e+00     fixed    
   2  dm           1.10000e+01     fixed    
   3  sigma        2.00000e-01     fixed    
   4  mistag       5.59585e-01   9.65510e-02   5.11203e-03  -2.28288e-04
                               ERR DEF= 0.5
 EXTERNAL ERROR MATRIX.    NDIM=  25    NPAR=  1    ERR DEF=0.5
  9.322e-03 
 **********
 **    5 **CALL FCN           3
 **********
iflag  3
ct  0.14024  0.222213
============== dm fixed at 16 ====================
Number of events  4000
for event #50: rTime = 0.505834, isMixed = 0.000716257
 **********
 **    1 **SET ERR         0.5
 **********
 PARAMETER DEFINITIONS:
    NO.   NAME         VALUE      STEP SIZE      LIMITS
     1 t0           1.50000e+00  1.00000e-01     no limits
     2 dm           1.60000e+01  1.00000e-02     no limits
     3 sigma        2.00000e-01  1.00000e-02     no limits
     4 mistag       4.20000e-01  1.00000e-01     no limits
 **********
 **    2 **FIX           1           2           3
 **********
 **********
 **    3 **CALL FCN           1
 **********
iflag  1
 FCN=5865.93 FROM CALl fcn    STATUS=RESET           1 CALLS           1 TOTAL
                     EDM= unknown      STRATEGY= 1      NO ERROR MATRIX       
  EXT PARAMETER               CURRENT GUESS      PHYSICAL LIMITS       
  NO.   NAME      VALUE            ERROR       NEGATIVE      POSITIVE  
   1  t0           1.50000e+00     fixed    
   2  dm           1.60000e+01     fixed    
   3  sigma        2.00000e-01     fixed    
   4  mistag       4.20000e-01   1.00000e-01
                               ERR DEF= 0.5
 **********
 **    4 **MIGRAD        3000         0.1
 **********
 START MIGRAD MINIMIZATION.  STRATEGY 1.  CONVERGENCE WHEN EDM .LT. 1.00e-04
 FCN=5865.93 FROM MIGRAD    STATUS=INITIATE        4 CALLS           5 TOTAL
                     EDM= unknown      STRATEGY= 1      NO ERROR MATRIX       
  EXT PARAMETER               CURRENT GUESS       STEP         FIRST   
  NO.   NAME      VALUE            ERROR          SIZE      DERIVATIVE 
   1  t0           1.50000e+00     fixed    
   2  dm           1.60000e+01     fixed    
   3  sigma        2.00000e-01     fixed    
   4  mistag       4.20000e-01   1.00000e-01   1.00000e-01  -2.29422e+00
                               ERR DEF= 0.5
 MIGRAD MINIMIZATION HAS CONVERGED.
 MIGRAD WILL VERIFY CONVERGENCE AND ERROR MATRIX.
 COVARIANCE MATRIX CALCULATED SUCCESSFULLY
 FCN=5865.46 FROM MIGRAD    STATUS=CONVERGED      17 CALLS          18 TOTAL
                     EDM=2.33257e-10    STRATEGY= 1      ERROR MATRIX ACCURATE 
  EXT PARAMETER                                   STEP         FIRST   
  NO.   NAME      VALUE            ERROR          SIZE      DERIVATIVE 
   1  t0           1.50000e+00     fixed    
   2  dm           1.60000e+01     fixed    
   3  sigma        2.00000e-01     fixed    
   4  mistag       8.30534e-01   4.23411e-01   2.23937e-02  -3.60707e-05
                               ERR DEF= 0.5
 EXTERNAL ERROR MATRIX.    NDIM=  25    NPAR=  1    ERR DEF=0.5
  1.793e-01 
 **********
 **    5 **CALL FCN           3
 **********
iflag  3
ct  0.14024  0.222213
============== dm fixed at 21 ====================
Number of events  4000
for event #50: rTime = 1.81231, isMixed = 0.0758218
 **********
 **    1 **SET ERR         0.5
 **********
 PARAMETER DEFINITIONS:
    NO.   NAME         VALUE      STEP SIZE      LIMITS
     1 t0           1.50000e+00  1.00000e-01     no limits
     2 dm           2.10000e+01  1.00000e-02     no limits
     3 sigma        2.00000e-01  1.00000e-02     no limits
     4 mistag       4.20000e-01  1.00000e-01     no limits
 **********
 **    2 **FIX           1           2           3
 **********
 **********
 **    3 **CALL FCN           1
 **********
iflag  1
 FCN=5902.42 FROM CALl fcn    STATUS=RESET           1 CALLS           1 TOTAL
                     EDM= unknown      STRATEGY= 1      NO ERROR MATRIX       
  EXT PARAMETER               CURRENT GUESS      PHYSICAL LIMITS       
  NO.   NAME      VALUE            ERROR       NEGATIVE      POSITIVE  
   1  t0           1.50000e+00     fixed    
   2  dm           2.10000e+01     fixed    
   3  sigma        2.00000e-01     fixed    
   4  mistag       4.20000e-01   1.00000e-01
                               ERR DEF= 0.5
 **********
 **    4 **MIGRAD        3000         0.1
 **********
 START MIGRAD MINIMIZATION.  STRATEGY 1.  CONVERGENCE WHEN EDM .LT. 1.00e-04
 FCN=5902.42 FROM MIGRAD    STATUS=INITIATE        4 CALLS           5 TOTAL
                     EDM= unknown      STRATEGY= 1      NO ERROR MATRIX       
  EXT PARAMETER               CURRENT GUESS       STEP         FIRST   
  NO.   NAME      VALUE            ERROR          SIZE      DERIVATIVE 
   1  t0           1.50000e+00     fixed    
   2  dm           2.10000e+01     fixed    
   3  sigma        2.00000e-01     fixed    
   4  mistag       4.20000e-01   1.00000e-01   1.00000e-01  -9.55155e-01
                               ERR DEF= 0.5
 MIGRAD MINIMIZATION HAS CONVERGED.
 MIGRAD WILL VERIFY CONVERGENCE AND ERROR MATRIX.
 COVARIANCE MATRIX CALCULATED SUCCESSFULLY
 FCN=5902.12 FROM MIGRAD    STATUS=CONVERGED      15 CALLS          16 TOTAL
                     EDM=3.62919e-09    STRATEGY= 1      ERROR MATRIX ACCURATE 
  EXT PARAMETER                                   STEP         FIRST   
  NO.   NAME      VALUE            ERROR          SIZE      DERIVATIVE 
   1  t0           1.50000e+00     fixed    
   2  dm           2.10000e+01     fixed    
   3  sigma        2.00000e-01     fixed    
   4  mistag       1.04216e+00   8.09772e-01   4.29600e-02  -7.43947e-05
                               ERR DEF= 0.5
 EXTERNAL ERROR MATRIX.    NDIM=  25    NPAR=  1    ERR DEF=0.5
  6.557e-01 
 **********
 **    5 **CALL FCN           3
 **********
iflag  3
ct  0.14024  0.222213
Real time 982.87
CPU time  601.92
