000 (024.000.000) 09/30 15:31:27 Job submitted from host: <129.15.30.152:64745>
...
000 (024.001.000) 09/30 15:31:27 Job submitted from host: <129.15.30.152:64745>
...
000 (024.002.000) 09/30 15:31:27 Job submitted from host: <129.15.30.152:64745>
...
000 (024.003.000) 09/30 15:31:27 Job submitted from host: <129.15.30.152:64745>
...
000 (024.004.000) 09/30 15:31:27 Job submitted from host: <129.15.30.152:64745>
...
000 (024.005.000) 09/30 15:31:27 Job submitted from host: <129.15.30.152:64745>
...
000 (024.006.000) 09/30 15:31:27 Job submitted from host: <129.15.30.152:64745>
...
000 (024.007.000) 09/30 15:31:27 Job submitted from host: <129.15.30.152:64745>
...
000 (024.008.000) 09/30 15:31:27 Job submitted from host: <129.15.30.152:64745>
...
001 (024.000.000) 09/30 15:31:31 Job executing on host: <129.15.31.174:63013>
...
001 (024.001.000) 09/30 15:31:33 Job executing on host: <129.15.30.178:64557>
...
001 (024.002.000) 09/30 15:31:35 Job executing on host: <129.15.30.206:64690>
...
001 (024.003.000) 09/30 15:31:38 Job executing on host: <129.15.30.101:64232>
...
006 (024.000.000) 09/30 15:31:39 Image size of job updated: 33936
...
001 (024.004.000) 09/30 15:31:40 Job executing on host: <129.15.30.146:63962>
...
001 (024.005.000) 09/30 15:31:41 Job executing on host: <129.15.30.146:63962>
...
006 (024.001.000) 09/30 15:31:41 Image size of job updated: 33936
...
001 (024.006.000) 09/30 15:31:43 Job executing on host: <129.15.30.152:63117>
...
006 (024.002.000) 09/30 15:31:43 Image size of job updated: 33936
...
001 (024.007.000) 09/30 15:31:45 Job executing on host: <129.15.30.132:64847>
...
006 (024.003.000) 09/30 15:31:46 Image size of job updated: 33940
...
001 (024.008.000) 09/30 15:31:48 Job executing on host: <129.15.30.132:64847>
...
006 (024.004.000) 09/30 15:31:48 Image size of job updated: 33840
...
006 (024.005.000) 09/30 15:31:49 Image size of job updated: 33848
...
006 (024.006.000) 09/30 15:31:51 Image size of job updated: 33844
...
006 (024.007.000) 09/30 15:31:53 Image size of job updated: 33896
...
006 (024.008.000) 09/30 15:31:56 Image size of job updated: 33900
...
006 (024.000.000) 09/30 15:51:39 Image size of job updated: 33988
...
006 (024.001.000) 09/30 15:51:41 Image size of job updated: 33984
...
006 (024.002.000) 09/30 15:51:43 Image size of job updated: 33988
...
006 (024.003.000) 09/30 15:51:46 Image size of job updated: 33992
...
006 (024.004.000) 09/30 15:51:48 Image size of job updated: 33892
...
006 (024.005.000) 09/30 15:51:49 Image size of job updated: 33900
...
006 (024.006.000) 09/30 15:51:51 Image size of job updated: 33896
...
006 (024.007.000) 09/30 15:51:53 Image size of job updated: 33948
...
006 (024.008.000) 09/30 15:51:56 Image size of job updated: 33952
...
005 (024.001.000) 09/30 15:54:23 Job terminated.
	(1) Normal termination (return value 0)
		Usr 0 00:22:22, Sys 0 00:00:16  -  Run Remote Usage
		Usr 0 00:00:00, Sys 0 00:00:00  -  Run Local Usage
		Usr 0 00:22:22, Sys 0 00:00:16  -  Total Remote Usage
		Usr 0 00:00:00, Sys 0 00:00:00  -  Total Local Usage
	0  -  Run Bytes Sent By Job
	0  -  Run Bytes Received By Job
	0  -  Total Bytes Sent By Job
	0  -  Total Bytes Received By Job
...
005 (024.003.000) 09/30 15:54:45 Job terminated.
	(1) Normal termination (return value 0)
		Usr 0 00:22:44, Sys 0 00:00:15  -  Run Remote Usage
		Usr 0 00:00:00, Sys 0 00:00:00  -  Run Local Usage
		Usr 0 00:22:44, Sys 0 00:00:15  -  Total Remote Usage
		Usr 0 00:00:00, Sys 0 00:00:00  -  Total Local Usage
	0  -  Run Bytes Sent By Job
	0  -  Run Bytes Received By Job
	0  -  Total Bytes Sent By Job
	0  -  Total Bytes Received By Job
...
005 (024.000.000) 09/30 15:54:49 Job terminated.
	(1) Normal termination (return value 0)
		Usr 0 00:23:00, Sys 0 00:00:15  -  Run Remote Usage
		Usr 0 00:00:00, Sys 0 00:00:00  -  Run Local Usage
		Usr 0 00:23:00, Sys 0 00:00:15  -  Total Remote Usage
		Usr 0 00:00:00, Sys 0 00:00:00  -  Total Local Usage
	0  -  Run Bytes Sent By Job
	0  -  Run Bytes Received By Job
	0  -  Total Bytes Sent By Job
	0  -  Total Bytes Received By Job
...
005 (024.002.000) 09/30 15:55:39 Job terminated.
	(1) Normal termination (return value 0)
		Usr 0 00:23:42, Sys 0 00:00:17  -  Run Remote Usage
		Usr 0 00:00:00, Sys 0 00:00:00  -  Run Local Usage
		Usr 0 00:23:42, Sys 0 00:00:17  -  Total Remote Usage
		Usr 0 00:00:00, Sys 0 00:00:00  -  Total Local Usage
	0  -  Run Bytes Sent By Job
	0  -  Run Bytes Received By Job
	0  -  Total Bytes Sent By Job
	0  -  Total Bytes Received By Job
...
005 (024.007.000) 09/30 16:26:08 Job terminated.
	(1) Normal termination (return value 0)
		Usr 0 00:53:32, Sys 0 00:00:33  -  Run Remote Usage
		Usr 0 00:00:00, Sys 0 00:00:00  -  Run Local Usage
		Usr 0 00:53:32, Sys 0 00:00:33  -  Total Remote Usage
		Usr 0 00:00:00, Sys 0 00:00:00  -  Total Local Usage
	0  -  Run Bytes Sent By Job
	0  -  Run Bytes Received By Job
	0  -  Total Bytes Sent By Job
	0  -  Total Bytes Received By Job
...
005 (024.006.000) 09/30 16:26:45 Job terminated.
	(1) Normal termination (return value 0)
		Usr 0 00:54:11, Sys 0 00:00:23  -  Run Remote Usage
		Usr 0 00:00:00, Sys 0 00:00:00  -  Run Local Usage
		Usr 0 00:54:11, Sys 0 00:00:23  -  Total Remote Usage
		Usr 0 00:00:00, Sys 0 00:00:00  -  Total Local Usage
	0  -  Run Bytes Sent By Job
	0  -  Run Bytes Received By Job
	0  -  Total Bytes Sent By Job
	0  -  Total Bytes Received By Job
...
005 (024.008.000) 09/30 16:28:11 Job terminated.
	(1) Normal termination (return value 0)
		Usr 0 00:55:27, Sys 0 00:00:38  -  Run Remote Usage
		Usr 0 00:00:00, Sys 0 00:00:00  -  Run Local Usage
		Usr 0 00:55:27, Sys 0 00:00:38  -  Total Remote Usage
		Usr 0 00:00:00, Sys 0 00:00:00  -  Total Local Usage
	0  -  Run Bytes Sent By Job
	0  -  Run Bytes Received By Job
	0  -  Total Bytes Sent By Job
	0  -  Total Bytes Received By Job
...
005 (024.004.000) 09/30 16:44:14 Job terminated.
	(1) Normal termination (return value 0)
		Usr 0 00:42:04, Sys 0 00:02:55  -  Run Remote Usage
		Usr 0 00:00:00, Sys 0 00:00:00  -  Run Local Usage
		Usr 0 00:42:04, Sys 0 00:02:55  -  Total Remote Usage
		Usr 0 00:00:00, Sys 0 00:00:00  -  Total Local Usage
	0  -  Run Bytes Sent By Job
	0  -  Run Bytes Received By Job
	0  -  Total Bytes Sent By Job
	0  -  Total Bytes Received By Job
...
005 (024.005.000) 09/30 16:44:25 Job terminated.
	(1) Normal termination (return value 0)
		Usr 0 00:42:23, Sys 0 00:02:58  -  Run Remote Usage
		Usr 0 00:00:00, Sys 0 00:00:00  -  Run Local Usage
		Usr 0 00:42:23, Sys 0 00:02:58  -  Total Remote Usage
		Usr 0 00:00:00, Sys 0 00:00:00  -  Total Local Usage
	0  -  Run Bytes Sent By Job
	0  -  Run Bytes Received By Job
	0  -  Total Bytes Sent By Job
	0  -  Total Bytes Received By Job
...
