000 (020.000.000) 09/29 00:13:08 Job submitted from host: <129.15.30.152:64745>
...
000 (020.001.000) 09/29 00:13:08 Job submitted from host: <129.15.30.152:64745>
...
000 (020.002.000) 09/29 00:13:08 Job submitted from host: <129.15.30.152:64745>
...
000 (020.003.000) 09/29 00:13:08 Job submitted from host: <129.15.30.152:64745>
...
000 (020.004.000) 09/29 00:13:08 Job submitted from host: <129.15.30.152:64745>
...
000 (020.005.000) 09/29 00:13:08 Job submitted from host: <129.15.30.152:64745>
...
000 (020.006.000) 09/29 00:13:08 Job submitted from host: <129.15.30.152:64745>
...
000 (020.007.000) 09/29 00:13:08 Job submitted from host: <129.15.30.152:64745>
...
000 (020.008.000) 09/29 00:13:08 Job submitted from host: <129.15.30.152:64745>
...
001 (020.000.000) 09/29 00:13:13 Job executing on host: <129.15.30.178:64557>
...
001 (020.003.000) 09/29 00:13:14 Job executing on host: <129.15.30.130:64000>
...
001 (020.004.000) 09/29 00:13:17 Job executing on host: <129.15.30.130:64000>
...
005 (020.000.000) 09/29 00:13:19 Job terminated.
	(1) Normal termination (return value 0)
		Usr 0 00:00:00, Sys 0 00:00:00  -  Run Remote Usage
		Usr 0 00:00:00, Sys 0 00:00:00  -  Run Local Usage
		Usr 0 00:00:00, Sys 0 00:00:00  -  Total Remote Usage
		Usr 0 00:00:00, Sys 0 00:00:00  -  Total Local Usage
	0  -  Run Bytes Sent By Job
	0  -  Run Bytes Received By Job
	0  -  Total Bytes Sent By Job
	0  -  Total Bytes Received By Job
...
001 (020.005.000) 09/29 00:13:19 Job executing on host: <129.15.30.142:63150>
...
001 (020.006.000) 09/29 00:13:20 Job executing on host: <129.15.30.232:64765>
...
005 (020.004.000) 09/29 00:13:22 Job terminated.
	(1) Normal termination (return value 0)
		Usr 0 00:00:00, Sys 0 00:00:00  -  Run Remote Usage
		Usr 0 00:00:00, Sys 0 00:00:00  -  Run Local Usage
		Usr 0 00:00:00, Sys 0 00:00:00  -  Total Remote Usage
		Usr 0 00:00:00, Sys 0 00:00:00  -  Total Local Usage
	0  -  Run Bytes Sent By Job
	0  -  Run Bytes Received By Job
	0  -  Total Bytes Sent By Job
	0  -  Total Bytes Received By Job
...
001 (020.007.000) 09/29 00:13:22 Job executing on host: <129.15.30.138:64848>
...
001 (020.008.000) 09/29 00:13:25 Job executing on host: <129.15.30.165:64299>
...
001 (020.001.000) 09/29 00:13:27 Job executing on host: <129.15.30.178:64557>
...
006 (020.005.000) 09/29 00:13:27 Image size of job updated: 30560
...
001 (020.002.000) 09/29 00:13:28 Job executing on host: <129.15.30.130:64000>
...
006 (020.006.000) 09/29 00:13:29 Image size of job updated: 27612
...
005 (020.001.000) 09/29 00:13:30 Job terminated.
	(1) Normal termination (return value 0)
		Usr 0 00:00:00, Sys 0 00:00:00  -  Run Remote Usage
		Usr 0 00:00:00, Sys 0 00:00:00  -  Run Local Usage
		Usr 0 00:00:00, Sys 0 00:00:00  -  Total Remote Usage
		Usr 0 00:00:00, Sys 0 00:00:00  -  Total Local Usage
	0  -  Run Bytes Sent By Job
	0  -  Run Bytes Received By Job
	0  -  Total Bytes Sent By Job
	0  -  Total Bytes Received By Job
...
006 (020.007.000) 09/29 00:13:31 Image size of job updated: 27648
...
005 (020.002.000) 09/29 00:13:31 Job terminated.
	(1) Normal termination (return value 0)
		Usr 0 00:00:00, Sys 0 00:00:00  -  Run Remote Usage
		Usr 0 00:00:00, Sys 0 00:00:00  -  Run Local Usage
		Usr 0 00:00:00, Sys 0 00:00:00  -  Total Remote Usage
		Usr 0 00:00:00, Sys 0 00:00:00  -  Total Local Usage
	0  -  Run Bytes Sent By Job
	0  -  Run Bytes Received By Job
	0  -  Total Bytes Sent By Job
	0  -  Total Bytes Received By Job
...
006 (020.008.000) 09/29 00:13:33 Image size of job updated: 33492
...
005 (020.008.000) 09/29 00:13:33 Job terminated.
	(1) Normal termination (return value 0)
		Usr 0 00:00:01, Sys 0 00:00:01  -  Run Remote Usage
		Usr 0 00:00:00, Sys 0 00:00:00  -  Run Local Usage
		Usr 0 00:00:01, Sys 0 00:00:01  -  Total Remote Usage
		Usr 0 00:00:00, Sys 0 00:00:00  -  Total Local Usage
	0  -  Run Bytes Sent By Job
	0  -  Run Bytes Received By Job
	0  -  Total Bytes Sent By Job
	0  -  Total Bytes Received By Job
...
005 (020.006.000) 09/29 00:13:35 Job terminated.
	(1) Normal termination (return value 0)
		Usr 0 00:00:01, Sys 0 00:00:00  -  Run Remote Usage
		Usr 0 00:00:00, Sys 0 00:00:00  -  Run Local Usage
		Usr 0 00:00:01, Sys 0 00:00:00  -  Total Remote Usage
		Usr 0 00:00:00, Sys 0 00:00:00  -  Total Local Usage
	0  -  Run Bytes Sent By Job
	0  -  Run Bytes Received By Job
	0  -  Total Bytes Sent By Job
	0  -  Total Bytes Received By Job
...
005 (020.007.000) 09/29 00:13:36 Job terminated.
	(1) Normal termination (return value 0)
		Usr 0 00:00:01, Sys 0 00:00:01  -  Run Remote Usage
		Usr 0 00:00:00, Sys 0 00:00:00  -  Run Local Usage
		Usr 0 00:00:01, Sys 0 00:00:01  -  Total Remote Usage
		Usr 0 00:00:00, Sys 0 00:00:00  -  Total Local Usage
	0  -  Run Bytes Sent By Job
	0  -  Run Bytes Received By Job
	0  -  Total Bytes Sent By Job
	0  -  Total Bytes Received By Job
...
005 (020.003.000) 09/29 00:13:22 Job terminated.
	(1) Normal termination (return value 0)
		Usr 0 00:00:00, Sys 0 00:00:00  -  Run Remote Usage
		Usr 0 00:00:00, Sys 0 00:00:00  -  Run Local Usage
		Usr 0 00:00:00, Sys 0 00:00:00  -  Total Remote Usage
		Usr 0 00:00:00, Sys 0 00:00:00  -  Total Local Usage
	0  -  Run Bytes Sent By Job
	0  -  Run Bytes Received By Job
	0  -  Total Bytes Sent By Job
	0  -  Total Bytes Received By Job
...
005 (020.005.000) 09/29 00:14:03 Job terminated.
	(1) Normal termination (return value 0)
		Usr 0 00:00:01, Sys 0 00:00:00  -  Run Remote Usage
		Usr 0 00:00:00, Sys 0 00:00:00  -  Run Local Usage
		Usr 0 00:00:01, Sys 0 00:00:00  -  Total Remote Usage
		Usr 0 00:00:00, Sys 0 00:00:00  -  Total Local Usage
	0  -  Run Bytes Sent By Job
	0  -  Run Bytes Received By Job
	0  -  Total Bytes Sent By Job
	0  -  Total Bytes Received By Job
...
