000 (019.000.000) 08/27 13:53:34 Job submitted from host: <129.15.30.152:64530>
...
000 (019.001.000) 08/27 13:53:34 Job submitted from host: <129.15.30.152:64530>
...
000 (019.002.000) 08/27 13:53:34 Job submitted from host: <129.15.30.152:64530>
...
000 (019.003.000) 08/27 13:53:34 Job submitted from host: <129.15.30.152:64530>
...
000 (019.004.000) 08/27 13:53:34 Job submitted from host: <129.15.30.152:64530>
...
000 (019.005.000) 08/27 13:53:34 Job submitted from host: <129.15.30.152:64530>
...
000 (019.006.000) 08/27 13:53:34 Job submitted from host: <129.15.30.152:64530>
...
000 (019.007.000) 08/27 13:53:34 Job submitted from host: <129.15.30.152:64530>
...
000 (019.008.000) 08/27 13:53:34 Job submitted from host: <129.15.30.152:64530>
...
001 (019.000.000) 08/27 13:53:47 Job executing on host: <129.15.31.174:64367>
...
001 (019.001.000) 08/27 13:53:49 Job executing on host: <129.15.30.178:64916>
...
001 (019.002.000) 08/27 13:53:50 Job executing on host: <129.15.30.101:63771>
...
001 (019.003.000) 08/27 13:53:52 Job executing on host: <129.15.30.206:64821>
...
006 (019.000.000) 08/27 13:53:55 Image size of job updated: 33900
...
001 (019.006.000) 08/27 13:53:55 Job executing on host: <129.15.30.134:63464>
...
001 (019.007.000) 08/27 13:53:56 Job executing on host: <129.15.30.134:63464>
...
006 (019.001.000) 08/27 13:53:57 Image size of job updated: 33904
...
001 (019.008.000) 08/27 13:53:58 Job executing on host: <129.15.30.147:63719>
...
006 (019.002.000) 08/27 13:53:58 Image size of job updated: 33904
...
001 (019.005.000) 08/27 13:54:00 Job executing on host: <129.15.30.146:64231>
...
006 (019.003.000) 08/27 13:54:01 Image size of job updated: 33904
...
001 (019.004.000) 08/27 13:54:03 Job executing on host: <129.15.30.146:64231>
...
006 (019.006.000) 08/27 13:54:03 Image size of job updated: 33860
...
006 (019.007.000) 08/27 13:54:04 Image size of job updated: 33860
...
006 (019.008.000) 08/27 13:54:06 Image size of job updated: 33764
...
006 (019.005.000) 08/27 13:54:08 Image size of job updated: 33812
...
006 (019.004.000) 08/27 13:54:11 Image size of job updated: 33812
...
006 (019.000.000) 08/27 14:13:55 Image size of job updated: 33952
...
006 (019.001.000) 08/27 14:13:57 Image size of job updated: 33956
...
006 (019.002.000) 08/27 14:13:58 Image size of job updated: 33956
...
006 (019.003.000) 08/27 14:14:01 Image size of job updated: 33956
...
006 (019.006.000) 08/27 14:14:03 Image size of job updated: 33912
...
006 (019.007.000) 08/27 14:14:04 Image size of job updated: 33912
...
006 (019.008.000) 08/27 14:14:06 Image size of job updated: 33816
...
006 (019.005.000) 08/27 14:14:08 Image size of job updated: 33860
...
006 (019.004.000) 08/27 14:14:11 Image size of job updated: 33860
...
005 (019.000.000) 08/27 14:16:07 Job terminated.
	(1) Normal termination (return value 0)
		Usr 0 00:21:55, Sys 0 00:00:16  -  Run Remote Usage
		Usr 0 00:00:00, Sys 0 00:00:00  -  Run Local Usage
		Usr 0 00:21:55, Sys 0 00:00:16  -  Total Remote Usage
		Usr 0 00:00:00, Sys 0 00:00:00  -  Total Local Usage
	0  -  Run Bytes Sent By Job
	0  -  Run Bytes Received By Job
	0  -  Total Bytes Sent By Job
	0  -  Total Bytes Received By Job
...
005 (019.002.000) 08/27 14:16:50 Job terminated.
	(1) Normal termination (return value 0)
		Usr 0 00:22:14, Sys 0 00:00:15  -  Run Remote Usage
		Usr 0 00:00:00, Sys 0 00:00:00  -  Run Local Usage
		Usr 0 00:22:14, Sys 0 00:00:15  -  Total Remote Usage
		Usr 0 00:00:00, Sys 0 00:00:00  -  Total Local Usage
	0  -  Run Bytes Sent By Job
	0  -  Run Bytes Received By Job
	0  -  Total Bytes Sent By Job
	0  -  Total Bytes Received By Job
...
005 (019.003.000) 08/27 14:16:52 Job terminated.
	(1) Normal termination (return value 0)
		Usr 0 00:22:25, Sys 0 00:00:16  -  Run Remote Usage
		Usr 0 00:00:00, Sys 0 00:00:00  -  Run Local Usage
		Usr 0 00:22:25, Sys 0 00:00:16  -  Total Remote Usage
		Usr 0 00:00:00, Sys 0 00:00:00  -  Total Local Usage
	0  -  Run Bytes Sent By Job
	0  -  Run Bytes Received By Job
	0  -  Total Bytes Sent By Job
	0  -  Total Bytes Received By Job
...
005 (019.001.000) 08/27 14:17:32 Job terminated.
	(1) Normal termination (return value 0)
		Usr 0 00:22:55, Sys 0 00:00:17  -  Run Remote Usage
		Usr 0 00:00:00, Sys 0 00:00:00  -  Run Local Usage
		Usr 0 00:22:55, Sys 0 00:00:17  -  Total Remote Usage
		Usr 0 00:00:00, Sys 0 00:00:00  -  Total Local Usage
	0  -  Run Bytes Sent By Job
	0  -  Run Bytes Received By Job
	0  -  Total Bytes Sent By Job
	0  -  Total Bytes Received By Job
...
005 (019.006.000) 08/27 14:49:55 Job terminated.
	(1) Normal termination (return value 0)
		Usr 0 00:54:50, Sys 0 00:00:39  -  Run Remote Usage
		Usr 0 00:00:00, Sys 0 00:00:00  -  Run Local Usage
		Usr 0 00:54:50, Sys 0 00:00:39  -  Total Remote Usage
		Usr 0 00:00:00, Sys 0 00:00:00  -  Total Local Usage
	0  -  Run Bytes Sent By Job
	0  -  Run Bytes Received By Job
	0  -  Total Bytes Sent By Job
	0  -  Total Bytes Received By Job
...
005 (019.007.000) 08/27 14:50:53 Job terminated.
	(1) Normal termination (return value 0)
		Usr 0 00:55:50, Sys 0 00:00:40  -  Run Remote Usage
		Usr 0 00:00:00, Sys 0 00:00:00  -  Run Local Usage
		Usr 0 00:55:50, Sys 0 00:00:40  -  Total Remote Usage
		Usr 0 00:00:00, Sys 0 00:00:00  -  Total Local Usage
	0  -  Run Bytes Sent By Job
	0  -  Run Bytes Received By Job
	0  -  Total Bytes Sent By Job
	0  -  Total Bytes Received By Job
...
005 (019.005.000) 08/27 15:02:05 Job terminated.
	(1) Normal termination (return value 0)
		Usr 0 00:41:37, Sys 0 00:03:23  -  Run Remote Usage
		Usr 0 00:00:00, Sys 0 00:00:00  -  Run Local Usage
		Usr 0 00:41:37, Sys 0 00:03:23  -  Total Remote Usage
		Usr 0 00:00:00, Sys 0 00:00:00  -  Total Local Usage
	0  -  Run Bytes Sent By Job
	0  -  Run Bytes Received By Job
	0  -  Total Bytes Sent By Job
	0  -  Total Bytes Received By Job
...
005 (019.004.000) 08/27 15:03:14 Job terminated.
	(1) Normal termination (return value 0)
		Usr 0 00:42:30, Sys 0 00:03:25  -  Run Remote Usage
		Usr 0 00:00:00, Sys 0 00:00:00  -  Run Local Usage
		Usr 0 00:42:30, Sys 0 00:03:25  -  Total Remote Usage
		Usr 0 00:00:00, Sys 0 00:00:00  -  Total Local Usage
	0  -  Run Bytes Sent By Job
	0  -  Run Bytes Received By Job
	0  -  Total Bytes Sent By Job
	0  -  Total Bytes Received By Job
...
005 (019.008.000) 08/27 15:05:46 Job terminated.
	(1) Normal termination (return value 0)
		Usr 0 01:01:39, Sys 0 00:05:36  -  Run Remote Usage
		Usr 0 00:00:00, Sys 0 00:00:00  -  Run Local Usage
		Usr 0 01:01:39, Sys 0 00:05:36  -  Total Remote Usage
		Usr 0 00:00:00, Sys 0 00:00:00  -  Total Local Usage
	0  -  Run Bytes Sent By Job
	0  -  Run Bytes Received By Job
	0  -  Total Bytes Sent By Job
	0  -  Total Bytes Received By Job
...
