000 (021.000.000) 09/29 00:15:47 Job submitted from host: <129.15.30.152:64745>
...
000 (021.001.000) 09/29 00:15:47 Job submitted from host: <129.15.30.152:64745>
...
000 (021.002.000) 09/29 00:15:47 Job submitted from host: <129.15.30.152:64745>
...
000 (021.003.000) 09/29 00:15:47 Job submitted from host: <129.15.30.152:64745>
...
000 (021.004.000) 09/29 00:15:47 Job submitted from host: <129.15.30.152:64745>
...
000 (021.005.000) 09/29 00:15:47 Job submitted from host: <129.15.30.152:64745>
...
000 (021.006.000) 09/29 00:15:47 Job submitted from host: <129.15.30.152:64745>
...
000 (021.007.000) 09/29 00:15:47 Job submitted from host: <129.15.30.152:64745>
...
000 (021.008.000) 09/29 00:15:47 Job submitted from host: <129.15.30.152:64745>
...
001 (021.000.000) 09/29 00:15:54 Job executing on host: <129.15.30.178:64557>
...
001 (021.001.000) 09/29 00:15:56 Job executing on host: <129.15.30.146:63895>
...
001 (021.002.000) 09/29 00:15:58 Job executing on host: <129.15.30.130:64000>
...
001 (021.003.000) 09/29 00:16:01 Job executing on host: <129.15.30.130:64000>
...
006 (021.000.000) 09/29 00:16:02 Image size of job updated: 28180
...
001 (021.004.000) 09/29 00:16:03 Job executing on host: <129.15.30.232:64765>
...
001 (021.005.000) 09/29 00:16:04 Job executing on host: <129.15.30.138:64848>
...
006 (021.001.000) 09/29 00:16:04 Image size of job updated: 28088
...
001 (021.006.000) 09/29 00:16:06 Job executing on host: <129.15.30.165:64299>
...
006 (021.002.000) 09/29 00:16:06 Image size of job updated: 28100
...
006 (021.003.000) 09/29 00:16:09 Image size of job updated: 28140
...
006 (021.004.000) 09/29 00:16:11 Image size of job updated: 28144
...
006 (021.005.000) 09/29 00:16:12 Image size of job updated: 28100
...
006 (021.006.000) 09/29 00:16:14 Image size of job updated: 28140
...
001 (021.007.000) 09/29 00:20:55 Job executing on host: <129.15.30.206:64690>
...
001 (021.008.000) 09/29 00:20:58 Job executing on host: <129.15.30.152:63117>
...
006 (021.007.000) 09/29 00:21:03 Image size of job updated: 28184
...
006 (021.008.000) 09/29 00:21:06 Image size of job updated: 28048
...
006 (021.000.000) 09/29 00:36:02 Image size of job updated: 28184
...
006 (021.000.000) 09/29 02:36:02 Image size of job updated: 28228
...
006 (021.007.000) 09/29 03:01:03 Image size of job updated: 28228
...
006 (021.008.000) 09/29 03:21:06 Image size of job updated: 28096
...
006 (021.001.000) 09/29 04:36:04 Image size of job updated: 28136
...
006 (021.002.000) 09/29 06:36:06 Image size of job updated: 28148
...
005 (021.001.000) 09/29 07:45:43 Job terminated.
	(1) Normal termination (return value 0)
		Usr 0 05:39:21, Sys 0 00:24:24  -  Run Remote Usage
		Usr 0 00:00:00, Sys 0 00:00:00  -  Run Local Usage
		Usr 0 05:39:21, Sys 0 00:24:24  -  Total Remote Usage
		Usr 0 00:00:00, Sys 0 00:00:00  -  Total Local Usage
	0  -  Run Bytes Sent By Job
	0  -  Run Bytes Received By Job
	0  -  Total Bytes Sent By Job
	0  -  Total Bytes Received By Job
...
010 (021.006.000) 09/29 10:43:04 Job was suspended.
	Number of processes actually suspended: 1
...
011 (021.006.000) 09/29 10:53:21 Job was unsuspended.
...
010 (021.006.000) 09/29 11:00:28 Job was suspended.
	Number of processes actually suspended: 1
...
011 (021.006.000) 09/29 11:02:53 Job was unsuspended.
...
010 (021.006.000) 09/29 11:08:23 Job was suspended.
	Number of processes actually suspended: 1
...
011 (021.006.000) 09/29 11:10:18 Job was unsuspended.
...
010 (021.006.000) 09/29 11:28:08 Job was suspended.
	Number of processes actually suspended: 1
...
011 (021.006.000) 09/29 11:29:54 Job was unsuspended.
...
006 (021.003.000) 09/29 12:56:09 Image size of job updated: 28188
...
006 (021.005.000) 09/29 13:56:13 Image size of job updated: 28148
...
004 (021.007.000) 09/29 16:45:23 Job was evicted.
	(0) Job was not checkpointed.
		Usr 0 15:43:31, Sys 0 00:38:59  -  Run Remote Usage
		Usr 0 00:00:00, Sys 0 00:00:00  -  Run Local Usage
	0  -  Run Bytes Sent By Job
	0  -  Run Bytes Received By Job
...
004 (021.002.000) 09/29 16:45:23 Job was evicted.
	(0) Job was not checkpointed.
		Usr 0 15:31:59, Sys 0 00:51:06  -  Run Remote Usage
		Usr 0 00:00:00, Sys 0 00:00:00  -  Run Local Usage
	0  -  Run Bytes Sent By Job
	0  -  Run Bytes Received By Job
...
004 (021.008.000) 09/29 16:45:23 Job was evicted.
	(0) Job was not checkpointed.
		Usr 0 15:43:40, Sys 0 00:37:32  -  Run Remote Usage
		Usr 0 00:00:00, Sys 0 00:00:00  -  Run Local Usage
	0  -  Run Bytes Sent By Job
	0  -  Run Bytes Received By Job
...
004 (021.004.000) 09/29 16:45:23 Job was evicted.
	(0) Job was not checkpointed.
		Usr 0 15:38:42, Sys 0 00:39:57  -  Run Remote Usage
		Usr 0 00:00:00, Sys 0 00:00:00  -  Run Local Usage
	0  -  Run Bytes Sent By Job
	0  -  Run Bytes Received By Job
...
004 (021.006.000) 09/29 16:45:23 Job was evicted.
	(0) Job was not checkpointed.
		Usr 0 14:55:10, Sys 0 00:38:15  -  Run Remote Usage
		Usr 0 00:00:00, Sys 0 00:00:00  -  Run Local Usage
	0  -  Run Bytes Sent By Job
	0  -  Run Bytes Received By Job
...
004 (021.000.000) 09/29 16:45:24 Job was evicted.
	(0) Job was not checkpointed.
		Usr 0 15:46:58, Sys 0 00:35:39  -  Run Remote Usage
		Usr 0 00:00:00, Sys 0 00:00:00  -  Run Local Usage
	0  -  Run Bytes Sent By Job
	0  -  Run Bytes Received By Job
...
004 (021.005.000) 09/29 16:45:24 Job was evicted.
	(0) Job was not checkpointed.
		Usr 0 15:40:22, Sys 0 00:38:16  -  Run Remote Usage
		Usr 0 00:00:00, Sys 0 00:00:00  -  Run Local Usage
	0  -  Run Bytes Sent By Job
	0  -  Run Bytes Received By Job
...
009 (021.007.000) 09/29 16:45:24 Job was aborted by the user.
	via condor_rm (by user hegarty)
...
009 (021.008.000) 09/29 16:45:24 Job was aborted by the user.
	via condor_rm (by user hegarty)
...
009 (021.002.000) 09/29 16:45:24 Job was aborted by the user.
	via condor_rm (by user hegarty)
...
009 (021.006.000) 09/29 16:45:25 Job was aborted by the user.
	via condor_rm (by user hegarty)
...
009 (021.004.000) 09/29 16:45:25 Job was aborted by the user.
	via condor_rm (by user hegarty)
...
009 (021.000.000) 09/29 16:45:25 Job was aborted by the user.
	via condor_rm (by user hegarty)
...
009 (021.005.000) 09/29 16:45:25 Job was aborted by the user.
	via condor_rm (by user hegarty)
...
004 (021.003.000) 09/29 16:45:26 Job was evicted.
	(0) Job was not checkpointed.
		Usr 0 15:31:02, Sys 0 00:51:54  -  Run Remote Usage
		Usr 0 00:00:00, Sys 0 00:00:00  -  Run Local Usage
	0  -  Run Bytes Sent By Job
	0  -  Run Bytes Received By Job
...
009 (021.003.000) 09/29 16:45:26 Job was aborted by the user.
	via condor_rm (by user hegarty)
...
