  *******************************************
  *                                         *
  *        W E L C O M E  to  R O O T       *
  *                                         *
  *   Version   3.05/07     22 April 2004   *
  *                                         *
  *  You are welcome to visit our Web site  *
  *          http://root.cern.ch            *
  *                                         *
  *******************************************

Compiled for linux with thread support.

CINT/ROOT C/C++ Interpreter version 5.15.94, June 30 2003
Type ? for help. Commands must be C++ statements.
Enclose multiple statements between { }.

[1mRooFit -- Version 1.04, developed by Wouter Verkerke and David Kirkby[0m 
          Copyright (C) 2000-2004 University of California & Stanford University
          All rights reserved, please read http://roofit.sourceforge.net/license.txt


Processing lhns0163.C...
============== dm fixed at 1 ====================
Number of events  4000
for event #50: rTime = 1.67686, isMixed = 1.73055
 **********
 **    1 **SET ERR         0.5
 **********
 PARAMETER DEFINITIONS:
    NO.   NAME         VALUE      STEP SIZE      LIMITS
     1 t0           1.50000e+00  1.00000e-01     no limits
     2 dm           1.00000e+00  1.00000e-02     no limits
     3 sigma        3.44500e-01  1.00000e-02     no limits
     4 mistag       4.20000e-01  1.00000e-01     no limits
 **********
 **    2 **FIX           1           2           3
 **********
 **********
 **    3 **CALL FCN           1
 **********
iflag  1
 FCN=6081.2 FROM CALl fcn    STATUS=RESET           1 CALLS           1 TOTAL
                     EDM= unknown      STRATEGY= 1      NO ERROR MATRIX       
  EXT PARAMETER               CURRENT GUESS      PHYSICAL LIMITS       
  NO.   NAME      VALUE            ERROR       NEGATIVE      POSITIVE  
   1  t0           1.50000e+00     fixed    
   2  dm           1.00000e+00     fixed    
   3  sigma        3.44500e-01     fixed    
   4  mistag       4.20000e-01   1.00000e-01
                               ERR DEF= 0.5
 **********
 **    4 **MIGRAD        3000         0.1
 **********
 START MIGRAD MINIMIZATION.  STRATEGY 1.  CONVERGENCE WHEN EDM .LT. 1.00e-04
 FCN=6081.2 FROM MIGRAD    STATUS=INITIATE        4 CALLS           5 TOTAL
                     EDM= unknown      STRATEGY= 1      NO ERROR MATRIX       
  EXT PARAMETER               CURRENT GUESS       STEP         FIRST   
  NO.   NAME      VALUE            ERROR          SIZE      DERIVATIVE 
   1  t0           1.50000e+00     fixed    
   2  dm           1.00000e+00     fixed    
   3  sigma        3.44500e-01     fixed    
   4  mistag       4.20000e-01   1.00000e-01   1.00000e-01  -5.50566e+02
                               ERR DEF= 0.5
 MIGRAD MINIMIZATION HAS CONVERGED.
 MIGRAD WILL VERIFY CONVERGENCE AND ERROR MATRIX.
 COVARIANCE MATRIX CALCULATED SUCCESSFULLY
 FCN=6062.91 FROM MIGRAD    STATUS=CONVERGED      20 CALLS          21 TOTAL
                     EDM=7.70665e-14    STRATEGY= 1      ERROR MATRIX ACCURATE 
  EXT PARAMETER                                   STEP         FIRST   
  NO.   NAME      VALUE            ERROR          SIZE      DERIVATIVE 
   1  t0           1.50000e+00     fixed    
   2  dm           1.00000e+00     fixed    
   3  sigma        3.44500e-01     fixed    
   4  mistag       4.87007e-01   1.11336e-02   5.98657e-04   2.49343e-05
                               ERR DEF= 0.5
 EXTERNAL ERROR MATRIX.    NDIM=  25    NPAR=  1    ERR DEF=0.5
  1.240e-04 
 **********
 **    5 **CALL FCN           3
 **********
iflag  3
ct  0.14024  0.222213
============== dm fixed at 2 ====================
Number of events  4000
for event #50: rTime = 2.2185, isMixed = 1.85882
 **********
 **    1 **SET ERR         0.5
 **********
 PARAMETER DEFINITIONS:
    NO.   NAME         VALUE      STEP SIZE      LIMITS
     1 t0           1.50000e+00  1.00000e-01     no limits
     2 dm           2.00000e+00  1.00000e-02     no limits
     3 sigma        3.44500e-01  1.00000e-02     no limits
     4 mistag       4.20000e-01  1.00000e-01     no limits
 **********
 **    2 **FIX           1           2           3
 **********
 **********
 **    3 **CALL FCN           1
 **********
iflag  1
 FCN=6219.9 FROM CALl fcn    STATUS=RESET           1 CALLS           1 TOTAL
                     EDM= unknown      STRATEGY= 1      NO ERROR MATRIX       
  EXT PARAMETER               CURRENT GUESS      PHYSICAL LIMITS       
  NO.   NAME      VALUE            ERROR       NEGATIVE      POSITIVE  
   1  t0           1.50000e+00     fixed    
   2  dm           2.00000e+00     fixed    
   3  sigma        3.44500e-01     fixed    
   4  mistag       4.20000e-01   1.00000e-01
                               ERR DEF= 0.5
 **********
 **    4 **MIGRAD        3000         0.1
 **********
 START MIGRAD MINIMIZATION.  STRATEGY 1.  CONVERGENCE WHEN EDM .LT. 1.00e-04
 FCN=6219.9 FROM MIGRAD    STATUS=INITIATE        4 CALLS           5 TOTAL
                     EDM= unknown      STRATEGY= 1      NO ERROR MATRIX       
  EXT PARAMETER               CURRENT GUESS       STEP         FIRST   
  NO.   NAME      VALUE            ERROR          SIZE      DERIVATIVE 
   1  t0           1.50000e+00     fixed    
   2  dm           2.00000e+00     fixed    
   3  sigma        3.44500e-01     fixed    
   4  mistag       4.20000e-01   1.00000e-01   1.00000e-01  -4.24668e+02
                               ERR DEF= 0.5
 MIGRAD MINIMIZATION HAS CONVERGED.
 MIGRAD WILL VERIFY CONVERGENCE AND ERROR MATRIX.
 COVARIANCE MATRIX CALCULATED SUCCESSFULLY
 FCN=6202.82 FROM MIGRAD    STATUS=CONVERGED      15 CALLS          16 TOTAL
                     EDM=2.4192e-06    STRATEGY= 1      ERROR MATRIX ACCURATE 
  EXT PARAMETER                                   STEP         FIRST   
  NO.   NAME      VALUE            ERROR          SIZE      DERIVATIVE 
   1  t0           1.50000e+00     fixed    
   2  dm           2.00000e+00     fixed    
   3  sigma        3.44500e-01     fixed    
   4  mistag       5.00879e-01   1.38795e-02   7.54887e-04  -1.12063e-01
                               ERR DEF= 0.5
 EXTERNAL ERROR MATRIX.    NDIM=  25    NPAR=  1    ERR DEF=0.5
  1.926e-04 
 **********
 **    5 **CALL FCN           3
 **********
iflag  3
ct  0.14024  0.222213
============== dm fixed at 3 ====================
Number of events  4000
for event #50: rTime = 0.231837, isMixed = 1.80162
 **********
 **    1 **SET ERR         0.5
 **********
 PARAMETER DEFINITIONS:
    NO.   NAME         VALUE      STEP SIZE      LIMITS
     1 t0           1.50000e+00  1.00000e-01     no limits
     2 dm           3.00000e+00  1.00000e-02     no limits
     3 sigma        3.44500e-01  1.00000e-02     no limits
     4 mistag       4.20000e-01  1.00000e-01     no limits
 **********
 **    2 **FIX           1           2           3
 **********
 **********
 **    3 **CALL FCN           1
 **********
iflag  1
 FCN=6050.32 FROM CALl fcn    STATUS=RESET           1 CALLS           1 TOTAL
                     EDM= unknown      STRATEGY= 1      NO ERROR MATRIX       
  EXT PARAMETER               CURRENT GUESS      PHYSICAL LIMITS       
  NO.   NAME      VALUE            ERROR       NEGATIVE      POSITIVE  
   1  t0           1.50000e+00     fixed    
   2  dm           3.00000e+00     fixed    
   3  sigma        3.44500e-01     fixed    
   4  mistag       4.20000e-01   1.00000e-01
                               ERR DEF= 0.5
 **********
 **    4 **MIGRAD        3000         0.1
 **********
 START MIGRAD MINIMIZATION.  STRATEGY 1.  CONVERGENCE WHEN EDM .LT. 1.00e-04
 FCN=6050.32 FROM MIGRAD    STATUS=INITIATE        4 CALLS           5 TOTAL
                     EDM= unknown      STRATEGY= 1      NO ERROR MATRIX       
  EXT PARAMETER               CURRENT GUESS       STEP         FIRST   
  NO.   NAME      VALUE            ERROR          SIZE      DERIVATIVE 
   1  t0           1.50000e+00     fixed    
   2  dm           3.00000e+00     fixed    
   3  sigma        3.44500e-01     fixed    
   4  mistag       4.20000e-01   1.00000e-01   1.00000e-01  -2.27448e+02
                               ERR DEF= 0.5
 MIGRAD MINIMIZATION HAS CONVERGED.
 MIGRAD WILL VERIFY CONVERGENCE AND ERROR MATRIX.
 COVARIANCE MATRIX CALCULATED SUCCESSFULLY
 FCN=6041.23 FROM MIGRAD    STATUS=CONVERGED      15 CALLS          16 TOTAL
                     EDM=1.53935e-07    STRATEGY= 1      ERROR MATRIX ACCURATE 
  EXT PARAMETER                                   STEP         FIRST   
  NO.   NAME      VALUE            ERROR          SIZE      DERIVATIVE 
   1  t0           1.50000e+00     fixed    
   2  dm           3.00000e+00     fixed    
   3  sigma        3.44500e-01     fixed    
   4  mistag       5.00181e-01   1.88394e-02   1.01119e-03  -2.08258e-02
                               ERR DEF= 0.5
 EXTERNAL ERROR MATRIX.    NDIM=  25    NPAR=  1    ERR DEF=0.5
  3.549e-04 
 **********
 **    5 **CALL FCN           3
 **********
iflag  3
ct  0.14024  0.222213
============== dm fixed at 4 ====================
Number of events  4000
for event #50: rTime = 0.505834, isMixed = 0.000716257
 **********
 **    1 **SET ERR         0.5
 **********
 PARAMETER DEFINITIONS:
    NO.   NAME         VALUE      STEP SIZE      LIMITS
     1 t0           1.50000e+00  1.00000e-01     no limits
     2 dm           4.00000e+00  1.00000e-02     no limits
     3 sigma        3.44500e-01  1.00000e-02     no limits
     4 mistag       4.20000e-01  1.00000e-01     no limits
 **********
 **    2 **FIX           1           2           3
 **********
 **********
 **    3 **CALL FCN           1
 **********
iflag  1
 FCN=6032.77 FROM CALl fcn    STATUS=RESET           1 CALLS           1 TOTAL
                     EDM= unknown      STRATEGY= 1      NO ERROR MATRIX       
  EXT PARAMETER               CURRENT GUESS      PHYSICAL LIMITS       
  NO.   NAME      VALUE            ERROR       NEGATIVE      POSITIVE  
   1  t0           1.50000e+00     fixed    
   2  dm           4.00000e+00     fixed    
   3  sigma        3.44500e-01     fixed    
   4  mistag       4.20000e-01   1.00000e-01
                               ERR DEF= 0.5
 **********
 **    4 **MIGRAD        3000         0.1
 **********
 START MIGRAD MINIMIZATION.  STRATEGY 1.  CONVERGENCE WHEN EDM .LT. 1.00e-04
 FCN=6032.77 FROM MIGRAD    STATUS=INITIATE        4 CALLS           5 TOTAL
                     EDM= unknown      STRATEGY= 1      NO ERROR MATRIX       
  EXT PARAMETER               CURRENT GUESS       STEP         FIRST   
  NO.   NAME      VALUE            ERROR          SIZE      DERIVATIVE 
   1  t0           1.50000e+00     fixed    
   2  dm           4.00000e+00     fixed    
   3  sigma        3.44500e-01     fixed    
   4  mistag       4.20000e-01   1.00000e-01   1.00000e-01  -1.21010e+02
                               ERR DEF= 0.5
 MIGRAD MINIMIZATION HAS CONVERGED.
 MIGRAD WILL VERIFY CONVERGENCE AND ERROR MATRIX.
 COVARIANCE MATRIX CALCULATED SUCCESSFULLY
 FCN=6027.04 FROM MIGRAD    STATUS=CONVERGED      15 CALLS          16 TOTAL
                     EDM=5.3469e-09    STRATEGY= 1      ERROR MATRIX ACCURATE 
  EXT PARAMETER                                   STEP         FIRST   
  NO.   NAME      VALUE            ERROR          SIZE      DERIVATIVE 
   1  t0           1.50000e+00     fixed    
   2  dm           4.00000e+00     fixed    
   3  sigma        3.44500e-01     fixed    
   4  mistag       5.14843e-01   2.80360e-02   1.50306e-03  -2.60816e-03
                               ERR DEF= 0.5
 EXTERNAL ERROR MATRIX.    NDIM=  25    NPAR=  1    ERR DEF=0.5
  7.860e-04 
 **********
 **    5 **CALL FCN           3
 **********
iflag  3
ct  0.14024  0.222213
============== dm fixed at 5 ====================
Number of events  4000
for event #50: rTime = 1.81231, isMixed = 0.0758218
 **********
 **    1 **SET ERR         0.5
 **********
 PARAMETER DEFINITIONS:
    NO.   NAME         VALUE      STEP SIZE      LIMITS
     1 t0           1.50000e+00  1.00000e-01     no limits
     2 dm           5.00000e+00  1.00000e-02     no limits
     3 sigma        3.44500e-01  1.00000e-02     no limits
     4 mistag       4.20000e-01  1.00000e-01     no limits
 **********
 **    2 **FIX           1           2           3
 **********
 **********
 **    3 **CALL FCN           1
 **********
iflag  1
 FCN=6056.73 FROM CALl fcn    STATUS=RESET           1 CALLS           1 TOTAL
                     EDM= unknown      STRATEGY= 1      NO ERROR MATRIX       
  EXT PARAMETER               CURRENT GUESS      PHYSICAL LIMITS       
  NO.   NAME      VALUE            ERROR       NEGATIVE      POSITIVE  
   1  t0           1.50000e+00     fixed    
   2  dm           5.00000e+00     fixed    
   3  sigma        3.44500e-01     fixed    
   4  mistag       4.20000e-01   1.00000e-01
                               ERR DEF= 0.5
 **********
 **    4 **MIGRAD        3000         0.1
 **********
 START MIGRAD MINIMIZATION.  STRATEGY 1.  CONVERGENCE WHEN EDM .LT. 1.00e-04
 FCN=6056.73 FROM MIGRAD    STATUS=INITIATE        4 CALLS           5 TOTAL
                     EDM= unknown      STRATEGY= 1      NO ERROR MATRIX       
  EXT PARAMETER               CURRENT GUESS       STEP         FIRST   
  NO.   NAME      VALUE            ERROR          SIZE      DERIVATIVE 
   1  t0           1.50000e+00     fixed    
   2  dm           5.00000e+00     fixed    
   3  sigma        3.44500e-01     fixed    
   4  mistag       4.20000e-01   1.00000e-01   1.00000e-01  -4.14447e+01
                               ERR DEF= 0.5
 MIGRAD MINIMIZATION HAS CONVERGED.
 MIGRAD WILL VERIFY CONVERGENCE AND ERROR MATRIX.
 COVARIANCE MATRIX CALCULATED SUCCESSFULLY
 FCN=6055.02 FROM MIGRAD    STATUS=CONVERGED      15 CALLS          16 TOTAL
                     EDM=8.41817e-11    STRATEGY= 1      ERROR MATRIX ACCURATE 
  EXT PARAMETER                                   STEP         FIRST   
  NO.   NAME      VALUE            ERROR          SIZE      DERIVATIVE 
   1  t0           1.50000e+00     fixed    
   2  dm           5.00000e+00     fixed    
   3  sigma        3.44500e-01     fixed    
   4  mistag       5.02505e-01   4.46530e-02   2.39945e-03  -2.05475e-04
                               ERR DEF= 0.5
 EXTERNAL ERROR MATRIX.    NDIM=  25    NPAR=  1    ERR DEF=0.5
  1.994e-03 
 **********
 **    5 **CALL FCN           3
 **********
iflag  3
ct  0.14024  0.222213
============== dm fixed at 6 ====================
Number of events  4000
for event #50: rTime = 3.28732, isMixed = 1.34949
 **********
 **    1 **SET ERR         0.5
 **********
 PARAMETER DEFINITIONS:
    NO.   NAME         VALUE      STEP SIZE      LIMITS
     1 t0           1.50000e+00  1.00000e-01     no limits
     2 dm           6.00000e+00  1.00000e-02     no limits
     3 sigma        3.44500e-01  1.00000e-02     no limits
     4 mistag       4.20000e-01  1.00000e-01     no limits
 **********
 **    2 **FIX           1           2           3
 **********
 **********
 **    3 **CALL FCN           1
 **********
iflag  1
 FCN=6077.13 FROM CALl fcn    STATUS=RESET           1 CALLS           1 TOTAL
                     EDM= unknown      STRATEGY= 1      NO ERROR MATRIX       
  EXT PARAMETER               CURRENT GUESS      PHYSICAL LIMITS       
  NO.   NAME      VALUE            ERROR       NEGATIVE      POSITIVE  
   1  t0           1.50000e+00     fixed    
   2  dm           6.00000e+00     fixed    
   3  sigma        3.44500e-01     fixed    
   4  mistag       4.20000e-01   1.00000e-01
                               ERR DEF= 0.5
 **********
 **    4 **MIGRAD        3000         0.1
 **********
 START MIGRAD MINIMIZATION.  STRATEGY 1.  CONVERGENCE WHEN EDM .LT. 1.00e-04
 FCN=6077.13 FROM MIGRAD    STATUS=INITIATE        4 CALLS           5 TOTAL
                     EDM= unknown      STRATEGY= 1      NO ERROR MATRIX       
  EXT PARAMETER               CURRENT GUESS       STEP         FIRST   
  NO.   NAME      VALUE            ERROR          SIZE      DERIVATIVE 
   1  t0           1.50000e+00     fixed    
   2  dm           6.00000e+00     fixed    
   3  sigma        3.44500e-01     fixed    
   4  mistag       4.20000e-01   1.00000e-01   1.00000e-01  -3.48230e+01
                               ERR DEF= 0.5
 MIGRAD MINIMIZATION HAS CONVERGED.
 MIGRAD WILL VERIFY CONVERGENCE AND ERROR MATRIX.
 COVARIANCE MATRIX CALCULATED SUCCESSFULLY
 FCN=6073.81 FROM MIGRAD    STATUS=CONVERGED      17 CALLS          18 TOTAL
                     EDM=1.77329e-11    STRATEGY= 1      ERROR MATRIX ACCURATE 
  EXT PARAMETER                                   STEP         FIRST   
  NO.   NAME      VALUE            ERROR          SIZE      DERIVATIVE 
   1  t0           1.50000e+00     fixed    
   2  dm           6.00000e+00     fixed    
   3  sigma        3.44500e-01     fixed    
   4  mistag       6.10486e-01   7.38526e-02   3.97468e-03   5.70196e-05
                               ERR DEF= 0.5
 EXTERNAL ERROR MATRIX.    NDIM=  25    NPAR=  1    ERR DEF=0.5
  5.454e-03 
 **********
 **    5 **CALL FCN           3
 **********
iflag  3
ct  0.14024  0.222213
============== dm fixed at 7 ====================
Number of events  4000
for event #50: rTime = 0.639768, isMixed = 1.43886
 **********
 **    1 **SET ERR         0.5
 **********
 PARAMETER DEFINITIONS:
    NO.   NAME         VALUE      STEP SIZE      LIMITS
     1 t0           1.50000e+00  1.00000e-01     no limits
     2 dm           7.00000e+00  1.00000e-02     no limits
     3 sigma        3.44500e-01  1.00000e-02     no limits
     4 mistag       4.20000e-01  1.00000e-01     no limits
 **********
 **    2 **FIX           1           2           3
 **********
 **********
 **    3 **CALL FCN           1
 **********
iflag  1
 FCN=6188.89 FROM CALl fcn    STATUS=RESET           1 CALLS           1 TOTAL
                     EDM= unknown      STRATEGY= 1      NO ERROR MATRIX       
  EXT PARAMETER               CURRENT GUESS      PHYSICAL LIMITS       
  NO.   NAME      VALUE            ERROR       NEGATIVE      POSITIVE  
   1  t0           1.50000e+00     fixed    
   2  dm           7.00000e+00     fixed    
   3  sigma        3.44500e-01     fixed    
   4  mistag       4.20000e-01   1.00000e-01
                               ERR DEF= 0.5
 **********
 **    4 **MIGRAD        3000         0.1
 **********
 START MIGRAD MINIMIZATION.  STRATEGY 1.  CONVERGENCE WHEN EDM .LT. 1.00e-04
 FCN=6188.89 FROM MIGRAD    STATUS=INITIATE        2 CALLS           3 TOTAL
                     EDM= unknown      STRATEGY= 1      NO ERROR MATRIX       
  EXT PARAMETER               CURRENT GUESS       STEP         FIRST   
  NO.   NAME      VALUE            ERROR          SIZE      DERIVATIVE 
   1  t0           1.50000e+00     fixed    
   2  dm           7.00000e+00     fixed    
   3  sigma        3.44500e-01     fixed    
   4  mistag       4.20000e-01   1.00000e-01   1.00000e-01  -3.97724e+00
                               ERR DEF= 0.5
 MIGRAD MINIMIZATION HAS CONVERGED.
 MIGRAD WILL VERIFY CONVERGENCE AND ERROR MATRIX.
 COVARIANCE MATRIX CALCULATED SUCCESSFULLY
 FCN=6188.76 FROM MIGRAD    STATUS=CONVERGED      10 CALLS          11 TOTAL
                     EDM=3.83723e-07    STRATEGY= 1      ERROR MATRIX ACCURATE 
  EXT PARAMETER                                   STEP         FIRST   
  NO.   NAME      VALUE            ERROR          SIZE      DERIVATIVE 
   1  t0           1.50000e+00     fixed    
   2  dm           7.00000e+00     fixed    
   3  sigma        3.44500e-01     fixed    
   4  mistag       4.85429e-01   1.28403e-01   6.96786e-03  -4.82429e-03
                               ERR DEF= 0.5
 EXTERNAL ERROR MATRIX.    NDIM=  25    NPAR=  1    ERR DEF=0.5
  1.649e-02 
 **********
 **    5 **CALL FCN           3
 **********
iflag  3
ct  0.14024  0.222213
============== dm fixed at 8 ====================
Number of events  4000
for event #50: rTime = 1.29467, isMixed = 1.94542
 **********
 **    1 **SET ERR         0.5
 **********
 PARAMETER DEFINITIONS:
    NO.   NAME         VALUE      STEP SIZE      LIMITS
     1 t0           1.50000e+00  1.00000e-01     no limits
     2 dm           8.00000e+00  1.00000e-02     no limits
     3 sigma        3.44500e-01  1.00000e-02     no limits
     4 mistag       4.20000e-01  1.00000e-01     no limits
 **********
 **    2 **FIX           1           2           3
 **********
 **********
 **    3 **CALL FCN           1
 **********
iflag  1
 FCN=6103.44 FROM CALl fcn    STATUS=RESET           1 CALLS           1 TOTAL
                     EDM= unknown      STRATEGY= 1      NO ERROR MATRIX       
  EXT PARAMETER               CURRENT GUESS      PHYSICAL LIMITS       
  NO.   NAME      VALUE            ERROR       NEGATIVE      POSITIVE  
   1  t0           1.50000e+00     fixed    
   2  dm           8.00000e+00     fixed    
   3  sigma        3.44500e-01     fixed    
   4  mistag       4.20000e-01   1.00000e-01
                               ERR DEF= 0.5
 **********
 **    4 **MIGRAD        3000         0.1
 **********
 START MIGRAD MINIMIZATION.  STRATEGY 1.  CONVERGENCE WHEN EDM .LT. 1.00e-04
 FCN=6103.44 FROM MIGRAD    STATUS=INITIATE        4 CALLS           5 TOTAL
                     EDM= unknown      STRATEGY= 1      NO ERROR MATRIX       
  EXT PARAMETER               CURRENT GUESS       STEP         FIRST   
  NO.   NAME      VALUE            ERROR          SIZE      DERIVATIVE 
   1  t0           1.50000e+00     fixed    
   2  dm           8.00000e+00     fixed    
   3  sigma        3.44500e-01     fixed    
   4  mistag       4.20000e-01   1.00000e-01   1.00000e-01  -4.50590e-01
                               ERR DEF= 0.5
 MIGRAD MINIMIZATION HAS CONVERGED.
 MIGRAD WILL VERIFY CONVERGENCE AND ERROR MATRIX.
 COVARIANCE MATRIX CALCULATED SUCCESSFULLY
 FCN=6103.43 FROM MIGRAD    STATUS=CONVERGED      14 CALLS          15 TOTAL
                     EDM=1.00179e-10    STRATEGY= 1      ERROR MATRIX ACCURATE 
  EXT PARAMETER                                   STEP         FIRST   
  NO.   NAME      VALUE            ERROR          SIZE      DERIVATIVE 
   1  t0           1.50000e+00     fixed    
   2  dm           8.00000e+00     fixed    
   3  sigma        3.44500e-01     fixed    
   4  mistag       4.40470e-01   2.13165e-01   1.14989e-02  -4.69540e-05
                               ERR DEF= 0.5
 EXTERNAL ERROR MATRIX.    NDIM=  25    NPAR=  1    ERR DEF=0.5
  4.544e-02 
 **********
 **    5 **CALL FCN           3
 **********
iflag  3
ct  0.14024  0.222213
============== dm fixed at 9 ====================
Number of events  4000
for event #50: rTime = 0.126802, isMixed = 1.41937
 **********
 **    1 **SET ERR         0.5
 **********
 PARAMETER DEFINITIONS:
    NO.   NAME         VALUE      STEP SIZE      LIMITS
     1 t0           1.50000e+00  1.00000e-01     no limits
     2 dm           9.00000e+00  1.00000e-02     no limits
     3 sigma        3.44500e-01  1.00000e-02     no limits
     4 mistag       4.20000e-01  1.00000e-01     no limits
 **********
 **    2 **FIX           1           2           3
 **********
 **********
 **    3 **CALL FCN           1
 **********
iflag  1
 FCN=6066.08 FROM CALl fcn    STATUS=RESET           1 CALLS           1 TOTAL
                     EDM= unknown      STRATEGY= 1      NO ERROR MATRIX       
  EXT PARAMETER               CURRENT GUESS      PHYSICAL LIMITS       
  NO.   NAME      VALUE            ERROR       NEGATIVE      POSITIVE  
   1  t0           1.50000e+00     fixed    
   2  dm           9.00000e+00     fixed    
   3  sigma        3.44500e-01     fixed    
   4  mistag       4.20000e-01   1.00000e-01
                               ERR DEF= 0.5
 **********
 **    4 **MIGRAD        3000         0.1
 **********
 START MIGRAD MINIMIZATION.  STRATEGY 1.  CONVERGENCE WHEN EDM .LT. 1.00e-04
 FCN=6066.08 FROM MIGRAD    STATUS=INITIATE        4 CALLS           5 TOTAL
                     EDM= unknown      STRATEGY= 1      NO ERROR MATRIX       
  EXT PARAMETER               CURRENT GUESS       STEP         FIRST   
  NO.   NAME      VALUE            ERROR          SIZE      DERIVATIVE 
   1  t0           1.50000e+00     fixed    
   2  dm           9.00000e+00     fixed    
   3  sigma        3.44500e-01     fixed    
   4  mistag       4.20000e-01   1.00000e-01   1.00000e-01  -7.32624e-01
                               ERR DEF= 0.5
 MIGRAD MINIMIZATION HAS CONVERGED.
 MIGRAD WILL VERIFY CONVERGENCE AND ERROR MATRIX.
 COVARIANCE MATRIX CALCULATED SUCCESSFULLY
 FCN=6066.05 FROM MIGRAD    STATUS=CONVERGED      12 CALLS          13 TOTAL
                     EDM=3.16654e-09    STRATEGY= 1      ERROR MATRIX ACCURATE 
  EXT PARAMETER                                   STEP         FIRST   
  NO.   NAME      VALUE            ERROR          SIZE      DERIVATIVE 
   1  t0           1.50000e+00     fixed    
   2  dm           9.00000e+00     fixed    
   3  sigma        3.44500e-01     fixed    
   4  mistag       4.94582e-01   3.18969e-01   1.71606e-02   1.76418e-04
                               ERR DEF= 0.5
 EXTERNAL ERROR MATRIX.    NDIM=  25    NPAR=  1    ERR DEF=0.5
  1.017e-01 
 **********
 **    5 **CALL FCN           3
 **********
iflag  3
ct  0.14024  0.222213
============== dm fixed at 10 ====================
Number of events  4000
for event #50: rTime = 0.659945, isMixed = 1.97791
 **********
 **    1 **SET ERR         0.5
 **********
 PARAMETER DEFINITIONS:
    NO.   NAME         VALUE      STEP SIZE      LIMITS
     1 t0           1.50000e+00  1.00000e-01     no limits
     2 dm           1.00000e+01  1.00000e-02     no limits
     3 sigma        3.44500e-01  1.00000e-02     no limits
     4 mistag       4.20000e-01  1.00000e-01     no limits
 **********
 **    2 **FIX           1           2           3
 **********
 **********
 **    3 **CALL FCN           1
 **********
iflag  1
 FCN=6109.42 FROM CALl fcn    STATUS=RESET           1 CALLS           1 TOTAL
                     EDM= unknown      STRATEGY= 1      NO ERROR MATRIX       
  EXT PARAMETER               CURRENT GUESS      PHYSICAL LIMITS       
  NO.   NAME      VALUE            ERROR       NEGATIVE      POSITIVE  
   1  t0           1.50000e+00     fixed    
   2  dm           1.00000e+01     fixed    
   3  sigma        3.44500e-01     fixed    
   4  mistag       4.20000e-01   1.00000e-01
                               ERR DEF= 0.5
 **********
 **    4 **MIGRAD        3000         0.1
 **********
 START MIGRAD MINIMIZATION.  STRATEGY 1.  CONVERGENCE WHEN EDM .LT. 1.00e-04
 FCN=6109.42 FROM MIGRAD    STATUS=INITIATE        4 CALLS           5 TOTAL
                     EDM= unknown      STRATEGY= 1      NO ERROR MATRIX       
  EXT PARAMETER               CURRENT GUESS       STEP         FIRST   
  NO.   NAME      VALUE            ERROR          SIZE      DERIVATIVE 
   1  t0           1.50000e+00     fixed    
   2  dm           1.00000e+01     fixed    
   3  sigma        3.44500e-01     fixed    
   4  mistag       4.20000e-01   1.00000e-01   1.00000e-01  -1.15463e+00
                               ERR DEF= 0.5
 MIGRAD MINIMIZATION HAS CONVERGED.
 MIGRAD WILL VERIFY CONVERGENCE AND ERROR MATRIX.
 COVARIANCE MATRIX CALCULATED SUCCESSFULLY
 FCN=6109.29 FROM MIGRAD    STATUS=CONVERGED      12 CALLS          13 TOTAL
                     EDM=2.16492e-08    STRATEGY= 1      ERROR MATRIX ACCURATE 
  EXT PARAMETER                                   STEP         FIRST   
  NO.   NAME      VALUE            ERROR          SIZE      DERIVATIVE 
   1  t0           1.50000e+00     fixed    
   2  dm           1.00000e+01     fixed    
   3  sigma        3.44500e-01     fixed    
   4  mistag       6.54127e-01   4.50299e-01   2.43054e-02  -3.26754e-04
                               ERR DEF= 0.5
 EXTERNAL ERROR MATRIX.    NDIM=  25    NPAR=  1    ERR DEF=0.5
  2.028e-01 
 **********
 **    5 **CALL FCN           3
 **********
iflag  3
ct  0.14024  0.222213
============== dm fixed at 11 ====================
Number of events  4000
for event #50: rTime = 3.49636, isMixed = 0.0264208
 **********
 **    1 **SET ERR         0.5
 **********
 PARAMETER DEFINITIONS:
    NO.   NAME         VALUE      STEP SIZE      LIMITS
     1 t0           1.50000e+00  1.00000e-01     no limits
     2 dm           1.10000e+01  1.00000e-02     no limits
     3 sigma        3.44500e-01  1.00000e-02     no limits
     4 mistag       4.20000e-01  1.00000e-01     no limits
 **********
 **    2 **FIX           1           2           3
 **********
 **********
 **    3 **CALL FCN           1
 **********
iflag  1
 FCN=6057.88 FROM CALl fcn    STATUS=RESET           1 CALLS           1 TOTAL
                     EDM= unknown      STRATEGY= 1      NO ERROR MATRIX       
  EXT PARAMETER               CURRENT GUESS      PHYSICAL LIMITS       
  NO.   NAME      VALUE            ERROR       NEGATIVE      POSITIVE  
   1  t0           1.50000e+00     fixed    
   2  dm           1.10000e+01     fixed    
   3  sigma        3.44500e-01     fixed    
   4  mistag       4.20000e-01   1.00000e-01
                               ERR DEF= 0.5
 **********
 **    4 **MIGRAD        3000         0.1
 **********
 START MIGRAD MINIMIZATION.  STRATEGY 1.  CONVERGENCE WHEN EDM .LT. 1.00e-04
 FCN=6057.88 FROM MIGRAD    STATUS=INITIATE        4 CALLS           5 TOTAL
                     EDM= unknown      STRATEGY= 1      NO ERROR MATRIX       
  EXT PARAMETER               CURRENT GUESS       STEP         FIRST   
  NO.   NAME      VALUE            ERROR          SIZE      DERIVATIVE 
   1  t0           1.50000e+00     fixed    
   2  dm           1.10000e+01     fixed    
   3  sigma        3.44500e-01     fixed    
   4  mistag       4.20000e-01   1.00000e-01   1.00000e-01   7.17385e-01
                               ERR DEF= 0.5
 MIGRAD MINIMIZATION HAS CONVERGED.
 MIGRAD WILL VERIFY CONVERGENCE AND ERROR MATRIX.
 COVARIANCE MATRIX CALCULATED SUCCESSFULLY
 FCN=6057.79 FROM MIGRAD    STATUS=CONVERGED      12 CALLS          13 TOTAL
                     EDM=1.2035e-08    STRATEGY= 1      ERROR MATRIX ACCURATE 
  EXT PARAMETER                                   STEP         FIRST   
  NO.   NAME      VALUE            ERROR          SIZE      DERIVATIVE 
   1  t0           1.50000e+00     fixed    
   2  dm           1.10000e+01     fixed    
   3  sigma        3.44500e-01     fixed    
   4  mistag       1.69298e-01   5.90881e-01   3.17733e-02  -1.85662e-04
                               ERR DEF= 0.5
 EXTERNAL ERROR MATRIX.    NDIM=  25    NPAR=  1    ERR DEF=0.5
  3.491e-01 
 **********
 **    5 **CALL FCN           3
 **********
iflag  3
ct  0.14024  0.222213
============== dm fixed at 12 ====================
Number of events  4000
for event #50: rTime = 0.375806, isMixed = 1.37661
 **********
 **    1 **SET ERR         0.5
 **********
 PARAMETER DEFINITIONS:
    NO.   NAME         VALUE      STEP SIZE      LIMITS
     1 t0           1.50000e+00  1.00000e-01     no limits
     2 dm           1.20000e+01  1.00000e-02     no limits
     3 sigma        3.44500e-01  1.00000e-02     no limits
     4 mistag       4.20000e-01  1.00000e-01     no limits
 **********
 **    2 **FIX           1           2           3
 **********
 **********
 **    3 **CALL FCN           1
 **********
iflag  1
 FCN=5993.32 FROM CALl fcn    STATUS=RESET           1 CALLS           1 TOTAL
                     EDM= unknown      STRATEGY= 1      NO ERROR MATRIX       
  EXT PARAMETER               CURRENT GUESS      PHYSICAL LIMITS       
  NO.   NAME      VALUE            ERROR       NEGATIVE      POSITIVE  
   1  t0           1.50000e+00     fixed    
   2  dm           1.20000e+01     fixed    
   3  sigma        3.44500e-01     fixed    
   4  mistag       4.20000e-01   1.00000e-01
                               ERR DEF= 0.5
 **********
 **    4 **MIGRAD        3000         0.1
 **********
 START MIGRAD MINIMIZATION.  STRATEGY 1.  CONVERGENCE WHEN EDM .LT. 1.00e-04
 FCN=5993.32 FROM MIGRAD    STATUS=INITIATE        4 CALLS           5 TOTAL
                     EDM= unknown      STRATEGY= 1      NO ERROR MATRIX       
  EXT PARAMETER               CURRENT GUESS       STEP         FIRST   
  NO.   NAME      VALUE            ERROR          SIZE      DERIVATIVE 
   1  t0           1.50000e+00     fixed    
   2  dm           1.20000e+01     fixed    
   3  sigma        3.44500e-01     fixed    
   4  mistag       4.20000e-01   1.00000e-01   1.00000e-01  -7.92152e-01
                               ERR DEF= 0.5
 MIGRAD MINIMIZATION HAS CONVERGED.
 MIGRAD WILL VERIFY CONVERGENCE AND ERROR MATRIX.
 COVARIANCE MATRIX CALCULATED SUCCESSFULLY
 FCN=5993.15 FROM MIGRAD    STATUS=CONVERGED      12 CALLS          13 TOTAL
                     EDM=1.69484e-06    STRATEGY= 1      ERROR MATRIX ACCURATE 
  EXT PARAMETER                                   STEP         FIRST   
  NO.   NAME      VALUE            ERROR          SIZE      DERIVATIVE 
   1  t0           1.50000e+00     fixed    
   2  dm           1.20000e+01     fixed    
   3  sigma        3.44500e-01     fixed    
   4  mistag       8.63706e-01   7.46488e-01   4.00105e-02   1.74398e-03
                               ERR DEF= 0.5
 EXTERNAL ERROR MATRIX.    NDIM=  25    NPAR=  1    ERR DEF=0.5
  5.572e-01 
 **********
 **    5 **CALL FCN           3
 **********
iflag  3
ct  0.14024  0.222213
============== dm fixed at 13 ====================
Number of events  4000
for event #50: rTime = 2.51029, isMixed = 0.0124598
 **********
 **    1 **SET ERR         0.5
 **********
 PARAMETER DEFINITIONS:
    NO.   NAME         VALUE      STEP SIZE      LIMITS
     1 t0           1.50000e+00  1.00000e-01     no limits
     2 dm           1.30000e+01  1.00000e-02     no limits
     3 sigma        3.44500e-01  1.00000e-02     no limits
     4 mistag       4.20000e-01  1.00000e-01     no limits
 **********
 **    2 **FIX           1           2           3
 **********
 **********
 **    3 **CALL FCN           1
 **********
iflag  1
 FCN=6120.35 FROM CALl fcn    STATUS=RESET           1 CALLS           1 TOTAL
                     EDM= unknown      STRATEGY= 1      NO ERROR MATRIX       
  EXT PARAMETER               CURRENT GUESS      PHYSICAL LIMITS       
  NO.   NAME      VALUE            ERROR       NEGATIVE      POSITIVE  
   1  t0           1.50000e+00     fixed    
   2  dm           1.30000e+01     fixed    
   3  sigma        3.44500e-01     fixed    
   4  mistag       4.20000e-01   1.00000e-01
                               ERR DEF= 0.5
 **********
 **    4 **MIGRAD        3000         0.1
 **********
 START MIGRAD MINIMIZATION.  STRATEGY 1.  CONVERGENCE WHEN EDM .LT. 1.00e-04
 FCN=6120.35 FROM MIGRAD    STATUS=INITIATE        4 CALLS           5 TOTAL
                     EDM= unknown      STRATEGY= 1      NO ERROR MATRIX       
  EXT PARAMETER               CURRENT GUESS       STEP         FIRST   
  NO.   NAME      VALUE            ERROR          SIZE      DERIVATIVE 
   1  t0           1.50000e+00     fixed    
   2  dm           1.30000e+01     fixed    
   3  sigma        3.44500e-01     fixed    
   4  mistag       4.20000e-01   1.00000e-01   1.00000e-01  -1.15911e+00
                               ERR DEF= 0.5
 MIGRAD MINIMIZATION HAS CONVERGED.
 MIGRAD WILL VERIFY CONVERGENCE AND ERROR MATRIX.
 COVARIANCE MATRIX CALCULATED SUCCESSFULLY
 FCN=6119.82 FROM MIGRAD    STATUS=CONVERGED      17 CALLS          18 TOTAL
                     EDM=6.18795e-10    STRATEGY= 1      ERROR MATRIX ACCURATE 
  EXT PARAMETER                                   STEP         FIRST   
  NO.   NAME      VALUE            ERROR          SIZE      DERIVATIVE 
   1  t0           1.50000e+00     fixed    
   2  dm           1.30000e+01     fixed    
   3  sigma        3.44500e-01     fixed    
   4  mistag       1.33298e+00   8.85148e-01   4.78165e-02  -2.81033e-05
                               ERR DEF= 0.5
 EXTERNAL ERROR MATRIX.    NDIM=  25    NPAR=  1    ERR DEF=0.5
  7.835e-01 
 **********
 **    5 **CALL FCN           3
 **********
iflag  3
ct  0.14024  0.222213
============== dm fixed at 14 ====================
Number of events  4000
for event #50: rTime = 0.288897, isMixed = 1.99157
 **********
 **    1 **SET ERR         0.5
 **********
 PARAMETER DEFINITIONS:
    NO.   NAME         VALUE      STEP SIZE      LIMITS
     1 t0           1.50000e+00  1.00000e-01     no limits
     2 dm           1.40000e+01  1.00000e-02     no limits
     3 sigma        3.44500e-01  1.00000e-02     no limits
     4 mistag       4.20000e-01  1.00000e-01     no limits
 **********
 **    2 **FIX           1           2           3
 **********
 **********
 **    3 **CALL FCN           1
 **********
iflag  1
 FCN=6096.14 FROM CALl fcn    STATUS=RESET           1 CALLS           1 TOTAL
                     EDM= unknown      STRATEGY= 1      NO ERROR MATRIX       
  EXT PARAMETER               CURRENT GUESS      PHYSICAL LIMITS       
  NO.   NAME      VALUE            ERROR       NEGATIVE      POSITIVE  
   1  t0           1.50000e+00     fixed    
   2  dm           1.40000e+01     fixed    
   3  sigma        3.44500e-01     fixed    
   4  mistag       4.20000e-01   1.00000e-01
                               ERR DEF= 0.5
 **********
 **    4 **MIGRAD        3000         0.1
 **********
 START MIGRAD MINIMIZATION.  STRATEGY 1.  CONVERGENCE WHEN EDM .LT. 1.00e-04
 FCN=6096.14 FROM MIGRAD    STATUS=INITIATE        4 CALLS           5 TOTAL
                     EDM= unknown      STRATEGY= 1      NO ERROR MATRIX       
  EXT PARAMETER               CURRENT GUESS       STEP         FIRST   
  NO.   NAME      VALUE            ERROR          SIZE      DERIVATIVE 
   1  t0           1.50000e+00     fixed    
   2  dm           1.40000e+01     fixed    
   3  sigma        3.44500e-01     fixed    
   4  mistag       4.20000e-01   1.00000e-01   1.00000e-01  -3.52399e-01
                               ERR DEF= 0.5
 MIGRAD MINIMIZATION HAS CONVERGED.
 MIGRAD WILL VERIFY CONVERGENCE AND ERROR MATRIX.
 COVARIANCE MATRIX CALCULATED SUCCESSFULLY
 FCN=6096.07 FROM MIGRAD    STATUS=CONVERGED      12 CALLS          13 TOTAL
                     EDM=6.84656e-08    STRATEGY= 1      ERROR MATRIX ACCURATE 
  EXT PARAMETER                                   STEP         FIRST   
  NO.   NAME      VALUE            ERROR          SIZE      DERIVATIVE 
   1  t0           1.50000e+00     fixed    
   2  dm           1.40000e+01     fixed    
   3  sigma        3.44500e-01     fixed    
   4  mistag       7.99547e-01   1.03692e+00   5.59556e-02   2.52343e-04
                               ERR DEF= 0.5
 EXTERNAL ERROR MATRIX.    NDIM=  25    NPAR=  1    ERR DEF=0.5
  1.075e+00 
 **********
 **    5 **CALL FCN           3
 **********
iflag  3
ct  0.14024  0.222213
============== dm fixed at 15 ====================
Number of events  4000
for event #50: rTime = 2.49054, isMixed = 0.263367
 **********
 **    1 **SET ERR         0.5
 **********
 PARAMETER DEFINITIONS:
    NO.   NAME         VALUE      STEP SIZE      LIMITS
     1 t0           1.50000e+00  1.00000e-01     no limits
     2 dm           1.50000e+01  1.00000e-02     no limits
     3 sigma        3.44500e-01  1.00000e-02     no limits
     4 mistag       4.20000e-01  1.00000e-01     no limits
 **********
 **    2 **FIX           1           2           3
 **********
 **********
 **    3 **CALL FCN           1
 **********
iflag  1
 FCN=6108.65 FROM CALl fcn    STATUS=RESET           1 CALLS           1 TOTAL
                     EDM= unknown      STRATEGY= 1      NO ERROR MATRIX       
  EXT PARAMETER               CURRENT GUESS      PHYSICAL LIMITS       
  NO.   NAME      VALUE            ERROR       NEGATIVE      POSITIVE  
   1  t0           1.50000e+00     fixed    
   2  dm           1.50000e+01     fixed    
   3  sigma        3.44500e-01     fixed    
   4  mistag       4.20000e-01   1.00000e-01
                               ERR DEF= 0.5
 **********
 **    4 **MIGRAD        3000         0.1
 **********
 START MIGRAD MINIMIZATION.  STRATEGY 1.  CONVERGENCE WHEN EDM .LT. 1.00e-04
 FCN=6108.65 FROM MIGRAD    STATUS=INITIATE        4 CALLS           5 TOTAL
                     EDM= unknown      STRATEGY= 1      NO ERROR MATRIX       
  EXT PARAMETER               CURRENT GUESS       STEP         FIRST   
  NO.   NAME      VALUE            ERROR          SIZE      DERIVATIVE 
   1  t0           1.50000e+00     fixed    
   2  dm           1.50000e+01     fixed    
   3  sigma        3.44500e-01     fixed    
   4  mistag       4.20000e-01   1.00000e-01   1.00000e-01  -9.16058e-01
                               ERR DEF= 0.5
 MIGRAD MINIMIZATION HAS CONVERGED.
 MIGRAD WILL VERIFY CONVERGENCE AND ERROR MATRIX.
 COVARIANCE MATRIX CALCULATED SUCCESSFULLY
 FCN=6108.04 FROM MIGRAD    STATUS=CONVERGED      17 CALLS          18 TOTAL
                     EDM=2.03529e-09    STRATEGY= 1      ERROR MATRIX ACCURATE 
  EXT PARAMETER                                   STEP         FIRST   
  NO.   NAME      VALUE            ERROR          SIZE      DERIVATIVE 
   1  t0           1.50000e+00     fixed    
   2  dm           1.50000e+01     fixed    
   3  sigma        3.44500e-01     fixed    
   4  mistag       1.74536e+00   1.19841e+00   6.46753e-02  -3.76450e-05
                               ERR DEF= 0.5
 EXTERNAL ERROR MATRIX.    NDIM=  25    NPAR=  1    ERR DEF=0.5
  1.436e+00 
 **********
 **    5 **CALL FCN           3
 **********
iflag  3
ct  0.14024  0.222213
============== dm fixed at 16 ====================
Number of events  4000
for event #50: rTime = 0.366255, isMixed = 0.743792
 **********
 **    1 **SET ERR         0.5
 **********
 PARAMETER DEFINITIONS:
    NO.   NAME         VALUE      STEP SIZE      LIMITS
     1 t0           1.50000e+00  1.00000e-01     no limits
     2 dm           1.60000e+01  1.00000e-02     no limits
     3 sigma        3.44500e-01  1.00000e-02     no limits
     4 mistag       4.20000e-01  1.00000e-01     no limits
 **********
 **    2 **FIX           1           2           3
 **********
 **********
 **    3 **CALL FCN           1
 **********
iflag  1
 FCN=5983.54 FROM CALl fcn    STATUS=RESET           1 CALLS           1 TOTAL
                     EDM= unknown      STRATEGY= 1      NO ERROR MATRIX       
  EXT PARAMETER               CURRENT GUESS      PHYSICAL LIMITS       
  NO.   NAME      VALUE            ERROR       NEGATIVE      POSITIVE  
   1  t0           1.50000e+00     fixed    
   2  dm           1.60000e+01     fixed    
   3  sigma        3.44500e-01     fixed    
   4  mistag       4.20000e-01   1.00000e-01
                               ERR DEF= 0.5
 **********
 **    4 **MIGRAD        3000         0.1
 **********
 START MIGRAD MINIMIZATION.  STRATEGY 1.  CONVERGENCE WHEN EDM .LT. 1.00e-04
 FCN=5983.54 FROM MIGRAD    STATUS=INITIATE        4 CALLS           5 TOTAL
                     EDM= unknown      STRATEGY= 1      NO ERROR MATRIX       
  EXT PARAMETER               CURRENT GUESS       STEP         FIRST   
  NO.   NAME      VALUE            ERROR          SIZE      DERIVATIVE 
   1  t0           1.50000e+00     fixed    
   2  dm           1.60000e+01     fixed    
   3  sigma        3.44500e-01     fixed    
   4  mistag       4.20000e-01   1.00000e-01   1.00000e-01   8.41506e-01
                               ERR DEF= 0.5
 MIGRAD MINIMIZATION HAS CONVERGED.
 MIGRAD WILL VERIFY CONVERGENCE AND ERROR MATRIX.
 COVARIANCE MATRIX CALCULATED SUCCESSFULLY
 FCN=5982.84 FROM MIGRAD    STATUS=CONVERGED      12 CALLS          13 TOTAL
                     EDM=2.30826e-07    STRATEGY= 1      ERROR MATRIX ACCURATE 
  EXT PARAMETER                                   STEP         FIRST   
  NO.   NAME      VALUE            ERROR          SIZE      DERIVATIVE 
   1  t0           1.50000e+00     fixed    
   2  dm           1.60000e+01     fixed    
   3  sigma        3.44500e-01     fixed    
   4  mistag      -1.23596e+00   1.40179e+00   7.49296e-02   3.42735e-04
                               ERR DEF= 0.5
 EXTERNAL ERROR MATRIX.    NDIM=  25    NPAR=  1    ERR DEF=0.5
  1.965e+00 
 **********
 **    5 **CALL FCN           3
 **********
iflag  3
ct  0.14024  0.222213
============== dm fixed at 17 ====================
Number of events  4000
for event #50: rTime = 3.38547, isMixed = 1.39283
 **********
 **    1 **SET ERR         0.5
 **********
 PARAMETER DEFINITIONS:
    NO.   NAME         VALUE      STEP SIZE      LIMITS
     1 t0           1.50000e+00  1.00000e-01     no limits
     2 dm           1.70000e+01  1.00000e-02     no limits
     3 sigma        3.44500e-01  1.00000e-02     no limits
     4 mistag       4.20000e-01  1.00000e-01     no limits
 **********
 **    2 **FIX           1           2           3
 **********
 **********
 **    3 **CALL FCN           1
 **********
iflag  1
 FCN=6171.51 FROM CALl fcn    STATUS=RESET           1 CALLS           1 TOTAL
                     EDM= unknown      STRATEGY= 1      NO ERROR MATRIX       
  EXT PARAMETER               CURRENT GUESS      PHYSICAL LIMITS       
  NO.   NAME      VALUE            ERROR       NEGATIVE      POSITIVE  
   1  t0           1.50000e+00     fixed    
   2  dm           1.70000e+01     fixed    
   3  sigma        3.44500e-01     fixed    
   4  mistag       4.20000e-01   1.00000e-01
                               ERR DEF= 0.5
 **********
 **    4 **MIGRAD        3000         0.1
 **********
 START MIGRAD MINIMIZATION.  STRATEGY 1.  CONVERGENCE WHEN EDM .LT. 1.00e-04
 FCN=6171.51 FROM MIGRAD    STATUS=INITIATE        4 CALLS           5 TOTAL
                     EDM= unknown      STRATEGY= 1      NO ERROR MATRIX       
  EXT PARAMETER               CURRENT GUESS       STEP         FIRST   
  NO.   NAME      VALUE            ERROR          SIZE      DERIVATIVE 
   1  t0           1.50000e+00     fixed    
   2  dm           1.70000e+01     fixed    
   3  sigma        3.44500e-01     fixed    
   4  mistag       4.20000e-01   1.00000e-01   1.00000e-01  -4.75451e-01
                               ERR DEF= 0.5
 MIGRAD MINIMIZATION HAS CONVERGED.
 MIGRAD WILL VERIFY CONVERGENCE AND ERROR MATRIX.
 COVARIANCE MATRIX CALCULATED SUCCESSFULLY
 FCN=6171.23 FROM MIGRAD    STATUS=CONVERGED      12 CALLS          13 TOTAL
                     EDM=1.808e-06    STRATEGY= 1      ERROR MATRIX ACCURATE 
  EXT PARAMETER                                   STEP         FIRST   
  NO.   NAME      VALUE            ERROR          SIZE      DERIVATIVE 
   1  t0           1.50000e+00     fixed    
   2  dm           1.70000e+01     fixed    
   3  sigma        3.44500e-01     fixed    
   4  mistag       1.58882e+00   1.56936e+00   8.50570e-02  -8.56792e-04
                               ERR DEF= 0.5
 EXTERNAL ERROR MATRIX.    NDIM=  25    NPAR=  1    ERR DEF=0.5
  2.463e+00 
 **********
 **    5 **CALL FCN           3
 **********
iflag  3
ct  0.14024  0.222213
============== dm fixed at 18 ====================
Number of events  4000
for event #50: rTime = 0.636961, isMixed = 0.291008
 **********
 **    1 **SET ERR         0.5
 **********
 PARAMETER DEFINITIONS:
    NO.   NAME         VALUE      STEP SIZE      LIMITS
     1 t0           1.50000e+00  1.00000e-01     no limits
     2 dm           1.80000e+01  1.00000e-02     no limits
     3 sigma        3.44500e-01  1.00000e-02     no limits
     4 mistag       4.20000e-01  1.00000e-01     no limits
 **********
 **    2 **FIX           1           2           3
 **********
 **********
 **    3 **CALL FCN           1
 **********
iflag  1
 FCN=6113.12 FROM CALl fcn    STATUS=RESET           1 CALLS           1 TOTAL
                     EDM= unknown      STRATEGY= 1      NO ERROR MATRIX       
  EXT PARAMETER               CURRENT GUESS      PHYSICAL LIMITS       
  NO.   NAME      VALUE            ERROR       NEGATIVE      POSITIVE  
   1  t0           1.50000e+00     fixed    
   2  dm           1.80000e+01     fixed    
   3  sigma        3.44500e-01     fixed    
   4  mistag       4.20000e-01   1.00000e-01
                               ERR DEF= 0.5
 **********
 **    4 **MIGRAD        3000         0.1
 **********
 START MIGRAD MINIMIZATION.  STRATEGY 1.  CONVERGENCE WHEN EDM .LT. 1.00e-04
 FCN=6113.12 FROM MIGRAD    STATUS=INITIATE        4 CALLS           5 TOTAL
                     EDM= unknown      STRATEGY= 1      NO ERROR MATRIX       
  EXT PARAMETER               CURRENT GUESS       STEP         FIRST   
  NO.   NAME      VALUE            ERROR          SIZE      DERIVATIVE 
   1  t0           1.50000e+00     fixed    
   2  dm           1.80000e+01     fixed    
   3  sigma        3.44500e-01     fixed    
   4  mistag       4.20000e-01   1.00000e-01   1.00000e-01   9.44139e-01
                               ERR DEF= 0.5
 MIGRAD MINIMIZATION HAS CONVERGED.
 MIGRAD WILL VERIFY CONVERGENCE AND ERROR MATRIX.
 COVARIANCE MATRIX CALCULATED SUCCESSFULLY
 FCN=6111.62 FROM MIGRAD    STATUS=CONVERGED      17 CALLS          18 TOTAL
                     EDM=1.26549e-10    STRATEGY= 1      ERROR MATRIX ACCURATE 
  EXT PARAMETER                                   STEP         FIRST   
  NO.   NAME      VALUE            ERROR          SIZE      DERIVATIVE 
   1  t0           1.50000e+00     fixed    
   2  dm           1.80000e+01     fixed    
   3  sigma        3.44500e-01     fixed    
   4  mistag      -2.75199e+00   1.82990e+00   9.87920e-02  -6.14753e-06
                               ERR DEF= 0.5
 EXTERNAL ERROR MATRIX.    NDIM=  25    NPAR=  1    ERR DEF=0.5
  3.349e+00 
 **********
 **    5 **CALL FCN           3
 **********
iflag  3
ct  0.14024  0.222213
============== dm fixed at 19 ====================
Number of events  4000
for event #50: rTime = 0.106646, isMixed = 1.98593
 **********
 **    1 **SET ERR         0.5
 **********
 PARAMETER DEFINITIONS:
    NO.   NAME         VALUE      STEP SIZE      LIMITS
     1 t0           1.50000e+00  1.00000e-01     no limits
     2 dm           1.90000e+01  1.00000e-02     no limits
     3 sigma        3.44500e-01  1.00000e-02     no limits
     4 mistag       4.20000e-01  1.00000e-01     no limits
 **********
 **    2 **FIX           1           2           3
 **********
 **********
 **    3 **CALL FCN           1
 **********
iflag  1
 FCN=6059.86 FROM CALl fcn    STATUS=RESET           1 CALLS           1 TOTAL
                     EDM= unknown      STRATEGY= 1      NO ERROR MATRIX       
  EXT PARAMETER               CURRENT GUESS      PHYSICAL LIMITS       
  NO.   NAME      VALUE            ERROR       NEGATIVE      POSITIVE  
   1  t0           1.50000e+00     fixed    
   2  dm           1.90000e+01     fixed    
   3  sigma        3.44500e-01     fixed    
   4  mistag       4.20000e-01   1.00000e-01
                               ERR DEF= 0.5
 **********
 **    4 **MIGRAD        3000         0.1
 **********
 START MIGRAD MINIMIZATION.  STRATEGY 1.  CONVERGENCE WHEN EDM .LT. 1.00e-04
 FCN=6059.86 FROM MIGRAD    STATUS=INITIATE        4 CALLS           5 TOTAL
                     EDM= unknown      STRATEGY= 1      NO ERROR MATRIX       
  EXT PARAMETER               CURRENT GUESS       STEP         FIRST   
  NO.   NAME      VALUE            ERROR          SIZE      DERIVATIVE 
   1  t0           1.50000e+00     fixed    
   2  dm           1.90000e+01     fixed    
   3  sigma        3.44500e-01     fixed    
   4  mistag       4.20000e-01   1.00000e-01   1.00000e-01   4.14551e-01
                               ERR DEF= 0.5
 MIGRAD MINIMIZATION HAS CONVERGED.
 MIGRAD WILL VERIFY CONVERGENCE AND ERROR MATRIX.
 COVARIANCE MATRIX CALCULATED SUCCESSFULLY
 FCN=6059.52 FROM MIGRAD    STATUS=CONVERGED      12 CALLS          13 TOTAL
                     EDM=2.13939e-06    STRATEGY= 1      ERROR MATRIX ACCURATE 
  EXT PARAMETER                                   STEP         FIRST   
  NO.   NAME      VALUE            ERROR          SIZE      DERIVATIVE 
   1  t0           1.50000e+00     fixed    
   2  dm           1.90000e+01     fixed    
   3  sigma        3.44500e-01     fixed    
   4  mistag      -1.21972e+00   1.98340e+00   1.06910e-01  -7.37454e-04
                               ERR DEF= 0.5
 EXTERNAL ERROR MATRIX.    NDIM=  25    NPAR=  1    ERR DEF=0.5
  3.934e+00 
 **********
 **    5 **CALL FCN           3
 **********
iflag  3
ct  0.14024  0.222213
============== dm fixed at 20 ====================
Number of events  4000
for event #50: rTime = 1.24254, isMixed = 1.04145
 **********
 **    1 **SET ERR         0.5
 **********
 PARAMETER DEFINITIONS:
    NO.   NAME         VALUE      STEP SIZE      LIMITS
     1 t0           1.50000e+00  1.00000e-01     no limits
     2 dm           2.00000e+01  1.00000e-02     no limits
     3 sigma        3.44500e-01  1.00000e-02     no limits
     4 mistag       4.20000e-01  1.00000e-01     no limits
 **********
 **    2 **FIX           1           2           3
 **********
 **********
 **    3 **CALL FCN           1
 **********
iflag  1
 FCN=6080.65 FROM CALl fcn    STATUS=RESET           1 CALLS           1 TOTAL
                     EDM= unknown      STRATEGY= 1      NO ERROR MATRIX       
  EXT PARAMETER               CURRENT GUESS      PHYSICAL LIMITS       
  NO.   NAME      VALUE            ERROR       NEGATIVE      POSITIVE  
   1  t0           1.50000e+00     fixed    
   2  dm           2.00000e+01     fixed    
   3  sigma        3.44500e-01     fixed    
   4  mistag       4.20000e-01   1.00000e-01
                               ERR DEF= 0.5
 **********
 **    4 **MIGRAD        3000         0.1
 **********
 START MIGRAD MINIMIZATION.  STRATEGY 1.  CONVERGENCE WHEN EDM .LT. 1.00e-04
 FCN=6080.65 FROM MIGRAD    STATUS=INITIATE        4 CALLS           5 TOTAL
                     EDM= unknown      STRATEGY= 1      NO ERROR MATRIX       
  EXT PARAMETER               CURRENT GUESS       STEP         FIRST   
  NO.   NAME      VALUE            ERROR          SIZE      DERIVATIVE 
   1  t0           1.50000e+00     fixed    
   2  dm           2.00000e+01     fixed    
   3  sigma        3.44500e-01     fixed    
   4  mistag       4.20000e-01   1.00000e-01   1.00000e-01   4.50825e-01
                               ERR DEF= 0.5
 MIGRAD MINIMIZATION HAS CONVERGED.
 MIGRAD WILL VERIFY CONVERGENCE AND ERROR MATRIX.
 COVARIANCE MATRIX CALCULATED SUCCESSFULLY
 FCN=6080.12 FROM MIGRAD    STATUS=CONVERGED      17 CALLS          18 TOTAL
                     EDM=1.39109e-10    STRATEGY= 1      ERROR MATRIX ACCURATE 
  EXT PARAMETER                                   STEP         FIRST   
  NO.   NAME      VALUE            ERROR          SIZE      DERIVATIVE 
   1  t0           1.50000e+00     fixed    
   2  dm           2.00000e+01     fixed    
   3  sigma        3.44500e-01     fixed    
   4  mistag      -1.93384e+00   2.28800e+00   1.23201e-01   5.15491e-06
                               ERR DEF= 0.5
 EXTERNAL ERROR MATRIX.    NDIM=  25    NPAR=  1    ERR DEF=0.5
  5.235e+00 
 **********
 **    5 **CALL FCN           3
 **********
iflag  3
ct  0.14024  0.222213
Real time 1386.46
CPU time  1384.69
