000 (018.000.000) 08/10 14:26:10 Job submitted from host: <129.15.30.152:64530>
...
000 (018.001.000) 08/10 14:26:10 Job submitted from host: <129.15.30.152:64530>
...
000 (018.002.000) 08/10 14:26:10 Job submitted from host: <129.15.30.152:64530>
...
000 (018.003.000) 08/10 14:26:10 Job submitted from host: <129.15.30.152:64530>
...
000 (018.004.000) 08/10 14:26:10 Job submitted from host: <129.15.30.152:64530>
...
000 (018.005.000) 08/10 14:26:10 Job submitted from host: <129.15.30.152:64530>
...
000 (018.006.000) 08/10 14:26:10 Job submitted from host: <129.15.30.152:64530>
...
000 (018.007.000) 08/10 14:26:10 Job submitted from host: <129.15.30.152:64530>
...
000 (018.008.000) 08/10 14:26:10 Job submitted from host: <129.15.30.152:64530>
...
000 (018.009.000) 08/10 14:26:10 Job submitted from host: <129.15.30.152:64530>
...
000 (018.010.000) 08/10 14:26:10 Job submitted from host: <129.15.30.152:64530>
...
000 (018.011.000) 08/10 14:26:10 Job submitted from host: <129.15.30.152:64530>
...
000 (018.012.000) 08/10 14:26:10 Job submitted from host: <129.15.30.152:64530>
...
001 (018.000.000) 08/10 14:27:24 Job executing on host: <129.15.30.138:63852>
...
006 (018.000.000) 08/10 14:27:32 Image size of job updated: 33176
...
006 (018.000.000) 08/10 14:47:32 Image size of job updated: 33904
...
006 (018.000.000) 08/10 15:07:32 Image size of job updated: 33908
...
001 (018.005.000) 08/10 16:50:19 Job executing on host: <129.15.30.165:64641>
...
001 (018.001.000) 08/10 16:50:20 Job executing on host: <129.15.30.146:63809>
...
001 (018.002.000) 08/10 16:50:22 Job executing on host: <129.15.30.130:63223>
...
001 (018.003.000) 08/10 16:50:24 Job executing on host: <129.15.30.130:63223>
...
001 (018.004.000) 08/10 16:50:27 Job executing on host: <129.15.30.142:64636>
...
006 (018.005.000) 08/10 16:50:27 Image size of job updated: 33856
...
006 (018.001.000) 08/10 16:50:28 Image size of job updated: 33804
...
001 (018.006.000) 08/10 16:50:29 Job executing on host: <129.15.30.232:63448>
...
006 (018.002.000) 08/10 16:50:30 Image size of job updated: 21364
...
006 (018.003.000) 08/10 16:50:32 Image size of job updated: 33860
...
006 (018.004.000) 08/10 16:50:35 Image size of job updated: 33856
...
006 (018.006.000) 08/10 16:50:38 Image size of job updated: 33180
...
006 (018.005.000) 08/10 17:10:27 Image size of job updated: 33904
...
006 (018.001.000) 08/10 17:10:28 Image size of job updated: 33856
...
006 (018.002.000) 08/10 17:10:30 Image size of job updated: 33908
...
006 (018.003.000) 08/10 17:10:32 Image size of job updated: 33912
...
006 (018.004.000) 08/10 17:10:35 Image size of job updated: 33904
...
006 (018.006.000) 08/10 17:10:38 Image size of job updated: 33904
...
010 (018.001.000) 08/10 17:20:11 Job was suspended.
	Number of processes actually suspended: 1
...
011 (018.001.000) 08/10 17:21:16 Job was unsuspended.
...
010 (018.001.000) 08/10 17:24:36 Job was suspended.
	Number of processes actually suspended: 1
...
011 (018.001.000) 08/10 17:27:47 Job was unsuspended.
...
006 (018.005.000) 08/10 17:30:27 Image size of job updated: 33908
...
006 (018.004.000) 08/10 17:30:35 Image size of job updated: 33908
...
006 (018.006.000) 08/10 17:30:38 Image size of job updated: 33908
...
010 (018.001.000) 08/10 17:32:24 Job was suspended.
	Number of processes actually suspended: 1
...
011 (018.001.000) 08/10 17:34:19 Job was unsuspended.
...
010 (018.001.000) 08/10 17:37:15 Job was suspended.
	Number of processes actually suspended: 1
...
011 (018.001.000) 08/10 17:39:04 Job was unsuspended.
...
005 (018.001.000) 08/10 17:39:10 Job terminated.
	(1) Normal termination (return value 0)
		Usr 0 00:30:39, Sys 0 00:01:54  -  Run Remote Usage
		Usr 0 00:00:00, Sys 0 00:00:00  -  Run Local Usage
		Usr 0 00:30:39, Sys 0 00:01:54  -  Total Remote Usage
		Usr 0 00:00:00, Sys 0 00:00:00  -  Total Local Usage
	0  -  Run Bytes Sent By Job
	0  -  Run Bytes Received By Job
	0  -  Total Bytes Sent By Job
	0  -  Total Bytes Received By Job
...
001 (018.007.000) 08/10 17:39:12 Job executing on host: <129.15.30.146:63809>
...
006 (018.007.000) 08/10 17:39:20 Image size of job updated: 33812
...
010 (018.007.000) 08/10 17:41:54 Job was suspended.
	Number of processes actually suspended: 1
...
011 (018.007.000) 08/10 17:44:15 Job was unsuspended.
...
010 (018.007.000) 08/10 17:46:54 Job was suspended.
	Number of processes actually suspended: 1
...
006 (018.007.000) 08/10 17:46:54 Image size of job updated: 33860
...
011 (018.007.000) 08/10 17:53:50 Job was unsuspended.
...
010 (018.007.000) 08/10 17:56:26 Job was suspended.
	Number of processes actually suspended: 1
...
006 (018.007.000) 08/10 17:56:26 Image size of job updated: 33864
...
011 (018.007.000) 08/10 18:03:22 Job was unsuspended.
...
010 (018.007.000) 08/10 18:06:07 Job was suspended.
	Number of processes actually suspended: 1
...
001 (018.008.000) 08/10 18:11:46 Job executing on host: <129.15.30.178:64370>
...
006 (018.008.000) 08/10 18:11:55 Image size of job updated: 33900
...
011 (018.007.000) 08/10 18:13:24 Job was unsuspended.
...
010 (018.007.000) 08/10 18:15:40 Job was suspended.
	Number of processes actually suspended: 1
...
011 (018.007.000) 08/10 18:22:15 Job was unsuspended.
...
010 (018.007.000) 08/10 18:25:31 Job was suspended.
	Number of processes actually suspended: 1
...
011 (018.007.000) 08/10 18:27:46 Job was unsuspended.
...
010 (018.007.000) 08/10 18:30:11 Job was suspended.
	Number of processes actually suspended: 1
...
001 (018.009.000) 08/10 18:31:54 Job executing on host: <129.15.31.174:63268>
...
006 (018.008.000) 08/10 18:31:55 Image size of job updated: 33948
...
006 (018.009.000) 08/10 18:32:02 Image size of job updated: 33904
...
005 (018.000.000) 08/10 18:35:29 Job terminated.
	(1) Normal termination (return value 0)
		Usr 0 04:04:00, Sys 0 00:02:12  -  Run Remote Usage
		Usr 0 00:00:00, Sys 0 00:00:00  -  Run Local Usage
		Usr 0 04:04:00, Sys 0 00:02:12  -  Total Remote Usage
		Usr 0 00:00:00, Sys 0 00:00:00  -  Total Local Usage
	0  -  Run Bytes Sent By Job
	0  -  Run Bytes Received By Job
	0  -  Total Bytes Sent By Job
	0  -  Total Bytes Received By Job
...
001 (018.010.000) 08/10 18:35:31 Job executing on host: <129.15.30.138:63852>
...
006 (018.010.000) 08/10 18:35:39 Image size of job updated: 33856
...
005 (018.008.000) 08/10 18:36:00 Job terminated.
	(1) Normal termination (return value 0)
		Usr 0 00:22:18, Sys 0 00:00:16  -  Run Remote Usage
		Usr 0 00:00:00, Sys 0 00:00:00  -  Run Local Usage
		Usr 0 00:22:18, Sys 0 00:00:16  -  Total Remote Usage
		Usr 0 00:00:00, Sys 0 00:00:00  -  Total Local Usage
	0  -  Run Bytes Sent By Job
	0  -  Run Bytes Received By Job
	0  -  Total Bytes Sent By Job
	0  -  Total Bytes Received By Job
...
001 (018.011.000) 08/10 18:36:01 Job executing on host: <129.15.30.178:64370>
...
006 (018.011.000) 08/10 18:36:09 Image size of job updated: 33900
...
005 (018.003.000) 08/10 18:36:17 Job terminated.
	(1) Normal termination (return value 0)
		Usr 0 01:43:32, Sys 0 00:01:27  -  Run Remote Usage
		Usr 0 00:00:00, Sys 0 00:00:00  -  Run Local Usage
		Usr 0 01:43:32, Sys 0 00:01:27  -  Total Remote Usage
		Usr 0 00:00:00, Sys 0 00:00:00  -  Total Local Usage
	0  -  Run Bytes Sent By Job
	0  -  Run Bytes Received By Job
	0  -  Total Bytes Sent By Job
	0  -  Total Bytes Received By Job
...
001 (018.012.000) 08/10 18:36:19 Job executing on host: <129.15.30.130:63223>
...
006 (018.012.000) 08/10 18:36:27 Image size of job updated: 33860
...
011 (018.007.000) 08/10 18:37:22 Job was unsuspended.
...
010 (018.007.000) 08/10 18:40:03 Job was suspended.
	Number of processes actually suspended: 1
...
011 (018.007.000) 08/10 18:42:13 Job was unsuspended.
...
005 (018.002.000) 08/10 18:43:47 Job terminated.
	(1) Normal termination (return value 0)
		Usr 0 01:50:52, Sys 0 00:01:33  -  Run Remote Usage
		Usr 0 00:00:00, Sys 0 00:00:00  -  Run Local Usage
		Usr 0 01:50:52, Sys 0 00:01:33  -  Total Remote Usage
		Usr 0 00:00:00, Sys 0 00:00:00  -  Total Local Usage
	0  -  Run Bytes Sent By Job
	0  -  Run Bytes Received By Job
	0  -  Total Bytes Sent By Job
	0  -  Total Bytes Received By Job
...
010 (018.007.000) 08/10 18:44:38 Job was suspended.
	Number of processes actually suspended: 1
...
011 (018.007.000) 08/10 18:46:58 Job was unsuspended.
...
010 (018.007.000) 08/10 18:49:54 Job was suspended.
	Number of processes actually suspended: 1
...
006 (018.009.000) 08/10 18:52:02 Image size of job updated: 33952
...
005 (018.009.000) 08/10 18:54:37 Job terminated.
	(1) Normal termination (return value 0)
		Usr 0 00:22:06, Sys 0 00:00:18  -  Run Remote Usage
		Usr 0 00:00:00, Sys 0 00:00:00  -  Run Local Usage
		Usr 0 00:22:06, Sys 0 00:00:18  -  Total Remote Usage
		Usr 0 00:00:00, Sys 0 00:00:00  -  Total Local Usage
	0  -  Run Bytes Sent By Job
	0  -  Run Bytes Received By Job
	0  -  Total Bytes Sent By Job
	0  -  Total Bytes Received By Job
...
006 (018.010.000) 08/10 18:55:39 Image size of job updated: 33904
...
006 (018.011.000) 08/10 18:56:09 Image size of job updated: 33948
...
006 (018.012.000) 08/10 18:56:27 Image size of job updated: 33912
...
011 (018.007.000) 08/10 18:56:55 Job was unsuspended.
...
005 (018.011.000) 08/10 18:58:54 Job terminated.
	(1) Normal termination (return value 0)
		Usr 0 00:22:30, Sys 0 00:00:15  -  Run Remote Usage
		Usr 0 00:00:00, Sys 0 00:00:00  -  Run Local Usage
		Usr 0 00:22:30, Sys 0 00:00:15  -  Total Remote Usage
		Usr 0 00:00:00, Sys 0 00:00:00  -  Total Local Usage
	0  -  Run Bytes Sent By Job
	0  -  Run Bytes Received By Job
	0  -  Total Bytes Sent By Job
	0  -  Total Bytes Received By Job
...
010 (018.007.000) 08/10 18:59:45 Job was suspended.
	Number of processes actually suspended: 1
...
011 (018.007.000) 08/10 19:13:29 Job was unsuspended.
...
006 (018.010.000) 08/10 19:15:39 Image size of job updated: 33908
...
010 (018.007.000) 08/10 19:19:41 Job was suspended.
	Number of processes actually suspended: 1
...
011 (018.007.000) 08/10 19:24:46 Job was unsuspended.
...
005 (018.007.000) 08/10 19:41:07 Job terminated.
	(1) Normal termination (return value 0)
		Usr 0 00:33:48, Sys 0 00:02:28  -  Run Remote Usage
		Usr 0 00:00:00, Sys 0 00:00:00  -  Run Local Usage
		Usr 0 00:33:48, Sys 0 00:02:28  -  Total Remote Usage
		Usr 0 00:00:00, Sys 0 00:00:00  -  Total Local Usage
	0  -  Run Bytes Sent By Job
	0  -  Run Bytes Received By Job
	0  -  Total Bytes Sent By Job
	0  -  Total Bytes Received By Job
...
005 (018.012.000) 08/10 20:27:47 Job terminated.
	(1) Normal termination (return value 0)
		Usr 0 01:49:58, Sys 0 00:01:20  -  Run Remote Usage
		Usr 0 00:00:00, Sys 0 00:00:00  -  Run Local Usage
		Usr 0 01:49:58, Sys 0 00:01:20  -  Total Remote Usage
		Usr 0 00:00:00, Sys 0 00:00:00  -  Total Local Usage
	0  -  Run Bytes Sent By Job
	0  -  Run Bytes Received By Job
	0  -  Total Bytes Sent By Job
	0  -  Total Bytes Received By Job
...
005 (018.005.000) 08/10 21:11:11 Job terminated.
	(1) Normal termination (return value 0)
		Usr 0 04:16:00, Sys 0 00:02:24  -  Run Remote Usage
		Usr 0 00:00:00, Sys 0 00:00:00  -  Run Local Usage
		Usr 0 04:16:00, Sys 0 00:02:24  -  Total Remote Usage
		Usr 0 00:00:00, Sys 0 00:00:00  -  Total Local Usage
	0  -  Run Bytes Sent By Job
	0  -  Run Bytes Received By Job
	0  -  Total Bytes Sent By Job
	0  -  Total Bytes Received By Job
...
005 (018.004.000) 08/10 21:15:12 Job terminated.
	(1) Normal termination (return value 0)
		Usr 0 04:20:28, Sys 0 00:02:23  -  Run Remote Usage
		Usr 0 00:00:00, Sys 0 00:00:00  -  Run Local Usage
		Usr 0 04:20:28, Sys 0 00:02:23  -  Total Remote Usage
		Usr 0 00:00:00, Sys 0 00:00:00  -  Total Local Usage
	0  -  Run Bytes Sent By Job
	0  -  Run Bytes Received By Job
	0  -  Total Bytes Sent By Job
	0  -  Total Bytes Received By Job
...
005 (018.006.000) 08/10 21:29:36 Job terminated.
	(1) Normal termination (return value 0)
		Usr 0 04:34:32, Sys 0 00:02:24  -  Run Remote Usage
		Usr 0 00:00:00, Sys 0 00:00:00  -  Run Local Usage
		Usr 0 04:34:32, Sys 0 00:02:24  -  Total Remote Usage
		Usr 0 00:00:00, Sys 0 00:00:00  -  Total Local Usage
	0  -  Run Bytes Sent By Job
	0  -  Run Bytes Received By Job
	0  -  Total Bytes Sent By Job
	0  -  Total Bytes Received By Job
...
005 (018.010.000) 08/10 22:40:01 Job terminated.
	(1) Normal termination (return value 0)
		Usr 0 04:00:31, Sys 0 00:02:08  -  Run Remote Usage
		Usr 0 00:00:00, Sys 0 00:00:00  -  Run Local Usage
		Usr 0 04:00:31, Sys 0 00:02:08  -  Total Remote Usage
		Usr 0 00:00:00, Sys 0 00:00:00  -  Total Local Usage
	0  -  Run Bytes Sent By Job
	0  -  Run Bytes Received By Job
	0  -  Total Bytes Sent By Job
	0  -  Total Bytes Received By Job
...
