000 (011.000.000) 08/10 13:52:16 Job submitted from host: <129.15.30.152:64530>
...
000 (011.001.000) 08/10 13:52:16 Job submitted from host: <129.15.30.152:64530>
...
000 (011.002.000) 08/10 13:52:16 Job submitted from host: <129.15.30.152:64530>
...
000 (011.003.000) 08/10 13:52:16 Job submitted from host: <129.15.30.152:64530>
...
000 (011.004.000) 08/10 13:52:16 Job submitted from host: <129.15.30.152:64530>
...
000 (011.005.000) 08/10 13:52:16 Job submitted from host: <129.15.30.152:64530>
...
000 (011.006.000) 08/10 13:52:16 Job submitted from host: <129.15.30.152:64530>
...
000 (011.007.000) 08/10 13:52:16 Job submitted from host: <129.15.30.152:64530>
...
000 (011.008.000) 08/10 13:52:16 Job submitted from host: <129.15.30.152:64530>
...
000 (011.009.000) 08/10 13:52:16 Job submitted from host: <129.15.30.152:64530>
...
000 (011.010.000) 08/10 13:52:16 Job submitted from host: <129.15.30.152:64530>
...
000 (011.011.000) 08/10 13:52:16 Job submitted from host: <129.15.30.152:64530>
...
000 (011.012.000) 08/10 13:52:16 Job submitted from host: <129.15.30.152:64530>
...
001 (011.000.000) 08/10 13:54:49 Job executing on host: <129.15.30.152:63982>
...
005 (011.000.000) 08/10 13:54:53 Job terminated.
	(1) Normal termination (return value 0)
		Usr 0 00:00:00, Sys 0 00:00:00  -  Run Remote Usage
		Usr 0 00:00:00, Sys 0 00:00:00  -  Run Local Usage
		Usr 0 00:00:00, Sys 0 00:00:00  -  Total Remote Usage
		Usr 0 00:00:00, Sys 0 00:00:00  -  Total Local Usage
	0  -  Run Bytes Sent By Job
	0  -  Run Bytes Received By Job
	0  -  Total Bytes Sent By Job
	0  -  Total Bytes Received By Job
...
001 (011.001.000) 08/10 13:54:54 Job executing on host: <129.15.30.152:63982>
...
005 (011.001.000) 08/10 13:54:55 Job terminated.
	(1) Normal termination (return value 0)
		Usr 0 00:00:00, Sys 0 00:00:00  -  Run Remote Usage
		Usr 0 00:00:00, Sys 0 00:00:00  -  Run Local Usage
		Usr 0 00:00:00, Sys 0 00:00:00  -  Total Remote Usage
		Usr 0 00:00:00, Sys 0 00:00:00  -  Total Local Usage
	0  -  Run Bytes Sent By Job
	0  -  Run Bytes Received By Job
	0  -  Total Bytes Sent By Job
	0  -  Total Bytes Received By Job
...
001 (011.002.000) 08/10 13:54:56 Job executing on host: <129.15.30.152:63982>
...
005 (011.002.000) 08/10 13:54:57 Job terminated.
	(1) Normal termination (return value 0)
		Usr 0 00:00:00, Sys 0 00:00:00  -  Run Remote Usage
		Usr 0 00:00:00, Sys 0 00:00:00  -  Run Local Usage
		Usr 0 00:00:00, Sys 0 00:00:00  -  Total Remote Usage
		Usr 0 00:00:00, Sys 0 00:00:00  -  Total Local Usage
	0  -  Run Bytes Sent By Job
	0  -  Run Bytes Received By Job
	0  -  Total Bytes Sent By Job
	0  -  Total Bytes Received By Job
...
001 (011.003.000) 08/10 13:54:58 Job executing on host: <129.15.30.152:63982>
...
005 (011.003.000) 08/10 13:54:59 Job terminated.
	(1) Normal termination (return value 0)
		Usr 0 00:00:00, Sys 0 00:00:00  -  Run Remote Usage
		Usr 0 00:00:00, Sys 0 00:00:00  -  Run Local Usage
		Usr 0 00:00:00, Sys 0 00:00:00  -  Total Remote Usage
		Usr 0 00:00:00, Sys 0 00:00:00  -  Total Local Usage
	0  -  Run Bytes Sent By Job
	0  -  Run Bytes Received By Job
	0  -  Total Bytes Sent By Job
	0  -  Total Bytes Received By Job
...
001 (011.004.000) 08/10 13:55:00 Job executing on host: <129.15.30.152:63982>
...
005 (011.004.000) 08/10 13:55:01 Job terminated.
	(1) Normal termination (return value 0)
		Usr 0 00:00:00, Sys 0 00:00:00  -  Run Remote Usage
		Usr 0 00:00:00, Sys 0 00:00:00  -  Run Local Usage
		Usr 0 00:00:00, Sys 0 00:00:00  -  Total Remote Usage
		Usr 0 00:00:00, Sys 0 00:00:00  -  Total Local Usage
	0  -  Run Bytes Sent By Job
	0  -  Run Bytes Received By Job
	0  -  Total Bytes Sent By Job
	0  -  Total Bytes Received By Job
...
001 (011.005.000) 08/10 13:55:02 Job executing on host: <129.15.30.152:63982>
...
005 (011.005.000) 08/10 13:55:03 Job terminated.
	(1) Normal termination (return value 0)
		Usr 0 00:00:00, Sys 0 00:00:00  -  Run Remote Usage
		Usr 0 00:00:00, Sys 0 00:00:00  -  Run Local Usage
		Usr 0 00:00:00, Sys 0 00:00:00  -  Total Remote Usage
		Usr 0 00:00:00, Sys 0 00:00:00  -  Total Local Usage
	0  -  Run Bytes Sent By Job
	0  -  Run Bytes Received By Job
	0  -  Total Bytes Sent By Job
	0  -  Total Bytes Received By Job
...
001 (011.006.000) 08/10 13:55:04 Job executing on host: <129.15.30.152:63982>
...
005 (011.006.000) 08/10 13:55:05 Job terminated.
	(1) Normal termination (return value 0)
		Usr 0 00:00:00, Sys 0 00:00:00  -  Run Remote Usage
		Usr 0 00:00:00, Sys 0 00:00:00  -  Run Local Usage
		Usr 0 00:00:00, Sys 0 00:00:00  -  Total Remote Usage
		Usr 0 00:00:00, Sys 0 00:00:00  -  Total Local Usage
	0  -  Run Bytes Sent By Job
	0  -  Run Bytes Received By Job
	0  -  Total Bytes Sent By Job
	0  -  Total Bytes Received By Job
...
001 (011.007.000) 08/10 13:55:06 Job executing on host: <129.15.30.152:63982>
...
005 (011.007.000) 08/10 13:55:07 Job terminated.
	(1) Normal termination (return value 0)
		Usr 0 00:00:00, Sys 0 00:00:00  -  Run Remote Usage
		Usr 0 00:00:00, Sys 0 00:00:00  -  Run Local Usage
		Usr 0 00:00:00, Sys 0 00:00:00  -  Total Remote Usage
		Usr 0 00:00:00, Sys 0 00:00:00  -  Total Local Usage
	0  -  Run Bytes Sent By Job
	0  -  Run Bytes Received By Job
	0  -  Total Bytes Sent By Job
	0  -  Total Bytes Received By Job
...
001 (011.008.000) 08/10 13:55:08 Job executing on host: <129.15.30.152:63982>
...
005 (011.008.000) 08/10 13:55:09 Job terminated.
	(1) Normal termination (return value 0)
		Usr 0 00:00:00, Sys 0 00:00:00  -  Run Remote Usage
		Usr 0 00:00:00, Sys 0 00:00:00  -  Run Local Usage
		Usr 0 00:00:00, Sys 0 00:00:00  -  Total Remote Usage
		Usr 0 00:00:00, Sys 0 00:00:00  -  Total Local Usage
	0  -  Run Bytes Sent By Job
	0  -  Run Bytes Received By Job
	0  -  Total Bytes Sent By Job
	0  -  Total Bytes Received By Job
...
001 (011.009.000) 08/10 13:55:10 Job executing on host: <129.15.30.152:63982>
...
005 (011.009.000) 08/10 13:55:11 Job terminated.
	(1) Normal termination (return value 0)
		Usr 0 00:00:00, Sys 0 00:00:00  -  Run Remote Usage
		Usr 0 00:00:00, Sys 0 00:00:00  -  Run Local Usage
		Usr 0 00:00:00, Sys 0 00:00:00  -  Total Remote Usage
		Usr 0 00:00:00, Sys 0 00:00:00  -  Total Local Usage
	0  -  Run Bytes Sent By Job
	0  -  Run Bytes Received By Job
	0  -  Total Bytes Sent By Job
	0  -  Total Bytes Received By Job
...
001 (011.010.000) 08/10 13:55:12 Job executing on host: <129.15.30.152:63982>
...
005 (011.010.000) 08/10 13:55:13 Job terminated.
	(1) Normal termination (return value 0)
		Usr 0 00:00:00, Sys 0 00:00:00  -  Run Remote Usage
		Usr 0 00:00:00, Sys 0 00:00:00  -  Run Local Usage
		Usr 0 00:00:00, Sys 0 00:00:00  -  Total Remote Usage
		Usr 0 00:00:00, Sys 0 00:00:00  -  Total Local Usage
	0  -  Run Bytes Sent By Job
	0  -  Run Bytes Received By Job
	0  -  Total Bytes Sent By Job
	0  -  Total Bytes Received By Job
...
001 (011.011.000) 08/10 13:55:14 Job executing on host: <129.15.30.152:63982>
...
005 (011.011.000) 08/10 13:55:15 Job terminated.
	(1) Normal termination (return value 0)
		Usr 0 00:00:00, Sys 0 00:00:00  -  Run Remote Usage
		Usr 0 00:00:00, Sys 0 00:00:00  -  Run Local Usage
		Usr 0 00:00:00, Sys 0 00:00:00  -  Total Remote Usage
		Usr 0 00:00:00, Sys 0 00:00:00  -  Total Local Usage
	0  -  Run Bytes Sent By Job
	0  -  Run Bytes Received By Job
	0  -  Total Bytes Sent By Job
	0  -  Total Bytes Received By Job
...
001 (011.012.000) 08/10 13:55:16 Job executing on host: <129.15.30.152:63982>
...
005 (011.012.000) 08/10 13:55:17 Job terminated.
	(1) Normal termination (return value 0)
		Usr 0 00:00:00, Sys 0 00:00:00  -  Run Remote Usage
		Usr 0 00:00:00, Sys 0 00:00:00  -  Run Local Usage
		Usr 0 00:00:00, Sys 0 00:00:00  -  Total Remote Usage
		Usr 0 00:00:00, Sys 0 00:00:00  -  Total Local Usage
	0  -  Run Bytes Sent By Job
	0  -  Run Bytes Received By Job
	0  -  Total Bytes Sent By Job
	0  -  Total Bytes Received By Job
...
