000 (010.000.000) 08/10 13:43:42 Job submitted from host: <129.15.30.152:64530>
...
000 (010.001.000) 08/10 13:43:42 Job submitted from host: <129.15.30.152:64530>
...
000 (010.002.000) 08/10 13:43:42 Job submitted from host: <129.15.30.152:64530>
...
000 (010.003.000) 08/10 13:43:42 Job submitted from host: <129.15.30.152:64530>
...
000 (010.004.000) 08/10 13:43:42 Job submitted from host: <129.15.30.152:64530>
...
000 (010.005.000) 08/10 13:43:42 Job submitted from host: <129.15.30.152:64530>
...
000 (010.006.000) 08/10 13:43:42 Job submitted from host: <129.15.30.152:64530>
...
000 (010.007.000) 08/10 13:43:42 Job submitted from host: <129.15.30.152:64530>
...
000 (010.008.000) 08/10 13:43:42 Job submitted from host: <129.15.30.152:64530>
...
000 (010.009.000) 08/10 13:43:42 Job submitted from host: <129.15.30.152:64530>
...
000 (010.010.000) 08/10 13:43:42 Job submitted from host: <129.15.30.152:64530>
...
000 (010.011.000) 08/10 13:43:42 Job submitted from host: <129.15.30.152:64530>
...
000 (010.012.000) 08/10 13:43:42 Job submitted from host: <129.15.30.152:64530>
...
001 (010.000.000) 08/10 13:48:47 Job executing on host: <129.15.30.132:63337>
...
005 (010.000.000) 08/10 13:48:53 Job terminated.
	(1) Normal termination (return value 0)
		Usr 0 00:00:00, Sys 0 00:00:00  -  Run Remote Usage
		Usr 0 00:00:00, Sys 0 00:00:00  -  Run Local Usage
		Usr 0 00:00:00, Sys 0 00:00:00  -  Total Remote Usage
		Usr 0 00:00:00, Sys 0 00:00:00  -  Total Local Usage
	0  -  Run Bytes Sent By Job
	0  -  Run Bytes Received By Job
	0  -  Total Bytes Sent By Job
	0  -  Total Bytes Received By Job
...
001 (010.001.000) 08/10 13:48:54 Job executing on host: <129.15.30.132:63337>
...
005 (010.001.000) 08/10 13:48:55 Job terminated.
	(1) Normal termination (return value 0)
		Usr 0 00:00:00, Sys 0 00:00:00  -  Run Remote Usage
		Usr 0 00:00:00, Sys 0 00:00:00  -  Run Local Usage
		Usr 0 00:00:00, Sys 0 00:00:00  -  Total Remote Usage
		Usr 0 00:00:00, Sys 0 00:00:00  -  Total Local Usage
	0  -  Run Bytes Sent By Job
	0  -  Run Bytes Received By Job
	0  -  Total Bytes Sent By Job
	0  -  Total Bytes Received By Job
...
001 (010.002.000) 08/10 13:48:56 Job executing on host: <129.15.30.132:63337>
...
005 (010.002.000) 08/10 13:48:57 Job terminated.
	(1) Normal termination (return value 0)
		Usr 0 00:00:00, Sys 0 00:00:00  -  Run Remote Usage
		Usr 0 00:00:00, Sys 0 00:00:00  -  Run Local Usage
		Usr 0 00:00:00, Sys 0 00:00:00  -  Total Remote Usage
		Usr 0 00:00:00, Sys 0 00:00:00  -  Total Local Usage
	0  -  Run Bytes Sent By Job
	0  -  Run Bytes Received By Job
	0  -  Total Bytes Sent By Job
	0  -  Total Bytes Received By Job
...
001 (010.003.000) 08/10 13:48:58 Job executing on host: <129.15.30.132:63337>
...
005 (010.003.000) 08/10 13:48:59 Job terminated.
	(1) Normal termination (return value 0)
		Usr 0 00:00:00, Sys 0 00:00:00  -  Run Remote Usage
		Usr 0 00:00:00, Sys 0 00:00:00  -  Run Local Usage
		Usr 0 00:00:00, Sys 0 00:00:00  -  Total Remote Usage
		Usr 0 00:00:00, Sys 0 00:00:00  -  Total Local Usage
	0  -  Run Bytes Sent By Job
	0  -  Run Bytes Received By Job
	0  -  Total Bytes Sent By Job
	0  -  Total Bytes Received By Job
...
001 (010.004.000) 08/10 13:49:01 Job executing on host: <129.15.30.132:63337>
...
005 (010.004.000) 08/10 13:49:01 Job terminated.
	(1) Normal termination (return value 0)
		Usr 0 00:00:00, Sys 0 00:00:00  -  Run Remote Usage
		Usr 0 00:00:00, Sys 0 00:00:00  -  Run Local Usage
		Usr 0 00:00:00, Sys 0 00:00:00  -  Total Remote Usage
		Usr 0 00:00:00, Sys 0 00:00:00  -  Total Local Usage
	0  -  Run Bytes Sent By Job
	0  -  Run Bytes Received By Job
	0  -  Total Bytes Sent By Job
	0  -  Total Bytes Received By Job
...
001 (010.005.000) 08/10 13:49:03 Job executing on host: <129.15.30.132:63337>
...
005 (010.005.000) 08/10 13:49:03 Job terminated.
	(1) Normal termination (return value 0)
		Usr 0 00:00:00, Sys 0 00:00:00  -  Run Remote Usage
		Usr 0 00:00:00, Sys 0 00:00:00  -  Run Local Usage
		Usr 0 00:00:00, Sys 0 00:00:00  -  Total Remote Usage
		Usr 0 00:00:00, Sys 0 00:00:00  -  Total Local Usage
	0  -  Run Bytes Sent By Job
	0  -  Run Bytes Received By Job
	0  -  Total Bytes Sent By Job
	0  -  Total Bytes Received By Job
...
001 (010.006.000) 08/10 13:49:05 Job executing on host: <129.15.30.132:63337>
...
005 (010.006.000) 08/10 13:49:06 Job terminated.
	(1) Normal termination (return value 0)
		Usr 0 00:00:00, Sys 0 00:00:00  -  Run Remote Usage
		Usr 0 00:00:00, Sys 0 00:00:00  -  Run Local Usage
		Usr 0 00:00:00, Sys 0 00:00:00  -  Total Remote Usage
		Usr 0 00:00:00, Sys 0 00:00:00  -  Total Local Usage
	0  -  Run Bytes Sent By Job
	0  -  Run Bytes Received By Job
	0  -  Total Bytes Sent By Job
	0  -  Total Bytes Received By Job
...
001 (010.007.000) 08/10 13:49:07 Job executing on host: <129.15.30.132:63337>
...
005 (010.007.000) 08/10 13:49:08 Job terminated.
	(1) Normal termination (return value 0)
		Usr 0 00:00:00, Sys 0 00:00:00  -  Run Remote Usage
		Usr 0 00:00:00, Sys 0 00:00:00  -  Run Local Usage
		Usr 0 00:00:00, Sys 0 00:00:00  -  Total Remote Usage
		Usr 0 00:00:00, Sys 0 00:00:00  -  Total Local Usage
	0  -  Run Bytes Sent By Job
	0  -  Run Bytes Received By Job
	0  -  Total Bytes Sent By Job
	0  -  Total Bytes Received By Job
...
001 (010.008.000) 08/10 13:49:09 Job executing on host: <129.15.30.132:63337>
...
005 (010.008.000) 08/10 13:49:10 Job terminated.
	(1) Normal termination (return value 0)
		Usr 0 00:00:00, Sys 0 00:00:00  -  Run Remote Usage
		Usr 0 00:00:00, Sys 0 00:00:00  -  Run Local Usage
		Usr 0 00:00:00, Sys 0 00:00:00  -  Total Remote Usage
		Usr 0 00:00:00, Sys 0 00:00:00  -  Total Local Usage
	0  -  Run Bytes Sent By Job
	0  -  Run Bytes Received By Job
	0  -  Total Bytes Sent By Job
	0  -  Total Bytes Received By Job
...
001 (010.009.000) 08/10 13:49:11 Job executing on host: <129.15.30.132:63337>
...
005 (010.009.000) 08/10 13:49:12 Job terminated.
	(1) Normal termination (return value 0)
		Usr 0 00:00:00, Sys 0 00:00:00  -  Run Remote Usage
		Usr 0 00:00:00, Sys 0 00:00:00  -  Run Local Usage
		Usr 0 00:00:00, Sys 0 00:00:00  -  Total Remote Usage
		Usr 0 00:00:00, Sys 0 00:00:00  -  Total Local Usage
	0  -  Run Bytes Sent By Job
	0  -  Run Bytes Received By Job
	0  -  Total Bytes Sent By Job
	0  -  Total Bytes Received By Job
...
001 (010.010.000) 08/10 13:49:14 Job executing on host: <129.15.30.132:63337>
...
005 (010.010.000) 08/10 13:49:14 Job terminated.
	(1) Normal termination (return value 0)
		Usr 0 00:00:00, Sys 0 00:00:00  -  Run Remote Usage
		Usr 0 00:00:00, Sys 0 00:00:00  -  Run Local Usage
		Usr 0 00:00:00, Sys 0 00:00:00  -  Total Remote Usage
		Usr 0 00:00:00, Sys 0 00:00:00  -  Total Local Usage
	0  -  Run Bytes Sent By Job
	0  -  Run Bytes Received By Job
	0  -  Total Bytes Sent By Job
	0  -  Total Bytes Received By Job
...
001 (010.011.000) 08/10 13:49:16 Job executing on host: <129.15.30.132:63337>
...
005 (010.011.000) 08/10 13:49:16 Job terminated.
	(1) Normal termination (return value 0)
		Usr 0 00:00:00, Sys 0 00:00:00  -  Run Remote Usage
		Usr 0 00:00:00, Sys 0 00:00:00  -  Run Local Usage
		Usr 0 00:00:00, Sys 0 00:00:00  -  Total Remote Usage
		Usr 0 00:00:00, Sys 0 00:00:00  -  Total Local Usage
	0  -  Run Bytes Sent By Job
	0  -  Run Bytes Received By Job
	0  -  Total Bytes Sent By Job
	0  -  Total Bytes Received By Job
...
001 (010.012.000) 08/10 13:49:18 Job executing on host: <129.15.30.132:63337>
...
005 (010.012.000) 08/10 13:49:18 Job terminated.
	(1) Normal termination (return value 0)
		Usr 0 00:00:00, Sys 0 00:00:00  -  Run Remote Usage
		Usr 0 00:00:00, Sys 0 00:00:00  -  Run Local Usage
		Usr 0 00:00:00, Sys 0 00:00:00  -  Total Remote Usage
		Usr 0 00:00:00, Sys 0 00:00:00  -  Total Local Usage
	0  -  Run Bytes Sent By Job
	0  -  Run Bytes Received By Job
	0  -  Total Bytes Sent By Job
	0  -  Total Bytes Received By Job
...
