  *******************************************
  *                                         *
  *        W E L C O M E  to  R O O T       *
  *                                         *
  *   Version   3.05/07     22 April 2004   *
  *                                         *
  *  You are welcome to visit our Web site  *
  *          http://root.cern.ch            *
  *                                         *
  *******************************************

Compiled for linux with thread support.

CINT/ROOT C/C++ Interpreter version 5.15.94, June 30 2003
Type ? for help. Commands must be C++ statements.
Enclose multiple statements between { }.

[1mRooFit -- Version 1.04, developed by Wouter Verkerke and David Kirkby[0m 
          Copyright (C) 2000-2004 University of California & Stanford University
          All rights reserved, please read http://roofit.sourceforge.net/license.txt


Processing lhdil0160c.C...
============== dm fixed at 1 ====================
Number of events  4000
for event #50: rTime = 4.88191, isMixed = 1.99203
 **********
 **    1 **SET ERR         0.5
 **********
 PARAMETER DEFINITIONS:
    NO.   NAME         VALUE      STEP SIZE      LIMITS
     1 t0           1.50000e+00  1.00000e-01     no limits
     2 dm           1.00000e+00  1.00000e-02     no limits
     3 sigma        1.00000e-01  1.00000e-02     no limits
     4 mistag       4.04000e-01  1.00000e-01     no limits
 **********
 **    2 **FIX           1           2           3
 **********
 **********
 **    3 **CALL FCN           1
 **********
iflag  1
 FCN=5869.16 FROM CALl fcn    STATUS=RESET           1 CALLS           1 TOTAL
                     EDM= unknown      STRATEGY= 1      NO ERROR MATRIX       
  EXT PARAMETER               CURRENT GUESS      PHYSICAL LIMITS       
  NO.   NAME      VALUE            ERROR       NEGATIVE      POSITIVE  
   1  t0           1.50000e+00     fixed    
   2  dm           1.00000e+00     fixed    
   3  sigma        1.00000e-01     fixed    
   4  mistag       4.04000e-01   1.00000e-01
                               ERR DEF= 0.5
 **********
 **    4 **MIGRAD        3000         0.1
 **********
 START MIGRAD MINIMIZATION.  STRATEGY 1.  CONVERGENCE WHEN EDM .LT. 1.00e-04
 FCN=5869.16 FROM MIGRAD    STATUS=INITIATE        4 CALLS           5 TOTAL
                     EDM= unknown      STRATEGY= 1      NO ERROR MATRIX       
  EXT PARAMETER               CURRENT GUESS       STEP         FIRST   
  NO.   NAME      VALUE            ERROR          SIZE      DERIVATIVE 
   1  t0           1.50000e+00     fixed    
   2  dm           1.00000e+00     fixed    
   3  sigma        1.00000e-01     fixed    
   4  mistag       4.04000e-01   1.00000e-01   1.00000e-01  -7.45189e+02
                               ERR DEF= 0.5
 MIGRAD MINIMIZATION HAS CONVERGED.
 MIGRAD WILL VERIFY CONVERGENCE AND ERROR MATRIX.
 COVARIANCE MATRIX CALCULATED SUCCESSFULLY
 FCN=5839.44 FROM MIGRAD    STATUS=CONVERGED      20 CALLS          21 TOTAL
                     EDM=1.12375e-11    STRATEGY= 1      ERROR MATRIX ACCURATE 
  EXT PARAMETER                                   STEP         FIRST   
  NO.   NAME      VALUE            ERROR          SIZE      DERIVATIVE 
   1  t0           1.50000e+00     fixed    
   2  dm           1.00000e+00     fixed    
   3  sigma        1.00000e-01     fixed    
   4  mistag       4.84818e-01   1.05629e-02   5.57402e-04  -3.17360e-04
                               ERR DEF= 0.5
 EXTERNAL ERROR MATRIX.    NDIM=  25    NPAR=  1    ERR DEF=0.5
  1.116e-04 
 **********
 **    5 **CALL FCN           3
 **********
iflag  3
ct  0.14024  0.222213
============== dm fixed at 2 ====================
Number of events  4000
for event #50: rTime = 7.24594, isMixed = 1.14684
 **********
 **    1 **SET ERR         0.5
 **********
 PARAMETER DEFINITIONS:
    NO.   NAME         VALUE      STEP SIZE      LIMITS
     1 t0           1.50000e+00  1.00000e-01     no limits
     2 dm           2.00000e+00  1.00000e-02     no limits
     3 sigma        1.00000e-01  1.00000e-02     no limits
     4 mistag       4.04000e-01  1.00000e-01     no limits
 **********
 **    2 **FIX           1           2           3
 **********
 **********
 **    3 **CALL FCN           1
 **********
iflag  1
 FCN=5924.29 FROM CALl fcn    STATUS=RESET           1 CALLS           1 TOTAL
                     EDM= unknown      STRATEGY= 1      NO ERROR MATRIX       
  EXT PARAMETER               CURRENT GUESS      PHYSICAL LIMITS       
  NO.   NAME      VALUE            ERROR       NEGATIVE      POSITIVE  
   1  t0           1.50000e+00     fixed    
   2  dm           2.00000e+00     fixed    
   3  sigma        1.00000e-01     fixed    
   4  mistag       4.04000e-01   1.00000e-01
                               ERR DEF= 0.5
 **********
 **    4 **MIGRAD        3000         0.1
 **********
 START MIGRAD MINIMIZATION.  STRATEGY 1.  CONVERGENCE WHEN EDM .LT. 1.00e-04
 FCN=5924.29 FROM MIGRAD    STATUS=INITIATE        4 CALLS           5 TOTAL
                     EDM= unknown      STRATEGY= 1      NO ERROR MATRIX       
  EXT PARAMETER               CURRENT GUESS       STEP         FIRST   
  NO.   NAME      VALUE            ERROR          SIZE      DERIVATIVE 
   1  t0           1.50000e+00     fixed    
   2  dm           2.00000e+00     fixed    
   3  sigma        1.00000e-01     fixed    
   4  mistag       4.04000e-01   1.00000e-01   1.00000e-01  -8.15698e+02
                               ERR DEF= 0.5
 MIGRAD MINIMIZATION HAS CONVERGED.
 MIGRAD WILL VERIFY CONVERGENCE AND ERROR MATRIX.
 COVARIANCE MATRIX CALCULATED SUCCESSFULLY
 FCN=5883.77 FROM MIGRAD    STATUS=CONVERGED      20 CALLS          21 TOTAL
                     EDM=7.49992e-14    STRATEGY= 1      ERROR MATRIX ACCURATE 
  EXT PARAMETER                                   STEP         FIRST   
  NO.   NAME      VALUE            ERROR          SIZE      DERIVATIVE 
   1  t0           1.50000e+00     fixed    
   2  dm           2.00000e+00     fixed    
   3  sigma        1.00000e-01     fixed    
   4  mistag       5.04800e-01   1.12762e-02   5.97302e-04  -2.42866e-05
                               ERR DEF= 0.5
 EXTERNAL ERROR MATRIX.    NDIM=  25    NPAR=  1    ERR DEF=0.5
  1.272e-04 
 **********
 **    5 **CALL FCN           3
 **********
iflag  3
ct  0.14024  0.222213
============== dm fixed at 3 ====================
Number of events  4000
for event #50: rTime = 2.01071, isMixed = 1.99606
 **********
 **    1 **SET ERR         0.5
 **********
 PARAMETER DEFINITIONS:
    NO.   NAME         VALUE      STEP SIZE      LIMITS
     1 t0           1.50000e+00  1.00000e-01     no limits
     2 dm           3.00000e+00  1.00000e-02     no limits
     3 sigma        1.00000e-01  1.00000e-02     no limits
     4 mistag       4.04000e-01  1.00000e-01     no limits
 **********
 **    2 **FIX           1           2           3
 **********
 **********
 **    3 **CALL FCN           1
 **********
iflag  1
 FCN=5923.23 FROM CALl fcn    STATUS=RESET           1 CALLS           1 TOTAL
                     EDM= unknown      STRATEGY= 1      NO ERROR MATRIX       
  EXT PARAMETER               CURRENT GUESS      PHYSICAL LIMITS       
  NO.   NAME      VALUE            ERROR       NEGATIVE      POSITIVE  
   1  t0           1.50000e+00     fixed    
   2  dm           3.00000e+00     fixed    
   3  sigma        1.00000e-01     fixed    
   4  mistag       4.04000e-01   1.00000e-01
                               ERR DEF= 0.5
 **********
 **    4 **MIGRAD        3000         0.1
 **********
 START MIGRAD MINIMIZATION.  STRATEGY 1.  CONVERGENCE WHEN EDM .LT. 1.00e-04
 FCN=5923.23 FROM MIGRAD    STATUS=INITIATE        4 CALLS           5 TOTAL
                     EDM= unknown      STRATEGY= 1      NO ERROR MATRIX       
  EXT PARAMETER               CURRENT GUESS       STEP         FIRST   
  NO.   NAME      VALUE            ERROR          SIZE      DERIVATIVE 
   1  t0           1.50000e+00     fixed    
   2  dm           3.00000e+00     fixed    
   3  sigma        1.00000e-01     fixed    
   4  mistag       4.04000e-01   1.00000e-01   1.00000e-01  -7.38144e+02
                               ERR DEF= 0.5
 MIGRAD MINIMIZATION HAS CONVERGED.
 MIGRAD WILL VERIFY CONVERGENCE AND ERROR MATRIX.
 COVARIANCE MATRIX CALCULATED SUCCESSFULLY
 FCN=5888.28 FROM MIGRAD    STATUS=CONVERGED      18 CALLS          19 TOTAL
                     EDM=5.73945e-13    STRATEGY= 1      ERROR MATRIX ACCURATE 
  EXT PARAMETER                                   STEP         FIRST   
  NO.   NAME      VALUE            ERROR          SIZE      DERIVATIVE 
   1  t0           1.50000e+00     fixed    
   2  dm           3.00000e+00     fixed    
   3  sigma        1.00000e-01     fixed    
   4  mistag       4.99953e-01   1.15504e-02   6.12059e-04  -6.55902e-05
                               ERR DEF= 0.5
 EXTERNAL ERROR MATRIX.    NDIM=  25    NPAR=  1    ERR DEF=0.5
  1.334e-04 
 **********
 **    5 **CALL FCN           3
 **********
iflag  3
ct  0.14024  0.222213
============== dm fixed at 4 ====================
Number of events  4000
for event #50: rTime = 0.340561, isMixed = 1.29699
 **********
 **    1 **SET ERR         0.5
 **********
 PARAMETER DEFINITIONS:
    NO.   NAME         VALUE      STEP SIZE      LIMITS
     1 t0           1.50000e+00  1.00000e-01     no limits
     2 dm           4.00000e+00  1.00000e-02     no limits
     3 sigma        1.00000e-01  1.00000e-02     no limits
     4 mistag       4.04000e-01  1.00000e-01     no limits
 **********
 **    2 **FIX           1           2           3
 **********
 **********
 **    3 **CALL FCN           1
 **********
iflag  1
 FCN=5789.88 FROM CALl fcn    STATUS=RESET           1 CALLS           1 TOTAL
                     EDM= unknown      STRATEGY= 1      NO ERROR MATRIX       
  EXT PARAMETER               CURRENT GUESS      PHYSICAL LIMITS       
  NO.   NAME      VALUE            ERROR       NEGATIVE      POSITIVE  
   1  t0           1.50000e+00     fixed    
   2  dm           4.00000e+00     fixed    
   3  sigma        1.00000e-01     fixed    
   4  mistag       4.04000e-01   1.00000e-01
                               ERR DEF= 0.5
 **********
 **    4 **MIGRAD        3000         0.1
 **********
 START MIGRAD MINIMIZATION.  STRATEGY 1.  CONVERGENCE WHEN EDM .LT. 1.00e-04
 FCN=5789.88 FROM MIGRAD    STATUS=INITIATE        4 CALLS           5 TOTAL
                     EDM= unknown      STRATEGY= 1      NO ERROR MATRIX       
  EXT PARAMETER               CURRENT GUESS       STEP         FIRST   
  NO.   NAME      VALUE            ERROR          SIZE      DERIVATIVE 
   1  t0           1.50000e+00     fixed    
   2  dm           4.00000e+00     fixed    
   3  sigma        1.00000e-01     fixed    
   4  mistag       4.04000e-01   1.00000e-01   1.00000e-01  -5.96654e+02
                               ERR DEF= 0.5
 MIGRAD MINIMIZATION HAS CONVERGED.
 MIGRAD WILL VERIFY CONVERGENCE AND ERROR MATRIX.
 COVARIANCE MATRIX CALCULATED SUCCESSFULLY
 FCN=5764.34 FROM MIGRAD    STATUS=CONVERGED      20 CALLS          21 TOTAL
                     EDM=1.70396e-12    STRATEGY= 1      ERROR MATRIX ACCURATE 
  EXT PARAMETER                                   STEP         FIRST   
  NO.   NAME      VALUE            ERROR          SIZE      DERIVATIVE 
   1  t0           1.50000e+00     fixed    
   2  dm           4.00000e+00     fixed    
   3  sigma        1.00000e-01     fixed    
   4  mistag       4.90580e-01   1.21960e-02   6.39429e-04  -1.07032e-04
                               ERR DEF= 0.5
 EXTERNAL ERROR MATRIX.    NDIM=  25    NPAR=  1    ERR DEF=0.5
  1.487e-04 
 **********
 **    5 **CALL FCN           3
 **********
iflag  3
ct  0.14024  0.222213
============== dm fixed at 5 ====================
Number of events  4000
for event #50: rTime = 1.08371, isMixed = 0.00979693
 **********
 **    1 **SET ERR         0.5
 **********
 PARAMETER DEFINITIONS:
    NO.   NAME         VALUE      STEP SIZE      LIMITS
     1 t0           1.50000e+00  1.00000e-01     no limits
     2 dm           5.00000e+00  1.00000e-02     no limits
     3 sigma        1.00000e-01  1.00000e-02     no limits
     4 mistag       4.04000e-01  1.00000e-01     no limits
 **********
 **    2 **FIX           1           2           3
 **********
 **********
 **    3 **CALL FCN           1
 **********
iflag  1
 FCN=5908.99 FROM CALl fcn    STATUS=RESET           1 CALLS           1 TOTAL
                     EDM= unknown      STRATEGY= 1      NO ERROR MATRIX       
  EXT PARAMETER               CURRENT GUESS      PHYSICAL LIMITS       
  NO.   NAME      VALUE            ERROR       NEGATIVE      POSITIVE  
   1  t0           1.50000e+00     fixed    
   2  dm           5.00000e+00     fixed    
   3  sigma        1.00000e-01     fixed    
   4  mistag       4.04000e-01   1.00000e-01
                               ERR DEF= 0.5
 **********
 **    4 **MIGRAD        3000         0.1
 **********
 START MIGRAD MINIMIZATION.  STRATEGY 1.  CONVERGENCE WHEN EDM .LT. 1.00e-04
 FCN=5908.99 FROM MIGRAD    STATUS=INITIATE        4 CALLS           5 TOTAL
                     EDM= unknown      STRATEGY= 1      NO ERROR MATRIX       
  EXT PARAMETER               CURRENT GUESS       STEP         FIRST   
  NO.   NAME      VALUE            ERROR          SIZE      DERIVATIVE 
   1  t0           1.50000e+00     fixed    
   2  dm           5.00000e+00     fixed    
   3  sigma        1.00000e-01     fixed    
   4  mistag       4.04000e-01   1.00000e-01   1.00000e-01  -5.58041e+02
                               ERR DEF= 0.5
 MIGRAD MINIMIZATION HAS CONVERGED.
 MIGRAD WILL VERIFY CONVERGENCE AND ERROR MATRIX.
 COVARIANCE MATRIX CALCULATED SUCCESSFULLY
 FCN=5885.49 FROM MIGRAD    STATUS=CONVERGED      20 CALLS          21 TOTAL
                     EDM=3.41703e-13    STRATEGY= 1      ERROR MATRIX ACCURATE 
  EXT PARAMETER                                   STEP         FIRST   
  NO.   NAME      VALUE            ERROR          SIZE      DERIVATIVE 
   1  t0           1.50000e+00     fixed    
   2  dm           5.00000e+00     fixed    
   3  sigma        1.00000e-01     fixed    
   4  mistag       4.89089e-01   1.24859e-02   6.61473e-04  -4.68172e-05
                               ERR DEF= 0.5
 EXTERNAL ERROR MATRIX.    NDIM=  25    NPAR=  1    ERR DEF=0.5
  1.559e-04 
 **********
 **    5 **CALL FCN           3
 **********
iflag  3
ct  0.14024  0.222213
============== dm fixed at 6 ====================
Number of events  4000
for event #50: rTime = 3.88985, isMixed = 1.85041
 **********
 **    1 **SET ERR         0.5
 **********
 PARAMETER DEFINITIONS:
    NO.   NAME         VALUE      STEP SIZE      LIMITS
     1 t0           1.50000e+00  1.00000e-01     no limits
     2 dm           6.00000e+00  1.00000e-02     no limits
     3 sigma        1.00000e-01  1.00000e-02     no limits
     4 mistag       4.04000e-01  1.00000e-01     no limits
 **********
 **    2 **FIX           1           2           3
 **********
 **********
 **    3 **CALL FCN           1
 **********
iflag  1
 FCN=5891.15 FROM CALl fcn    STATUS=RESET           1 CALLS           1 TOTAL
                     EDM= unknown      STRATEGY= 1      NO ERROR MATRIX       
  EXT PARAMETER               CURRENT GUESS      PHYSICAL LIMITS       
  NO.   NAME      VALUE            ERROR       NEGATIVE      POSITIVE  
   1  t0           1.50000e+00     fixed    
   2  dm           6.00000e+00     fixed    
   3  sigma        1.00000e-01     fixed    
   4  mistag       4.04000e-01   1.00000e-01
                               ERR DEF= 0.5
 **********
 **    4 **MIGRAD        3000         0.1
 **********
 START MIGRAD MINIMIZATION.  STRATEGY 1.  CONVERGENCE WHEN EDM .LT. 1.00e-04
 FCN=5891.15 FROM MIGRAD    STATUS=INITIATE        4 CALLS           5 TOTAL
                     EDM= unknown      STRATEGY= 1      NO ERROR MATRIX       
  EXT PARAMETER               CURRENT GUESS       STEP         FIRST   
  NO.   NAME      VALUE            ERROR          SIZE      DERIVATIVE 
   1  t0           1.50000e+00     fixed    
   2  dm           6.00000e+00     fixed    
   3  sigma        1.00000e-01     fixed    
   4  mistag       4.04000e-01   1.00000e-01   1.00000e-01  -3.60470e+02
                               ERR DEF= 0.5
 MIGRAD MINIMIZATION HAS CONVERGED.
 MIGRAD WILL VERIFY CONVERGENCE AND ERROR MATRIX.
 COVARIANCE MATRIX CALCULATED SUCCESSFULLY
 FCN=5880.04 FROM MIGRAD    STATUS=CONVERGED      15 CALLS          16 TOTAL
                     EDM=5.0028e-06    STRATEGY= 1      ERROR MATRIX ACCURATE 
  EXT PARAMETER                                   STEP         FIRST   
  NO.   NAME      VALUE            ERROR          SIZE      DERIVATIVE 
   1  t0           1.50000e+00     fixed    
   2  dm           6.00000e+00     fixed    
   3  sigma        1.00000e-01     fixed    
   4  mistag       4.66070e-01   1.32452e-02   7.01196e-04  -1.68869e-01
                               ERR DEF= 0.5
 EXTERNAL ERROR MATRIX.    NDIM=  25    NPAR=  1    ERR DEF=0.5
  1.754e-04 
 **********
 **    5 **CALL FCN           3
 **********
iflag  3
ct  0.14024  0.222213
============== dm fixed at 7 ====================
Number of events  4000
for event #50: rTime = 2.51784, isMixed = 0.855121
 **********
 **    1 **SET ERR         0.5
 **********
 PARAMETER DEFINITIONS:
    NO.   NAME         VALUE      STEP SIZE      LIMITS
     1 t0           1.50000e+00  1.00000e-01     no limits
     2 dm           7.00000e+00  1.00000e-02     no limits
     3 sigma        1.00000e-01  1.00000e-02     no limits
     4 mistag       4.04000e-01  1.00000e-01     no limits
 **********
 **    2 **FIX           1           2           3
 **********
 **********
 **    3 **CALL FCN           1
 **********
iflag  1
 FCN=5968.15 FROM CALl fcn    STATUS=RESET           1 CALLS           1 TOTAL
                     EDM= unknown      STRATEGY= 1      NO ERROR MATRIX       
  EXT PARAMETER               CURRENT GUESS      PHYSICAL LIMITS       
  NO.   NAME      VALUE            ERROR       NEGATIVE      POSITIVE  
   1  t0           1.50000e+00     fixed    
   2  dm           7.00000e+00     fixed    
   3  sigma        1.00000e-01     fixed    
   4  mistag       4.04000e-01   1.00000e-01
                               ERR DEF= 0.5
 **********
 **    4 **MIGRAD        3000         0.1
 **********
 START MIGRAD MINIMIZATION.  STRATEGY 1.  CONVERGENCE WHEN EDM .LT. 1.00e-04
 FCN=5968.15 FROM MIGRAD    STATUS=INITIATE        4 CALLS           5 TOTAL
                     EDM= unknown      STRATEGY= 1      NO ERROR MATRIX       
  EXT PARAMETER               CURRENT GUESS       STEP         FIRST   
  NO.   NAME      VALUE            ERROR          SIZE      DERIVATIVE 
   1  t0           1.50000e+00     fixed    
   2  dm           7.00000e+00     fixed    
   3  sigma        1.00000e-01     fixed    
   4  mistag       4.04000e-01   1.00000e-01   1.00000e-01  -5.50804e+02
                               ERR DEF= 0.5
 MIGRAD MINIMIZATION HAS CONVERGED.
 MIGRAD WILL VERIFY CONVERGENCE AND ERROR MATRIX.
 COVARIANCE MATRIX CALCULATED SUCCESSFULLY
 FCN=5938.62 FROM MIGRAD    STATUS=CONVERGED      20 CALLS          21 TOTAL
                     EDM=5.02198e-14    STRATEGY= 1      ERROR MATRIX ACCURATE 
  EXT PARAMETER                                   STEP         FIRST   
  NO.   NAME      VALUE            ERROR          SIZE      DERIVATIVE 
   1  t0           1.50000e+00     fixed    
   2  dm           7.00000e+00     fixed    
   3  sigma        1.00000e-01     fixed    
   4  mistag       5.12198e-01   1.41283e-02   7.51861e-04   1.58616e-05
                               ERR DEF= 0.5
 EXTERNAL ERROR MATRIX.    NDIM=  25    NPAR=  1    ERR DEF=0.5
  1.996e-04 
 **********
 **    5 **CALL FCN           3
 **********
iflag  3
ct  0.14024  0.222213
============== dm fixed at 8 ====================
Number of events  4000
for event #50: rTime = 1.71755, isMixed = 0.38032
 **********
 **    1 **SET ERR         0.5
 **********
 PARAMETER DEFINITIONS:
    NO.   NAME         VALUE      STEP SIZE      LIMITS
     1 t0           1.50000e+00  1.00000e-01     no limits
     2 dm           8.00000e+00  1.00000e-02     no limits
     3 sigma        1.00000e-01  1.00000e-02     no limits
     4 mistag       4.04000e-01  1.00000e-01     no limits
 **********
 **    2 **FIX           1           2           3
 **********
 **********
 **    3 **CALL FCN           1
 **********
iflag  1
 FCN=5832.07 FROM CALl fcn    STATUS=RESET           1 CALLS           1 TOTAL
                     EDM= unknown      STRATEGY= 1      NO ERROR MATRIX       
  EXT PARAMETER               CURRENT GUESS      PHYSICAL LIMITS       
  NO.   NAME      VALUE            ERROR       NEGATIVE      POSITIVE  
   1  t0           1.50000e+00     fixed    
   2  dm           8.00000e+00     fixed    
   3  sigma        1.00000e-01     fixed    
   4  mistag       4.04000e-01   1.00000e-01
                               ERR DEF= 0.5
 **********
 **    4 **MIGRAD        3000         0.1
 **********
 START MIGRAD MINIMIZATION.  STRATEGY 1.  CONVERGENCE WHEN EDM .LT. 1.00e-04
 FCN=5832.07 FROM MIGRAD    STATUS=INITIATE        4 CALLS           5 TOTAL
                     EDM= unknown      STRATEGY= 1      NO ERROR MATRIX       
  EXT PARAMETER               CURRENT GUESS       STEP         FIRST   
  NO.   NAME      VALUE            ERROR          SIZE      DERIVATIVE 
   1  t0           1.50000e+00     fixed    
   2  dm           8.00000e+00     fixed    
   3  sigma        1.00000e-01     fixed    
   4  mistag       4.04000e-01   1.00000e-01   1.00000e-01  -4.10283e+02
                               ERR DEF= 0.5
 MIGRAD MINIMIZATION HAS CONVERGED.
 MIGRAD WILL VERIFY CONVERGENCE AND ERROR MATRIX.
 COVARIANCE MATRIX CALCULATED SUCCESSFULLY
 FCN=5813.17 FROM MIGRAD    STATUS=CONVERGED      20 CALLS          21 TOTAL
                     EDM=3.39882e-15    STRATEGY= 1      ERROR MATRIX ACCURATE 
  EXT PARAMETER                                   STEP         FIRST   
  NO.   NAME      VALUE            ERROR          SIZE      DERIVATIVE 
   1  t0           1.50000e+00     fixed    
   2  dm           8.00000e+00     fixed    
   3  sigma        1.00000e-01     fixed    
   4  mistag       4.96891e-01   1.51690e-02   7.98667e-04   3.84333e-06
                               ERR DEF= 0.5
 EXTERNAL ERROR MATRIX.    NDIM=  25    NPAR=  1    ERR DEF=0.5
  2.301e-04 
 **********
 **    5 **CALL FCN           3
 **********
iflag  3
ct  0.14024  0.222213
============== dm fixed at 9 ====================
Number of events  4000
for event #50: rTime = 0.258744, isMixed = 1.42361
 **********
 **    1 **SET ERR         0.5
 **********
 PARAMETER DEFINITIONS:
    NO.   NAME         VALUE      STEP SIZE      LIMITS
     1 t0           1.50000e+00  1.00000e-01     no limits
     2 dm           9.00000e+00  1.00000e-02     no limits
     3 sigma        1.00000e-01  1.00000e-02     no limits
     4 mistag       4.04000e-01  1.00000e-01     no limits
 **********
 **    2 **FIX           1           2           3
 **********
 **********
 **    3 **CALL FCN           1
 **********
iflag  1
 FCN=5824.22 FROM CALl fcn    STATUS=RESET           1 CALLS           1 TOTAL
                     EDM= unknown      STRATEGY= 1      NO ERROR MATRIX       
  EXT PARAMETER               CURRENT GUESS      PHYSICAL LIMITS       
  NO.   NAME      VALUE            ERROR       NEGATIVE      POSITIVE  
   1  t0           1.50000e+00     fixed    
   2  dm           9.00000e+00     fixed    
   3  sigma        1.00000e-01     fixed    
   4  mistag       4.04000e-01   1.00000e-01
                               ERR DEF= 0.5
 **********
 **    4 **MIGRAD        3000         0.1
 **********
 START MIGRAD MINIMIZATION.  STRATEGY 1.  CONVERGENCE WHEN EDM .LT. 1.00e-04
 FCN=5824.22 FROM MIGRAD    STATUS=INITIATE        4 CALLS           5 TOTAL
                     EDM= unknown      STRATEGY= 1      NO ERROR MATRIX       
  EXT PARAMETER               CURRENT GUESS       STEP         FIRST   
  NO.   NAME      VALUE            ERROR          SIZE      DERIVATIVE 
   1  t0           1.50000e+00     fixed    
   2  dm           9.00000e+00     fixed    
   3  sigma        1.00000e-01     fixed    
   4  mistag       4.04000e-01   1.00000e-01   1.00000e-01  -2.92885e+02
                               ERR DEF= 0.5
 MIGRAD MINIMIZATION HAS CONVERGED.
 MIGRAD WILL VERIFY CONVERGENCE AND ERROR MATRIX.
 COVARIANCE MATRIX CALCULATED SUCCESSFULLY
 FCN=5812.84 FROM MIGRAD    STATUS=CONVERGED      15 CALLS          16 TOTAL
                     EDM=2.06329e-06    STRATEGY= 1      ERROR MATRIX ACCURATE 
  EXT PARAMETER                                   STEP         FIRST   
  NO.   NAME      VALUE            ERROR          SIZE      DERIVATIVE 
   1  t0           1.50000e+00     fixed    
   2  dm           9.00000e+00     fixed    
   3  sigma        1.00000e-01     fixed    
   4  mistag       4.82171e-01   1.64513e-02   8.66063e-04  -8.73131e-02
                               ERR DEF= 0.5
 EXTERNAL ERROR MATRIX.    NDIM=  25    NPAR=  1    ERR DEF=0.5
  2.706e-04 
 **********
 **    5 **CALL FCN           3
 **********
iflag  3
ct  0.14024  0.222213
============== dm fixed at 10 ====================
Number of events  4000
for event #50: rTime = 8.37611, isMixed = 1.81354
 **********
 **    1 **SET ERR         0.5
 **********
 PARAMETER DEFINITIONS:
    NO.   NAME         VALUE      STEP SIZE      LIMITS
     1 t0           1.50000e+00  1.00000e-01     no limits
     2 dm           1.00000e+01  1.00000e-02     no limits
     3 sigma        1.00000e-01  1.00000e-02     no limits
     4 mistag       4.04000e-01  1.00000e-01     no limits
 **********
 **    2 **FIX           1           2           3
 **********
 **********
 **    3 **CALL FCN           1
 **********
iflag  1
 FCN=6004.79 FROM CALl fcn    STATUS=RESET           1 CALLS           1 TOTAL
                     EDM= unknown      STRATEGY= 1      NO ERROR MATRIX       
  EXT PARAMETER               CURRENT GUESS      PHYSICAL LIMITS       
  NO.   NAME      VALUE            ERROR       NEGATIVE      POSITIVE  
   1  t0           1.50000e+00     fixed    
   2  dm           1.00000e+01     fixed    
   3  sigma        1.00000e-01     fixed    
   4  mistag       4.04000e-01   1.00000e-01
                               ERR DEF= 0.5
 **********
 **    4 **MIGRAD        3000         0.1
 **********
 START MIGRAD MINIMIZATION.  STRATEGY 1.  CONVERGENCE WHEN EDM .LT. 1.00e-04
 FCN=6004.79 FROM MIGRAD    STATUS=INITIATE        4 CALLS           5 TOTAL
                     EDM= unknown      STRATEGY= 1      NO ERROR MATRIX       
  EXT PARAMETER               CURRENT GUESS       STEP         FIRST   
  NO.   NAME      VALUE            ERROR          SIZE      DERIVATIVE 
   1  t0           1.50000e+00     fixed    
   2  dm           1.00000e+01     fixed    
   3  sigma        1.00000e-01     fixed    
   4  mistag       4.04000e-01   1.00000e-01   1.00000e-01  -1.91528e+02
                               ERR DEF= 0.5
 MIGRAD MINIMIZATION HAS CONVERGED.
 MIGRAD WILL VERIFY CONVERGENCE AND ERROR MATRIX.
 COVARIANCE MATRIX CALCULATED SUCCESSFULLY
 FCN=5998.89 FROM MIGRAD    STATUS=CONVERGED      15 CALLS          16 TOTAL
                     EDM=1.84229e-07    STRATEGY= 1      ERROR MATRIX ACCURATE 
  EXT PARAMETER                                   STEP         FIRST   
  NO.   NAME      VALUE            ERROR          SIZE      DERIVATIVE 
   1  t0           1.50000e+00     fixed    
   2  dm           1.00000e+01     fixed    
   3  sigma        1.00000e-01     fixed    
   4  mistag       4.65810e-01   1.80482e-02   9.65261e-04  -2.37819e-02
                               ERR DEF= 0.5
 EXTERNAL ERROR MATRIX.    NDIM=  25    NPAR=  1    ERR DEF=0.5
  3.257e-04 
 **********
 **    5 **CALL FCN           3
 **********
iflag  3
ct  0.14024  0.222213
============== dm fixed at 11 ====================
Number of events  4000
for event #50: rTime = 0.113912, isMixed = 1.68584
 **********
 **    1 **SET ERR         0.5
 **********
 PARAMETER DEFINITIONS:
    NO.   NAME         VALUE      STEP SIZE      LIMITS
     1 t0           1.50000e+00  1.00000e-01     no limits
     2 dm           1.10000e+01  1.00000e-02     no limits
     3 sigma        1.00000e-01  1.00000e-02     no limits
     4 mistag       4.04000e-01  1.00000e-01     no limits
 **********
 **    2 **FIX           1           2           3
 **********
 **********
 **    3 **CALL FCN           1
 **********
iflag  1
 FCN=5851.57 FROM CALl fcn    STATUS=RESET           1 CALLS           1 TOTAL
                     EDM= unknown      STRATEGY= 1      NO ERROR MATRIX       
  EXT PARAMETER               CURRENT GUESS      PHYSICAL LIMITS       
  NO.   NAME      VALUE            ERROR       NEGATIVE      POSITIVE  
   1  t0           1.50000e+00     fixed    
   2  dm           1.10000e+01     fixed    
   3  sigma        1.00000e-01     fixed    
   4  mistag       4.04000e-01   1.00000e-01
                               ERR DEF= 0.5
 **********
 **    4 **MIGRAD        3000         0.1
 **********
 START MIGRAD MINIMIZATION.  STRATEGY 1.  CONVERGENCE WHEN EDM .LT. 1.00e-04
 FCN=5851.57 FROM MIGRAD    STATUS=INITIATE        4 CALLS           5 TOTAL
                     EDM= unknown      STRATEGY= 1      NO ERROR MATRIX       
  EXT PARAMETER               CURRENT GUESS       STEP         FIRST   
  NO.   NAME      VALUE            ERROR          SIZE      DERIVATIVE 
   1  t0           1.50000e+00     fixed    
   2  dm           1.10000e+01     fixed    
   3  sigma        1.00000e-01     fixed    
   4  mistag       4.04000e-01   1.00000e-01   1.00000e-01  -2.48582e+02
                               ERR DEF= 0.5
 MIGRAD MINIMIZATION HAS CONVERGED.
 MIGRAD WILL VERIFY CONVERGENCE AND ERROR MATRIX.
 COVARIANCE MATRIX CALCULATED SUCCESSFULLY
 FCN=5839.36 FROM MIGRAD    STATUS=CONVERGED      15 CALLS          16 TOTAL
                     EDM=9.28963e-07    STRATEGY= 1      ERROR MATRIX ACCURATE 
  EXT PARAMETER                                   STEP         FIRST   
  NO.   NAME      VALUE            ERROR          SIZE      DERIVATIVE 
   1  t0           1.50000e+00     fixed    
   2  dm           1.10000e+01     fixed    
   3  sigma        1.00000e-01     fixed    
   4  mistag       5.02665e-01   2.00241e-02   1.05666e-03  -4.81333e-02
                               ERR DEF= 0.5
 EXTERNAL ERROR MATRIX.    NDIM=  25    NPAR=  1    ERR DEF=0.5
  4.010e-04 
 **********
 **    5 **CALL FCN           3
 **********
iflag  3
ct  0.14024  0.222213
============== dm fixed at 12 ====================
Number of events  4000
for event #50: rTime = 0.746441, isMixed = 1.30747
 **********
 **    1 **SET ERR         0.5
 **********
 PARAMETER DEFINITIONS:
    NO.   NAME         VALUE      STEP SIZE      LIMITS
     1 t0           1.50000e+00  1.00000e-01     no limits
     2 dm           1.20000e+01  1.00000e-02     no limits
     3 sigma        1.00000e-01  1.00000e-02     no limits
     4 mistag       4.04000e-01  1.00000e-01     no limits
 **********
 **    2 **FIX           1           2           3
 **********
 **********
 **    3 **CALL FCN           1
 **********
iflag  1
 FCN=5831.75 FROM CALl fcn    STATUS=RESET           1 CALLS           1 TOTAL
                     EDM= unknown      STRATEGY= 1      NO ERROR MATRIX       
  EXT PARAMETER               CURRENT GUESS      PHYSICAL LIMITS       
  NO.   NAME      VALUE            ERROR       NEGATIVE      POSITIVE  
   1  t0           1.50000e+00     fixed    
   2  dm           1.20000e+01     fixed    
   3  sigma        1.00000e-01     fixed    
   4  mistag       4.04000e-01   1.00000e-01
                               ERR DEF= 0.5
 **********
 **    4 **MIGRAD        3000         0.1
 **********
 START MIGRAD MINIMIZATION.  STRATEGY 1.  CONVERGENCE WHEN EDM .LT. 1.00e-04
 FCN=5831.75 FROM MIGRAD    STATUS=INITIATE        4 CALLS           5 TOTAL
                     EDM= unknown      STRATEGY= 1      NO ERROR MATRIX       
  EXT PARAMETER               CURRENT GUESS       STEP         FIRST   
  NO.   NAME      VALUE            ERROR          SIZE      DERIVATIVE 
   1  t0           1.50000e+00     fixed    
   2  dm           1.20000e+01     fixed    
   3  sigma        1.00000e-01     fixed    
   4  mistag       4.04000e-01   1.00000e-01   1.00000e-01  -1.74155e+02
                               ERR DEF= 0.5
 MIGRAD MINIMIZATION HAS CONVERGED.
 MIGRAD WILL VERIFY CONVERGENCE AND ERROR MATRIX.
 COVARIANCE MATRIX CALCULATED SUCCESSFULLY
 FCN=5824.15 FROM MIGRAD    STATUS=CONVERGED      15 CALLS          16 TOTAL
                     EDM=1.73364e-07    STRATEGY= 1      ERROR MATRIX ACCURATE 
  EXT PARAMETER                                   STEP         FIRST   
  NO.   NAME      VALUE            ERROR          SIZE      DERIVATIVE 
   1  t0           1.50000e+00     fixed    
   2  dm           1.20000e+01     fixed    
   3  sigma        1.00000e-01     fixed    
   4  mistag       4.91535e-01   2.25068e-02   1.18611e-03  -1.84997e-02
                               ERR DEF= 0.5
 EXTERNAL ERROR MATRIX.    NDIM=  25    NPAR=  1    ERR DEF=0.5
  5.066e-04 
 **********
 **    5 **CALL FCN           3
 **********
iflag  3
ct  0.14024  0.222213
============== dm fixed at 13 ====================
Number of events  4000
for event #50: rTime = 0.12649, isMixed = 1.67756
 **********
 **    1 **SET ERR         0.5
 **********
 PARAMETER DEFINITIONS:
    NO.   NAME         VALUE      STEP SIZE      LIMITS
     1 t0           1.50000e+00  1.00000e-01     no limits
     2 dm           1.30000e+01  1.00000e-02     no limits
     3 sigma        1.00000e-01  1.00000e-02     no limits
     4 mistag       4.04000e-01  1.00000e-01     no limits
 **********
 **    2 **FIX           1           2           3
 **********
 **********
 **    3 **CALL FCN           1
 **********
iflag  1
 FCN=5772.5 FROM CALl fcn    STATUS=RESET           1 CALLS           1 TOTAL
                     EDM= unknown      STRATEGY= 1      NO ERROR MATRIX       
  EXT PARAMETER               CURRENT GUESS      PHYSICAL LIMITS       
  NO.   NAME      VALUE            ERROR       NEGATIVE      POSITIVE  
   1  t0           1.50000e+00     fixed    
   2  dm           1.30000e+01     fixed    
   3  sigma        1.00000e-01     fixed    
   4  mistag       4.04000e-01   1.00000e-01
                               ERR DEF= 0.5
 **********
 **    4 **MIGRAD        3000         0.1
 **********
 START MIGRAD MINIMIZATION.  STRATEGY 1.  CONVERGENCE WHEN EDM .LT. 1.00e-04
 FCN=5772.5 FROM MIGRAD    STATUS=INITIATE        4 CALLS           5 TOTAL
                     EDM= unknown      STRATEGY= 1      NO ERROR MATRIX       
  EXT PARAMETER               CURRENT GUESS       STEP         FIRST   
  NO.   NAME      VALUE            ERROR          SIZE      DERIVATIVE 
   1  t0           1.50000e+00     fixed    
   2  dm           1.30000e+01     fixed    
   3  sigma        1.00000e-01     fixed    
   4  mistag       4.04000e-01   1.00000e-01   1.00000e-01  -1.66172e+02
                               ERR DEF= 0.5
 MIGRAD MINIMIZATION HAS CONVERGED.
 MIGRAD WILL VERIFY CONVERGENCE AND ERROR MATRIX.
 COVARIANCE MATRIX CALCULATED SUCCESSFULLY
 FCN=5763.75 FROM MIGRAD    STATUS=CONVERGED      15 CALLS          16 TOTAL
                     EDM=1.46349e-07    STRATEGY= 1      ERROR MATRIX ACCURATE 
  EXT PARAMETER                                   STEP         FIRST   
  NO.   NAME      VALUE            ERROR          SIZE      DERIVATIVE 
   1  t0           1.50000e+00     fixed    
   2  dm           1.30000e+01     fixed    
   3  sigma        1.00000e-01     fixed    
   4  mistag       5.09576e-01   2.52907e-02   1.32593e-03  -1.51263e-02
                               ERR DEF= 0.5
 EXTERNAL ERROR MATRIX.    NDIM=  25    NPAR=  1    ERR DEF=0.5
  6.396e-04 
 **********
 **    5 **CALL FCN           3
 **********
iflag  3
ct  0.14024  0.222213
============== dm fixed at 14 ====================
Number of events  4000
for event #50: rTime = 0.747805, isMixed = 1.99443
 **********
 **    1 **SET ERR         0.5
 **********
 PARAMETER DEFINITIONS:
    NO.   NAME         VALUE      STEP SIZE      LIMITS
     1 t0           1.50000e+00  1.00000e-01     no limits
     2 dm           1.40000e+01  1.00000e-02     no limits
     3 sigma        1.00000e-01  1.00000e-02     no limits
     4 mistag       4.04000e-01  1.00000e-01     no limits
 **********
 **    2 **FIX           1           2           3
 **********
 **********
 **    3 **CALL FCN           1
 **********
iflag  1
 FCN=5888.89 FROM CALl fcn    STATUS=RESET           1 CALLS           1 TOTAL
                     EDM= unknown      STRATEGY= 1      NO ERROR MATRIX       
  EXT PARAMETER               CURRENT GUESS      PHYSICAL LIMITS       
  NO.   NAME      VALUE            ERROR       NEGATIVE      POSITIVE  
   1  t0           1.50000e+00     fixed    
   2  dm           1.40000e+01     fixed    
   3  sigma        1.00000e-01     fixed    
   4  mistag       4.04000e-01   1.00000e-01
                               ERR DEF= 0.5
 **********
 **    4 **MIGRAD        3000         0.1
 **********
 START MIGRAD MINIMIZATION.  STRATEGY 1.  CONVERGENCE WHEN EDM .LT. 1.00e-04
 FCN=5888.89 FROM MIGRAD    STATUS=INITIATE        4 CALLS           5 TOTAL
                     EDM= unknown      STRATEGY= 1      NO ERROR MATRIX       
  EXT PARAMETER               CURRENT GUESS       STEP         FIRST   
  NO.   NAME      VALUE            ERROR          SIZE      DERIVATIVE 
   1  t0           1.50000e+00     fixed    
   2  dm           1.40000e+01     fixed    
   3  sigma        1.00000e-01     fixed    
   4  mistag       4.04000e-01   1.00000e-01   1.00000e-01  -1.04644e+02
                               ERR DEF= 0.5
 MIGRAD MINIMIZATION HAS CONVERGED.
 MIGRAD WILL VERIFY CONVERGENCE AND ERROR MATRIX.
 COVARIANCE MATRIX CALCULATED SUCCESSFULLY
 FCN=5884.48 FROM MIGRAD    STATUS=CONVERGED      15 CALLS          16 TOTAL
                     EDM=2.5788e-08    STRATEGY= 1      ERROR MATRIX ACCURATE 
  EXT PARAMETER                                   STEP         FIRST   
  NO.   NAME      VALUE            ERROR          SIZE      DERIVATIVE 
   1  t0           1.50000e+00     fixed    
   2  dm           1.40000e+01     fixed    
   3  sigma        1.00000e-01     fixed    
   4  mistag       4.88534e-01   2.85042e-02   1.50994e-03  -5.63379e-03
                               ERR DEF= 0.5
 EXTERNAL ERROR MATRIX.    NDIM=  25    NPAR=  1    ERR DEF=0.5
  8.125e-04 
 **********
 **    5 **CALL FCN           3
 **********
iflag  3
ct  0.14024  0.222213
============== dm fixed at 15 ====================
Number of events  4000
for event #50: rTime = 1.83165, isMixed = 0.00498715
 **********
 **    1 **SET ERR         0.5
 **********
 PARAMETER DEFINITIONS:
    NO.   NAME         VALUE      STEP SIZE      LIMITS
     1 t0           1.50000e+00  1.00000e-01     no limits
     2 dm           1.50000e+01  1.00000e-02     no limits
     3 sigma        1.00000e-01  1.00000e-02     no limits
     4 mistag       4.04000e-01  1.00000e-01     no limits
 **********
 **    2 **FIX           1           2           3
 **********
 **********
 **    3 **CALL FCN           1
 **********
iflag  1
 FCN=5912.7 FROM CALl fcn    STATUS=RESET           1 CALLS           1 TOTAL
                     EDM= unknown      STRATEGY= 1      NO ERROR MATRIX       
  EXT PARAMETER               CURRENT GUESS      PHYSICAL LIMITS       
  NO.   NAME      VALUE            ERROR       NEGATIVE      POSITIVE  
   1  t0           1.50000e+00     fixed    
   2  dm           1.50000e+01     fixed    
   3  sigma        1.00000e-01     fixed    
   4  mistag       4.04000e-01   1.00000e-01
                               ERR DEF= 0.5
 **********
 **    4 **MIGRAD        3000         0.1
 **********
 START MIGRAD MINIMIZATION.  STRATEGY 1.  CONVERGENCE WHEN EDM .LT. 1.00e-04
 FCN=5912.7 FROM MIGRAD    STATUS=INITIATE        4 CALLS           5 TOTAL
                     EDM= unknown      STRATEGY= 1      NO ERROR MATRIX       
  EXT PARAMETER               CURRENT GUESS       STEP         FIRST   
  NO.   NAME      VALUE            ERROR          SIZE      DERIVATIVE 
   1  t0           1.50000e+00     fixed    
   2  dm           1.50000e+01     fixed    
   3  sigma        1.00000e-01     fixed    
   4  mistag       4.04000e-01   1.00000e-01   1.00000e-01  -8.81044e+01
                               ERR DEF= 0.5
 MIGRAD MINIMIZATION HAS CONVERGED.
 MIGRAD WILL VERIFY CONVERGENCE AND ERROR MATRIX.
 COVARIANCE MATRIX CALCULATED SUCCESSFULLY
 FCN=5908.67 FROM MIGRAD    STATUS=CONVERGED      15 CALLS          16 TOTAL
                     EDM=1.03238e-08    STRATEGY= 1      ERROR MATRIX ACCURATE 
  EXT PARAMETER                                   STEP         FIRST   
  NO.   NAME      VALUE            ERROR          SIZE      DERIVATIVE 
   1  t0           1.50000e+00     fixed    
   2  dm           1.50000e+01     fixed    
   3  sigma        1.00000e-01     fixed    
   4  mistag       4.95722e-01   3.23360e-02   1.71646e-03  -3.14219e-03
                               ERR DEF= 0.5
 EXTERNAL ERROR MATRIX.    NDIM=  25    NPAR=  1    ERR DEF=0.5
  1.046e-03 
 **********
 **    5 **CALL FCN           3
 **********
iflag  3
ct  0.14024  0.222213
============== dm fixed at 16 ====================
Number of events  4000
for event #50: rTime = 1.10514, isMixed = 1.76473
 **********
 **    1 **SET ERR         0.5
 **********
 PARAMETER DEFINITIONS:
    NO.   NAME         VALUE      STEP SIZE      LIMITS
     1 t0           1.50000e+00  1.00000e-01     no limits
     2 dm           1.60000e+01  1.00000e-02     no limits
     3 sigma        1.00000e-01  1.00000e-02     no limits
     4 mistag       4.04000e-01  1.00000e-01     no limits
 **********
 **    2 **FIX           1           2           3
 **********
 **********
 **    3 **CALL FCN           1
 **********
iflag  1
 FCN=5936.52 FROM CALl fcn    STATUS=RESET           1 CALLS           1 TOTAL
                     EDM= unknown      STRATEGY= 1      NO ERROR MATRIX       
  EXT PARAMETER               CURRENT GUESS      PHYSICAL LIMITS       
  NO.   NAME      VALUE            ERROR       NEGATIVE      POSITIVE  
   1  t0           1.50000e+00     fixed    
   2  dm           1.60000e+01     fixed    
   3  sigma        1.00000e-01     fixed    
   4  mistag       4.04000e-01   1.00000e-01
                               ERR DEF= 0.5
 **********
 **    4 **MIGRAD        3000         0.1
 **********
 START MIGRAD MINIMIZATION.  STRATEGY 1.  CONVERGENCE WHEN EDM .LT. 1.00e-04
 FCN=5936.52 FROM MIGRAD    STATUS=INITIATE        4 CALLS           5 TOTAL
                     EDM= unknown      STRATEGY= 1      NO ERROR MATRIX       
  EXT PARAMETER               CURRENT GUESS       STEP         FIRST   
  NO.   NAME      VALUE            ERROR          SIZE      DERIVATIVE 
   1  t0           1.50000e+00     fixed    
   2  dm           1.60000e+01     fixed    
   3  sigma        1.00000e-01     fixed    
   4  mistag       4.04000e-01   1.00000e-01   1.00000e-01  -4.17353e+01
                               ERR DEF= 0.5
 MIGRAD MINIMIZATION HAS CONVERGED.
 MIGRAD WILL VERIFY CONVERGENCE AND ERROR MATRIX.
 COVARIANCE MATRIX CALCULATED SUCCESSFULLY
 FCN=5935.3 FROM MIGRAD    STATUS=CONVERGED      15 CALLS          16 TOTAL
                     EDM=2.36923e-10    STRATEGY= 1      ERROR MATRIX ACCURATE 
  EXT PARAMETER                                   STEP         FIRST   
  NO.   NAME      VALUE            ERROR          SIZE      DERIVATIVE 
   1  t0           1.50000e+00     fixed    
   2  dm           1.60000e+01     fixed    
   3  sigma        1.00000e-01     fixed    
   4  mistag       4.62392e-01   3.74538e-02   1.99259e-03  -4.10968e-04
                               ERR DEF= 0.5
 EXTERNAL ERROR MATRIX.    NDIM=  25    NPAR=  1    ERR DEF=0.5
  1.403e-03 
 **********
 **    5 **CALL FCN           3
 **********
iflag  3
ct  0.14024  0.222213
============== dm fixed at 17 ====================
Number of events  4000
for event #50: rTime = 0.950174, isMixed = 1.15686
 **********
 **    1 **SET ERR         0.5
 **********
 PARAMETER DEFINITIONS:
    NO.   NAME         VALUE      STEP SIZE      LIMITS
     1 t0           1.50000e+00  1.00000e-01     no limits
     2 dm           1.70000e+01  1.00000e-02     no limits
     3 sigma        1.00000e-01  1.00000e-02     no limits
     4 mistag       4.04000e-01  1.00000e-01     no limits
 **********
 **    2 **FIX           1           2           3
 **********
 **********
 **    3 **CALL FCN           1
 **********
iflag  1
 FCN=5874.76 FROM CALl fcn    STATUS=RESET           1 CALLS           1 TOTAL
                     EDM= unknown      STRATEGY= 1      NO ERROR MATRIX       
  EXT PARAMETER               CURRENT GUESS      PHYSICAL LIMITS       
  NO.   NAME      VALUE            ERROR       NEGATIVE      POSITIVE  
   1  t0           1.50000e+00     fixed    
   2  dm           1.70000e+01     fixed    
   3  sigma        1.00000e-01     fixed    
   4  mistag       4.04000e-01   1.00000e-01
                               ERR DEF= 0.5
 **********
 **    4 **MIGRAD        3000         0.1
 **********
 START MIGRAD MINIMIZATION.  STRATEGY 1.  CONVERGENCE WHEN EDM .LT. 1.00e-04
 FCN=5874.76 FROM MIGRAD    STATUS=INITIATE        4 CALLS           5 TOTAL
                     EDM= unknown      STRATEGY= 1      NO ERROR MATRIX       
  EXT PARAMETER               CURRENT GUESS       STEP         FIRST   
  NO.   NAME      VALUE            ERROR          SIZE      DERIVATIVE 
   1  t0           1.50000e+00     fixed    
   2  dm           1.70000e+01     fixed    
   3  sigma        1.00000e-01     fixed    
   4  mistag       4.04000e-01   1.00000e-01   1.00000e-01  -4.91077e+01
                               ERR DEF= 0.5
 MIGRAD MINIMIZATION HAS CONVERGED.
 MIGRAD WILL VERIFY CONVERGENCE AND ERROR MATRIX.
 COVARIANCE MATRIX CALCULATED SUCCESSFULLY
 FCN=5872.56 FROM MIGRAD    STATUS=CONVERGED      15 CALLS          16 TOTAL
                     EDM=1.7279e-09    STRATEGY= 1      ERROR MATRIX ACCURATE 
  EXT PARAMETER                                   STEP         FIRST   
  NO.   NAME      VALUE            ERROR          SIZE      DERIVATIVE 
   1  t0           1.50000e+00     fixed    
   2  dm           1.70000e+01     fixed    
   3  sigma        1.00000e-01     fixed    
   4  mistag       4.93789e-01   4.28311e-02   2.26660e-03  -9.70510e-04
                               ERR DEF= 0.5
 EXTERNAL ERROR MATRIX.    NDIM=  25    NPAR=  1    ERR DEF=0.5
  1.834e-03 
 **********
 **    5 **CALL FCN           3
 **********
iflag  3
ct  0.14024  0.222213
============== dm fixed at 18 ====================
Number of events  4000
for event #50: rTime = 0.538738, isMixed = 0.955186
 **********
 **    1 **SET ERR         0.5
 **********
 PARAMETER DEFINITIONS:
    NO.   NAME         VALUE      STEP SIZE      LIMITS
     1 t0           1.50000e+00  1.00000e-01     no limits
     2 dm           1.80000e+01  1.00000e-02     no limits
     3 sigma        1.00000e-01  1.00000e-02     no limits
     4 mistag       4.04000e-01  1.00000e-01     no limits
 **********
 **    2 **FIX           1           2           3
 **********
 **********
 **    3 **CALL FCN           1
 **********
iflag  1
 FCN=5825.88 FROM CALl fcn    STATUS=RESET           1 CALLS           1 TOTAL
                     EDM= unknown      STRATEGY= 1      NO ERROR MATRIX       
  EXT PARAMETER               CURRENT GUESS      PHYSICAL LIMITS       
  NO.   NAME      VALUE            ERROR       NEGATIVE      POSITIVE  
   1  t0           1.50000e+00     fixed    
   2  dm           1.80000e+01     fixed    
   3  sigma        1.00000e-01     fixed    
   4  mistag       4.04000e-01   1.00000e-01
                               ERR DEF= 0.5
 **********
 **    4 **MIGRAD        3000         0.1
 **********
 START MIGRAD MINIMIZATION.  STRATEGY 1.  CONVERGENCE WHEN EDM .LT. 1.00e-04
 FCN=5825.88 FROM MIGRAD    STATUS=INITIATE        4 CALLS           5 TOTAL
                     EDM= unknown      STRATEGY= 1      NO ERROR MATRIX       
  EXT PARAMETER               CURRENT GUESS       STEP         FIRST   
  NO.   NAME      VALUE            ERROR          SIZE      DERIVATIVE 
   1  t0           1.50000e+00     fixed    
   2  dm           1.80000e+01     fixed    
   3  sigma        1.00000e-01     fixed    
   4  mistag       4.04000e-01   1.00000e-01   1.00000e-01  -2.46040e+01
                               ERR DEF= 0.5
 MIGRAD MINIMIZATION HAS CONVERGED.
 MIGRAD WILL VERIFY CONVERGENCE AND ERROR MATRIX.
 COVARIANCE MATRIX CALCULATED SUCCESSFULLY
 FCN=5825.14 FROM MIGRAD    STATUS=CONVERGED      17 CALLS          18 TOTAL
                     EDM=1.12847e-10    STRATEGY= 1      ERROR MATRIX ACCURATE 
  EXT PARAMETER                                   STEP         FIRST   
  NO.   NAME      VALUE            ERROR          SIZE      DERIVATIVE 
   1  t0           1.50000e+00     fixed    
   2  dm           1.80000e+01     fixed    
   3  sigma        1.00000e-01     fixed    
   4  mistag       4.64706e-01   4.97367e-02   2.62139e-03  -2.13583e-04
                               ERR DEF= 0.5
 EXTERNAL ERROR MATRIX.    NDIM=  25    NPAR=  1    ERR DEF=0.5
  2.474e-03 
 **********
 **    5 **CALL FCN           3
 **********
iflag  3
ct  0.14024  0.222213
============== dm fixed at 19 ====================
Number of events  4000
for event #50: rTime = 3.40592, isMixed = 1.90892
 **********
 **    1 **SET ERR         0.5
 **********
 PARAMETER DEFINITIONS:
    NO.   NAME         VALUE      STEP SIZE      LIMITS
     1 t0           1.50000e+00  1.00000e-01     no limits
     2 dm           1.90000e+01  1.00000e-02     no limits
     3 sigma        1.00000e-01  1.00000e-02     no limits
     4 mistag       4.04000e-01  1.00000e-01     no limits
 **********
 **    2 **FIX           1           2           3
 **********
 **********
 **    3 **CALL FCN           1
 **********
iflag  1
 FCN=5823.36 FROM CALl fcn    STATUS=RESET           1 CALLS           1 TOTAL
                     EDM= unknown      STRATEGY= 1      NO ERROR MATRIX       
  EXT PARAMETER               CURRENT GUESS      PHYSICAL LIMITS       
  NO.   NAME      VALUE            ERROR       NEGATIVE      POSITIVE  
   1  t0           1.50000e+00     fixed    
   2  dm           1.90000e+01     fixed    
   3  sigma        1.00000e-01     fixed    
   4  mistag       4.04000e-01   1.00000e-01
                               ERR DEF= 0.5
 **********
 **    4 **MIGRAD        3000         0.1
 **********
 START MIGRAD MINIMIZATION.  STRATEGY 1.  CONVERGENCE WHEN EDM .LT. 1.00e-04
 FCN=5823.36 FROM MIGRAD    STATUS=INITIATE        4 CALLS           5 TOTAL
                     EDM= unknown      STRATEGY= 1      NO ERROR MATRIX       
  EXT PARAMETER               CURRENT GUESS       STEP         FIRST   
  NO.   NAME      VALUE            ERROR          SIZE      DERIVATIVE 
   1  t0           1.50000e+00     fixed    
   2  dm           1.90000e+01     fixed    
   3  sigma        1.00000e-01     fixed    
   4  mistag       4.04000e-01   1.00000e-01   1.00000e-01  -1.83046e+01
                               ERR DEF= 0.5
 MIGRAD MINIMIZATION HAS CONVERGED.
 MIGRAD WILL VERIFY CONVERGENCE AND ERROR MATRIX.
 COVARIANCE MATRIX CALCULATED SUCCESSFULLY
 FCN=5822.79 FROM MIGRAD    STATUS=CONVERGED      17 CALLS          18 TOTAL
                     EDM=1.36137e-11    STRATEGY= 1      ERROR MATRIX ACCURATE 
  EXT PARAMETER                                   STEP         FIRST   
  NO.   NAME      VALUE            ERROR          SIZE      DERIVATIVE 
   1  t0           1.50000e+00     fixed    
   2  dm           1.90000e+01     fixed    
   3  sigma        1.00000e-01     fixed    
   4  mistag       4.65616e-01   5.80607e-02   3.05950e-03  -6.35486e-05
                               ERR DEF= 0.5
 EXTERNAL ERROR MATRIX.    NDIM=  25    NPAR=  1    ERR DEF=0.5
  3.371e-03 
 **********
 **    5 **CALL FCN           3
 **********
iflag  3
ct  0.14024  0.222213
============== dm fixed at 20 ====================
Number of events  4000
for event #50: rTime = 0.446022, isMixed = 1.99649
 **********
 **    1 **SET ERR         0.5
 **********
 PARAMETER DEFINITIONS:
    NO.   NAME         VALUE      STEP SIZE      LIMITS
     1 t0           1.50000e+00  1.00000e-01     no limits
     2 dm           2.00000e+01  1.00000e-02     no limits
     3 sigma        1.00000e-01  1.00000e-02     no limits
     4 mistag       4.04000e-01  1.00000e-01     no limits
 **********
 **    2 **FIX           1           2           3
 **********
 **********
 **    3 **CALL FCN           1
 **********
iflag  1
 FCN=5890.13 FROM CALl fcn    STATUS=RESET           1 CALLS           1 TOTAL
                     EDM= unknown      STRATEGY= 1      NO ERROR MATRIX       
  EXT PARAMETER               CURRENT GUESS      PHYSICAL LIMITS       
  NO.   NAME      VALUE            ERROR       NEGATIVE      POSITIVE  
   1  t0           1.50000e+00     fixed    
   2  dm           2.00000e+01     fixed    
   3  sigma        1.00000e-01     fixed    
   4  mistag       4.04000e-01   1.00000e-01
                               ERR DEF= 0.5
 **********
 **    4 **MIGRAD        3000         0.1
 **********
 START MIGRAD MINIMIZATION.  STRATEGY 1.  CONVERGENCE WHEN EDM .LT. 1.00e-04
 FCN=5890.13 FROM MIGRAD    STATUS=INITIATE        4 CALLS           5 TOTAL
                     EDM= unknown      STRATEGY= 1      NO ERROR MATRIX       
  EXT PARAMETER               CURRENT GUESS       STEP         FIRST   
  NO.   NAME      VALUE            ERROR          SIZE      DERIVATIVE 
   1  t0           1.50000e+00     fixed    
   2  dm           2.00000e+01     fixed    
   3  sigma        1.00000e-01     fixed    
   4  mistag       4.04000e-01   1.00000e-01   1.00000e-01  -1.62914e+01
                               ERR DEF= 0.5
 MIGRAD MINIMIZATION HAS CONVERGED.
 MIGRAD WILL VERIFY CONVERGENCE AND ERROR MATRIX.
 COVARIANCE MATRIX CALCULATED SUCCESSFULLY
 FCN=5889.53 FROM MIGRAD    STATUS=CONVERGED      12 CALLS          13 TOTAL
                     EDM=1.78725e-06    STRATEGY= 1      ERROR MATRIX ACCURATE 
  EXT PARAMETER                                   STEP         FIRST   
  NO.   NAME      VALUE            ERROR          SIZE      DERIVATIVE 
   1  t0           1.50000e+00     fixed    
   2  dm           2.00000e+01     fixed    
   3  sigma        1.00000e-01     fixed    
   4  mistag       4.77499e-01   6.71936e-02   3.55964e-03  -1.98960e-02
                               ERR DEF= 0.5
 EXTERNAL ERROR MATRIX.    NDIM=  25    NPAR=  1    ERR DEF=0.5
  4.515e-03 
 **********
 **    5 **CALL FCN           3
 **********
iflag  3
ct  0.14024  0.222213
Real time 15886.1
CPU time  15777.3
