root [11] .x redraw.C


 sig0808dm = 22.0678
 sig0810dm = 17.6648
 sig1008dm = 23.5589
 sig1010dm = 17.7448
 sig1012dm = 15.741
 sig1210dm = 17.882
 sig1212dm = 14.9992


 dil0128b_dm = 16.35
 dil0128_dm = 17.7497
 dil0160a_dm = 16.3544
 dil0160_dm = 17.7448
 dil0160c_dm = 18.9017
 dil0192_dm = 17.7497
 dil0192b_dm = 18.9074


Significance for Dil=0.16, Sigma Varied: 

 Sigma  |    0.08    |    0.10    |    0.12    | MC 
---------------------------------------------------
 0.08   |  22.06776  |  23.55894  |  XXXXXXXX  |
-----------------------------------------------
 0.10   |  17.66481  |  17.74485  |  17.88203  |
-----------------------------------------------
 0.12   |  XXXXXXXX  |  15.74100  |  14.99922  |
-----------------------------------------------
  Fit   |

Significance for Sigma=0.1, Dil Varied 

 Dilution |    0.128   |    0.160   |    0.192   | MC 
-----------------------------------------------------
   0.128  |  16.35000  |  16.35444  |  XXXXXXXX  |
-------------------------------------------------
   0.160  |  17.74970  |  17.74485  |  17.74968  |
-------------------------------------------------
   0.192  |  XXXXXXXX  |  18.90169  |  18.90738  |
-------------------------------------------------
    Fit   |

root [12]
