  *******************************************
  *                                         *
  *        W E L C O M E  to  R O O T       *
  *                                         *
  *   Version   4.00/02     15 March 2004   *
  *                                         *
  *  You are welcome to visit our Web site  *
  *          http://root.cern.ch            *
  *                                         *
  *******************************************

FreeType Engine v2.1.3 used to render TrueType fonts.
Compiled for linux with thread support.

CINT/ROOT C/C++ Interpreter version 5.15.124, Feb 17 2004
Type ? for help. Commands must be C++ statements.
Enclose multiple statements between { }.
Number of events  100000
for event #50: rTime = 5.82177, isMixed = 0.0148393
 FCN=7.4995 FROM MIGRAD    STATUS=CONVERGED      41 CALLS          42 TOTAL
                     EDM=4.25155e-14    STRATEGY= 1      ERROR MATRIX ACCURATE 
  EXT PARAMETER                                   STEP         FIRST   
  NO.   NAME      VALUE            ERROR          SIZE      DERIVATIVE 
   1  p0           5.13515e-01   1.41634e-02   1.30468e-04   5.91189e-06
Info in <TCanvas::Print>: PostScript file mixpix.ps has been created
 FCN=7.4995 FROM MIGRAD    STATUS=CONVERGED      41 CALLS          42 TOTAL
                     EDM=4.25155e-14    STRATEGY= 1      ERROR MATRIX ACCURATE 
  EXT PARAMETER                                   STEP         FIRST   
  NO.   NAME      VALUE            ERROR          SIZE      DERIVATIVE 
   1  p0           5.13515e-01   1.41634e-02   1.30468e-04   5.91189e-06
Info in <TCanvas::Print>: PostScript file mixpix.ps has been created
