This is TeX, Version 3.14159 (Web2C 7.3.1) (format=latex 2002.9.6)  29 JUN 2005 15:02
**Bsmixing-final.tex
(Bsmixing-final.tex
LaTeX2e <2000/06/01>
Babel <v3.7h> and hyphenation patterns for american, french, german, ngerman, i
talian, nohyphenation, loaded.
(/usr/share/texmf/tex/latex/base/article.cls
Document Class: article 2000/05/19 v1.4b Standard LaTeX document class
(/usr/share/texmf/tex/latex/base/size10.clo
File: size10.clo 2000/05/19 v1.4b Standard LaTeX file (size option)
)
\c@part=\count79
\c@section=\count80
\c@subsection=\count81
\c@subsubsection=\count82
\c@paragraph=\count83
\c@subparagraph=\count84
\c@figure=\count85
\c@table=\count86
\abovecaptionskip=\skip41
\belowcaptionskip=\skip42
\bibindent=\dimen102
)
(/usr/share/texmf/tex/latex/amsmath/amsmath.sty
Package: amsmath 2000/07/18 v2.13 AMS math features
\@mathmargin=\skip43

For additional information on amsmath, use the `?' option.
(/usr/share/texmf/tex/latex/amsmath/amstext.sty
Package: amstext 2000/06/29 v2.01

(/usr/share/texmf/tex/latex/amsmath/amsgen.sty
File: amsgen.sty 1999/11/30 v2.0
\@emptytoks=\toks14
\ex@=\dimen103
))
(/usr/share/texmf/tex/latex/amsmath/amsbsy.sty
Package: amsbsy 1999/11/29 v1.2d
\pmbraise@=\dimen104
)
(/usr/share/texmf/tex/latex/amsmath/amsopn.sty
Package: amsopn 1999/12/14 v2.01 operator names
)
\inf@bad=\count87
LaTeX Info: Redefining \frac on input line 211.
\uproot@=\count88
\leftroot@=\count89
LaTeX Info: Redefining \overline on input line 307.
\classnum@=\count90
\DOTSCASE@=\count91
LaTeX Info: Redefining \ldots on input line 379.
LaTeX Info: Redefining \dots on input line 382.
LaTeX Info: Redefining \cdots on input line 467.
\Mathstrutbox@=\box26
\strutbox@=\box27
\big@size=\dimen105
LaTeX Font Info:    Redeclaring font encoding OML on input line 567.
LaTeX Font Info:    Redeclaring font encoding OMS on input line 568.
\macc@depth=\count92
\c@MaxMatrixCols=\count93
\dotsspace@=\muskip10
\c@parentequation=\count94
\dspbrk@lvl=\count95
\tag@help=\toks15
\row@=\count96
\column@=\count97
\maxfields@=\count98
\andhelp@=\toks16
\eqnshift@=\dimen106
\alignsep@=\dimen107
\tagshift@=\dimen108
\tagwidth@=\dimen109
\totwidth@=\dimen110
\lineht@=\dimen111
\@envbody=\toks17
\multlinegap=\skip44
\multlinetaggap=\skip45
\mathdisplay@stack=\toks18
LaTeX Info: Redefining \[ on input line 2666.
LaTeX Info: Redefining \] on input line 2667.
)
(/usr/share/texmf/tex/latex/misc/fullpage.sty
Style Option FULLPAGE Version 2 as of 15 Dec 1988
) (/usr/share/texmf/tex/latex/graphics/graphicx.sty
Package: graphicx 1999/02/16 v1.0f Enhanced LaTeX Graphics (DPC,SPQR)

(/usr/share/texmf/tex/latex/graphics/keyval.sty
Package: keyval 1999/03/16 v1.13 key=value parser (DPC)
\KV@toks@=\toks19
)
(/usr/share/texmf/tex/latex/graphics/graphics.sty
Package: graphics 1999/02/16 v1.0l Standard LaTeX Graphics (DPC,SPQR)

(/usr/share/texmf/tex/latex/graphics/trig.sty
Package: trig 1999/03/16 v1.09 sin cos tan (DPC)
)
(/usr/share/texmf/tex/latex/config/graphics.cfg)
Package graphics Info: Driver file: dvips.def on input line 80.

(/usr/share/texmf/tex/latex/graphics/dvips.def
File: dvips.def 1999/02/16 v3.0i Driver-dependant file (DPC,SPQR)
))
\Gin@req@height=\dimen112
\Gin@req@width=\dimen113
) (Bsmixing-final.aux)
\openout1 = `Bsmixing-final.aux'.

LaTeX Font Info:    Checking defaults for OML/cmm/m/it on input line 27.
LaTeX Font Info:    ... okay on input line 27.
LaTeX Font Info:    Checking defaults for T1/cmr/m/n on input line 27.
LaTeX Font Info:    ... okay on input line 27.
LaTeX Font Info:    Checking defaults for OT1/cmr/m/n on input line 27.
LaTeX Font Info:    ... okay on input line 27.
LaTeX Font Info:    Checking defaults for OMS/cmsy/m/n on input line 27.
LaTeX Font Info:    ... okay on input line 27.
LaTeX Font Info:    Checking defaults for OMX/cmex/m/n on input line 27.
LaTeX Font Info:    ... okay on input line 27.
LaTeX Font Info:    Checking defaults for U/cmr/m/n on input line 27.
LaTeX Font Info:    ... okay on input line 27.

Underfull \hbox (badness 10000) in paragraph at lines 44--53

 []


Underfull \hbox (badness 10000) in paragraph at lines 65--73

 []


Underfull \hbox (badness 10000) in paragraph at lines 103--127

 []

[1

]
File: Bs-Mixing-Diagram.eps Graphic file (type eps)
 <Bs-Mixing-Diagram.eps>
Underfull \hbox (badness 10000) in paragraph at lines 135--148

 []

[2]
Overfull \hbox (2.7955pt too wide) in alignment at lines 209--217
 [][][] []
 []


Underfull \hbox (badness 10000) in paragraph at lines 223--225

 []

[3]
Underfull \hbox (badness 10000) in paragraph at lines 264--268

 []

[4]
Underfull \hbox (badness 10000) in paragraph at lines 344--350

 []


Underfull \hbox (badness 10000) in paragraph at lines 351--361

 []

[5]
File: sample.eps Graphic file (type eps)
 <sample.eps> [6]
Underfull \hbox (badness 10000) in paragraph at lines 509--518

 []

[7] [8]
Underfull \hbox (badness 6477) in paragraph at lines 559--565
[]\OT1/cmr/m/n/10 CERNLib (Pack-Lib) Long Writeup D506: MI-NUIT Min-i-miza-tion
 Pack-age,
 []

[9] (Bsmixing-final.aux) ) 
Here is how much of TeX's memory you used:
 1171 strings out of 20887
 12657 string characters out of 196242
 67175 words of memory out of 350001
 4136 multiletter control sequences out of 10000+15000
 12128 words of font info for 44 fonts, out of 400000 for 1000
 14 hyphenation exceptions out of 10000
 27i,12n,21p,851b,362s stack positions out of 3000i,100n,1500p,50000b,4000s

Output written on Bsmixing-final.dvi (9 pages, 34648 bytes).
