1.04011 1
6.69973 1
2.95104 1
8.00939 1
2.67365 1
4.64229 1
3.54829 1
3.9517 1
4.18964 1
2.25328 1
5.96217 1
3.36621 1
2.62381 1
1.5914 1
0.330284 1
5.37445 1
-0.69562 1
5.16832 1
-0.498993 1
2.61202 1
3.96366 1
2.07441 1
3.38675 1
0.570892 1
3.70447 1
5.163 1
1.85399 1
1.97213 1
8.07608 1
6.91178 1
4.28611 1
2.28058 1
2.26174 1
2.70419 1
3.15597 1
6.81154 1
5.78457 1
3.57262 1
5.04093 1
2.79163 1
7.01123 1
5.57876 1
4.35891 1
3.2062 1
6.48669 1
1.85519 1
2.99679 1
2.47964 1
3.33955 1
2.41973 1
2.31574 1
5.67133 1
5.59767 1
4.99085 1
2.65234 1
6.54548 1
0.764454 1
3.4614 1
4.26191 1
3.24317 1
6.80025 1
3.19399 1
2.34618 1
3.38811 1
1.91806 1
2.67068 1
1.5489 1
6.16753 1
4.00865 1
2.85281 1
4.70421 1
6.49094 1
3.97559 1
2.87387 1
5.84641 1
3.48369 1
3.99633 1
3.59355 1
4.88162 1
3.9568 1
4.52089 1
5.8344 1
0.982511 1
4.9668 1
0.854196 1
5.7354 1
3.29186 1
4.7326 1
3.1716 1
4.72507 1
4.90739 1
2.3277 1
4.28894 1
3.07197 1
3.83231 1
4.30244 1
2.88159 1
2.56957 1
1.33743 1
6.60417 1
3.66505 1
1.55363 1
1.1886 1
1.87428 1
2.56004 1
3.09812 1
2.06551 1
7.47168 1
2.62211 1
1.17548 1
3.12367 1
7.1284 1
2.27256 1
4.91554 1
6.09286 1
1.63701 1
4.11529 1
1.88736 1
4.48846 1
4.71473 1
5.03656 1
1.2769 1
2.68984 1
3.18582 1
5.11217 1
4.53633 1
3.25683 1
5.6969 1
2.58562 1
2.05133 1
4.995 1
1.08769 1
3.03068 1
4.60088 1
0.501021 1
0.109461 1
3.14618 1
3.71856 1
4.93193 1
0.897728 1
6.80313 1
2.71993 1
4.21181 1
2.30877 1
2.89841 1
2.39319 1
1.44227 1
7.48784 1
5.08659 1
2.1137 1
0.958911 1
-0.043107 1
4.98319 1
2.32996 1
2.78266 1
4.90697 1
5.50683 1
2.11419 1
3.69622 1
1.74936 1
4.09026 1
4.90604 1
8.61707 1
4.13963 1
6.71104 1
6.00492 1
2.80648 1
5.81112 1
1.24195 1
4.62452 1
4.05747 1
3.52695 1
2.31467 1
3.67301 1
0.522701 1
3.13932 1
7.14252 1
4.05624 1
5.50904 1
5.48375 1
1.46732 1
2.21449 1
0.395031 1
2.44747 1
3.6095 1
3.5108 1
1.24074 1
2.7288 1
1.24827 1
2.02561 1
3.01763 1
3.92968 1
4.17315 1
2.78368 1
2.22154 1
2.27298 1
1.68059 1
0.891735 1
4.99863 1
2.87456 1
2.54258 1
2.02823 1
1.68257 1
3.44356 1
6.37307 1
1.62055 1
2.53334 1
5.84142 1
1.17928 1
3.4569 1
2.50126 1
3.66021 1
-0.0853489 1
8.50117 1
2.33684 1
3.99043 1
2.2102 1
1.19312 1
3.65767 1
5.65772 1
2.29026 1
-2.00613 1
2.63749 1
2.31856 1
0.50685 1
2.329 1
4.83038 1
7.48453 1
1.27418 1
3.61046 1
1.78198 1
3.1997 1
4.35315 1
1.78152 1
1.67973 1
3.08865 1
0.843345 1
2.36353 1
4.38315 1
2.09272 1
7.5197 1
2.34641 1
5.72267 1
4.80227 1
3.50226 1
0.973972 1
1.79927 1
3.91337 1
4.80751 1
1.09665 1
1.81645 1
6.24638 1
1.92517 1
3.06103 1
9.70553 1
7.97598 1
0.904019 1
4.8506 1
2.53612 1
3.45486 1
3.25342 1
0.494951 1
4.28021 1
3.85481 1
3.13947 1
4.13092 1
2.98303 1
1.78354 1
1.9295 1
5.42964 1
1.60733 1
0.557551 1
4.25841 1
2.47431 1
3.99442 1
3.21935 1
4.97144 1
2.93927 1
3.78829 1
-0.214132 1
4.45786 1
4.63086 1
4.14356 1
3.42037 1
3.87811 1
3.1346 1
2.5835 1
2.34585 1
3.18881 1
1.86536 1
1.27103 1
2.112 1
5.66369 1
2.36638 1
4.31374 1
3.48744 1
5.25552 1
3.36701 1
2.61878 1
3.87168 1
3.73016 1
1.69024 1
3.4021 1
2.10129 1
6.33305 1
2.63819 1
3.26831 1
1.68788 1
4.37289 1
4.12335 1
3.86683 1
1.88344 1
4.7859 1
2.79748 1
0.825892 1
4.27227 1
-0.200077 1
2.70442 1
1.76033 1
1.1847 1
2.29941 1
1.37602 1
4.06224 1
3.86654 1
2.17229 1
6.34718 1
3.73066 1
4.25085 1
5.87783 1
3.75 1
2.19169 1
3.9844 1
3.31447 1
3.34101 1
3.49528 1
1.23521 1
2.99612 1
2.14695 1
1.38397 1
1.79857 1
5.06518 1
0.641746 1
1.25423 1
1.70253 1
2.95687 1
3.62764 1
3.3519 1
2.33684 1
2.75382 1
3.84808 1
3.8312 1
5.93188 1
1.57731 1
2.29328 1
3.04273 1
7.566 1
4.0969 1
2.27296 1
3.56594 1
3.50534 1
2.63062 1
3.37329 1
4.34127 1
2.01169 1
8.01605 1
2.80258 1
2.69376 1
3.91625 1
3.28581 1
4.96718 1
0.404368 1
5.04459 1
0.795438 1
2.75454 1
2.61829 1
6.67116 1
6.4157 1
0.406427 1
3.76723 1
3.57915 1
4.51455 1
5.45244 1
4.17528 1
1.44243 1
-0.264019 1
3.06318 1
7.05039 1
3.91715 1
3.75847 1
3.22062 1
5.30892 1
5.69496 1
3.68539 1
4.52286 1
3.13766 1
4.40889 1
1.81709 1
0.718494 1
3.98715 1
1.823 1
0.197451 1
3.09542 1
1.61642 1
1.98631 1
1.91928 1
5.41071 1
3.5272 1
3.08916 1
0.300308 1
2.86554 1
3.05282 1
3.81743 1
0.686886 1
1.01065 1
1.84764 1
7.04299 1
4.90175 1
0.468754 1
1.36195 1
5.51803 1
4.45096 1
4.4308 1
3.5218 1
1.49366 1
6.6982 1
3.1704 1
0.770917 1
2.49012 1
3.23379 1
6.02236 1
4.55336 1
0.54702 1
3.44658 1
0.67355 1
3.26217 1
4.05191 1
2.64 1
8.28743 1
1.87986 1
3.66619 1
4.30407 1
2.66411 1
3.24239 1
8.62417 1
4.36011 1
1.8183 1
8.3169 1
2.07998 1
2.79885 1
-0.907734 1
7.87162 1
1.58368 1
2.79851 1
6.34287 1
2.18946 1
3.53504 1
4.15737 1
4.90191 1
3.2811 1
1.46031 1
3.44267 1
4.68446 1
2.987 1
1.38691 1
8.1378 1
5.26939 1
3.33132 1
2.4491 1
5.45395 1
2.23122 1
2.2643 1
6.17899 1
3.42647 1
4.72843 1
2.65655 1
9.23744 1
3.05329 1
5.27756 1
3.45226 1
2.68047 1
1.43308 1
3.89657 1
2.42169 1
-2.53684 1
5.91354 1
2.46156 1
0.281014 1
3.58194 1
5.93895 1
1.03659 1
10.0174 1
2.47555 1
2.50943 1
3.02975 1
5.96821 1
0.936096 1
3.71148 1
0.922627 1
5.77567 1
3.11917 1
2.70662 1
3.57817 1
5.34085 1
3.1297 1
3.2478 1
3.08562 1
1.76599 1
9.06554 1
3.0288 1
2.31009 1
6.98674 1
4.23785 1
5.00325 1
0.11483 1
3.35012 1
3.40065 1
4.63799 1
3.77392 1
0.265782 1
3.57806 1
0.530325 1
0.932016 1
-0.378575 1
2.88428 1
2.70097 1
4.56266 1
3.64933 1
2.63058 1
1.79679 1
1.39265 1
4.20508 1
2.43263 1
3.42639 1
1.53545 1
5.2046 1
4.60061 1
4.46091 1
4.11679 1
4.55238 1
5.97074 1
2.79006 1
6.90738 1
0.350146 1
3.26592 1
3.13108 1
0.0955841 1
-0.718419 1
2.74816 1
4.01804 1
2.80117 1
1.61278 1
1.56334 1
2.04656 1
4.30711 1
0.836377 1
2.71441 1
3.08561 1
4.90864 1
2.70669 1
5.26249 1
5.35487 1
3.17835 1
2.47377 1
0.953795 1
3.89075 1
4.11168 1
4.08491 1
4.41143 1
4.63492 1
3.64613 1
4.05434 1
2.44478 1
3.29115 1
7.12964 1
1.77015 1
2.33677 1
1.82019 1
6.56422 1
4.74965 1
5.87322 1
0.67363 1
0.331243 1
2.0554 1
5.06972 1
6.98705 1
0.72143 1
5.14922 1
4.82154 1
3.72854 1
-0.41404 1
7.05804 1
2.33589 1
4.19946 1
2.9206 1
3.49631 1
1.64953 1
6.06421 1
2.82075 1
5.19991 1
-0.0285197 1
2.11833 1
2.76496 1
1.62529 1
3.22265 1
2.64266 1
2.06828 1
4.22651 1
2.62803 1
5.51668 1
2.65595 1
3.58819 1
-0.409582 1
1.89329 1
2.85958 1
4.54211 1
4.60999 1
3.79318 1
2.05937 1
4.8667 1
7.21288 1
3.65479 1
0.514724 1
1.94953 1
2.04481 1
2.7679 1
1.36567 1
6.90594 1
3.92415 1
6.19347 1
3.38708 1
6.338 1
0.880144 1
3.34967 1
3.91243 1
2.3215 1
5.46803 1
4.17286 1
5.21923 1
3.19539 1
4.18342 1
-0.0900372 1
0.576538 1
1.95181 1
3.08789 1
1.67655 1
3.90344 1
1.27725 1
3.30824 1
1.78592 1
5.90872 1
2.71765 1
5.4863 1
0.539083 1
4.19871 1
4.33131 1
3.84578 1
2.68324 1
2.4871 1
0.353819 1
3.84819 1
2.54872 1
1.53112 1
6.69103 1
3.65184 1
5.62045 1
2.96328 1
1.98218 1
3.57471 1
0.902712 1
1.91933 1
2.22129 1
3.3364 1
5.23387 1
3.27601 1
3.48614 1
4.62448 1
1.31736 1
2.43309 1
4.87463 1
1.19073 1
1.05719 1
1.5099 1
1.55986 1
0.470583 1
1.34962 1
8.97312 1
0.263514 1
4.45807 1
2.9352 1
2.661 1
5.80306 1
4.99067 1
2.73673 1
5.79117 1
3.89681 1
6.72198 1
3.945 1
4.5506 1
-0.404302 1
2.7769 1
1.59742 1
2.17307 1
3.97471 1
3.1629 1
3.27678 1
1.2891 1
1.52006 1
5.8357 1
4.55114 1
3.0747 1
2.14769 1
-0.086135 1
4.9641 1
6.03129 1
3.6498 1
4.59677 1
3.04983 1
2.76723 1
5.71896 1
2.29852 1
3.39099 1
6.31864 1
4.83271 1
3.89149 1
4.90041 1
2.43217 1
2.04073 1
2.15615 1
2.00301 1
4.93034 1
4.20725 1
0.429967 1
2.66712 1
-0.0461871 1
1.48657 1
5.26761 1
2.41317 1
1.17445 1
1.24541 1
-0.179461 1
1.25053 1
2.23834 1
1.73725 1
4.41456 1
4.55203 1
5.71299 1
6.04825 1
4.13452 1
2.1086 1
5.18842 1
5.84201 1
1.89281 1
3.04458 1
1.30272 1
2.36394 1
0.468078 1
4.64377 1
2.73321 1
0.525681 1
3.65593 1
6.93027 1
1.42467 1
5.85475 1
7.73435 1
4.51297 1
2.26636 1
3.34292 1
6.04919 1
1.24071 1
3.98007 1
1.64867 1
7.73405 1
7.09973 1
-0.440753 1
5.64829 1
4.00821 1
3.35224 1
1.41451 1
2.79241 1
3.08113 1
4.18388 1
7.57484 1
6.70975 1
4.35336 1
1.40785 1
2.58003 1
3.56931 1
2.09607 1
4.63766 1
2.40342 1
2.0364 1
1.00629 1
10.1323 1
-0.739874 1
2.48193 1
1.74057 1
6.16267 1
2.18442 1
-0.278383 1
1.32152 1
2.58848 1
5.73541 1
3.25854 1
2.29404 1
5.31454 1
3.42616 1
0.136046 1
2.17043 1
7.85022 1
0.0247188 1
2.99438 1
4.08286 1
5.24294 1
5.54914 1
2.37988 1
4.02665 1
4.79609 1
4.78369 1
2.89182 1
1.24577 1
3.90044 1
0.578695 1
3.14976 1
5.08849 1
3.21658 1
-0.0501215 1
2.01181 1
4.04842 1
3.64411 1
2.46946 1
1.09785 1
5.15851 1
5.12488 1
0.308476 1
2.95397 1
3.68873 1
2.51177 1
5.36302 1
1.33711 1
3.52634 1
1.24519 1
4.16864 1
3.91752 1
3.98383 1
3.64525 1
1.36055 1
3.95588 1
2.86833 1
4.0643 1
1.7906 1
3.75501 1
3.09675 1
4.58629 1
1.24809 1
2.76253 1
3.0612 1
5.38833 1
6.35673 1
1.7609 1
2.7428 1
1.66574 1
5.29682 1
0.560494 1
7.1398 1
3.55551 1
3.92389 1
1.1618 1
3.15482 1
1.29552 1
3.24348 1
2.72557 1
3.36593 1
2.90865 1
3.79169 1
5.80973 1
4.22118 1
5.27643 1
1.81196 1
4.52795 1
1.91687 1
3.10692 1
3.18047 1
1.70478 1
3.29355 1
3.54324 1
2.63891 1
0.495888 1
3.7188 1
2.17738 1
3.70252 1
2.67548 1
2.94435 1
1.9696 1
-0.541294 1
2.1702 1
3.01727 1
2.65188 1
2.71999 1
3.66022 1
-0.223832 1
6.00777 1
3.15872 1
1.08066 1
3.66621 1
0.165709 1
6.68178 1
3.45991 1
5.87673 1
6.58624 1
2.7059 1
0.942153 1
0.627199 1
4.32068 1
0.262991 1
2.27881 1
0.846974 1
4.01788 1
2.60434 1
3.05089 1
7.69428 1
5.16957 1
3.3199 1
7.46843 1
2.99456 1
2.50442 1
5.54323 1
2.84321 1
5.17801 1
6.42476 1
4.34689 1
5.77067 1
4.91922 1
-1.47119 1
6.63848 1
5.24501 1
4.59685 1
5.70046 1
4.41715 1
0.769161 1
1.16085 1
6.80251 1
3.83147 1
5.12594 1
1.37439 1
2.1125 1
4.28164 1
2.3396 1
0.874637 1
1.04098 1
4.75007 1
3.48669 1
1.78807 1
4.59018 1
2.37326 1
0.234389 1
3.1486 1
2.79368 1
2.99733 1
1.5657 1
1.96591 1
5.6551 1
3.66952 1
1.72617 1
1.51494 1
3.63075 1
1.41202 1
2.33513 1
1.2568 1
2.60473 1
1.55492 1
3.42616 1
1.52549 1
5.79865 1
4.92262 1
4.92155 1
5.08917 1
4.18517 1
1.49369 1
2.66184 1
3.66293 1
7.73846 1
6.59814 1
6.31499 1
8.33445 1
2.61068 1
0.606421 1
4.54551 1
0.791344 1
4.32533 1
3.30937 1
2.87029 1
3.17606 1
2.194 1
5.99969 1
0.898135 1
3.46113 1
5.69132 1
4.78637 1
1.75507 1
0.484996 1
2.88438 1
6.49929 1
0.0758752 1
5.22718 1
1.03454 1
1.17803 1
1.92774 1
6.45989 1
0.770689 1
-0.709193 1
1.66614 1
5.66642 1
4.26141 1
3.61222 1
6.25104 1
8.10813 1
3.62023 1
2.95692 1
2.90379 1
2.50438 1
1.06005 1
5.82692 1
5.38819 1
1.36249 1
3.56265 1
2.21895 1
8.08931 1
5.28817 1
0.733288 1
3.49037 1
5.13285 1
1.79348 1
1.37114 1
1.67525 1
5.45352 1
2.65404 1
1.57769 1
2.13228 1
1.30962 1
2.90426 1
4.17048 1
1.04701 1
0.604997 1
4.39431 1
2.28178 1
2.56258 1
1.94451 1
1.32131 1
6.54936 1
4.94516 1
2.66554 1
4.01204 1
7.30475 1
2.24648 1
2.47221 1
1.48743 1
3.38887 1
5.50691 1
0.980879 1
2.29151 1
1.97279 1
-0.280276 1
6.20045 1
4.62405 1
1.19163 1
4.10529 1
4.42395 1
4.89857 1
2.60395 1
4.95012 1
0.763396 1
3.20973 1
7.8534 1
7.59941 1
3.14574 1
2.81541 1
4.40835 1
1.70437 1
5.18305 1
5.79486 1
3.72748 1
1.30761 1
5.5891 1
4.21263 1
4.43702 1
1.69005 1
2.70706 1
2.72209 1
3.82033 1
6.85956 1
-0.416086 1
2.90677 1
1.99992 1
3.48255 1
3.75131 1
1.74422 1
1.35608 1
0.651042 1
3.58303 1
3.73449 1
2.11435 1
4.89069 1
1.73145 1
1.07743 1
4.60727 1
1.41525 1
2.85451 1
2.30394 1
1.97711 1
1.41042 1
1.07276 1
2.99724 1
3.78944 1
3.65597 1
4.98281 1
2.19513 1
0.531272 1
3.07661 1
4.20738 1
1.04079 1
1.52843 1
1.45677 1
2.48404 1
5.41009 1
3.67279 1
0.880506 1
0.312124 1
2.98625 1
2.58741 1
2.65347 1
3.81738 1
4.1107 1
2.56634 1
6.57327 1
5.75169 1
4.21197 1
1.96572 1
6.58367 1
1.31346 1
5.15998 1
5.86593 1
0.914175 1
3.26861 1
7.3661 1
3.80407 1
2.22651 1
6.07885 1
1.38932 1
4.25085 1
5.47094 1
4.95248 1
4.16491 1
3.68726 1
3.02451 1
1.11813 1
4.71841 1
3.74057 1
3.41927 1
4.43829 1
2.12266 1
5.27186 1
5.98081 1
5.13473 1
3.46728 1
4.72303 1
1.37743 1
3.0715 1
3.32477 1
5.43508 1
0.634878 1
2.94158 1
2.493 1
2.97552 1
1.29009 1
5.41968 1
-0.0385797 1
3.95916 1
1.92437 1
3.30478 1
2.63656 1
5.07667 1
3.58547 1
3.86353 1
3.05948 1
1.79646 1
4.46169 1
1.83603 1
2.32093 1
3.16272 1
5.20637 1
3.51001 1
3.06708 1
7.91272 1
5.57531 1
4.36877 1
3.85499 1
1.77559 1
6.07477 1
5.14593 1
1.75288 1
6.00193 1
-0.00177915 1
3.97106 1
2.77653 1
2.71157 1
2.31563 1
6.52248 1
3.00614 1
3.92387 1
3.38902 1
6.11001 1
0.916977 1
2.97158 1
2.62019 1
0.556081 1
0.884674 1
6.27901 1
2.18568 1
2.83857 1
1.47106 1
7.39325 1
-0.763878 1
2.51327 1
3.93404 1
1.86032 1
3.10208 1
0.212074 1
-0.0334716 1
1.99537 1
0.122077 1
5.11442 1
4.07825 1
5.11525 1
2.68853 1
4.77541 1
2.98933 1
5.99392 1
1.86732 1
4.31637 1
3.13158 1
1.74643 1
1.48015 1
4.06922 1
5.74193 1
5.21741 1
3.98277 1
5.47742 1
3.70495 1
3.63341 1
6.74775 1
1.2768 1
1.71006 1
1.87045 1
3.33857 1
3.47647 1
5.76063 1
7.3165 1
1.52912 1
2.59015 1
4.85563 1
2.87596 1
4.46345 1
4.1202 1
3.74071 1
0.374007 1
1.78583 1
2.67585 1
2.23732 1
3.67201 1
0.393458 1
4.26577 1
1.34842 1
1.69033 1
7.35464 1
6.21582 1
1.03284 1
0.48952 1
5.32656 1
3.16845 1
4.97842 1
3.294 1
4.58532 1
4.00333 1
2.2512 1
2.99093 1
1.68978 1
5.73847 1
4.27697 1
4.40842 1
1.37903 1
2.78784 1
3.01803 1
2.38134 1
-0.93332 1
5.03335 1
2.88013 1
2.15909 1
5.76448 1
3.74899 1
3.54334 1
5.86513 1
1.2955 1
7.89711 1
6.69202 1
1.34013 1
3.02112 1
2.38586 1
8.86245 1
2.74501 1
5.80416 1
1.08897 1
2.61015 1
2.78454 1
2.04216 1
0.98969 1
2.8307 1
4.5049 1
3.48633 1
3.39012 1
2.83674 1
3.57911 1
1.55901 1
1.538 1
2.19099 1
1.43919 1
2.32456 1
4.44664 1
4.7093 1
5.1045 1
5.21939 1
3.74313 1
9.76968 1
3.2587 1
0.438748 1
6.42736 1
1.90282 1
4.21009 1
3.15951 1
1.56817 1
2.09478 1
5.06935 1
1.97196 1
0.623997 1
1.15188 1
1.82533 1
1.78597 1
5.22673 1
1.61874 1
4.09094 1
2.71551 1
1.78061 1
3.21355 1
6.00422 1
2.3988 1
3.40633 1
4.08174 1
4.82675 1
3.98269 1
3.92824 1
0.954485 1
3.58244 1
3.19173 1
4.73252 1
2.72702 1
4.38029 1
1.95587 1
4.22312 1
1.6856 1
2.92962 1
4.96036 1
1.57936 1
3.40272 1
0.489922 1
4.95753 1
2.86417 1
8.12937 1
5.83575 1
1.66333 1
2.82312 1
5.12966 1
3.39239 1
5.63567 1
1.24278 1
7.52387 1
0.9946 1
5.97953 1
0.131502 1
7.00449 1
1.21376 1
3.12832 1
4.93575 1
2.51436 1
2.7622 1
5.92628 1
2.23519 1
0.115709 1
2.67768 1
4.82973 1
3.30578 1
3.48826 1
1.00971 1
4.60841 1
2.98875 1
2.88153 1
2.08097 1
2.82025 1
1.45661 1
3.97545 1
1.8937 1
0.110059 1
4.46475 1
3.94439 1
8.06549 1
5.48042 1
-0.423964 1
3.24727 1
1.71229 1
1.31076 1
4.01434 1
4.40624 1
8.18931 1
4.20727 1
1.34465 1
1.63729 1
5.0123 1
3.25281 1
1.47684 1
1.60802 1
1.21591 1
1.11487 1
4.03981 1
2.2438 1
5.68831 1
4.35101 1
9.23458 1
3.15175 1
5.30489 1
3.42469 1
4.01104 1
7.33623 1
4.16918 1
4.65319 1
2.34232 1
3.95568 1
3.2269 1
2.81087 1
1.77277 1
8.40375 1
4.45516 1
2.0553 1
8.20673 1
2.50354 1
6.08574 1
2.70095 1
1.54348 1
1.79255 1
0.951419 1
1.42832 1
6.41151 1
8.22778 1
4.65897 1
1.21104 1
7.88161 1
2.38643 1
5.11051 1
1.30841 1
-2.03159 1
0.735043 1
2.13584 1
6.37516 1
4.15879 1
2.38938 1
2.66638 1
5.51706 1
4.11088 1
3.29579 1
6.43286 1
6.15087 1
2.32057 1
1.53394 1
2.79739 1
3.48364 1
1.66214 1
1.11453 1
4.94446 1
0.222436 1
4.51686 1
0.607341 1
0.738458 1
3.00477 1
3.09592 1
4.41749 1
1.26773 1
3.26359 1
1.07457 1
7.49661 1
4.95752 1
2.28638 1
7.46339 1
3.30056 1
2.43582 1
3.75887 1
1.40242 1
7.48237 1
-0.00477941 1
5.8296 1
4.83254 1
3.1518 1
3.43402 1
4.44132 1
0.640782 1
3.98061 1
3.84327 1
4.88049 1
0.785792 1
3.12358 1
1.98776 1
2.85011 1
0.529473 1
2.71174 1
4.22177 1
4.18202 1
1.13728 1
2.15424 1
4.23176 1
-0.544309 1
5.74774 1
4.03625 1
3.22978 1
4.06461 1
5.38217 1
5.15077 1
4.86935 1
2.76847 1
2.01474 1
3.20147 1
3.22325 1
3.42904 1
3.13869 1
1.40404 1
2.32291 1
3.98897 1
2.90483 1
2.8833 1
4.44636 1
8.6669 1
3.57202 1
6.53513 1
0.131828 1
2.29216 1
5.8825 1
4.15059 1
4.48681 1
3.39421 1
5.48569 1
3.51703 1
3.93285 1
4.2684 1
1.91546 1
3.06584 1
4.80438 1
3.00953 1
4.24104 1
4.26893 1
4.18295 1
4.58016 1
3.53154 1
3.01063 1
2.55639 1
-0.038995 1
3.36837 1
5.40899 1
2.74322 1
2.19985 1
1.72588 1
1.83005 1
5.59715 1
3.83686 1
4.03877 1
1.74653 1
2.81071 1
3.81799 1
2.83676 1
1.67567 1
3.22258 1
3.52415 1
4.42232 1
2.07691 1
1.88889 1
5.20322 1
5.34337 1
9.24694 1
6.103 1
1.97244 1
0.0326331 1
2.48154 1
1.40725 1
6.44288 1
1.44394 1
3.43115 1
4.85337 1
3.22731 1
1.99402 1
3.23452 1
1.6964 1
-0.137261 1
4.43269 1
8.38476 1
3.51849 1
8.67174 1
3.67225 1
5.07267 1
1.46142 1
2.76783 1
2.61317 1
7.07286 1
1.89398 1
-2.28626 1
2.83924 1
3.34368 1
1.86917 1
4.39143 1
3.50602 1
2.64718 1
3.2949 1
1.88264 1
3.57799 1
5.85662 1
1.90016 1
2.72826 1
1.08594 1
0.663379 1
1.63872 1
6.4679 1
0.983101 1
4.67023 1
3.77953 1
1.63641 1
1.41391 1
1.0013 1
7.41778 1
1.93528 1
2.66037 1
1.75722 1
2.06297 1
4.98358 1
9.14603 1
2.47762 1
3.65942 1
5.01788 1
1.48364 1
3.64654 1
8.11144 1
0.0610921 1
4.0821 1
1.4778 1
2.95457 1
2.79656 1
4.09081 1
2.25909 1
6.94456 1
1.03688 1
1.15737 1
4.20564 1
2.96515 1
4.48438 1
4.55154 1
2.29392 1
6.0801 1
2.16432 1
5.81467 1
-0.607386 1
2.69335 1
4.49477 1
2.76498 1
6.66988 1
7.58944 1
5.30762 1
6.48086 1
4.20372 1
2.92039 1
2.21524 1
4.81005 1
2.18732 1
5.24295 1
3.17446 1
8.86719 1
3.79916 1
3.13942 1
3.01806 1
2.25038 1
6.03283 1
7.36684 1
1.42447 1
5.84731 1
1.81637 1
8.13137 1
2.24552 1
1.6077 1
2.60442 1
1.51288 1
9.0784 1
5.07529 1
2.80155 1
3.39464 1
4.10267 1
2.17669 1
6.11183 1
1.64073 1
2.15564 1
4.49907 1
1.25861 1
3.07175 1
3.25742 1
0.2741 1
1.96891 1
3.57091 1
4.9878 1
2.39414 1
4.97576 1
2.58137 1
0.0853786 1
3.52396 1
2.96039 1
3.24691 1
0.683276 1
1.773 1
7.13886 1
3.04809 1
3.98843 1
3.52171 1
1.8285 1
1.03295 1
2.49906 1
6.86643 1
5.31864 1
5.64971 1
5.40167 1
2.44195 1
4.68692 1
6.75447 1
4.79386 1
2.73674 1
4.41859 1
7.96767 1
4.05579 1
5.04474 1
4.6996 1
3.51228 1
4.02586 1
2.91775 1
5.70053 1
4.92635 1
2.66337 1
2.44616 1
1.01907 1
6.85799 1
-0.101137 1
3.53796 1
6.05073 1
4.62693 1
3.49079 1
4.7065 1
4.2702 1
1.94212 1
4.69698 1
4.96862 1
0.971287 1
2.45863 1
3.31928 1
4.21345 1
0.908276 1
0.838121 1
4.03587 1
2.8456 1
0.655681 1
7.66725 1
3.72912 1
1.2963 1
2.01644 1
1.67252 1
7.94551 1
2.65856 1
1.20938 1
5.90284 1
3.31352 1
3.46253 1
4.04948 1
1.08766 1
0.517491 1
2.87366 1
3.33462 1
3.59404 1
1.61055 1
0.914061 1
3.01247 1
2.55259 1
2.43156 1
3.36654 1
4.99775 1
5.89384 1
7.80765 1
7.27638 1
2.41564 1
4.84614 1
4.30415 1
0.730521 1
3.71604 1
6.94477 1
1.00693 1
3.10412 1
4.15412 1
7.34304 1
1.32219 1
1.88995 1
2.05002 1
5.28534 1
4.81865 1
7.36244 1
4.52003 1
0.680934 1
3.10571 1
4.32377 1
6.8771 1
3.38826 1
5.91904 1
4.63666 1
3.29895 1
3.64965 1
6.33201 1
2.10668 1
1.42678 1
3.15148 1
5.29072 1
2.30836 1
6.07355 1
-0.152039 1
3.84352 1
1.31741 1
2.935 1
1.44199 1
4.02616 1
8.75333 1
4.69549 1
2.25633 1
4.13186 1
3.13067 1
3.18314 1
0.168007 1
4.87465 1
3.02796 1
4.05106 1
3.75238 1
4.47248 1
3.73741 1
6.72745 1
0.294157 1
3.93167 1
3.49278 1
2.25227 1
2.51577 1
2.30786 1
2.91026 1
1.7825 1
6.23357 1
6.5545 1
7.02174 1
0.598011 1
3.27232 1
2.52453 1
2.91626 1
5.21257 1
2.66924 1
2.01793 1
0.842619 1
5.81862 1
7.47525 1
2.72112 1
5.46623 1
3.47359 1
2.34002 1
0.0351987 1
4.14918 1
0.210156 1
0.86091 1
3.38349 1
4.24245 1
3.2234 1
3.23036 1
2.68488 1
1.55938 1
3.84558 1
5.35748 1
6.55572 1
5.13243 1
4.13986 1
-0.758175 1
5.61223 1
4.97898 1
1.79368 1
0.859892 1
5.89153 1
4.69812 1
4.68698 1
4.2963 1
2.38163 1
3.58942 1
9.39958 1
3.57566 1
2.51112 1
1.57656 1
3.02251 1
8.12203 1
3.71843 1
4.20559 1
1.93576 1
1.98894 1
3.80292 1
8.5055 1
2.69975 1
2.403 1
-1.1079 1
3.62588 1
3.6166 1
3.60413 1
0.239186 1
0.45943 1
4.33968 1
5.69727 1
4.36566 1
0.74707 1
2.6637 1
3.79596 1
2.64705 1
2.72011 1
3.29558 1
3.86986 1
2.29065 1
4.64218 1
6.87121 1
6.44419 1
1.70448 1
6.40698 1
1.21816 1
0.546119 1
2.48612 1
5.05602 1
4.41771 1
1.90062 1
0.582172 1
4.64297 1
3.05613 1
2.91865 1
6.03393 1
5.12164 1
1.4846 1
8.15428 1
5.74958 1
3.50186 1
4.28787 1
5.50583 1
4.65421 1
4.4753 1
2.24811 1
4.41163 1
7.66587 1
2.40147 1
2.1603 1
2.08112 1
3.80865 1
4.03694 1
2.31179 1
4.96216 1
0.916659 1
1.4435 1
2.0982 1
1.06187 1
2.07466 1
3.10672 1
2.99302 1
4.03182 1
1.8475 1
0.28859 1
4.83213 1
1.17497 1
2.97702 1
3.36137 1
1.73218 1
4.96012 1
-0.799072 1
2.299 1
2.59191 1
4.30881 1
3.91701 1
4.71546 1
3.15599 1
4.39298 1
3.57519 1
2.66781 1
4.1868 1
4.89613 1
0.349021 1
2.94654 1
2.9436 1
6.84907 1
1.65221 1
-0.194165 1
4.88783 1
3.91275 1
-0.0135674 1
-0.981346 1
4.36614 1
3.7328 1
4.95115 1
4.06378 1
1.92902 1
0.89484 1
1.38063 1
5.97705 1
4.72094 1
4.44939 1
0.246936 1
6.51472 1
2.22178 1
1.00172 1
5.10561 1
3.56189 1
3.41343 1
1.52033 1
4.7222 1
5.1728 1
6.85229 1
2.35433 1
3.32027 1
4.84 1
2.43102 1
3.88493 1
1.08345 1
4.53648 1
3.34141 1
0.874244 1
4.4899 1
0.96826 1
4.95322 1
3.29779 1
1.85056 1
2.37642 1
1.65928 1
4.52429 1
3.16675 1
5.22932 1
2.63884 1
4.2957 1
5.20893 1
2.86871 1
8.5245 1
3.86319 1
2.75966 1
0.304613 1
5.32343 1
2.33189 1
2.0477 1
1.78562 1
2.72083 1
1.98229 1
3.62072 1
2.7161 1
1.44712 1
4.32711 1
0.997702 1
6.99615 1
3.03039 1
2.48122 1
0.688999 1
-0.110484 1
4.91786 1
2.92089 1
0.841372 1
7.04572 1
5.13526 1
4.55886 1
1.88642 1
3.83229 1
0.444315 1
6.85591 1
3.01854 1
2.62752 1
2.03177 1
2.86995 1
2.97037 1
1.60464 1
0.752486 1
3.01356 1
4.82967 1
3.36475 1
3.56239 1
4.96775 1
4.82271 1
3.43225 1
2.21668 1
3.37979 1
4.17754 1
0.184944 1
2.90719 1
6.05062 1
5.35939 1
2.20969 1
1.58236 1
5.74515 1
1.01316 1
2.54503 1
0.0335591 1
1.463 1
2.41916 1
3.41285 1
5.06461 1
8.37084 1
1.11301 1
5.8568 1
8.06163 1
4.90796 1
3.53777 1
2.09134 1
3.8219 1
0.731073 1
5.05434 1
3.50454 1
7.30942 1
2.6885 1
4.65456 1
5.37802 1
1.1407 1
7.73249 1
5.6219 1
5.11257 1
2.60883 1
4.98829 1
2.36405 1
4.6735 1
4.59187 1
1.23955 1
1.7571 1
0.612942 1
1.41615 1
5.92189 1
6.95514 1
1.34917 1
0.949308 1
4.06404 1
3.62156 1
2.97417 1
7.15432 1
0.526647 1
2.94322 1
2.27878 1
8.61252 1
3.14411 1
2.36049 1
7.12218 1
8.1283 1
7.94802 1
0.986044 1
0.372105 1
3.24935 1
4.05327 1
2.7719 1
2.61073 1
3.7666 1
9.30342 1
2.61211 1
5.06006 1
2.30032 1
8.81677 1
7.29495 1
-0.0216217 1
1.77771 1
1.88213 1
5.09941 1
5.73064 1
1.57678 1
1.21192 1
3.99757 1
3.46888 1
2.35429 1
0.510101 1
1.12899 1
1.79984 1
5.152 1
2.57909 1
4.30905 1
5.01812 1
4.47805 1
2.75804 1
7.47949 1
1.85492 1
2.00055 1
2.26375 1
6.80126 1
3.12491 1
2.15738 1
4.29618 1
5.31214 1
6.3764 1
3.30127 1
4.89021 1
1.9147 1
4.42847 1
2.21778 1
0.0580005 1
5.1684 1
6.90197 1
2.584 1
3.74938 1
3.13287 1
3.71618 1
1.06107 1
3.92733 1
2.21225 1
8.98908 1
1.82291 1
5.47053 1
2.27047 1
3.84813 1
5.40411 1
6.53344 1
2.48101 1
3.24639 1
2.55065 1
1.61084 1
2.51258 1
2.66269 1
4.52586 1
0.883659 1
4.28478 1
4.53998 1
1.08853 1
2.48377 1
1.2529 1
3.49483 1
3.09369 1
5.85592 1
3.99036 1
4.9471 1
4.30048 1
2.65929 1
7.29606 1
8.09135 1
4.12146 1
1.12894 1
2.8941 1
2.76738 1
4.56558 1
0.403677 1
5.14778 1
3.76421 1
4.67847 1
2.44749 1
4.15663 1
7.52877 1
1.53839 1
3.89486 1
2.56856 1
6.38502 1
0.155979 1
4.24747 1
0.960983 1
1.58745 1
3.90687 1
3.7225 1
3.21529 1
0.621968 1
5.15666 1
0.387535 1
0.667459 1
7.11896 1
1.6456 1
3.84555 1
1.46259 1
0.157202 1
4.44709 1
2.19351 1
3.84487 1
5.15074 1
3.8525 1
2.53132 1
3.13595 1
4.08717 1
2.1955 1
4.6166 1
2.19668 1
2.28963 1
2.16545 1
5.27271 1
3.90589 1
5.43468 1
2.93155 1
2.18724 1
2.30719 1
4.95154 1
5.30605 1
2.27208 1
3.51541 1
3.36318 1
6.0899 1
2.76738 1
3.0151 1
1.92587 1
0.719945 1
5.43478 1
1.9282 1
3.65545 1
6.34769 1
2.68296 1
0.419717 1
3.7843 1
2.8517 1
6.79704 1
4.20785 1
6.32032 1
5.6907 1
3.96991 1
2.96842 1
2.56671 1
3.17628 1
2.42726 1
1.88481 1
1.65567 1
5.31694 1
1.06831 1
1.58872 1
1.79238 1
4.28064 1
5.12613 1
1.48227 1
6.2299 1
1.02722 1
2.05469 1
3.33903 1
3.94326 1
1.723 1
-0.16146 1
2.68423 1
3.21118 1
2.29635 1
3.47569 1
4.27994 1
1.82271 1
3.07145 1
8.08746 1
2.21535 1
3.2767 1
4.70794 1
5.6122 1
6.0206 1
1.77429 1
3.30296 1
2.17019 1
2.70487 1
4.1523 1
4.98186 1
3.29651 1
6.5413 1
5.31747 1
2.04571 1
2.19591 1
3.37131 1
5.35443 1
0.955626 1
0.244504 1
-0.470106 1
1.0705 1
5.16093 1
0.589082 1
1.82553 1
4.76155 1
3.24 1
5.10027 1
6.00401 1
1.69308 1
6.57606 1
0.911516 1
7.4901 1
4.2182 1
1.94022 1
5.34334 1
1.30926 1
-0.226094 1
4.71319 1
5.21358 1
3.56953 1
1.99386 1
3.8254 1
1.73947 1
3.03327 1
5.10009 1
1.71193 1
0.734096 1
2.04847 1
0.440929 1
2.23655 1
4.53177 1
2.66401 1
3.85523 1
2.92087 1
3.48754 1
5.54539 1
0.869303 1
0.466091 1
2.53162 1
4.52178 1
5.73638 1
2.08168 1
3.0315 1
5.07618 1
0.56417 1
3.89646 1
5.44691 1
1.38003 1
3.45229 1
6.35929 1
1.98212 1
1.6725 1
4.84431 1
2.44066 1
1.08905 1
4.00563 1
4.20038 1
2.86297 1
3.67097 1
4.89201 1
3.2415 1
4.03456 1
4.27541 1
3.19922 1
1.47076 1
0.545753 1
3.18911 1
3.80156 1
5.77301 1
5.45923 1
2.97739 1
3.47315 1
3.82335 1
1.89721 1
4.29414 1
4.14318 1
1.65989 1
3.38937 1
3.11454 1
4.21295 1
6.5882 1
6.9085 1
3.6573 1
0.344154 1
3.88931 1
3.16828 1
1.78136 1
1.51473 1
4.52724 1
0.369366 1
2.97801 1
4.4602 1
0.806017 1
2.19716 1
3.53528 1
3.63855 1
2.62221 1
1.18142 1
3.25559 1
8.67807 1
2.18282 1
5.95274 1
3.95609 1
1.15216 1
4.85277 1
2.72431 1
4.72813 1
1.35214 1
3.4765 1
6.39755 1
1.15972 1
2.40309 1
1.70345 1
5.44556 1
4.15779 1
6.67828 1
0.995943 1
6.7235 1
1.87884 1
6.258 1
2.99567 1
3.35584 1
3.58071 1
4.40665 1
1.77234 1
4.64172 1
3.01592 1
6.61269 1
7.16143 1
0.542143 1
1.49824 1
3.48595 1
2.35882 1
9.77333 1
0.831834 1
7.23623 1
5.78555 1
3.49996 1
-0.692054 1
3.71836 1
-1.60639 1
5.83156 1
1.30462 1
8.00462 1
5.81361 1
2.8372 1
4.26578 1
4.32481 1
2.29209 1
6.95568 1
3.59541 1
3.29941 1
1.73306 1
0.371898 1
6.00522 1
1.42883 1
6.47445 1
3.59973 1
8.54014 1
-0.324757 1
4.61378 1
0.170913 1
5.07602 1
2.05632 1
2.24082 1
3.23536 1
5.92912 1
4.49449 1
-0.574912 1
4.29345 1
1.24102 1
6.61994 1
3.12632 1
3.21944 1
3.01541 1
4.85385 1
4.10489 1
5.78825 1
2.40086 1
2.4025 1
1.46483 1
1.47713 1
4.48422 1
4.11914 1
3.91132 1
3.06889 1
0.662846 1
2.60355 1
0.933083 1
0.13371 1
-0.0988732 1
3.77725 1
2.06032 1
4.89811 1
1.94548 1
1.38462 1
3.12929 1
4.84136 1
1.81639 1
1.50332 1
3.36883 1
5.32784 1
4.38206 1
2.92435 1
5.46092 1
3.97524 1
3.11993 1
0.736348 1
4.56926 1
1.59581 1
3.23427 1
2.70716 1
2.72392 1
4.66319 1
1.91102 1
1.94032 1
9.35327 1
0.0562672 1
7.92404 1
2.87926 1
3.8282 1
2.61549 1
1.94659 1
4.1243 1
8.21855 1
2.84238 1
6.36602 1
5.36409 1
5.76416 1
4.06066 1
2.25439 1
4.81867 1
2.79425 1
-0.109087 1
5.20838 1
0.0280639 1
2.64081 1
3.05783 1
2.84466 1
2.63776 1
5.64597 1
4.87987 1
1.23837 1
6.32319 1
2.99808 1
2.33714 1
1.9794 1
2.6616 1
0.0149375 1
1.3926 1
1.19356 1
9.82459 1
2.28786 1
1.33888 1
2.24014 1
3.57437 1
1.07666 1
1.91868 1
2.66472 1
0.292647 1
4.22692 1
5.01621 1
1.83843 1
3.85862 1
3.8951 1
4.67032 1
2.31939 1
4.66794 1
4.02096 1
2.27107 1
0.953241 1
2.90456 1
0.927221 1
1.81634 1
1.11063 1
1.97672 1
3.84787 1
2.48947 1
0.78664 1
5.15772 1
1.34727 1
3.54432 1
1.27783 1
4.83401 1
4.65546 1
1.71965 1
3.24492 1
2.82573 1
5.02248 1
1.03055 1
5.05227 1
3.17892 1
1.3879 1
2.60672 1
2.08625 1
3.74929 1
0.126375 1
1.38958 1
3.46923 1
1.03435 1
4.10096 1
1.16228 1
1.80283 1
2.30774 1
7.57308 1
0.872036 1
7.91376 1
2.40184 1
2.13143 1
4.27158 1
7.28139 1
0.0692549 1
0.635947 1
1.36134 1
1.16258 1
2.99755 1
3.58195 1
1.89366 1
6.30251 1
2.57936 1
4.3044 1
5.17589 1
2.356 1
1.77406 1
2.19179 1
4.1733 1
1.4838 1
1.95653 1
3.7197 1
3.88194 1
2.13799 1
3.56127 1
5.81789 1
6.70813 1
3.92868 1
5.77168 1
7.39221 1
6.45523 1
3.32846 1
3.38469 1
1.02054 1
1.58115 1
2.72638 1
3.09309 1
3.65705 1
3.51936 1
0.818419 1
2.90375 1
3.06457 1
3.36209 1
4.87685 1
2.40684 1
1.89968 1
6.56101 1
2.02398 1
2.74732 1
2.50781 1
3.45606 1
6.25307 1
4.2485 1
3.98536 1
0.343596 1
1.61626 1
1.97358 1
-0.180862 1
2.74604 1
3.63885 1
5.88624 1
3.54011 1
6.13018 1
4.6044 1
2.70329 1
8.32479 1
2.65476 1
6.19945 1
0.665397 1
5.13877 1
2.63887 1
0.933632 1
8.44185 1
5.09791 1
2.64753 1
2.28917 1
2.54729 1
5.40849 1
2.26476 1
2.66463 1
7.88817 1
3.98496 1
3.35327 1
3.41319 1
5.34565 1
0.61171 1
5.49576 1
1.83313 1
1.26085 1
10.9741 1
2.50834 1
5.1831 1
3.54292 1
4.14577 1
2.47939 1
3.94216 1
6.01491 1
3.18913 1
2.04077 1
4.33783 1
0.707527 1
5.20455 1
2.38452 1
2.16431 1
4.72427 1
1.47557 1
2.4816 1
1.76809 1
4.84942 1
4.96216 1
4.35319 1
4.12146 1
-0.0516511 1
2.34964 1
3.44671 1
1.73679 1
4.28341 1
7.18194 1
2.37456 1
3.64763 1
3.36386 1
4.1843 1
2.91934 1
1.54819 1
0.493968 1
6.55309 1
4.3367 1
5.30174 1
5.79505 1
1.65916 1
4.56553 1
6.61068 1
3.80171 1
2.20508 1
2.13964 1
3.21158 1
2.86412 1
4.43264 1
0.646424 1
4.50546 1
5.16445 1
2.28464 1
1.99671 1
1.95002 1
1.46735 1
4.99919 1
7.00172 1
6.02439 1
1.4043 1
2.44321 1
2.77191 1
5.16132 1
5.11601 1
0.861236 1
4.35142 1
4.38014 1
2.66826 1
2.4742 1
0.464236 1
3.20941 1
1.44624 1
3.06817 1
1.21771 1
-0.0598295 1
3.46994 1
4.83281 1
3.2888 1
4.05157 1
3.46017 1
5.04316 1
2.0276 1
5.29966 1
1.40383 1
4.25371 1
3.31399 1
2.80334 1
1.73732 1
4.36092 1
1.53404 1
1.87054 1
0.527132 1
0.499216 1
2.60082 1
1.34872 1
3.68754 1
3.72626 1
4.11732 1
5.30761 1
4.4352 1
0.866378 1
3.22818 1
2.92309 1
1.9749 1
4.79804 1
2.35976 1
8.25521 1
8.44698 1
5.37377 1
3.96693 1
3.08095 1
3.39881 1
1.87306 1
2.56893 1
1.1905 1
3.17214 1
1.302 1
6.06249 1
5.62996 1
6.71276 1
7.58846 1
8.48219 1
6.56667 1
-0.0483334 1
1.02309 1
3.19748 1
2.14944 1
2.35803 1
4.2338 1
1.04426 1
0.779465 1
2.5733 1
2.78803 1
2.32433 1
2.03383 1
4.16267 1
3.72603 1
4.6868 1
4.75292 1
4.63545 1
1.15283 1
4.82452 1
6.13424 1
3.20563 1
4.63664 1
7.26359 1
1.41252 1
2.79141 1
2.71021 1
5.906 1
0.478245 1
3.78517 1
8.54726 1
4.44846 1
3.92565 1
3.33014 1
3.22062 1
5.83844 1
6.06228 1
2.82769 1
2.44394 1
3.22322 1
4.96789 1
2.42635 1
3.21246 1
3.09432 1
1.89297 1
2.59905 1
5.7672 1
2.8007 1
0.392868 1
1.74095 1
4.49863 1
2.59785 1
3.14825 1
5.22896 1
7.17347 1
0.851756 1
0.630517 1
4.09535 1
6.3825 1
6.22639 1
0.996589 1
4.63583 1
2.90542 1
2.19773 1
10.2803 1
0.872601 1
4.38063 1
4.67246 1
4.78507 1
1.94874 1
2.28351 1
5.29201 1
6.11045 1
1.529 1
3.58846 1
3.7816 1
3.45882 1
1.55797 1
2.71473 1
3.72036 1
2.37218 1
4.18004 1
3.25368 1
1.31348 1
2.4335 1
5.24326 1
2.62393 1
6.69904 1
6.62927 1
6.08816 1
4.96524 1
5.2612 1
2.30428 1
2.6434 1
1.1263 1
4.6649 1
3.2968 1
2.51564 1
4.46509 1
1.65469 1
0.429577 1
2.12712 1
2.02069 1
9.46501 1
3.60952 1
1.7216 1
1.43814 1
1.23318 1
5.37304 1
2.91215 1
2.675 1
1.54519 1
3.76413 1
4.86067 1
3.80813 1
4.06572 1
4.61299 1
3.69138 1
1.5664 1
3.73929 1
2.16619 1
1.81074 1
3.21705 1
0.154582 1
2.60742 1
4.50868 1
2.93344 1
1.88644 1
4.20602 1
3.86267 1
0.515585 1
6.23103 1
2.67479 1
3.8957 1
4.70103 1
3.40648 1
0.088809 1
1.08359 1
1.12101 1
4.31155 1
3.33701 1
3.14252 1
2.16093 1
2.75424 1
6.82366 1
4.14065 1
1.92014 1
3.7226 1
2.74478 1
3.7571 1
1.43843 1
1.63782 1
8.33452 1
5.49326 1
2.73237 1
6.86436 1
1.47697 1
3.57735 1
2.4445 1
4.90019 1
6.22268 1
2.21412 1
2.75068 1
1.5592 1
3.88785 1
-0.51982 1
1.10041 1
3.43975 1
3.00824 1
1.3661 1
5.59492 1
0.74278 1
6.29269 1
0.330242 1
4.47952 1
3.14693 1
3.36422 1
0.986466 1
2.2508 1
5.17185 1
0.427834 1
4.86333 1
7.17357 1
2.52091 1
2.48028 1
3.4828 1
2.30607 1
4.24796 1
0.0723243 1
2.83196 1
3.8521 1
3.58909 1
2.21011 1
5.17302 1
3.65847 1
2.31222 1
3.55549 1
0.602864 1
2.00753 1
0.362278 1
2.33318 1
1.01018 1
1.56509 1
5.24005 1
-0.32478 1
3.88492 1
0.94527 1
5.73757 1
1.64169 1
5.56545 1
4.22171 1
3.18867 1
5.58264 1
3.33655 1
4.29644 1
7.97689 1
3.50448 1
2.50583 1
3.93811 1
3.97933 1
2.49173 1
3.08281 1
5.53619 1
2.17087 1
2.79556 1
3.56959 1
6.22105 1
4.48734 1
2.00841 1
2.43076 1
2.88572 1
3.00232 1
6.42462 1
3.36566 1
3.40162 1
5.26896 1
8.30975 1
6.24736 1
1.13719 1
1.45173 1
1.92743 1
2.03798 1
2.86022 1
3.20442 1
-0.293837 1
2.24247 1
3.16979 1
1.54572 1
4.96549 1
2.9711 1
4.77077 1
1.74932 1
4.13728 1
4.76838 1
2.45074 1
4.35211 1
1.64265 1
1.69485 1
2.9269 1
3.2187 1
0.824879 1
2.90536 1
1.45378 1
2.06851 1
3.70996 1
5.07086 1
1.10015 1
3.04639 1
5.88227 1
3.74536 1
4.95356 1
5.23915 1
3.23731 1
4.73346 1
1.44622 1
3.03273 1
5.91295 1
2.62876 1
2.47904 1
7.21926 1
3.55986 1
0.0550047 1
5.65927 1
4.20675 1
5.68293 1
2.15115 1
4.0943 1
1.73156 1
7.06437 1
3.81409 1
5.06518 1
4.29356 1
1.78364 1
5.48178 1
3.55602 1
7.40233 1
6.94205 1
3.68799 1
0.418294 1
3.93056 1
8.70472 1
2.89633 1
6.18542 1
2.15079 1
1.0853 1
5.11138 1
3.73244 1
3.2505 1
0.379144 1
2.52936 1
2.17773 1
0.54003 1
3.72512 1
6.41371 1
4.15273 1
1.56705 1
0.851763 1
4.44373 1
3.56776 1
4.22624 1
7.64993 1
2.64898 1
0.704878 1
6.80549 1
6.49931 1
3.03283 1
3.17126 1
4.63985 1
2.31192 1
1.56502 1
3.50204 1
1.96446 1
-0.0273272 1
6.81493 1
-0.0139904 1
4.98343 1
4.09773 1
4.48059 1
-0.18038 1
3.63005 1
4.44517 1
0.999819 1
4.83805 1
3.9605 1
3.8336 1
7.12188 1
1.3545 1
0.373416 1
1.2048 1
3.26724 1
2.81918 1
1.90747 1
2.45615 1
3.73663 1
0.726422 1
5.57064 1
2.30229 1
2.3335 1
-0.0185076 1
2.633 1
4.22362 1
5.31468 1
3.75473 1
3.33057 1
3.40513 1
3.25764 1
2.58634 1
0.728128 1
4.4694 1
1.30116 1
3.39576 1
4.29096 1
3.35991 1
3.11303 1
5.56104 1
8.54367 1
1.96881 1
1.79668 1
5.25203 1
5.77128 1
2.27746 1
6.17469 1
1.59839 1
1.58552 1
1.5653 1
2.87784 1
4.40964 1
1.74543 1
1.26071 1
1.09579 1
3.68584 1
6.40532 1
3.94481 1
2.19079 1
1.22031 1
-0.362564 1
3.06451 1
3.00951 1
2.81318 1
1.97797 1
5.15372 1
1.79605 1
5.11097 1
0.516059 1
2.74172 1
3.26562 1
0.834133 1
1.73309 1
3.16031 1
2.60757 1
1.28818 1
-0.412135 1
5.00698 1
0.731272 1
5.86098 1
3.66339 1
0.281871 1
-0.144755 1
0.497461 1
2.23381 1
1.583 1
1.15719 1
2.7997 1
1.14769 1
-0.141871 1
5.6285 1
3.49696 1
1.52221 1
1.72387 1
2.29294 1
1.40825 1
7.08596 1
3.56858 1
5.46916 1
3.94778 1
3.94367 1
4.08739 1
3.70398 1
4.85092 1
5.37478 1
4.10908 1
1.6106 1
2.79458 1
7.69573 1
2.66449 1
0.293005 1
3.0717 1
5.38652 1
1.25336 1
5.66914 1
5.07063 1
3.29141 1
5.28698 1
2.2878 1
-0.0727366 1
2.39509 1
5.67968 1
3.37099 1
4.97161 1
2.15141 1
2.03734 1
0.847499 1
2.41397 1
0.732083 1
0.577058 1
6.29654 1
1.9004 1
2.27267 1
5.81317 1
1.53317 1
5.09289 1
0.239245 1
3.76267 1
2.87646 1
4.35789 1
0.675252 1
4.59938 1
2.2003 1
0.460538 1
1.32173 1
4.47881 1
2.05607 1
1.19272 1
7.54703 1
1.43913 1
1.31157 1
4.25698 1
3.93425 1
3.91283 1
4.05394 1
4.30889 1
3.59591 1
2.37609 1
4.19306 1
5.70061 1
4.71361 1
2.08562 1
1.75462 1
2.22386 1
2.35367 1
1.90932 1
3.2035 1
2.19236 1
5.22162 1
1.80442 1
6.42794 1
1.63305 1
5.41316 1
0.1319 1
1.12469 1
1.25165 1
1.43595 1
3.98722 1
2.40131 1
4.80645 1
3.10811 1
5.82805 1
1.56031 1
4.96846 1
5.25642 1
4.14067 1
5.72396 1
5.27143 1
3.46688 1
1.67177 1
1.7115 1
7.26709 1
3.4135 1
4.4382 1
7.33112 1
3.75992 1
7.29261 1
8.86917 1
2.47716 1
6.11761 1
2.37958 1
2.3679 1
1.57299 1
4.63288 1
5.69839 1
1.60127 1
-0.439295 1
1.71142 1
1.05152 1
2.33135 1
0.752613 1
4.51965 1
2.3658 1
3.1695 1
2.88359 1
2.48182 1
2.87229 1
4.06069 1
2.49551 1
-0.605935 1
5.00029 1
1.97872 1
1.17869 1
8.10946 1
1.20618 1
2.21201 1
4.16539 1
4.98439 1
2.10437 1
2.36919 1
1.73389 1
2.3239 1
3.0772 1
7.16931 1
4.26008 1
2.71369 1
3.2542 1
2.25889 1
1.87212 1
6.67166 1
5.27615 1
3.14995 1
3.85833 1
1.17806 1
4.07083 1
1.65845 1
3.39965 1
6.92349 1
3.89834 1
3.24325 1
3.14914 1
2.90879 1
0.875717 1
4.00796 1
3.88581 1
1.12168 1
2.20793 1
4.35305 1
2.62265 1
2.18021 1
3.84596 1
1.38182 1
1.03055 1
5.11165 1
5.10659 1
0.35283 1
2.99128 1
1.97989 1
6.58371 1
1.37682 1
1.87545 1
1.99431 1
-0.26805 1
1.92712 1
0.613621 1
5.15638 1
2.87592 1
6.22032 1
1.64052 1
2.57392 1
0.090625 1
3.13041 1
2.40947 1
4.44635 1
1.05882 1
4.04596 1
4.77057 1
4.30526 1
2.3629 1
0.614757 1
5.1277 1
3.37038 1
5.80451 1
3.59472 1
3.19966 1
3.7312 1
7.78466 1
8.10421 1
1.81893 1
0.816998 1
2.70336 1
4.42524 1
4.18662 1
1.69322 1
1.07938 1
6.90936 1
7.0847 1
2.21284 1
5.58845 1
2.25775 1
2.98696 1
4.02753 1
1.22485 1
3.91157 1
6.3457 1
2.21686 1
5.57292 1
3.58866 1
4.36438 1
4.13615 1
6.41924 1
2.79997 1
6.46231 1
4.69606 1
5.90876 1
1.4751 1
3.26622 1
4.90707 1
0.498239 1
4.39659 1
7.84757 1
3.68281 1
5.01724 1
1.61334 1
3.05436 1
6.03534 1
1.56108 1
7.25364 1
5.31832 1
1.88358 1
4.00742 1
3.59387 1
4.01232 1
2.5169 1
6.80812 1
3.25269 1
1.87223 1
1.45276 1
3.17489 1
3.30327 1
2.35948 1
3.56586 1
2.41841 1
5.11274 1
4.17513 1
1.08209 1
5.23951 1
1.25162 1
2.06598 1
3.00234 1
1.8062 1
7.7955 1
4.22249 1
5.41882 1
1.96343 1
5.25212 1
2.04942 1
1.54427 1
3.69273 1
5.01676 1
3.68792 1
1.39409 1
2.22839 1
4.06447 1
2.19225 1
0.949433 1
6.71636 1
3.2591 1
3.80693 1
5.8489 1
3.14077 1
6.26974 1
3.54434 1
4.18532 1
0.923898 1
4.74959 1
6.09916 1
0.88467 1
4.51816 1
2.01542 1
4.88628 1
4.71853 1
3.40505 1
1.56584 1
7.12078 1
3.40302 1
1.55642 1
3.52719 1
-0.238619 1
0.850367 1
1.31961 1
4.11156 1
2.16048 1
3.34144 1
3.66517 1
6.45556 1
1.75526 1
3.23788 1
2.80845 1
1.38037 1
4.05922 1
5.65274 1
0.922043 1
2.76198 1
4.4798 1
1.58451 1
-0.959757 1
5.96201 1
7.33927 1
4.24424 1
4.6111 1
4.81496 1
3.79187 1
3.30336 1
3.28438 1
2.44678 1
1.18179 1
1.65394 1
2.55272 1
4.61766 1
2.51983 1
3.59958 1
-0.430786 1
4.27923 1
0.603712 1
1.11997 1
2.82693 1
3.25976 1
3.15641 1
2.8341 1
3.67361 1
3.18739 1
4.08361 1
3.89468 1
1.07456 1
3.07719 1
11.6824 1
2.82029 1
4.86561 1
4.04073 1
7.29202 1
5.06721 1
6.34296 1
2.87197 1
5.8011 1
3.46831 1
5.06867 1
1.33815 1
3.52802 1
3.45565 1
2.07565 1
2.59971 1
3.94933 1
3.26291 1
5.55203 1
3.35539 1
2.94123 1
6.94998 1
3.26826 1
4.11992 1
1.08733 1
6.13941 1
3.53677 1
3.7077 1
5.46797 1
4.62728 1
2.04081 1
4.98663 1
2.26487 1
2.77384 1
5.71198 1
4.43417 1
3.58895 1
0.35785 1
4.05426 1
1.52713 1
1.40338 1
0.847147 1
2.75872 1
0.64848 1
1.93707 1
3.80591 1
3.94237 1
1.71365 1
3.79333 1
1.55622 1
5.23282 1
1.23609 1
4.88779 1
1.10298 1
4.49004 1
2.83935 1
3.37022 1
1.822 1
2.61715 1
4.3741 1
5.01045 1
3.94666 1
3.11516 1
4.95545 1
3.72348 1
4.02919 1
1.51052 1
3.18661 1
3.21066 1
1.31151 1
6.48805 1
3.14842 1
0.275114 1
0.728 1
6.3497 1
5.33338 1
1.92277 1
3.80436 1
2.48027 1
1.23995 1
1.85151 1
3.41793 1
2.57784 1
1.73902 1
2.03689 1
1.38621 1
3.25714 1
0.289569 1
-0.278553 1
4.30354 1
0.926024 1
2.26019 1
3.8164 1
2.61123 1
4.3866 1
2.33409 1
-0.621693 1
3.38949 1
4.92288 1
1.48293 1
3.09125 1
1.6306 1
3.28768 1
4.961 1
1.95877 1
2.81582 1
5.7725 1
1.70805 1
4.6171 1
4.00354 1
5.57823 1
8.89008 1
4.9825 1
5.08943 1
1.16567 1
3.79951 1
8.82729 1
8.00842 1
3.38115 1
3.76339 1
-0.196578 1
7.63792 1
2.4505 1
3.07722 1
6.27055 1
3.33473 1
4.70077 1
4.40453 1
3.33458 1
6.19103 1
4.31783 1
1.24095 1
3.47826 1
4.04878 1
3.61191 1
3.61019 1
3.46382 1
5.04659 1
2.32571 1
3.46103 1
4.02488 1
2.56326 1
0.952316 1
3.14819 1
4.33268 1
0.614852 1
5.9556 1
3.29453 1
8.44975 1
2.22398 1
3.05534 1
1.42167 1
4.06701 1
1.67071 1
2.72848 1
2.29593 1
5.25924 1
4.16371 1
1.1326 1
6.14021 1
1.75124 1
1.54871 1
4.99695 1
2.97154 1
3.04422 1
2.4502 1
1.41475 1
1.28022 1
2.71055 1
1.05478 1
6.24416 1
7.85586 1
4.01976 1
5.33002 1
1.93721 1
6.71661 1
2.79097 1
6.79672 1
3.6069 1
0.399023 1
4.70178 1
3.27177 1
1.06918 1
2.66143 1
1.99674 1
7.13109 1
4.50251 1
-1.07018 1
1.46786 1
3.55549 1
1.05488 1
7.01743 1
1.665 1
4.08076 1
2.79472 1
5.34437 1
2.25944 1
0.681729 1
3.65057 1
2.33125 1
4.72429 1
3.79102 1
2.23209 1
4.89232 1
1.56352 1
1.66284 1
4.57973 1
3.07054 1
2.19353 1
3.18366 1
9.63202 1
2.21699 1
3.58517 1
6.49659 1
3.97532 1
4.582 1
1.69737 1
3.05802 1
4.7453 1
4.88104 1
3.58408 1
2.20005 1
2.91661 1
3.24799 1
3.93715 1
0.279083 1
6.46563 1
3.46287 1
1.46227 1
1.73195 1
4.26421 1
4.79982 1
7.85819 1
2.92858 1
7.26063 1
2.34801 1
6.70457 1
0.113236 1
3.31454 1
5.99698 1
4.46847 1
1.61794 1
2.13198 1
4.10776 1
3.04258 1
4.10097 1
4.15194 1
1.23675 1
1.73228 1
6.58634 1
1.14237 1
4.85738 1
0.854328 1
0.609031 1
3.30451 1
3.32957 1
1.39096 1
4.95387 1
0.495029 1
-0.329856 1
3.09181 1
0.086323 1
8.53381 1
2.91245 1
2.04896 1
2.81958 1
4.62773 1
2.79272 1
4.95807 1
4.34906 1
0.416494 1
5.32933 1
5.90168 1
0.675853 1
4.23716 1
0.655769 1
4.24041 1
0.579071 1
0.0669252 1
1.77699 1
1.94628 1
5.05482 1
2.01767 1
3.18263 1
3.52649 1
3.17748 1
2.99733 1
0.42264 1
0.992609 1
1.59547 1
5.36859 1
4.58984 1
4.25184 1
4.89641 1
6.10079 1
2.55914 1
2.13648 1
3.99822 1
6.01716 1
1.66122 1
2.79758 1
6.51265 1
3.08152 1
2.52537 1
0.23906 1
7.27932 1
5.21727 1
4.13372 1
3.70907 1
7.33495 1
2.16309 1
2.3954 1
4.80843 1
1.33789 1
2.51301 1
3.42674 1
4.07726 1
3.91102 1
5.4087 1
4.53687 1
3.38195 1
1.9419 1
-0.619726 1
2.59856 1
2.59732 1
5.24238 1
4.42573 1
1.73746 1
3.90894 1
2.16847 1
1.11842 1
3.01003 1
4.23811 1
5.45972 1
2.57594 1
2.32205 1
1.45006 1
2.87336 1
2.1924 1
6.05379 1
7.60835 1
6.59085 1
5.42648 1
4.32175 1
0.625986 1
1.73791 1
2.86032 1
4.63055 1
2.72902 1
7.92418 1
3.65434 1
2.04126 1
4.30581 1
3.04103 1
1.52971 1
3.26153 1
3.81345 1
3.52447 1
7.01205 1
2.54512 1
1.51306 1
1.15484 1
6.37377 1
5.05013 1
5.83931 1
5.552 1
1.17113 1
2.41136 1
1.8125 1
3.21434 1
3.83335 1
4.67423 1
4.48645 1
3.01724 1
2.19107 1
1.54952 1
0.65514 1
2.09998 1
1.51896 1
2.55323 1
0.810202 1
8.47639 1
4.03847 1
11.3484 1
0.909414 1
5.92437 1
0.997993 1
5.22938 1
2.95019 1
3.20522 1
7.27984 1
4.52511 1
6.15549 1
6.45716 1
2.92928 1
3.77804 1
3.07231 1
4.56055 1
4.6011 1
4.62234 1
4.72437 1
0.932318 1
6.38074 1
5.87682 1
5.82793 1
3.65416 1
1.28042 1
7.29248 1
2.8226 1
4.05089 1
2.78457 1
2.27565 1
2.93181 1
3.35587 1
3.66283 1
5.28604 1
1.17058 1
-0.224708 1
5.01757 1
1.12495 1
1.79106 1
4.16787 1
4.14931 1
8.80099 1
4.6643 1
3.43575 1
5.36245 1
4.67738 1
2.85733 1
3.84237 1
5.12741 1
2.01817 1
3.45889 1
4.05735 1
5.59488 1
2.18484 1
4.3161 1
1.70875 1
0.778346 1
1.25523 1
4.1689 1
4.24072 1
3.78429 1
1.18143 1
1.95231 1
2.92365 1
4.88324 1
3.88654 1
1.29407 1
4.0848 1
3.79862 1
0.751439 1
3.47813 1
0.949243 1
1.83684 1
4.82078 1
6.45091 1
3.90733 1
3.01993 1
3.63452 1
0.758202 1
3.91562 1
5.27679 1
2.14091 1
4.2588 1
3.632 1
2.09152 1
7.75947 1
2.43554 1
2.05174 1
1.49495 1
6.62178 1
0.402171 1
4.10617 1
5.23146 1
2.01376 1
4.39056 1
4.79257 1
5.66722 1
2.17046 1
3.70738 1
2.46192 1
4.24886 1
1.04862 1
6.03683 1
1.56449 1
1.7689 1
2.13206 1
2.58413 1
1.98955 1
1.57535 1
3.20764 1
3.09667 1
4.8609 1
5.84667 1
3.51369 1
1.71033 1
3.04384 1
3.88339 1
4.37159 1
2.75773 1
6.06903 1
4.11267 1
4.63573 1
2.74068 1
2.09427 1
4.78499 1
4.72211 1
5.41736 1
3.34663 1
1.72292 1
3.23525 1
4.56004 1
3.06447 1
3.61033 1
2.08385 1
4.09305 1
6.57963 1
2.49742 1
4.14752 1
2.45859 1
3.61439 1
1.87275 1
2.16963 1
0.109623 1
3.39298 1
2.56295 1
3.07534 1
0.0981312 1
6.53928 1
2.85954 1
6.39231 1
4.97588 1
0.341138 1
1.82458 1
3.44367 1
4.69887 1
3.42363 1
4.40666 1
1.56898 1
9.05267 1
1.40604 1
4.15037 1
2.53588 1
5.70311 1
1.59008 1
8.847 1
1.10974 1
0.971084 1
6.4881 1
3.02884 1
5.62688 1
1.47203 1
4.91689 1
2.40545 1
3.12305 1
8.53005 1
8.29245 1
0.0766029 1
0.639684 1
1.48367 1
2.38858 1
1.99905 1
1.44865 1
7.45672 1
3.22114 1
4.6517 1
0.322928 1
5.5127 1
2.20053 1
1.45583 1
6.46789 1
2.90052 1
3.24239 1
3.03665 1
1.97367 1
4.92407 1
1.44208 1
2.86423 1
-0.00902758 1
3.02617 1
3.02877 1
7.41774 1
4.15881 1
4.17827 1
0.836504 1
6.71909 1
2.57401 1
3.79984 1
1.60667 1
2.65793 1
4.63697 1
5.25364 1
4.49081 1
0.655255 1
2.99859 1
2.0139 1
1.78939 1
3.71617 1
1.03482 1
2.03888 1
-0.150243 1
1.91674 1
0.103629 1
1.47481 1
4.05609 1
5.53153 1
0.144405 1
3.55104 1
6.08138 1
6.30441 1
2.47901 1
3.41304 1
0.67722 1
4.7304 1
4.92792 1
2.78627 1
6.58434 1
5.90599 1
4.86195 1
0.8819 1
2.84905 1
5.87343 1
2.61449 1
-1.01488 1
2.24027 1
-0.334987 1
2.14225 1
7.84746 1
2.80494 1
3.33585 1
3.98998 1
6.88484 1
1.33395 1
3.79681 1
3.50235 1
2.0779 1
3.46254 1
3.53192 1
5.00075 1
7.47699 1
1.17808 1
1.21002 1
1.77695 1
4.46473 1
3.42188 1
4.37895 1
4.61597 1
3.30396 1
4.26344 1
2.9087 1
3.31539 1
1.48868 1
2.15994 1
3.73763 1
4.71579 1
3.21456 1
2.13593 1
4.54587 1
6.07678 1
0.337219 1
1.34745 1
1.30714 1
2.63444 1
5.26902 1
3.70965 1
3.19344 1
8.26241 1
5.03645 1
0.603753 1
0.783014 1
5.87311 1
6.78729 1
7.85172 1
5.20177 1
0.759197 1
5.75884 1
0.801544 1
7.82839 1
2.73539 1
4.26999 1
1.45148 1
4.7692 1
3.16644 1
4.06104 1
2.46879 1
4.42495 1
6.17145 1
2.91788 1
1.91943 1
6.55844 1
2.81234 1
6.05698 1
2.03597 1
4.71417 1
1.99076 1
2.82896 1
0.781289 1
1.29303 1
5.21011 1
2.59406 1
2.89216 1
2.17263 1
7.30856 1
6.03417 1
3.55594 1
6.48006 1
5.24035 1
3.76437 1
1.55938 1
1.45483 1
-0.573599 1
5.67333 1
5.00684 1
1.4357 1
5.91652 1
0.522518 1
1.34845 1
2.96212 1
4.61188 1
4.57993 1
5.94878 1
3.38732 1
1.80256 1
6.63438 1
2.26184 1
1.99355 1
0.551455 1
0.0260527 1
3.83652 1
3.42649 1
2.57881 1
1.12333 1
2.03967 1
1.10044 1
3.05438 1
3.41231 1
3.654 1
3.99832 1
0.855374 1
0.72982 1
1.1551 1
1.03373 1
0.203921 1
4.28703 1
3.40367 1
2.79456 1
0.597498 1
4.09912 1
5.8274 1
1.54336 1
2.33696 1
5.10204 1
6.58845 1
3.09178 1
1.53924 1
3.54878 1
6.35478 1
3.0288 1
4.30459 1
5.8168 1
9.92624 1
5.96659 1
5.26729 1
4.73768 1
1.61262 1
5.53465 1
5.05342 1
3.29212 1
2.59633 1
4.20286 1
1.74553 1
3.50822 1
1.07888 1
8.15369 1
7.97922 1
1.71426 1
5.10407 1
2.07055 1
6.00739 1
3.02042 1
5.2132 1
4.76909 1
4.98374 1
2.52872 1
2.73918 1
2.98095 1
3.93562 1
7.94127 1
2.93099 1
3.51293 1
4.00434 1
2.58891 1
3.20087 1
1.0497 1
3.79641 1
5.20718 1
4.06991 1
2.67455 1
2.75928 1
5.3835 1
0.295871 1
6.22319 1
3.17821 1
4.40501 1
2.81236 1
2.42256 1
2.12332 1
2.10181 1
3.84901 1
2.60885 1
0.913497 1
5.92692 1
1.79854 1
0.855879 1
6.45048 1
5.03206 1
2.96313 1
2.98028 1
4.96929 1
3.26061 1
2.72367 1
2.30375 1
2.59186 1
2.58894 1
5.35332 1
6.95412 1
3.09582 1
0.324409 1
0.950246 1
4.75851 1
1.82855 1
3.4195 1
2.5508 1
2.2901 1
3.02198 1
0.909461 1
4.2048 1
5.0516 1
-1.27908 1
1.7878 1
4.48962 1
4.61748 1
2.85471 1
4.15945 1
1.54375 1
2.33809 1
4.66913 1
6.36532 1
2.88407 1
4.79094 1
5.17826 1
2.26095 1
5.37918 1
1.2687 1
0.832067 1
0.682492 1
7.65943 1
3.76864 1
1.72025 1
9.2406 1
2.91999 1
0.800061 1
1.55954 1
1.58969 1
4.91133 1
5.16698 1
1.72296 1
2.59149 1
4.56045 1
5.04471 1
4.02086 1
4.47727 1
1.85915 1
0.753247 1
3.81354 1
5.28058 1
3.44357 1
2.25199 1
6.36944 1
0.508851 1
6.15654 1
7.19462 1
1.36827 1
2.0069 1
2.97473 1
6.45649 1
3.53242 1
4.76499 1
2.90937 1
1.79803 1
4.60526 1
6.32676 1
6.41216 1
3.55719 1
3.36218 1
2.78133 1
1.02379 1
2.08974 1
3.26044 1
1.29218 1
2.23172 1
3.10992 1
1.13052 1
2.39053 1
3.1423 1
4.24445 1
0.462865 1
2.5989 1
5.85485 1
6.43027 1
3.98441 1
1.51325 1
2.74755 1
4.3632 1
5.75324 1
0.69793 1
3.46048 1
1.53532 1
6.22795 1
2.85424 1
1.65187 1
4.01702 1
4.27061 1
1.52463 1
-0.22273 1
1.96346 1
3.40205 1
2.72993 1
2.44611 1
9.92395 1
0.884677 1
2.53527 1
5.02727 1
1.07367 1
1.29342 1
4.5095 1
5.94136 1
0.885955 1
4.23848 1
3.86577 1
5.58856 1
6.61004 1
1.35859 1
4.38597 1
3.2754 1
2.55157 1
5.59388 1
3.74423 1
2.6154 1
3.78205 1
3.83198 1
6.31948 1
1.68295 1
0.814569 1
3.23923 1
2.23111 1
1.57707 1
2.12074 1
6.52994 1
1.85529 1
2.40515 1
2.55382 1
2.9873 1
7.13449 1
5.7191 1
3.91102 1
4.30307 1
2.52809 1
3.13663 1
1.09033 1
2.43414 1
2.19959 1
2.56642 1
3.39494 1
6.47317 1
0.270404 1
3.34388 1
3.25162 1
3.31322 1
0.838876 1
5.2584 1
0.929241 1
4.65256 1
1.21292 1
4.33274 1
6.23039 1
2.58117 1
2.33556 1
5.52143 1
5.6397 1
-0.0550062 1
2.67056 1
2.03579 1
2.28557 1
5.07889 1
6.7911 1
2.76013 1
2.8778 1
2.50302 1
3.51792 1
6.9015 1
2.37086 1
-1.01969 1
7.47385 1
3.85326 1
2.86698 1
2.37948 1
4.50871 1
3.67706 1
4.80472 1
3.38201 1
0.796725 1
1.25952 1
4.69447 1
4.3609 1
2.50006 1
5.52044 1
2.11132 1
-0.638455 1
3.72642 1
2.76471 1
7.71558 1
3.51608 1
5.5012 1
4.56425 1
3.73081 1
4.68587 1
2.18234 1
4.08265 1
3.99399 1
3.92029 1
0.323388 1
3.98028 1
1.85057 1
4.98646 1
-0.0409756 1
5.47356 1
2.6306 1
1.23678 1
4.60844 1
0.913091 1
4.99038 1
0.916173 1
3.9031 1
1.94888 1
3.35446 1
4.32699 1
5.61959 1
6.57655 1
3.81742 1
3.51148 1
6.86407 1
5.57041 1
1.61631 1
4.61841 1
2.1382 1
1.8985 1
1.25068 1
7.61177 1
4.10654 1
4.55885 1
3.79372 1
1.17146 1
6.35897 1
5.9057 1
2.18549 1
4.83206 1
5.12153 1
3.53038 1
7.10075 1
5.49519 1
4.4118 1
8.81192 1
1.43376 1
0.926893 1
1.80108 1
2.589 1
2.3386 1
2.94401 1
8.41284 1
3.41544 1
1.2497 1
0.866019 1
2.26278 1
4.86855 1
0.120156 1
6.69605 1
4.9228 1
0.917796 1
2.23996 1
5.19715 1
2.07308 1
1.09401 1
1.94712 1
1.99439 1
3.26084 1
3.78992 1
3.44056 1
1.91257 1
0.229232 1
4.54515 1
2.70971 1
5.69426 1
5.25785 1
1.16153 1
0.818586 1
3.03482 1
3.54771 1
5.9697 1
4.71104 1
4.89251 1
2.05873 1
4.24786 1
0.708109 1
2.41464 1
4.37925 1
5.66083 1
1.18813 1
-0.545823 1
5.36692 1
-0.720537 1
4.0852 1
3.1006 1
1.31475 1
4.75874 1
2.60067 1
1.62109 1
4.71844 1
3.76664 1
4.89223 1
3.13748 1
2.85352 1
3.11505 1
0.318773 1
4.0684 1
6.7726 1
0.993112 1
4.6446 1
1.99396 1
5.01048 1
1.94496 1
1.79033 1
3.31201 1
5.01826 1
0.505725 1
1.81676 1
2.37187 1
3.86773 1
4.26597 1
3.61773 1
5.36253 1
1.36107 1
3.78978 1
5.47366 1
2.21267 1
2.58206 1
3.46068 1
2.51603 1
2.95107 1
2.90241 1
2.76134 1
5.78967 1
6.28489 1
1.0832 1
3.52622 1
2.45868 1
4.74481 1
2.87865 1
4.9693 1
4.05419 1
2.3785 1
4.62313 1
3.12201 1
1.60696 1
3.31532 1
1.48507 1
3.47221 1
7.45325 1
8.18937 1
1.33222 1
6.97223 1
1.67543 1
1.71439 1
3.81544 1
2.4216 1
3.7937 1
5.26687 1
3.61416 1
2.42916 1
3.6685 1
1.35926 1
3.45041 1
1.51455 1
3.95274 1
5.70163 1
0.912677 1
2.36385 1
4.07283 1
4.07065 1
-0.598289 1
3.67559 1
3.25535 1
2.65531 1
3.06825 1
1.55843 1
3.21502 1
1.77333 1
2.80051 1
3.11962 1
2.81244 1
-0.236738 1
1.879 1
2.27235 1
3.77187 1
4.92073 1
0.860227 1
3.0277 1
1.17903 1
3.2862 1
2.80423 1
2.85109 1
3.48817 1
2.94585 1
0.126708 1
3.92877 1
2.55278 1
3.35485 1
4.4653 1
2.81221 1
3.59302 1
2.38426 1
2.26184 1
0.320527 1
1.58944 1
3.93374 1
4.56601 1
3.03021 1
2.89539 1
0.53975 1
4.44079 1
7.62358 1
6.82643 1
8.32621 1
1.11145 1
4.15869 1
4.43084 1
5.22544 1
3.80508 1
3.32428 1
0.526615 1
1.73023 1
2.25061 1
3.41862 1
3.19399 1
2.46675 1
5.20605 1
0.94649 1
4.03915 1
0.653133 1
1.43548 1
2.35207 1
5.61223 1
0.511365 1
1.79422 1
4.39423 1
5.86771 1
3.02025 1
1.52146 1
5.84489 1
1.73033 1
2.96463 1
2.84108 1
2.45293 1
4.10143 1
1.79176 1
3.70375 1
2.28919 1
0.465609 1
-0.163691 1
5.39689 1
2.48671 1
5.36086 1
0.521569 1
0.746429 1
2.193 1
2.49512 1
3.07818 1
1.69982 1
3.38851 1
2.60829 1
1.16813 1
2.30041 1
6.12824 1
9.30203 1
-0.0873181 1
3.66234 1
4.65806 1
2.30561 1
0.878164 1
3.32213 1
1.6787 1
10.0743 1
2.77942 1
1.88124 1
4.33373 1
1.8678 1
2.35676 1
4.45851 1
5.66424 1
3.14793 1
3.90597 1
2.52804 1
2.10815 1
2.0429 1
8.14195 1
2.79971 1
6.17866 1
0.735709 1
-0.0331521 1
5.2638 1
6.03289 1
1.84862 1
2.87546 1
5.40128 1
1.13568 1
2.6735 1
1.46111 1
1.95408 1
0.863782 1
4.59765 1
3.72722 1
5.54898 1
3.39869 1
3.19118 1
5.56363 1
0.0377021 1
2.76451 1
5.7283 1
6.36745 1
-0.396372 1
4.18307 1
2.90732 1
6.24529 1
1.75682 1
5.07498 1
4.66214 1
6.4076 1
5.02359 1
8.32414 1
2.15108 1
1.14142 1
2.33981 1
6.44286 1
10.2785 1
5.26672 1
3.54455 1
3.16093 1
3.09572 1
6.5703 1
4.31709 1
5.29914 1
4.01389 1
0.842705 1
-0.539274 1
2.1137 1
2.46055 1
5.15628 1
6.53914 1
2.75132 1
2.81014 1
2.1446 1
5.38758 1
7.74862 1
-0.715614 1
5.25785 1
0.158296 1
6.41306 1
7.59341 1
4.38355 1
0.556814 1
3.77773 1
4.49577 1
1.32133 1
4.06174 1
1.93843 1
8.02534 1
5.89182 1
7.37893 1
4.73393 1
4.10289 1
4.41889 1
3.58816 1
2.48709 1
4.97204 1
1.60465 1
7.39771 1
2.66946 1
2.80337 1
6.06631 1
0.7583 1
2.54875 1
1.69981 1
1.58078 1
1.25657 1
7.30739 1
3.5519 1
5.56659 1
0.041229 1
4.91282 1
5.82625 1
3.14203 1
5.15748 1
3.48993 1
1.19706 1
3.86589 1
0.816444 1
0.779806 1
3.38394 1
2.8229 1
3.55295 1
2.05095 1
4.54886 1
2.68951 1
4.93899 1
1.20349 1
5.36231 1
3.6892 1
2.70173 1
2.44163 1
4.65156 1
3.15986 1
3.01424 1
7.61753 1
2.43816 1
7.28573 1
0.069977 1
1.82585 1
4.0724 1
7.14722 1
2.09835 1
1.64565 1
5.85958 1
0.229774 1
4.50564 1
4.07938 1
5.07348 1
3.90778 1
6.23843 1
2.59518 1
4.82568 1
6.37055 1
2.0056 1
2.95054 1
2.70708 1
1.86746 1
2.12266 1
2.2247 1
4.2749 1
5.13536 1
3.10446 1
4.88303 1
3.56936 1
7.83818 1
2.11972 1
3.90955 1
2.94953 1
3.26388 1
7.50017 1
5.08078 1
10.287 1
5.86252 1
5.0999 1
3.02929 1
5.08596 1
1.04286 1
2.05984 1
2.3634 1
4.41474 1
7.83739 1
1.08039 1
4.11745 1
7.76236 1
6.42903 1
6.47895 1
1.17533 1
7.24305 1
3.1106 1
1.85157 1
3.20897 1
-0.338719 1
2.33724 1
5.39183 1
2.22189 1
-0.504104 1
1.6645 1
2.23739 1
5.06875 1
3.81708 1
2.08312 1
8.16179 1
6.61647 1
2.26309 1
3.06084 1
3.87692 1
6.55361 1
3.59523 1
1.71354 1
3.03965 1
1.59765 1
4.3747 1
3.41357 1
3.08694 1
2.10366 1
0.795458 1
2.65439 1
4.09973 1
5.28632 1
4.70581 1
0.908383 1
2.01103 1
3.66988 1
6.01416 1
2.59571 1
4.82785 1
4.29605 1
3.73496 1
5.427 1
8.66408 1
5.5063 1
2.05314 1
8.10922 1
2.72183 1
2.49773 1
5.12956 1
1.85207 1
3.8472 1
3.60323 1
0.278512 1
4.87971 1
1.65351 1
2.08377 1
3.95115 1
7.74943 1
4.95144 1
3.5223 1
2.03656 1
0.448709 1
2.81695 1
2.92847 1
4.89267 1
6.67338 1
1.10489 1
0.440719 1
5.19025 1
4.07498 1
1.07863 1
2.42717 1
3.22458 1
3.85073 1
0.817853 1
6.01089 1
-0.0165768 1
6.31806 1
3.78424 1
1.24256 1
6.13134 1
9.42136 1
3.30363 1
1.29394 1
0.607306 1
5.51023 1
4.28637 1
1.98335 1
3.97114 1
3.82711 1
5.90142 1
1.04847 1
3.54806 1
2.28445 1
5.35868 1
1.38539 1
5.97863 1
4.87424 1
3.26052 1
1.66218 1
2.12428 1
1.52864 1
3.95723 1
1.72527 1
3.58182 1
4.02492 1
0.0966672 1
4.40974 1
1.29374 1
3.85364 1
1.05642 1
1.13187 1
3.87844 1
3.49554 1
1.76845 1
0.954061 1
5.30227 1
0.348389 1
6.99572 1
3.16426 1
3.56749 1
4.58181 1
3.06394 1
1.42687 1
3.21974 1
3.632 1
2.63496 1
3.91795 1
1.13961 1
3.24147 1
6.22134 1
4.2498 1
1.452 1
2.35325 1
1.15601 1
5.43736 1
5.49757 1
0.523069 1
0.46951 1
7.73873 1
1.01561 1
1.22573 1
7.5478 1
1.79853 1
4.57409 1
4.3257 1
2.43905 1
4.85627 1
5.98276 1
4.48454 1
6.03338 1
0.218205 1
0.912951 1
3.79768 1
4.19881 1
0.076097 1
4.55062 1
2.92549 1
2.9219 1
9.26611 1
6.43892 1
4.30619 1
3.00093 1
1.94203 1
1.03973 1
1.86143 1
6.13324 1
4.70888 1
3.23472 1
4.6666 1
1.30115 1
4.15127 1
0.778852 1
8.54833 1
6.45478 1
3.62239 1
2.10793 1
2.66287 1
0.81407 1
4.216 1
4.77604 1
2.93804 1
1.89391 1
0.933338 1
2.95411 1
2.29542 1
3.31285 1
1.63864 1
0.497826 1
4.05389 1
4.28125 1
2.55013 1
11.397 1
4.72983 1
4.01176 1
1.78182 1
2.73883 1
5.26854 1
2.78985 1
3.02653 1
4.06454 1
4.87531 1
3.43682 1
5.09966 1
7.82166 1
0.98501 1
0.63349 1
6.20658 1
4.06555 1
1.95697 1
2.31948 1
2.78663 1
2.7495 1
2.49099 1
1.70503 1
3.31345 1
1.81975 1
1.92237 1
0.993296 1
1.99379 1
6.24185 1
0.697739 1
1.45082 1
5.69031 1
3.18955 1
2.55882 1
2.54865 1
2.11661 1
3.08434 1
5.09606 1
1.00759 1
5.04095 1
0.735375 1
8.48839 1
10.7363 1
3.95541 1
3.88781 1
1.50707 1
5.73123 1
4.19708 1
7.45569 1
4.53029 1
2.44983 1
3.20008 1
4.30098 1
2.5606 1
2.16483 1
2.9182 1
5.59858 1
1.86445 1
3.25798 1
1.48768 1
1.65542 1
3.86498 1
2.51398 1
3.14857 1
7.54425 1
4.93653 1
1.03722 1
2.74384 1
2.38914 1
3.7497 1
0.199473 1
3.4713 1
3.31196 1
4.96194 1
3.7218 1
2.22887 1
3.14346 1
4.75043 1
4.91718 1
2.13224 1
2.60618 1
2.52791 1
3.64359 1
3.73584 1
4.27956 1
1.15723 1
3.19181 1
1.01503 1
7.25677 1
1.85705 1
4.19308 1
1.35366 1
2.12972 1
2.96646 1
0.697112 1
0.46844 1
0.281694 1
3.64148 1
8.06286 1
5.3409 1
2.74113 1
3.69062 1
1.8823 1
1.25381 1
2.5524 1
4.54479 1
2.43149 1
2.61827 1
-0.197758 1
1.53843 1
5.17369 1
1.2268 1
4.88871 1
3.92968 1
4.35988 1
3.30638 1
3.34065 1
4.59922 1
5.10811 1
1.80735 1
1.93548 1
3.51866 1
7.20647 1
4.42385 1
2.02322 1
4.00256 1
2.62059 1
6.0187 1
2.73838 1
5.93963 1
0.174592 1
4.59895 1
3.21701 1
8.81452 1
6.58907 1
4.93956 1
0.72748 1
1.96088 1
3.54423 1
4.01161 1
2.21625 1
4.63917 1
4.83131 1
3.28558 1
3.29464 1
4.12547 1
3.81321 1
2.43014 1
2.50201 1
3.3139 1
1.17027 1
2.60938 1
2.22948 1
2.94951 1
3.02516 1
3.07223 1
5.85302 1
4.56951 1
2.65364 1
1.68766 1
4.80238 1
4.9173 1
0.586976 1
1.47566 1
-0.204924 1
5.0249 1
2.05183 1
3.78561 1
3.21688 1
1.56993 1
1.19311 1
4.00726 1
4.26522 1
2.09467 1
1.84431 1
4.44494 1
3.27589 1
5.17647 1
3.87869 1
5.64511 1
2.73368 1
5.7167 1
1.93141 1
1.79485 1
6.53462 1
3.08042 1
4.88902 1
0.0992184 1
1.01954 1
1.8518 1
3.62089 1
1.57281 1
3.00886 1
6.03603 1
3.03393 1
4.43015 1
4.35807 1
2.04932 1
5.80745 1
3.26181 1
3.36682 1
3.52604 1
3.74703 1
2.81491 1
4.38392 1
0.746231 1
-0.000958731 1
4.25009 1
2.29451 1
1.96791 1
8.52022 1
2.75891 1
3.98553 1
0.0064222 1
4.69074 1
7.44194 1
0.91401 1
2.22569 1
2.05762 1
1.83276 1
1.64915 1
3.9545 1
2.31599 1
3.40372 1
1.38071 1
4.63078 1
0.40531 1
0.81796 1
2.84344 1
5.01551 1
5.29232 1
2.96213 1
4.99566 1
4.17975 1
2.18671 1
5.44477 1
2.80392 1
2.50094 1
2.20394 1
1.97347 1
2.84728 1
5.03719 1
4.62216 1
3.65582 1
3.89135 1
7.02045 1
1.75335 1
3.29432 1
0.73896 1
1.67706 1
7.74788 1
0.716384 1
1.82694 1
4.22013 1
6.80051 1
3.65055 1
1.60028 1
2.63142 1
2.80126 1
2.55399 1
0.691908 1
4.5013 1
4.4241 1
5.1849 1
1.99695 1
4.54682 1
1.76232 1
1.02524 1
5.54231 1
1.58032 1
0.721817 1
4.54297 1
5.77421 1
2.56202 1
2.0527 1
1.59331 1
3.88569 1
2.08389 1
2.63381 1
5.37063 1
4.34039 1
1.81296 1
6.51814 1
4.42061 1
3.43679 1
6.31824 1
1.94058 1
3.2639 1
2.34777 1
4.08585 1
1.21414 1
0.603397 1
0.29584 1
3.82488 1
3.66281 1
1.85348 1
6.73209 1
3.25876 1
6.0296 1
5.05898 1
5.64917 1
2.62636 1
2.68054 1
4.89933 1
0.630748 1
3.76915 1
4.20333 1
5.24826 1
4.99681 1
2.6099 1
2.32443 1
-0.338957 1
3.74654 1
5.50088 1
2.67742 1
2.93642 1
3.9779 1
5.545 1
2.73454 1
-1.32981 1
3.38442 1
6.28851 1
1.14389 1
2.62633 1
3.62835 1
2.34715 1
0.668236 1
9.31014 1
4.34418 1
4.32676 1
5.7409 1
2.62308 1
2.936 1
6.47106 1
6.89674 1
2.12329 1
2.94057 1
6.82714 1
3.65742 1
4.55379 1
3.05159 1
0.131988 1
0.806862 1
0.990037 1
2.06292 1
5.76757 1
3.73365 1
4.59062 1
4.75865 1
1.35947 1
0.592295 1
4.17827 1
3.50622 1
5.42429 1
2.17852 1
-0.0238798 1
3.22486 1
3.63549 1
0.377529 1
8.56592 1
1.46949 1
3.43408 1
0.166384 1
2.29182 1
2.84526 1
3.02772 1
0.320278 1
2.46855 1
5.8367 1
7.53843 1
-0.0425892 1
5.44589 1
2.88167 1
3.31686 1
4.05142 1
4.48872 1
3.68133 1
5.82831 1
2.08813 1
2.44951 1
2.61128 1
1.60231 1
5.91743 1
3.54047 1
1.9073 1
6.42663 1
3.67985 1
5.66417 1
5.8966 1
3.32059 1
1.28306 1
7.41672 1
3.83613 1
6.94366 1
4.68552 1
0.768033 1
2.45214 1
5.00189 1
9.10003 1
1.12616 1
2.72589 1
6.16382 1
6.98062 1
0.384069 1
1.90117 1
2.31176 1
4.18268 1
2.35667 1
4.5866 1
10.0756 1
3.94805 1
4.62538 1
3.49748 1
5.08079 1
1.83362 1
2.99486 1
0.523617 1
1.39174 1
6.62725 1
1.30386 1
0.409955 1
0.657437 1
3.32049 1
-0.148657 1
4.15008 1
1.47221 1
5.91097 1
2.44131 1
6.44329 1
9.0896 1
4.01782 1
7.24485 1
4.72344 1
4.86027 1
2.56613 1
1.61302 1
5.20098 1
-0.639812 1
5.98378 1
5.88038 1
4.14043 1
-0.362322 1
1.65652 1
3.38687 1
3.92501 1
3.42572 1
3.70246 1
3.84793 1
5.7036 1
3.56055 1
4.33947 1
0.635104 1
0.661635 1
5.19406 1
4.76363 1
5.38063 1
3.95923 1
0.938182 1
3.47829 1
2.55088 1
2.41722 1
3.03099 1
6.43937 1
5.86819 1
3.44719 1
2.44335 1
2.43103 1
1.79719 1
2.81356 1
-0.958684 1
1.20878 1
2.96732 1
1.75695 1
6.22441 1
-0.138045 1
2.8336 1
3.81971 1
3.53849 1
4.56024 1
9.36298 1
0.674635 1
1.83204 1
1.60814 1
3.56629 1
3.22058 1
2.13919 1
6.17044 1
2.17155 1
0.495741 1
2.2916 1
3.28973 1
5.0542 1
1.05032 1
1.72103 1
5.81972 1
-0.791415 1
4.94216 1
2.08471 1
2.20171 1
2.06495 1
1.33206 1
5.79884 1
3.09296 1
3.67438 1
1.64424 1
0.946922 1
1.96507 1
0.745367 1
0.481768 1
4.09325 1
5.78651 1
3.7896 1
3.62365 1
4.54696 1
5.69191 1
0.948868 1
2.06371 1
1.67645 1
6.2478 1
5.86114 1
2.957 1
1.87216 1
2.90717 1
7.63314 1
3.01401 1
6.11822 1
3.4026 1
3.6409 1
2.75911 1
4.94644 1
2.98486 1
6.06807 1
3.22533 1
3.72954 1
3.2976 1
5.18969 1
1.22037 1
7.89332 1
6.53196 1
3.16765 1
6.37087 1
3.04236 1
6.18348 1
3.22363 1
2.3227 1
4.29552 1
3.04015 1
3.05847 1
6.69675 1
3.16604 1
3.23781 1
3.70781 1
5.00462 1
0.466893 1
2.51082 1
0.800239 1
-0.68049 1
2.21655 1
6.07682 1
2.05679 1
2.0381 1
6.94879 1
3.56797 1
6.57305 1
4.4042 1
4.40636 1
2.45512 1
1.14277 1
1.19886 1
1.59516 1
2.20119 1
2.80422 1
0.910462 1
3.11752 1
1.33629 1
2.81786 1
3.61285 1
1.82707 1
1.14096 1
3.67049 1
3.4956 1
6.67072 1
4.54485 1
5.14679 1
1.81112 1
1.85891 1
4.30703 1
7.37822 1
2.44019 1
2.25923 1
6.39676 1
1.05151 1
3.46829 1
4.28096 1
5.19968 1
3.95154 1
4.45871 1
3.89688 1
2.60157 1
0.793697 1
2.75791 1
4.03295 1
2.34696 1
1.72777 1
4.38358 1
3.89689 1
2.78535 1
3.23635 1
4.32049 1
5.10313 1
2.06265 1
6.93119 1
4.62416 1
6.93168 1
0.0556707 1
1.74189 1
0.486151 1
3.49837 1
7.40695 1
6.0809 1
2.27109 1
3.13201 1
2.52832 1
3.14151 1
3.77926 1
0.471317 1
4.16649 1
4.20833 1
4.66802 1
4.10757 1
6.27735 1
4.81474 1
3.23545 1
3.42757 1
5.21199 1
5.87417 1
4.89261 1
8.20489 1
1.33426 1
1.81694 1
9.75003 1
3.64533 1
1.31394 1
0.422267 1
3.41372 1
4.20246 1
4.37293 1
4.66324 1
0.452017 1
5.105 1
0.760248 1
2.21552 1
2.56303 1
3.38628 1
2.39298 1
1.24597 1
5.92249 1
0.0528881 1
2.09822 1
3.41135 1
3.99078 1
3.83809 1
3.94502 1
2.8097 1
4.08335 1
3.91266 1
6.48134 1
6.09243 1
1.73127 1
2.2004 1
2.38603 1
1.16004 1
4.30581 1
1.65579 1
2.59815 1
1.43851 1
3.07556 1
3.76983 1
4.13244 1
1.18365 1
3.37224 1
4.71937 1
2.52086 1
2.38976 1
5.60996 1
3.65939 1
2.73994 1
6.59661 1
1.22563 1
3.89172 1
5.34194 1
4.05196 1
3.39385 1
3.15415 1
4.53256 1
0.864334 1
3.88171 1
9.03802 1
5.50157 1
1.51233 1
4.401 1
1.3962 1
2.37009 1
0.687145 1
3.31257 1
5.7975 1
2.29545 1
-0.341821 1
3.00962 1
1.39104 1
5.70643 1
4.47472 1
4.18845 1
4.87529 1
6.88801 1
0.901294 1
2.321 1
0.674493 1
2.69084 1
4.74447 1
3.11942 1
3.18807 1
7.15704 1
3.19334 1
1.93483 1
5.80917 1
6.30397 1
4.07914 1
2.53362 1
5.72815 1
2.12869 1
0.804568 1
2.37027 1
5.47104 1
6.61595 1
0.534804 1
3.27071 1
0.346609 1
3.50314 1
1.62498 1
3.58306 1
0.749336 1
4.58303 1
4.72662 1
3.71368 1
3.94531 1
4.6983 1
3.69577 1
0.461718 1
3.51395 1
6.28325 1
4.42281 1
4.32963 1
4.30947 1
3.88006 1
5.42384 1
1.15165 1
6.30343 1
4.72056 1
6.27678 1
4.23423 1
3.0895 1
2.49515 1
4.70039 1
0.134989 1
2.23695 1
1.39716 1
0.690597 1
9.38638 1
1.36436 1
3.84863 1
-1.00743 1
3.11273 1
2.94706 1
2.01812 1
4.56377 1
3.89239 1
1.08604 1
5.6224 1
2.44866 1
6.78539 1
6.87144 1
2.75697 1
4.41444 1
5.01824 1
2.68086 1
0.580875 1
2.80023 1
2.86501 1
9.68739 1
8.80574 1
6.74358 1
4.98164 1
1.69314 1
5.93052 1
1.08677 1
4.54511 1
3.32666 1
2.65724 1
4.39923 1
3.19182 1
1.6143 1
4.95485 1
4.13536 1
3.85003 1
4.58168 1
4.72261 1
2.20857 1
2.99999 1
1.57388 1
1.06239 1
4.26684 1
4.67653 1
4.2647 1
4.63522 1
3.82263 1
3.46768 1
3.55074 1
4.41649 1
3.01872 1
1.57896 1
2.8228 1
1.35746 1
5.02111 1
4.16683 1
-1.18381 1
1.5312 1
3.72467 1
1.5262 1
6.10001 1
7.67523 1
1.59581 1
1.80303 1
2.51678 1
1.60261 1
3.72613 1
5.55803 1
4.28267 1
3.57976 1
1.50337 1
6.58694 1
-0.773451 1
5.58384 1
4.28749 1
0.391404 1
6.01246 1
2.69733 1
1.61401 1
4.94533 1
4.52193 1
3.95841 1
3.92382 1
2.21536 1
4.93581 1
4.28508 1
7.35752 1
1.7748 1
2.97434 1
1.91102 1
3.67478 1
2.37733 1
0.35655 1
7.38796 1
1.59473 1
3.20954 1
2.01722 1
2.68132 1
2.64436 1
3.80906 1
2.51069 1
6.91911 1
3.66492 1
2.83988 1
6.1035 1
4.30581 1
0.117905 1
1.88301 1
5.11411 1
1.81202 1
5.13464 1
5.30351 1
2.88283 1
0.620315 1
6.82701 1
4.10698 1
3.89731 1
2.98048 1
6.46133 1
2.75028 1
1.1342 1
0.312048 1
2.0309 1
4.41773 1
6.31899 1
2.13917 1
0.925143 1
3.86812 1
5.01495 1
3.30316 1
3.64802 1
4.36679 1
8.16172 1
5.18111 1
2.42308 1
2.91093 1
4.72209 1
1.83125 1
4.96216 1
3.02081 1
1.93738 1
2.12313 1
3.72082 1
2.15055 1
1.1932 1
5.43243 1
7.09733 1
2.2551 1
1.98581 1
4.69087 1
0.999576 1
5.06793 1
2.98893 1
3.92438 1
0.213084 1
1.11233 1
1.88332 1
4.52275 1
2.82341 1
5.90162 1
1.87496 1
5.18516 1
0.906047 1
2.24939 1
2.08392 1
3.95683 1
7.02282 1
0.878666 1
4.95813 1
9.60705 1
1.45012 1
5.25896 1
0.393589 1
2.00432 1
1.51547 1
4.69393 1
-0.514068 1
5.27999 1
5.25489 1
1.05052 1
1.03502 1
2.74237 1
6.89955 1
1.299 1
6.0697 1
4.48164 1
4.30427 1
2.36434 1
1.61382 1
2.38796 1
2.36319 1
2.75782 1
2.77796 1
5.24019 1
2.17551 1
1.9736 1
2.79988 1
1.58812 1
0.798431 1
1.82013 1
0.44789 1
3.63718 1
8.69785 1
2.10922 1
2.8047 1
4.96972 1
1.87603 1
2.29766 1
4.13869 1
4.54962 1
5.30913 1
0.82223 1
5.13924 1
2.42805 1
4.23859 1
1.55841 1
2.51468 1
4.86033 1
6.90944 1
4.62338 1
-0.0896755 1
6.43011 1
4.1648 1
5.33917 1
3.56457 1
6.48804 1
1.21024 1
2.30158 1
2.39423 1
7.68634 1
7.79024 1
2.34545 1
3.83131 1
4.72519 1
2.25028 1
3.23006 1
1.82395 1
7.04572 1
1.19581 1
0.402293 1
2.99418 1
1.64681 1
2.02388 1
5.44999 1
2.63561 1
6.39013 1
2.97097 1
3.27533 1
5.69472 1
3.49077 1
4.40983 1
2.70573 1
5.5517 1
4.34437 1
1.39831 1
0.91491 1
2.23311 1
0.457291 1
4.93948 1
-0.0614392 1
2.87723 1
4.99196 1
3.26094 1
-0.0128062 1
2.70283 1
7.26612 1
0.168058 1
1.41538 1
2.1386 1
2.82072 1
1.30432 1
1.58022 1
3.5673 1
5.2451 1
3.90723 1
7.23668 1
3.48344 1
3.08599 1
1.75337 1
6.68227 1
2.36704 1
0.964049 1
5.65844 1
-0.0556191 1
3.29257 1
2.72454 1
0.253355 1
8.24952 1
5.023 1
3.47607 1
4.0405 1
3.65378 1
4.709 1
0.771249 1
1.91358 1
4.01665 1
2.42041 1
3.21787 1
5.32608 1
6.41161 1
5.62948 1
2.69781 1
2.66419 1
3.54293 1
2.38018 1
3.09126 1
3.10453 1
7.781 1
4.51518 1
3.87282 1
5.16452 1
4.56264 1
0.473668 1
2.65194 1
0.633414 1
1.84059 1
2.21359 1
6.31304 1
1.90101 1
3.99088 1
2.27107 1
4.06382 1
6.91648 1
3.28663 1
2.26534 1
6.8687 1
3.46838 1
4.37126 1
1.14778 1
4.19894 1
2.10662 1
5.97957 1
2.04756 1
5.46313 1
3.95038 1
4.85387 1
4.03719 1
3.9972 1
-1.15092 1
9.85167 1
5.45728 1
1.84434 1
3.80412 1
4.25753 1
3.34999 1
-0.452426 1
4.63084 1
3.27495 1
2.73881 1
6.85109 1
3.17652 1
1.88719 1
1.74285 1
6.81319 1
2.26401 1
4.96891 1
3.12771 1
2.13676 1
5.10019 1
5.46483 1
0.406835 1
0.620259 1
0.958919 1
0.90045 1
3.17853 1
3.90284 1
3.10622 1
2.15327 1
2.27104 1
2.9771 1
7.99524 1
1.64879 1
9.82977 1
2.85227 1
2.00068 1
1.80324 1
4.03996 1
3.65169 1
3.81847 1
3.89192 1
2.28236 1
4.82554 1
-0.079597 1
2.30579 1
2.07298 1
2.69039 1
5.05791 1
1.6761 1
3.83336 1
6.47612 1
2.3805 1
3.0694 1
3.30898 1
3.52761 1
4.96928 1
1.40418 1
3.45735 1
1.95569 1
2.22802 1
4.87928 1
4.75396 1
3.21694 1
2.70562 1
4.41497 1
2.70461 1
2.38112 1
2.03721 1
1.52314 1
4.76241 1
5.56478 1
3.02576 1
0.579272 1
4.00923 1
3.04965 1
-0.211833 1
2.28225 1
4.64617 1
5.40485 1
-1.04183 1
2.0028 1
2.94536 1
2.02333 1
5.04545 1
6.64932 1
5.35482 1
4.95811 1
3.2623 1
6.1149 1
3.70501 1
5.8618 1
5.31337 1
5.9114 1
4.66297 1
2.43498 1
3.36384 1
3.45256 1
1.93979 1
3.74967 1
1.71051 1
5.47854 1
3.67978 1
2.56279 1
2.91315 1
-1.26539 1
2.94236 1
2.92625 1
2.29156 1
3.75618 1
2.91717 1
2.322 1
2.07596 1
0.988588 1
5.37055 1
3.51166 1
6.87331 1
6.58279 1
-0.743574 1
5.48157 1
-0.308205 1
4.58727 1
9.50398 1
2.8736 1
4.99644 1
4.17038 1
6.13255 1
1.0985 1
6.02197 1
3.83655 1
1.98594 1
4.86199 1
1.00018 1
0.944735 1
2.18937 1
6.83805 1
1.36036 1
1.60113 1
2.23946 1
5.96937 1
3.19663 1
4.12936 1
4.36928 1
-0.144271 1
0.61147 1
1.37894 1
1.31468 1
0.693381 1
3.21048 1
1.37123 1
5.71559 1
1.84458 1
2.80536 1
3.14425 1
1.88026 1
0.908009 1
3.09667 1
0.745292 1
4.52044 1
2.69009 1
4.4968 1
3.61232 1
4.64674 1
5.56055 1
5.20355 1
4.69142 1
2.16646 1
1.8608 1
0.0619013 1
1.88232 1
3.26143 1
5.86991 1
5.98595 1
0.936098 1
10.0132 1
3.70469 1
2.23126 1
2.92107 1
2.33416 1
5.04903 1
5.22378 1
4.79573 1
1.67278 1
2.83039 1
1.91963 1
2.54471 1
1.12964 1
1.18415 1
2.33856 1
3.63373 1
3.69844 1
2.71335 1
0.747754 1
3.34615 1
0.465948 1
3.14931 1
3.07945 1
1.4645 1
1.5797 1
3.91084 1
1.30718 1
1.67754 1
2.62157 1
3.98807 1
6.8803 1
3.28266 1
-0.317537 1
8.54006 1
5.03601 1
6.20522 1
3.06109 1
6.07651 1
0.76975 1
1.19908 1
5.60577 1
-0.102828 1
1.48801 1
1.23011 1
6.40487 1
1.71265 1
2.89621 1
1.84313 1
7.33201 1
6.36282 1
4.68642 1
1.63796 1
1.1032 1
5.04771 1
3.61826 1
1.39882 1
3.32331 1
4.93695 1
2.11943 1
0.51259 1
4.34677 1
2.69606 1
3.60419 1
1.58549 1
7.27933 1
1.2942 1
1.83058 1
4.60744 1
5.40252 1
1.83185 1
1.84422 1
4.99871 1
7.84582 1
4.76825 1
5.83982 1
1.31804 1
2.89888 1
2.8761 1
2.8855 1
5.24528 1
2.18637 1
6.04224 1
2.66358 1
2.79611 1
1.83236 1
7.64288 1
3.36866 1
4.98721 1
1.5687 1
3.56722 1
2.11234 1
3.94509 1
1.54294 1
3.25581 1
5.7822 1
2.08385 1
7.29005 1
5.50821 1
3.23875 1
3.91222 1
4.54184 1
1.64112 1
3.37206 1
6.12696 1
1.55714 1
5.57393 1
2.00532 1
2.39677 1
9.96152 1
4.65318 1
0.347623 1
3.3737 1
5.39247 1
5.85849 1
3.37293 1
8.66106 1
2.2772 1
2.51051 1
3.2742 1
3.87023 1
3.31454 1
6.98437 1
1.95243 1
1.8016 1
6.98872 1
1.16651 1
2.93973 1
3.3428 1
2.61446 1
5.73495 1
5.73753 1
1.7704 1
2.25221 1
2.97918 1
6.25323 1
3.12494 1
4.72183 1
3.4997 1
7.24747 1
4.80874 1
1.93996 1
6.17093 1
-0.279118 1
2.17811 1
1.22299 1
2.91179 1
1.72488 1
1.14528 1
2.86141 1
1.9115 1
2.21748 1
1.78487 1
6.17771 1
1.97203 1
4.51269 1
3.16694 1
3.70042 1
5.31737 1
6.96349 1
4.181 1
-0.103669 1
1.81136 1
5.03766 1
7.23033 1
3.71858 1
0.823607 1
2.00964 1
2.59578 1
2.5804 1
2.67027 1
3.03531 1
3.61269 1
3.33969 1
1.96482 1
3.86472 1
1.03565 1
6.36756 1
2.82458 1
3.04637 1
3.60235 1
0.615709 1
2.87419 1
1.90866 1
0.929651 1
5.42766 1
5.90348 1
6.60444 1
3.40815 1
2.29179 1
5.5065 1
5.86343 1
4.05292 1
3.56625 1
6.40457 1
3.74962 1
5.73287 1
0.60114 1
3.93896 1
0.914404 1
5.41449 1
0.687966 1
4.15903 1
3.27141 1
5.73481 1
0.888003 1
3.91324 1
1.56101 1
-0.575095 1
4.21619 1
3.6469 1
0.915125 1
5.73637 1
1.73943 1
2.63384 1
2.09369 1
2.78747 1
0.534755 1
3.78563 1
2.23478 1
2.36103 1
6.89728 1
4.66218 1
3.13047 1
5.69205 1
3.22905 1
3.50534 1
1.2334 1
4.4362 1
-0.0798698 1
6.01795 1
4.83819 1
3.18723 1
0.791444 1
3.34231 1
1.7308 1
4.93485 1
3.49555 1
1.4297 1
3.90615 1
0.513389 1
1.90162 1
2.77519 1
4.13256 1
5.00173 1
3.36316 1
8.55923 1
7.6909 1
1.50601 1
1.72321 1
2.64242 1
3.59059 1
4.47618 1
2.87322 1
3.07734 1
1.47858 1
1.99341 1
3.79051 1
3.03967 1
2.43635 1
5.67501 1
3.11056 1
3.09819 1
2.28634 1
1.71716 1
5.72423 1
4.7029 1
4.53213 1
0.576241 1
4.02781 1
-1.37679 1
2.91781 1
4.28525 1
2.88615 1
0.226819 1
5.09495 1
2.6625 1
8.25321 1
0.694007 1
-0.00134951 1
2.21767 1
2.14755 1
1.53344 1
2.06631 1
1.74435 1
3.16251 1
7.29178 1
2.18234 1
5.46382 1
3.62531 1
3.38794 1
4.56578 1
8.67796 1
2.99414 1
3.02831 1
4.70219 1
1.03205 1
2.31768 1
2.06439 1
3.92799 1
5.23002 1
4.43705 1
0.43579 1
0.864821 1
7.7177 1
1.08176 1
2.20682 1
3.63709 1
0.413699 1
1.34173 1
5.87472 1
4.32324 1
5.08458 1
2.91965 1
6.75892 1
-0.200045 1
5.5807 1
3.19835 1
4.80364 1
5.57714 1
1.79544 1
2.44774 1
2.64497 1
3.27443 1
2.26843 1
3.11248 1
2.46085 1
4.64089 1
2.02435 1
6.30445 1
1.80305 1
0.554857 1
4.67616 1
1.8817 1
-2.18087 1
4.22859 1
1.65795 1
8.02131 1
3.98575 1
1.93303 1
4.46252 1
2.23173 1
0.526529 1
3.29385 1
3.74957 1
5.58009 1
2.3065 1
5.88223 1
1.66329 1
-0.155317 1
6.95588 1
6.57899 1
3.43259 1
1.70917 1
2.43433 1
2.01043 1
0.139302 1
2.83994 1
2.88185 1
1.92453 1
2.28574 1
0.538894 1
3.54695 1
6.4701 1
2.11619 1
0.585219 1
4.03879 1
3.10608 1
0.0497166 1
3.70212 1
4.22402 1
4.3965 1
5.63583 1
1.78846 1
3.3378 1
3.03067 1
5.10299 1
7.73916 1
4.94128 1
0.882781 1
0.814823 1
5.63485 1
7.99627 1
3.40159 1
4.9312 1
2.92473 1
5.86261 1
8.72964 1
4.84747 1
1.46023 1
2.1496 1
1.21834 1
1.89178 1
6.44398 1
3.63769 1
4.28283 1
2.90566 1
6.58224 1
-0.29157 1
4.07864 1
3.58256 1
2.19304 1
6.3015 1
1.83234 1
4.15385 1
4.61531 1
3.57875 1
1.84569 1
3.1963 1
0.33554 1
4.07444 1
3.40358 1
4.39492 1
3.58545 1
0.584248 1
4.81586 1
6.62874 1
3.51405 1
-0.147262 1
3.26774 1
3.03779 1
2.55856 1
2.68293 1
1.05099 1
5.20066 1
1.34789 1
3.71107 1
5.00604 1
2.78414 1
3.13399 1
4.44427 1
3.15457 1
4.70334 1
0.57195 1
6.83815 1
4.17111 1
3.06893 1
2.2361 1
1.04334 1
1.01901 1
1.03027 1
1.45279 1
1.67748 1
4.73764 1
2.04197 1
5.36041 1
7.41618 1
7.16057 1
1.30628 1
0.92989 1
4.98262 1
6.57956 1
2.44707 1
4.53348 1
2.79665 1
1.96179 1
1.6836 1
1.27242 1
2.86928 1
5.33496 1
4.06242 1
2.64459 1
1.50237 1
4.4068 1
5.83594 1
3.12531 1
3.9166 1
3.14091 1
5.20725 1
5.54592 1
3.92432 1
5.2929 1
6.13356 1
4.48447 1
1.42833 1
6.38468 1
3.32719 1
6.84682 1
3.26391 1
2.12026 1
7.02941 1
1.41312 1
0.803698 1
3.62033 1
2.93573 1
4.79155 1
7.55994 1
4.21109 1
2.1004 1
3.74009 1
1.60237 1
4.83458 1
3.70718 1
6.0275 1
0.339047 1
5.66867 1
0.434541 1
1.53823 1
3.76842 1
1.1376 1
2.00229 1
4.76096 1
3.38897 1
3.17001 1
5.18995 1
3.75627 1
1.94492 1
3.2687 1
1.0902 1
3.6523 1
2.14878 1
2.47426 1
1.79883 1
3.14506 1
1.95704 1
1.40586 1
1.3186 1
1.99435 1
3.54671 1
5.38099 1
1.89583 1
1.46535 1
7.71165 1
4.42445 1
1.36562 1
6.94807 1
1.5013 1
3.94677 1
7.58687 1
3.75802 1
7.14973 1
4.38419 1
-0.364539 1
0.800099 1
5.14795 1
5.99337 1
5.35064 1
3.80335 1
3.81242 1
0.942457 1
2.4066 1
5.92601 1
0.343854 1
1.54134 1
3.42562 1
5.39014 1
3.90939 1
0.744971 1
6.49166 1
5.32237 1
5.48138 1
2.46935 1
3.61019 1
2.36283 1
10.0632 1
5.51057 1
2.64002 1
5.34513 1
3.12503 1
3.046 1
1.67235 1
6.63751 1
2.07634 1
0.694364 1
2.23313 1
3.48074 1
5.28952 1
2.05734 1
7.43067 1
-0.750505 1
2.76696 1
4.32719 1
1.13015 1
-0.451953 1
4.26635 1
3.47273 1
2.09469 1
-0.916012 1
1.64575 1
6.27423 1
3.65491 1
4.21642 1
2.80981 1
2.41052 1
5.63112 1
2.9817 1
4.99864 1
1.84434 1
4.32057 1
2.62678 1
2.84436 1
2.79432 1
1.49478 1
4.40828 1
2.0132 1
3.52897 1
2.02886 1
8.54991 1
1.80162 1
4.94365 1
1.3025 1
2.06373 1
1.73305 1
0.418209 1
2.81331 1
4.32794 1
2.32151 1
3.97668 1
1.64488 1
4.71035 1
2.06805 1
0.174713 1
0.401914 1
0.634802 1
4.17053 1
3.25667 1
3.8811 1
4.53179 1
2.11505 1
4.74782 1
5.96961 1
2.37179 1
3.33182 1
1.19272 1
-0.177561 1
0.524293 1
4.52894 1
2.69218 1
2.61728 1
3.9478 1
1.50907 1
3.91558 1
2.54119 1
6.48233 1
5.57251 1
3.64836 1
3.14426 1
6.22786 1
1.36792 1
3.06134 1
4.47065 1
1.38149 1
2.87177 1
6.70242 1
0.51603 1
1.05895 1
0.0529105 1
3.85535 1
2.63754 1
4.22595 1
4.3361 1
3.34266 1
5.6203 1
9.1924 1
2.44896 1
3.63633 1
3.14062 1
3.59602 1
0.492939 1
4.16052 1
2.1608 1
5.63175 1
3.72424 1
6.05116 1
2.62648 1
3.87401 1
4.79506 1
6.45589 1
0.848444 1
4.08266 1
2.39513 1
3.34777 1
3.05377 1
7.51928 1
2.57156 1
4.17726 1
2.65564 1
4.87617 1
5.07308 1
1.80096 1
3.86046 1
3.37006 1
0.328426 1
1.86659 1
4.5687 1
5.23248 1
2.74439 1
7.29166 1
2.74378 1
3.17722 1
5.95766 1
2.05488 1
1.36689 1
3.04316 1
2.21261 1
3.29215 1
3.14818 1
-0.0463147 1
5.77066 1
6.61376 1
3.76821 1
0.384251 1
3.59341 1
1.24635 1
4.95826 1
5.59802 1
6.01188 1
4.65387 1
0.520285 1
2.92475 1
2.63527 1
5.57868 1
3.92036 1
2.07834 1
2.44288 1
4.96008 1
4.03133 1
4.21623 1
4.35853 1
5.81794 1
2.83865 1
1.98327 1
3.52564 1
4.27357 1
1.96711 1
2.82584 1
2.35885 1
2.23129 1
4.71724 1
3.47956 1
4.32775 1
0.906314 1
1.64247 1
2.76392 1
4.29483 1
2.22134 1
4.73652 1
4.37764 1
5.9024 1
7.03237 1
2.57953 1
2.62961 1
0.0733459 1
0.554125 1
2.86354 1
0.694631 1
8.1824 1
5.12636 1
5.80635 1
4.43075 1
2.33267 1
1.82904 1
2.10843 1
3.70323 1
7.71759 1
1.45896 1
1.69728 1
2.77261 1
2.5672 1
4.0779 1
0.987077 1
4.83387 1
3.8112 1
4.94827 1
0.776268 1
2.69584 1
8.8942 1
8.05993 1
5.17952 1
7.956 1
9.38386 1
8.45777 1
2.68667 1
2.83805 1
4.29081 1
6.21493 1
5.93793 1
3.86911 1
3.74991 1
4.8502 1
2.26384 1
1.76322 1
2.53238 1
3.964 1
3.19938 1
1.59863 1
5.53441 1
4.85486 1
1.7189 1
1.98739 1
8.73742 1
3.47426 1
2.7005 1
2.21405 1
3.35129 1
6.70821 1
4.01387 1
2.31722 1
6.23725 1
5.39523 1
0.648399 1
3.33837 1
2.12529 1
5.70878 1
1.8767 1
2.26059 1
1.93874 1
2.41808 1
4.58671 1
5.5353 1
3.40461 1
2.29509 1
6.76855 1
0.917485 1
2.63063 1
2.16586 1
4.20149 1
4.24402 1
2.14269 1
5.69726 1
0.620919 1
3.84058 1
2.29948 1
3.59145 1
0.537759 1
1.3383 1
1.54347 1
3.97461 1
4.04056 1
1.8994 1
1.52 1
6.05421 1
1.87769 1
4.25518 1
3.5266 1
6.00852 1
2.84215 1
2.36889 1
1.19704 1
7.77424 1
4.90516 1
4.61867 1
1.41791 1
3.36608 1
7.43425 1
2.1851 1
1.31637 1
3.6605 1
3.25745 1
1.07212 1
1.7294 1
4.4158 1
2.35801 1
4.49645 1
4.93394 1
1.5734 1
1.87494 1
2.34393 1
1.64355 1
1.01732 1
3.84867 1
2.49478 1
1.75128 1
3.73702 1
3.67264 1
2.11975 1
4.27717 1
4.05906 1
5.71409 1
5.98319 1
0.728354 1
2.77707 1
0.654086 1
7.93645 1
4.09373 1
6.06959 1
3.45524 1
1.61985 1
1.09533 1
2.67706 1
2.62353 1
3.1311 1
4.79049 1
8.32313 1
1.2293 1
3.34034 1
0.884967 1
8.55786 1
6.04448 1
4.37171 1
4.54332 1
2.35318 1
3.79101 1
3.02781 1
5.46528 1
2.57496 1
-1.11478 1
4.70569 1
2.1741 1
8.16721 1
1.15307 1
1.87742 1
1.9109 1
0.986695 1
2.88691 1
3.8771 1
2.47233 1
1.43335 1
2.69345 1
1.25064 1
1.42752 1
4.75581 1
5.18584 1
2.35707 1
3.70331 1
0.77143 1
4.6999 1
2.93446 1
7.32189 1
6.2914 1
4.6462 1
2.01173 1
1.35221 1
5.27157 1
1.63466 1
0.91286 1
2.91663 1
5.03147 1
0.682588 1
4.97166 1
2.04354 1
4.56058 1
5.76208 1
5.61183 1
2.30331 1
1.34014 1
1.06123 1
3.58728 1
2.62705 1
1.46785 1
7.27199 1
-0.352935 1
0.187652 1
3.23873 1
3.11043 1
1.07894 1
-0.607282 1
1.46972 1
3.14985 1
5.82306 1
2.65585 1
5.49891 1
1.29967 1
3.33219 1
2.85297 1
2.04201 1
4.99762 1
4.0455 1
3.1252 1
3.30416 1
1.31626 1
0.0833423 1
2.87755 1
1.01911 1
-0.910579 1
5.95849 1
3.94685 1
0.273709 1
5.96008 1
4.57729 1
3.05983 1
6.58183 1
2.49535 1
0.887828 1
4.528 1
5.23353 1
7.08428 1
3.42508 1
4.30417 1
5.06731 1
2.82156 1
2.96605 1
2.67958 1
4.34887 1
6.4054 1
4.22864 1
0.0589507 1
0.831393 1
2.89269 1
2.43756 1
5.2219 1
5.48873 1
3.29554 1
0.893671 1
4.38222 1
2.20643 1
6.44368 1
1.02654 1
0.498967 1
2.608 1
0.951197 1
4.10437 1
2.62038 1
2.12067 1
2.13074 1
2.62772 1
4.98622 1
3.75435 1
0.729186 1
3.35878 1
2.63868 1
1.98802 1
3.61527 1
5.34637 1
3.79335 1
3.23187 1
-0.0767658 1
3.73454 1
1.67255 1
1.90496 1
2.8314 1
0.577715 1
3.32269 1
8.52625 1
0.88732 1
3.51125 1
4.34772 1
3.43603 1
2.97873 1
-0.367004 1
0.897238 1
2.98836 1
7.86334 1
2.56018 1
3.2924 1
4.75656 1
3.62803 1
3.90573 1
3.18297 1
1.29703 1
3.55196 1
6.56321 1
1.88309 1
4.53783 1
2.71202 1
5.82433 1
3.65823 1
1.69873 1
4.99528 1
1.63518 1
4.57333 1
4.25652 1
0.829109 1
4.27239 1
5.21154 1
2.53021 1
4.02561 1
5.08161 1
1.36134 1
1.61484 1
1.33625 1
0.772712 1
2.58667 1
1.05009 1
7.85466 1
1.64806 1
-0.607477 1
2.44737 1
3.90093 1
3.86596 1
1.51616 1
1.18292 1
5.38783 1
2.93383 1
4.85851 1
3.18682 1
3.66059 1
0.477308 1
2.7996 1
4.83496 1
4.14205 1
3.19898 1
0.986471 1
2.77403 1
3.25954 1
3.24433 1
4.04938 1
3.74204 1
3.58955 1
2.36017 1
2.60042 1
3.48885 1
4.73674 1
4.59269 1
2.24348 1
4.63023 1
2.57029 1
2.54196 1
4.13996 1
2.65609 1
3.17668 1
2.75058 1
1.76783 1
6.2864 1
6.01418 1
2.78598 1
1.5228 1
2.24418 1
2.27569 1
2.35683 1
2.81884 1
6.28526 1
2.31725 1
4.06129 1
2.77478 1
2.68482 1
4.84886 1
4.51677 1
1.7439 1
1.51141 1
4.22887 1
5.24084 1
3.94628 1
0.99233 1
2.69436 1
1.2032 1
2.36251 1
5.29624 1
4.42681 1
2.58512 1
4.07367 1
1.08125 1
3.7628 1
1.872 1
4.14883 1
-0.751584 1
1.65015 1
3.12348 1
2.38402 1
3.36963 1
5.13787 1
1.81255 1
3.82903 1
1.07218 1
1.01639 1
3.57623 1
2.19078 1
3.19935 1
2.46352 1
3.46703 1
3.71114 1
1.08055 1
6.20255 1
3.80794 1
3.14169 1
0.867189 1
2.57518 1
0.290948 1
7.71065 1
7.09347 1
1.68464 1
1.58305 1
2.12201 1
0.333165 1
2.43619 1
1.67053 1
0.115211 1
0.695391 1
1.70663 1
8.82648 1
1.19876 1
4.64842 1
1.64794 1
4.25272 1
3.86385 1
2.78667 1
4.61727 1
1.65499 1
4.01465 1
2.49556 1
6.33401 1
6.48017 1
7.12672 1
3.70102 1
6.77728 1
4.60603 1
4.04541 1
4.89765 1
0.185316 1
1.91092 1
3.84531 1
3.4684 1
1.3686 1
5.90363 1
1.21682 1
3.03059 1
2.52799 1
4.31963 1
0.254108 1
5.33044 1
4.54265 1
7.33883 1
6.08469 1
6.80017 1
2.98537 1
0.250249 1
3.59002 1
4.43171 1
4.42891 1
3.73497 1
3.25036 1
3.53664 1
2.04924 1
3.27016 1
4.22304 1
6.16758 1
-0.0146412 1
3.14401 1
1.11605 1
4.65702 1
2.06742 1
2.15922 1
1.13221 1
0.693789 1
5.16015 1
4.55023 1
3.58109 1
6.28585 1
3.69526 1
-0.556508 1
4.77391 1
3.86923 1
-0.695839 1
6.00035 1
3.30215 1
3.87574 1
3.0663 1
1.60625 1
3.88819 1
2.42865 1
4.2449 1
4.02672 1
0.430644 1
3.52557 1
3.44893 1
4.47048 1
0.858839 1
4.72342 1
4.30532 1
6.01493 1
6.74206 1
5.01126 1
0.816684 1
1.10363 1
3.25773 1
5.47596 1
2.11406 1
5.31197 1
1.30613 1
4.46281 1
1.76717 1
1.5611 1
0.973487 1
0.541324 1
1.59331 1
2.14109 1
-0.225261 1
4.2604 1
4.01743 1
3.01249 1
5.99074 1
1.17785 1
3.48026 1
2.54972 1
7.21723 1
2.89357 1
0.655929 1
2.4958 1
7.52995 1
6.39248 1
4.60964 1
1.26174 1
1.0956 1
0.157865 1
0.904 1
2.60525 1
-0.187813 1
2.95584 1
4.2885 1
5.54924 1
2.16891 1
0.4579 1
5.12812 1
-0.262047 1
1.92354 1
2.55779 1
2.60633 1
0.417705 1
3.74452 1
3.04867 1
3.69754 1
0.108338 1
0.446139 1
0.876487 1
2.84442 1
5.36906 1
1.92812 1
7.02701 1
2.82393 1
5.90685 1
3.31869 1
2.42355 1
1.9029 1
6.1527 1
3.97787 1
5.39616 1
2.70195 1
6.85836 1
3.51317 1
5.61075 1
3.54856 1
1.85217 1
2.73417 1
2.55524 1
3.16573 1
6.09698 1
5.63274 1
4.51416 1
8.17735 1
2.6762 1
2.6748 1
3.03214 1
0.256814 1
1.80142 1
2.88594 1
1.97895 1
4.15718 1
4.93639 1
3.29943 1
4.79485 1
4.66863 1
5.34534 1
3.70745 1
3.77014 1
3.47409 1
5.62194 1
3.93467 1
0.585886 1
1.69979 1
1.84742 1
2.45873 1
5.40303 1
5.64208 1
2.78419 1
4.19466 1
0.569894 1
2.47947 1
1.22018 1
4.94968 1
0.287335 1
6.06941 1
3.74759 1
1.94085 1
3.41784 1
4.54206 1
3.41677 1
2.42724 1
3.85551 1
0.442756 1
2.14259 1
3.89165 1
3.56206 1
2.81159 1
3.65183 1
5.79125 1
1.03607 1
4.46918 1
2.001 1
2.65566 1
4.39694 1
1.31918 1
4.1446 1
6.56249 1
6.20579 1
8.96378 1
1.15229 1
2.80718 1
1.25413 1
4.60489 1
8.35663 1
7.66793 1
4.16815 1
6.18984 1
4.98097 1
3.7276 1
3.48058 1
3.26192 1
5.86886 1
4.39185 1
2.61201 1
6.1998 1
8.73966 1
5.76528 1
4.38996 1
3.21509 1
5.51673 1
1.2669 1
0.656353 1
4.23615 1
2.89442 1
7.74217 1
2.26901 1
3.90878 1
2.40655 1
3.02383 1
1.57951 1
7.63599 1
4.86785 1
2.02838 1
2.23459 1
1.94587 1
3.39407 1
3.44821 1
5.17983 1
3.05922 1
3.56086 1
2.38041 1
2.56717 1
3.51049 1
1.22559 1
5.64863 1
5.73186 1
3.14121 1
5.0296 1
8.13598 1
6.47096 1
7.16121 1
4.37969 1
3.88536 1
2.28534 1
1.9065 1
6.48893 1
3.79496 1
2.12724 1
3.4235 1
4.89191 1
3.34244 1
-0.191297 1
2.24023 1
1.38959 1
5.99966 1
2.86078 1
5.7099 1
6.95811 1
3.21777 1
3.90695 1
3.67617 1
1.58873 1
1.59436 1
3.87148 1
0.925747 1
2.86778 1
3.65237 1
2.94344 1
1.81221 1
6.00797 1
6.50325 1
3.91884 1
2.76091 1
3.29194 1
1.11391 1
4.21563 1
2.17234 1
4.50128 1
2.47835 1
2.67312 1
9.20571 1
2.065 1
1.21968 1
3.21473 1
0.540656 1
5.5229 1
7.18074 1
9.0506 1
1.59828 1
4.59522 1
3.75343 1
8.20724 1
6.63701 1
0.957958 1
2.79393 1
6.0131 1
4.96484 1
7.10837 1
2.79681 1
4.21203 1
1.80211 1
1.80933 1
4.6219 1
3.91806 1
4.11101 1
3.48661 1
2.10674 1
7.14013 1
3.60213 1
5.25536 1
4.04359 1
2.79577 1
4.80227 1
4.87364 1
1.0654 1
7.24545 1
4.10259 1
2.76337 1
2.70753 1
1.13946 1
2.34443 1
1.50465 1
5.37183 1
4.25192 1
3.25307 1
4.60616 1
3.44774 1
0.316613 1
5.52522 1
5.36755 1
6.68764 1
2.27762 1
2.80574 1
1.69696 1
3.74906 1
2.21694 1
2.60907 1
0.666622 1
4.90952 1
2.35534 1
3.25813 1
2.85896 1
4.0082 1
3.33756 1
1.59335 1
1.3654 1
2.40213 1
1.12176 1
0.965859 1
3.62119 1
3.10696 1
2.4148 1
1.35189 1
-0.951221 1
3.44964 1
5.90921 1
4.00649 1
6.9958 1
-0.995027 1
2.84116 1
4.36157 1
3.19162 1
2.51565 1
2.66984 1
2.47525 1
5.49426 1
2.25861 1
0.789576 1
4.40923 1
3.55769 1
0.221369 1
2.62444 1
8.14075 1
8.6929 1
4.7004 1
3.53872 1
5.28012 1
6.01627 1
1.52365 1
4.0594 1
4.39412 1
6.97012 1
3.02667 1
4.33064 1
4.1278 1
2.82302 1
5.13864 1
4.71917 1
6.62584 1
2.56366 1
3.43527 1
1.41268 1
0.942677 1
2.39392 1
2.90917 1
5.61087 1
7.79502 1
2.36499 1
3.56831 1
-0.594951 1
4.44493 1
6.62539 1
4.5816 1
2.41075 1
2.54709 1
0.110774 1
2.57126 1
5.61209 1
2.19141 1
3.54919 1
1.70765 1
0.332047 1
2.50305 1
4.39036 1
2.81877 1
3.06632 1
4.07982 1
3.56946 1
-0.369134 1
4.76702 1
7.98767 1
2.87317 1
4.14355 1
3.14831 1
1.44593 1
3.93458 1
3.75161 1
3.12559 1
3.02938 1
0.551636 1
5.27716 1
-0.598721 1
2.65737 1
2.72409 1
2.93868 1
1.8504 1
2.62695 1
5.9409 1
2.1948 1
4.25676 1
4.10892 1
-0.494866 1
4.81649 1
3.11999 1
5.45272 1
2.64554 1
2.84586 1
-0.177906 1
3.27916 1
3.49295 1
2.19773 1
4.39275 1
4.28109 1
1.97971 1
7.62292 1
3.88716 1
3.57744 1
1.32526 1
-0.149386 1
7.53742 1
5.99992 1
2.81069 1
5.59009 1
4.72971 1
5.57881 1
2.44591 1
0.751093 1
2.16496 1
2.18273 1
3.81037 1
3.29585 1
-0.383766 1
4.41495 1
1.5615 1
6.88009 1
5.61763 1
2.68335 1
3.87806 1
3.83849 1
-0.0505016 1
2.32784 1
1.73808 1
1.71908 1
4.76003 1
0.623052 1
8.64464 1
4.24133 1
5.36381 1
3.65123 1
1.16258 1
5.15761 1
2.27288 1
-0.733161 1
-0.160531 1
5.30532 1
4.92972 1
3.86094 1
3.53124 1
3.71191 1
3.13019 1
4.86446 1
3.9289 1
1.22792 1
1.39668 1
1.11976 1
1.67747 1
3.30039 1
10.3418 1
1.91686 1
3.62105 1
4.53828 1
5.42645 1
1.61784 1
2.14969 1
3.25852 1
2.59607 1
2.3667 1
0.999162 1
4.42861 1
3.39856 1
2.09141 1
8.06239 1
3.81865 1
2.00577 1
1.86927 1
4.23859 1
2.32104 1
3.58373 1
3.67835 1
5.76532 1
2.53062 1
3.36491 1
1.2696 1
0.420334 1
3.17176 1
4.7943 1
2.86023 1
1.44529 1
8.46273 1
5.14096 1
1.94396 1
2.29844 1
5.11189 1
5.53809 1
6.09207 1
4.48416 1
3.99853 1
5.19223 1
4.41038 1
2.97127 1
3.79221 1
8.90532 1
0.346236 1
2.8583 1
3.07112 1
3.12289 1
3.30196 1
3.88707 1
1.3576 1
5.24604 1
3.53042 1
2.87732 1
1.51074 1
2.72516 1
4.31349 1
5.85644 1
3.95839 1
2.42829 1
2.66631 1
4.23482 1
3.77552 1
3.34299 1
1.90975 1
3.18945 1
3.28031 1
1.35081 1
9.27595 1
3.71306 1
2.90864 1
3.68112 1
5.25923 1
1.60861 1
3.02475 1
8.78844 1
0.187721 1
2.82796 1
1.19763 1
2.63949 1
4.55113 1
8.00571 1
2.35018 1
7.45428 1
1.61362 1
2.34869 1
2.51152 1
0.419418 1
5.03607 1
1.27126 1
4.02713 1
7.0073 1
5.9584 1
2.8523 1
5.60482 1
0.577061 1
2.37278 1
8.19975 1
2.33992 1
2.28973 1
3.9903 1
4.58995 1
1.63296 1
0.88036 1
2.57929 1
5.74039 1
2.18937 1
5.40788 1
4.81972 1
2.48432 1
2.83253 1
3.42228 1
1.10263 1
4.64655 1
1.89873 1
3.64384 1
3.3966 1
6.82223 1
2.3344 1
2.48055 1
3.71295 1
7.68195 1
8.12341 1
1.13113 1
6.61371 1
8.85091 1
3.43593 1
4.04562 1
5.39966 1
9.54293 1
2.45117 1
5.23177 1
2.78178 1
2.12105 1
6.77428 1
2.19615 1
6.90466 1
6.87245 1
2.39086 1
3.41614 1
6.48359 1
0.565873 1
4.19445 1
6.57759 1
6.89713 1
1.4882 1
5.73022 1
2.89814 1
4.65924 1
2.35263 1
1.6459 1
2.58132 1
2.17815 1
7.12228 1
3.58078 1
7.12901 1
0.0777377 1
3.66976 1
0.980299 1
1.54873 1
2.41836 1
2.15467 1
1.33487 1
2.34067 1
5.07312 1
7.82699 1
6.90623 1
7.49506 1
1.60515 1
0.782594 1
3.91285 1
7.36925 1
3.47064 1
1.61545 1
2.82697 1
0.391894 1
4.73185 1
5.51714 1
4.07356 1
1.63393 1
5.0892 1
0.424413 1
-0.305014 1
1.763 1
2.4108 1
1.70646 1
3.75103 1
1.71411 1
2.54946 1
7.35008 1
3.31786 1
2.39481 1
6.32734 1
3.64671 1
4.29404 1
1.51512 1
7.79382 1
1.57007 1
3.42939 1
3.88299 1
1.50456 1
2.32214 1
2.02467 1
0.566727 1
2.85453 1
4.87512 1
1.38544 1
2.1036 1
-0.0136 1
2.48521 1
3.70547 1
6.17216 1
0.334895 1
1.12506 1
2.86788 1
8.14854 1
5.76488 1
6.42452 1
0.324983 1
4.54206 1
0.177603 1
5.30924 1
2.88091 1
2.82426 1
5.66193 1
0.267269 1
8.50755 1
3.11378 1
5.02993 1
9.12451 1
2.23719 1
1.86684 1
6.46 1
4.65407 1
3.64255 1
2.75927 1
4.2982 1
4.76861 1
3.10048 1
1.04647 1
2.77173 1
1.73867 1
2.48257 1
4.57985 1
0.264504 1
4.98768 1
4.83561 1
4.5213 1
4.12446 1
1.60983 1
2.04701 1
1.28095 1
1.0006 1
2.34151 1
0.507106 1
1.05509 1
2.2084 1
3.05619 1
4.18253 1
0.662523 1
3.84342 1
0.689314 1
4.15993 1
5.05881 1
4.08212 1
2.829 1
0.242006 1
2.36365 1
5.60369 1
3.81185 1
2.28979 1
5.59649 1
3.63728 1
2.72213 1
4.08774 1
3.17834 1
1.32757 1
0.340867 1
1.78855 1
2.08919 1
2.32455 1
2.66981 1
3.36699 1
1.74538 1
3.52681 1
4.31759 1
1.52167 1
1.6757 1
4.29738 1
2.58911 1
2.03658 1
4.37055 1
3.4828 1
3.90846 1
8.57045 1
9.72983 1
0.524385 1
4.72116 1
-0.93002 1
3.75803 1
5.12094 1
6.56155 1
1.7582 1
2.17748 1
2.99749 1
5.08551 1
4.43542 1
2.80611 1
0.0993063 1
4.13132 1
4.60999 1
0.22614 1
3.72049 1
4.99428 1
1.14829 1
3.26642 1
1.89484 1
1.08674 1
1.15377 1
0.611369 1
3.29098 1
5.4545 1
4.6486 1
3.19035 1
5.86044 1
1.62789 1
3.10366 1
5.18857 1
4.75855 1
1.0348 1
3.16937 1
5.98117 1
1.87436 1
8.31298 1
2.48384 1
5.17894 1
1.80799 1
5.71379 1
5.63209 1
2.55125 1
4.08323 1
6.79412 1
7.9087 1
5.22467 1
7.88532 1
3.43204 1
4.77549 1
-0.0677538 1
1.95714 1
1.1482 1
5.79396 1
2.71407 1
1.77251 1
1.54758 1
0.393749 1
0.205071 1
4.90055 1
1.18944 1
5.12698 1
6.80995 1
5.45922 1
-2.3074 1
3.49107 1
2.38035 1
3.93438 1
0.662822 1
2.55181 1
2.14607 1
5.16902 1
2.22536 1
3.79803 1
4.02754 1
2.47364 1
3.346 1
4.38195 1
4.10868 1
3.41318 1
2.65331 1
4.37013 1
1.6081 1
6.21444 1
-0.178743 1
5.23158 1
4.8655 1
4.24023 1
2.84632 1
2.82544 1
3.18884 1
5.22946 1
2.82017 1
6.31269 1
3.25477 1
0.526782 1
5.32805 1
4.57039 1
0.497773 1
5.62571 1
5.79645 1
4.57615 1
6.82963 1
3.44578 1
5.12529 1
2.41384 1
2.88431 1
6.75743 1
2.57287 1
2.49745 1
2.86807 1
0.27889 1
1.266 1
3.2168 1
1.99255 1
1.93039 1
5.53562 1
1.08927 1
0.747572 1
0.846768 1
2.32431 1
0.774132 1
0.493384 1
1.97058 1
3.80624 1
7.22642 1
2.88921 1
2.14493 1
5.13984 1
3.84077 1
4.26554 1
1.54927 1
4.27068 1
3.84699 1
6.26258 1
3.54322 1
2.21774 1
6.94751 1
0.499199 1
4.17481 1
4.19174 1
4.35285 1
4.49353 1
3.76383 1
5.29594 1
2.09739 1
2.96333 1
-0.120508 1
0.647737 1
2.41871 1
2.77682 1
4.0788 1
-0.00290703 1
3.51947 1
4.05528 1
6.01141 1
2.73128 1
1.63761 1
4.09614 1
2.28533 1
1.97977 1
1.66405 1
3.20365 1
4.11796 1
4.24029 1
5.03575 1
2.21076 1
4.15671 1
4.6042 1
1.50239 1
5.77079 1
4.59815 1
5.47344 1
6.3653 1
2.42583 1
3.26037 1
2.35108 1
6.86551 1
5.71046 1
4.60225 1
3.05917 1
6.44213 1
8.00235 1
3.51234 1
5.25186 1
4.26476 1
1.62413 1
2.09469 1
4.05187 1
2.12913 1
4.18416 1
7.24679 1
4.00339 1
-0.975855 1
2.70786 1
3.22512 1
-0.623831 1
3.10186 1
1.48635 1
5.88064 1
5.11454 1
2.50643 1
0.536561 1
3.02055 1
6.42459 1
-0.654659 1
3.08437 1
3.20806 1
0.602896 1
3.88336 1
0.881493 1
1.6872 1
3.0621 1
3.04477 1
6.80732 1
2.89132 1
4.34146 1
1.36349 1
5.30218 1
2.31538 1
1.61288 1
4.40381 1
0.0384152 1
1.29617 1
1.19893 1
3.16891 1
3.55912 1
3.60655 1
3.55556 1
7.26507 1
4.79847 1
3.68171 1
3.99905 1
8.39649 1
3.69931 1
6.33505 1
1.79223 1
3.09616 1
2.5718 1
2.40615 1
4.87389 1
2.29894 1
1.85433 1
2.70191 1
2.84588 1
2.89808 1
3.54884 1
-0.413252 1
5.3732 1
2.36822 1
1.23802 1
11.2781 1
3.70325 1
0.661841 1
3.37166 1
4.10255 1
7.28462 1
4.39469 1
2.69735 1
3.67451 1
15.8008 1
1.88487 1
5.35628 1
0.258367 1
4.81411 1
4.63553 1
3.95187 1
4.76543 1
-0.482527 1
1.38633 1
5.56195 1
2.97529 1
6.51879 1
1.8344 1
3.22404 1
8.51196 1
2.86032 1
-0.754435 1
1.55178 1
4.18916 1
1.25913 1
4.59234 1
2.1368 1
4.51213 1
3.11087 1
2.72905 1
0.279961 1
6.93283 1
1.33384 1
3.25326 1
0.082646 1
5.29819 1
5.20977 1
2.34387 1
2.39689 1
4.80294 1
-0.0824988 1
2.22421 1
2.45606 1
4.56528 1
4.68529 1
0.486626 1
0.616164 1
5.46443 1
2.4678 1
1.71095 1
5.48677 1
4.03815 1
3.12501 1
7.75129 1
3.17479 1
1.95313 1
5.40759 1
3.69793 1
4.90633 1
5.19037 1
4.87965 1
5.59402 1
2.26082 1
1.67433 1
10.1193 1
3.14374 1
6.72132 1
5.07022 1
2.76596 1
3.21691 1
4.3637 1
1.26937 1
4.46823 1
3.94132 1
2.35487 1
2.41329 1
2.12317 1
0.910304 1
3.55503 1
3.93037 1
4.6495 1
2.31122 1
2.35848 1
3.30073 1
2.34426 1
1.74643 1
0.760674 1
3.89397 1
3.5413 1
3.59717 1
2.89573 1
2.96079 1
3.73001 1
4.16365 1
3.01339 1
0.277957 1
2.521 1
1.1293 1
1.91715 1
1.81586 1
3.52012 1
1.95729 1
3.3359 1
0.583583 1
5.31904 1
0.833241 1
1.43476 1
-0.969848 1
2.81409 1
1.88958 1
3.23873 1
3.19006 1
3.30505 1
2.04792 1
0.748272 1
4.2992 1
0.555607 1
3.89642 1
4.45597 1
5.611 1
2.54618 1
3.456 1
4.90077 1
3.41859 1
3.50626 1
5.41868 1
2.7211 1
6.64837 1
3.01518 1
2.83684 1
3.59148 1
2.59399 1
3.21646 1
2.39929 1
2.07616 1
5.43912 1
2.20782 1
6.75181 1
3.08919 1
7.98081 1
4.06786 1
2.14801 1
2.58915 1
4.9778 1
2.23877 1
2.6089 1
0.498867 1
1.13295 1
3.27278 1
4.10981 1
3.91461 1
3.08677 1
1.30911 1
3.00963 1
2.7671 1
3.41977 1
4.24402 1
1.14281 1
2.67856 1
2.75771 1
1.57531 1
4.81458 1
1.45085 1
6.17636 1
3.77546 1
5.47352 1
6.36686 1
5.66251 1
3.68677 1
4.15818 1
2.79444 1
5.0958 1
4.65358 1
1.91745 1
2.43451 1
1.6194 1
3.06574 1
3.18156 1
2.8387 1
5.48187 1
3.44711 1
3.99244 1
4.13233 1
4.63156 1
3.36589 1
3.36001 1
0.483513 1
0.596091 1
3.76804 1
0.0405099 1
3.02699 1
4.47468 1
4.65615 1
1.12778 1
5.76909 1
3.07088 1
1.03653 1
5.72307 1
5.26391 1
1.40199 1
3.03053 1
5.96965 1
3.61167 1
3.65674 1
1.55906 1
0.684921 1
2.15196 1
1.92611 1
4.16124 1
6.61442 1
1.41852 1
1.86931 1
2.30817 1
3.19157 1
3.87114 1
5.19873 1
3.66006 1
3.02771 1
6.92917 1
2.03485 1
2.63253 1
1.81181 1
3.67676 1
1.20589 1
4.59283 1
2.82112 1
5.03593 1
4.49903 1
2.36074 1
4.62502 1
1.87385 1
1.65842 1
2.42617 1
7.83892 1
-0.705787 1
8.0692 1
4.95099 1
2.20747 1
0.0811155 1
2.84823 1
0.955973 1
0.984008 1
0.881904 1
5.23893 1
1.25887 1
3.55976 1
1.99705 1
4.76579 1
3.16123 1
3.37394 1
3.08126 1
4.39874 1
9.97923 1
4.02096 1
3.20185 1
5.79079 1
3.00584 1
5.1035 1
1.73791 1
5.1067 1
3.83546 1
5.10011 1
4.89537 1
2.58275 1
3.3699 1
3.4055 1
7.25562 1
4.55319 1
4.75619 1
6.28759 1
3.91182 1
4.45925 1
3.14918 1
1.81401 1
3.42597 1
3.49659 1
2.54152 1
2.88845 1
5.14956 1
1.95342 1
3.04198 1
0.16402 1
3.37227 1
4.05372 1
8.46216 1
2.48039 1
4.87066 1
4.05847 1
0.500324 1
5.42695 1
5.58436 1
4.45369 1
3.65614 1
1.41179 1
2.63847 1
2.08493 1
1.26419 1
1.26614 1
5.43751 1
2.98336 1
2.17239 1
4.79112 1
1.85178 1
1.44375 1
3.25687 1
4.14591 1
1.52788 1
3.29835 1
4.30179 1
3.14841 1
7.85522 1
5.5928 1
4.21073 1
6.33143 1
2.70062 1
1.90537 1
0.70127 1
0.577597 1
2.5622 1
9.1155 1
1.91046 1
1.05167 1
3.25469 1
1.70108 1
6.78184 1
0.715325 1
1.19043 1
1.88177 1
2.46958 1
5.74924 1
4.22955 1
3.12367 1
6.29169 1
2.36166 1
1.97675 1
3.63787 1
6.14275 1
5.32397 1
4.90953 1
2.36094 1
1.54316 1
2.81539 1
1.36077 1
-0.220566 1
6.41618 1
3.68357 1
2.05992 1
1.56987 1
3.5977 1
3.87907 1
2.8114 1
3.20369 1
0.803651 1
0.765737 1
1.54665 1
3.61741 1
2.29896 1
5.92359 1
5.19437 1
7.19544 1
3.29163 1
4.17631 1
4.93512 1
0.539322 1
3.47241 1
3.42319 1
2.14852 1
1.24579 1
4.04475 1
4.46532 1
3.87692 1
1.56499 1
1.30327 1
6.44653 1
1.84378 1
6.69997 1
3.17228 1
4.05758 1
0.921152 1
5.24949 1
5.62293 1
1.87486 1
2.12616 1
5.84257 1
2.15229 1
6.98578 1
6.23504 1
4.4042 1
4.0724 1
4.34165 1
2.36844 1
4.20549 1
0.928446 1
0.813348 1
2.68075 1
5.04305 1
2.28125 1
3.05306 1
5.43153 1
1.84874 1
1.15291 1
2.01789 1
3.99263 1
6.91267 1
2.18384 1
8.53819 1
5.71111 1
2.62332 1
2.92587 1
2.18795 1
2.4518 1
0.85286 1
7.89983 1
7.6585 1
1.62425 1
1.67653 1
3.81134 1
4.73381 1
1.82069 1
2.63365 1
7.9932 1
4.82392 1
4.88372 1
3.55338 1
4.52293 1
2.33618 1
5.11324 1
2.72182 1
4.8351 1
2.35637 1
0.701758 1
4.67209 1
3.51594 1
1.60022 1
