  *******************************************
  *                                         *
  *        W E L C O M E  to  R O O T       *
  *                                         *
  *   Version   3.05/07     22 April 2004   *
  *                                         *
  *  You are welcome to visit our Web site  *
  *          http://root.cern.ch            *
  *                                         *
  *******************************************

Compiled for linux with thread support.

CINT/ROOT C/C++ Interpreter version 5.15.94, June 30 2003
Type ? for help. Commands must be C++ statements.
Enclose multiple statements between { }.

[1mRooFit -- Version 1.04, developed by Wouter Verkerke and David Kirkby[0m 
          Copyright (C) 2000-2004 University of California & Stanford University
          All rights reserved, please read http://roofit.sourceforge.net/license.txt


Processing varsigma_1.C...
============== dm fixed at 10 ====================
Number of events  4000
for event #50: rTime = 1.67686, isMixed = 1.73055
 **********
 **    1 **SET ERR         0.5
 **********
 PARAMETER DEFINITIONS:
    NO.   NAME         VALUE      STEP SIZE      LIMITS
     1 t0           1.50000e+00  1.00000e-01     no limits
     2 dm           1.00000e+01  1.00000e-02     no limits
     3 sigma        1.00000e-01  1.00000e-02     no limits
     4 mistag       4.20000e-01  1.00000e-01     no limits
 **********
 **    2 **FIX           1           2           3
 **********
 **********
 **    3 **CALL FCN           1
 **********
iflag  1
 FCN=5841.28 FROM CALl fcn    STATUS=RESET           1 CALLS           1 TOTAL
                     EDM= unknown      STRATEGY= 1      NO ERROR MATRIX       
  EXT PARAMETER               CURRENT GUESS      PHYSICAL LIMITS       
  NO.   NAME      VALUE            ERROR       NEGATIVE      POSITIVE  
   1  t0           1.50000e+00     fixed    
   2  dm           1.00000e+01     fixed    
   3  sigma        1.00000e-01     fixed    
   4  mistag       4.20000e-01   1.00000e-01
                               ERR DEF= 0.5
 **********
 **    4 **MIGRAD        3000         0.1
 **********
 START MIGRAD MINIMIZATION.  STRATEGY 1.  CONVERGENCE WHEN EDM .LT. 1.00e-04
 FCN=5841.28 FROM MIGRAD    STATUS=INITIATE        4 CALLS           5 TOTAL
                     EDM= unknown      STRATEGY= 1      NO ERROR MATRIX       
  EXT PARAMETER               CURRENT GUESS       STEP         FIRST   
  NO.   NAME      VALUE            ERROR          SIZE      DERIVATIVE 
   1  t0           1.50000e+00     fixed    
   2  dm           1.00000e+01     fixed    
   3  sigma        1.00000e-01     fixed    
   4  mistag       4.20000e-01   1.00000e-01   1.00000e-01  -2.90893e+02
                               ERR DEF= 0.5
 MIGRAD MINIMIZATION HAS CONVERGED.
 MIGRAD WILL VERIFY CONVERGENCE AND ERROR MATRIX.
 COVARIANCE MATRIX CALCULATED SUCCESSFULLY
 FCN=5827.22 FROM MIGRAD    STATUS=CONVERGED      15 CALLS          16 TOTAL
                     EDM=7.40632e-07    STRATEGY= 1      ERROR MATRIX ACCURATE 
  EXT PARAMETER                                   STEP         FIRST   
  NO.   NAME      VALUE            ERROR          SIZE      DERIVATIVE 
   1  t0           1.50000e+00     fixed    
   2  dm           1.00000e+01     fixed    
   3  sigma        1.00000e-01     fixed    
   4  mistag       5.17119e-01   1.83499e-02   9.67356e-04  -4.68995e-02
                               ERR DEF= 0.5
 EXTERNAL ERROR MATRIX.    NDIM=  25    NPAR=  1    ERR DEF=0.5
  3.367e-04 
 **********
 **    5 **CALL FCN           3
 **********
iflag  3
ct  0.14024  0.222213
============== dm fixed at 10.5 ====================
Number of events  4000
for event #50: rTime = 2.2185, isMixed = 1.85882
 **********
 **    1 **SET ERR         0.5
 **********
 PARAMETER DEFINITIONS:
    NO.   NAME         VALUE      STEP SIZE      LIMITS
     1 t0           1.50000e+00  1.00000e-01     no limits
     2 dm           1.05000e+01  1.00000e-02     no limits
     3 sigma        1.00000e-01  1.00000e-02     no limits
     4 mistag       4.20000e-01  1.00000e-01     no limits
 **********
 **    2 **FIX           1           2           3
 **********
 **********
 **    3 **CALL FCN           1
 **********
iflag  1
 FCN=6008.38 FROM CALl fcn    STATUS=RESET           1 CALLS           1 TOTAL
                     EDM= unknown      STRATEGY= 1      NO ERROR MATRIX       
  EXT PARAMETER               CURRENT GUESS      PHYSICAL LIMITS       
  NO.   NAME      VALUE            ERROR       NEGATIVE      POSITIVE  
   1  t0           1.50000e+00     fixed    
   2  dm           1.05000e+01     fixed    
   3  sigma        1.00000e-01     fixed    
   4  mistag       4.20000e-01   1.00000e-01
                               ERR DEF= 0.5
 **********
 **    4 **MIGRAD        3000         0.1
 **********
 START MIGRAD MINIMIZATION.  STRATEGY 1.  CONVERGENCE WHEN EDM .LT. 1.00e-04
 FCN=6008.38 FROM MIGRAD    STATUS=INITIATE        4 CALLS           5 TOTAL
                     EDM= unknown      STRATEGY= 1      NO ERROR MATRIX       
  EXT PARAMETER               CURRENT GUESS       STEP         FIRST   
  NO.   NAME      VALUE            ERROR          SIZE      DERIVATIVE 
   1  t0           1.50000e+00     fixed    
   2  dm           1.05000e+01     fixed    
   3  sigma        1.00000e-01     fixed    
   4  mistag       4.20000e-01   1.00000e-01   1.00000e-01  -2.01543e+02
                               ERR DEF= 0.5
 MIGRAD MINIMIZATION HAS CONVERGED.
 MIGRAD WILL VERIFY CONVERGENCE AND ERROR MATRIX.
 COVARIANCE MATRIX CALCULATED SUCCESSFULLY
 FCN=6000.97 FROM MIGRAD    STATUS=CONVERGED      15 CALLS          16 TOTAL
                     EDM=1.5314e-07    STRATEGY= 1      ERROR MATRIX ACCURATE 
  EXT PARAMETER                                   STEP         FIRST   
  NO.   NAME      VALUE            ERROR          SIZE      DERIVATIVE 
   1  t0           1.50000e+00     fixed    
   2  dm           1.05000e+01     fixed    
   3  sigma        1.00000e-01     fixed    
   4  mistag       4.93731e-01   1.92004e-02   1.02710e-03  -2.03814e-02
                               ERR DEF= 0.5
 EXTERNAL ERROR MATRIX.    NDIM=  25    NPAR=  1    ERR DEF=0.5
  3.687e-04 
 **********
 **    5 **CALL FCN           3
 **********
iflag  3
ct  0.14024  0.222213
============== dm fixed at 11 ====================
Number of events  4000
for event #50: rTime = 0.231837, isMixed = 1.80162
 **********
 **    1 **SET ERR         0.5
 **********
 PARAMETER DEFINITIONS:
    NO.   NAME         VALUE      STEP SIZE      LIMITS
     1 t0           1.50000e+00  1.00000e-01     no limits
     2 dm           1.10000e+01  1.00000e-02     no limits
     3 sigma        1.00000e-01  1.00000e-02     no limits
     4 mistag       4.20000e-01  1.00000e-01     no limits
 **********
 **    2 **FIX           1           2           3
 **********
 **********
 **    3 **CALL FCN           1
 **********
iflag  1
 FCN=5820.03 FROM CALl fcn    STATUS=RESET           1 CALLS           1 TOTAL
                     EDM= unknown      STRATEGY= 1      NO ERROR MATRIX       
  EXT PARAMETER               CURRENT GUESS      PHYSICAL LIMITS       
  NO.   NAME      VALUE            ERROR       NEGATIVE      POSITIVE  
   1  t0           1.50000e+00     fixed    
   2  dm           1.10000e+01     fixed    
   3  sigma        1.00000e-01     fixed    
   4  mistag       4.20000e-01   1.00000e-01
                               ERR DEF= 0.5
 **********
 **    4 **MIGRAD        3000         0.1
 **********
 START MIGRAD MINIMIZATION.  STRATEGY 1.  CONVERGENCE WHEN EDM .LT. 1.00e-04
 FCN=5820.03 FROM MIGRAD    STATUS=INITIATE        4 CALLS           5 TOTAL
                     EDM= unknown      STRATEGY= 1      NO ERROR MATRIX       
  EXT PARAMETER               CURRENT GUESS       STEP         FIRST   
  NO.   NAME      VALUE            ERROR          SIZE      DERIVATIVE 
   1  t0           1.50000e+00     fixed    
   2  dm           1.10000e+01     fixed    
   3  sigma        1.00000e-01     fixed    
   4  mistag       4.20000e-01   1.00000e-01   1.00000e-01  -2.49823e+02
                               ERR DEF= 0.5
 MIGRAD MINIMIZATION HAS CONVERGED.
 MIGRAD WILL VERIFY CONVERGENCE AND ERROR MATRIX.
 COVARIANCE MATRIX CALCULATED SUCCESSFULLY
 FCN=5807.53 FROM MIGRAD    STATUS=CONVERGED      15 CALLS          16 TOTAL
                     EDM=4.024e-07    STRATEGY= 1      ERROR MATRIX ACCURATE 
  EXT PARAMETER                                   STEP         FIRST   
  NO.   NAME      VALUE            ERROR          SIZE      DERIVATIVE 
   1  t0           1.50000e+00     fixed    
   2  dm           1.10000e+01     fixed    
   3  sigma        1.00000e-01     fixed    
   4  mistag       5.20406e-01   2.01221e-02   1.05899e-03  -3.15251e-02
                               ERR DEF= 0.5
 EXTERNAL ERROR MATRIX.    NDIM=  25    NPAR=  1    ERR DEF=0.5
  4.049e-04 
 **********
 **    5 **CALL FCN           3
 **********
iflag  3
ct  0.14024  0.222213
============== dm fixed at 11.5 ====================
Number of events  4000
for event #50: rTime = 0.505834, isMixed = 0.000716257
 **********
 **    1 **SET ERR         0.5
 **********
 PARAMETER DEFINITIONS:
    NO.   NAME         VALUE      STEP SIZE      LIMITS
     1 t0           1.50000e+00  1.00000e-01     no limits
     2 dm           1.15000e+01  1.00000e-02     no limits
     3 sigma        1.00000e-01  1.00000e-02     no limits
     4 mistag       4.20000e-01  1.00000e-01     no limits
 **********
 **    2 **FIX           1           2           3
 **********
 **********
 **    3 **CALL FCN           1
 **********
iflag  1
 FCN=5783.79 FROM CALl fcn    STATUS=RESET           1 CALLS           1 TOTAL
                     EDM= unknown      STRATEGY= 1      NO ERROR MATRIX       
  EXT PARAMETER               CURRENT GUESS      PHYSICAL LIMITS       
  NO.   NAME      VALUE            ERROR       NEGATIVE      POSITIVE  
   1  t0           1.50000e+00     fixed    
   2  dm           1.15000e+01     fixed    
   3  sigma        1.00000e-01     fixed    
   4  mistag       4.20000e-01   1.00000e-01
                               ERR DEF= 0.5
 **********
 **    4 **MIGRAD        3000         0.1
 **********
 START MIGRAD MINIMIZATION.  STRATEGY 1.  CONVERGENCE WHEN EDM .LT. 1.00e-04
 FCN=5783.79 FROM MIGRAD    STATUS=INITIATE        4 CALLS           5 TOTAL
                     EDM= unknown      STRATEGY= 1      NO ERROR MATRIX       
  EXT PARAMETER               CURRENT GUESS       STEP         FIRST   
  NO.   NAME      VALUE            ERROR          SIZE      DERIVATIVE 
   1  t0           1.50000e+00     fixed    
   2  dm           1.15000e+01     fixed    
   3  sigma        1.00000e-01     fixed    
   4  mistag       4.20000e-01   1.00000e-01   1.00000e-01  -1.35165e+02
                               ERR DEF= 0.5
 MIGRAD MINIMIZATION HAS CONVERGED.
 MIGRAD WILL VERIFY CONVERGENCE AND ERROR MATRIX.
 COVARIANCE MATRIX CALCULATED SUCCESSFULLY
 FCN=5779.65 FROM MIGRAD    STATUS=CONVERGED      15 CALLS          16 TOTAL
                     EDM=1.79072e-08    STRATEGY= 1      ERROR MATRIX ACCURATE 
  EXT PARAMETER                                   STEP         FIRST   
  NO.   NAME      VALUE            ERROR          SIZE      DERIVATIVE 
   1  t0           1.50000e+00     fixed    
   2  dm           1.15000e+01     fixed    
   3  sigma        1.00000e-01     fixed    
   4  mistag       4.81459e-01   2.13817e-02   1.12250e-03  -6.25852e-03
                               ERR DEF= 0.5
 EXTERNAL ERROR MATRIX.    NDIM=  25    NPAR=  1    ERR DEF=0.5
  4.572e-04 
 **********
 **    5 **CALL FCN           3
 **********
iflag  3
ct  0.14024  0.222213
============== dm fixed at 12 ====================
Number of events  4000
for event #50: rTime = 1.81231, isMixed = 0.0758218
 **********
 **    1 **SET ERR         0.5
 **********
 PARAMETER DEFINITIONS:
    NO.   NAME         VALUE      STEP SIZE      LIMITS
     1 t0           1.50000e+00  1.00000e-01     no limits
     2 dm           1.20000e+01  1.00000e-02     no limits
     3 sigma        1.00000e-01  1.00000e-02     no limits
     4 mistag       4.20000e-01  1.00000e-01     no limits
 **********
 **    2 **FIX           1           2           3
 **********
 **********
 **    3 **CALL FCN           1
 **********
iflag  1
 FCN=5843.56 FROM CALl fcn    STATUS=RESET           1 CALLS           1 TOTAL
                     EDM= unknown      STRATEGY= 1      NO ERROR MATRIX       
  EXT PARAMETER               CURRENT GUESS      PHYSICAL LIMITS       
  NO.   NAME      VALUE            ERROR       NEGATIVE      POSITIVE  
   1  t0           1.50000e+00     fixed    
   2  dm           1.20000e+01     fixed    
   3  sigma        1.00000e-01     fixed    
   4  mistag       4.20000e-01   1.00000e-01
                               ERR DEF= 0.5
 **********
 **    4 **MIGRAD        3000         0.1
 **********
 START MIGRAD MINIMIZATION.  STRATEGY 1.  CONVERGENCE WHEN EDM .LT. 1.00e-04
 FCN=5843.56 FROM MIGRAD    STATUS=INITIATE        4 CALLS           5 TOTAL
                     EDM= unknown      STRATEGY= 1      NO ERROR MATRIX       
  EXT PARAMETER               CURRENT GUESS       STEP         FIRST   
  NO.   NAME      VALUE            ERROR          SIZE      DERIVATIVE 
   1  t0           1.50000e+00     fixed    
   2  dm           1.20000e+01     fixed    
   3  sigma        1.00000e-01     fixed    
   4  mistag       4.20000e-01   1.00000e-01   1.00000e-01  -1.79069e+02
                               ERR DEF= 0.5
 MIGRAD MINIMIZATION HAS CONVERGED.
 MIGRAD WILL VERIFY CONVERGENCE AND ERROR MATRIX.
 COVARIANCE MATRIX CALCULATED SUCCESSFULLY
 FCN=5835.68 FROM MIGRAD    STATUS=CONVERGED      15 CALLS          16 TOTAL
                     EDM=6.61e-08    STRATEGY= 1      ERROR MATRIX ACCURATE 
  EXT PARAMETER                                   STEP         FIRST   
  NO.   NAME      VALUE            ERROR          SIZE      DERIVATIVE 
   1  t0           1.50000e+00     fixed    
   2  dm           1.20000e+01     fixed    
   3  sigma        1.00000e-01     fixed    
   4  mistag       5.08259e-01   2.22622e-02   1.17442e-03  -1.15487e-02
                               ERR DEF= 0.5
 EXTERNAL ERROR MATRIX.    NDIM=  25    NPAR=  1    ERR DEF=0.5
  4.956e-04 
 **********
 **    5 **CALL FCN           3
 **********
iflag  3
ct  0.14024  0.222213
============== dm fixed at 12.5 ====================
Number of events  4000
for event #50: rTime = 3.28732, isMixed = 1.34949
 **********
 **    1 **SET ERR         0.5
 **********
 PARAMETER DEFINITIONS:
    NO.   NAME         VALUE      STEP SIZE      LIMITS
     1 t0           1.50000e+00  1.00000e-01     no limits
     2 dm           1.25000e+01  1.00000e-02     no limits
     3 sigma        1.00000e-01  1.00000e-02     no limits
     4 mistag       4.20000e-01  1.00000e-01     no limits
 **********
 **    2 **FIX           1           2           3
 **********
 **********
 **    3 **CALL FCN           1
 **********
iflag  1
 FCN=5865.49 FROM CALl fcn    STATUS=RESET           1 CALLS           1 TOTAL
                     EDM= unknown      STRATEGY= 1      NO ERROR MATRIX       
  EXT PARAMETER               CURRENT GUESS      PHYSICAL LIMITS       
  NO.   NAME      VALUE            ERROR       NEGATIVE      POSITIVE  
   1  t0           1.50000e+00     fixed    
   2  dm           1.25000e+01     fixed    
   3  sigma        1.00000e-01     fixed    
   4  mistag       4.20000e-01   1.00000e-01
                               ERR DEF= 0.5
 **********
 **    4 **MIGRAD        3000         0.1
 **********
 START MIGRAD MINIMIZATION.  STRATEGY 1.  CONVERGENCE WHEN EDM .LT. 1.00e-04
 FCN=5865.49 FROM MIGRAD    STATUS=INITIATE        4 CALLS           5 TOTAL
                     EDM= unknown      STRATEGY= 1      NO ERROR MATRIX       
  EXT PARAMETER               CURRENT GUESS       STEP         FIRST   
  NO.   NAME      VALUE            ERROR          SIZE      DERIVATIVE 
   1  t0           1.50000e+00     fixed    
   2  dm           1.25000e+01     fixed    
   3  sigma        1.00000e-01     fixed    
   4  mistag       4.20000e-01   1.00000e-01   1.00000e-01  -8.02523e+01
                               ERR DEF= 0.5
 MIGRAD MINIMIZATION HAS CONVERGED.
 MIGRAD WILL VERIFY CONVERGENCE AND ERROR MATRIX.
 COVARIANCE MATRIX CALCULATED SUCCESSFULLY
 FCN=5863.7 FROM MIGRAD    STATUS=CONVERGED      15 CALLS          16 TOTAL
                     EDM=1.66287e-09    STRATEGY= 1      ERROR MATRIX ACCURATE 
  EXT PARAMETER                                   STEP         FIRST   
  NO.   NAME      VALUE            ERROR          SIZE      DERIVATIVE 
   1  t0           1.50000e+00     fixed    
   2  dm           1.25000e+01     fixed    
   3  sigma        1.00000e-01     fixed    
   4  mistag       4.64712e-01   2.36517e-02   1.25068e-03  -1.72412e-03
                               ERR DEF= 0.5
 EXTERNAL ERROR MATRIX.    NDIM=  25    NPAR=  1    ERR DEF=0.5
  5.594e-04 
 **********
 **    5 **CALL FCN           3
 **********
iflag  3
ct  0.14024  0.222213
============== dm fixed at 13 ====================
Number of events  4000
for event #50: rTime = 0.639768, isMixed = 1.43886
 **********
 **    1 **SET ERR         0.5
 **********
 PARAMETER DEFINITIONS:
    NO.   NAME         VALUE      STEP SIZE      LIMITS
     1 t0           1.50000e+00  1.00000e-01     no limits
     2 dm           1.30000e+01  1.00000e-02     no limits
     3 sigma        1.00000e-01  1.00000e-02     no limits
     4 mistag       4.20000e-01  1.00000e-01     no limits
 **********
 **    2 **FIX           1           2           3
 **********
 **********
 **    3 **CALL FCN           1
 **********
iflag  1
 FCN=5991.74 FROM CALl fcn    STATUS=RESET           1 CALLS           1 TOTAL
                     EDM= unknown      STRATEGY= 1      NO ERROR MATRIX       
  EXT PARAMETER               CURRENT GUESS      PHYSICAL LIMITS       
  NO.   NAME      VALUE            ERROR       NEGATIVE      POSITIVE  
   1  t0           1.50000e+00     fixed    
   2  dm           1.30000e+01     fixed    
   3  sigma        1.00000e-01     fixed    
   4  mistag       4.20000e-01   1.00000e-01
                               ERR DEF= 0.5
 **********
 **    4 **MIGRAD        3000         0.1
 **********
 START MIGRAD MINIMIZATION.  STRATEGY 1.  CONVERGENCE WHEN EDM .LT. 1.00e-04
 FCN=5991.74 FROM MIGRAD    STATUS=INITIATE        4 CALLS           5 TOTAL
                     EDM= unknown      STRATEGY= 1      NO ERROR MATRIX       
  EXT PARAMETER               CURRENT GUESS       STEP         FIRST   
  NO.   NAME      VALUE            ERROR          SIZE      DERIVATIVE 
   1  t0           1.50000e+00     fixed    
   2  dm           1.30000e+01     fixed    
   3  sigma        1.00000e-01     fixed    
   4  mistag       4.20000e-01   1.00000e-01   1.00000e-01  -1.18841e+02
                               ERR DEF= 0.5
 MIGRAD MINIMIZATION HAS CONVERGED.
 MIGRAD WILL VERIFY CONVERGENCE AND ERROR MATRIX.
 COVARIANCE MATRIX CALCULATED SUCCESSFULLY
 FCN=5987.38 FROM MIGRAD    STATUS=CONVERGED      15 CALLS          16 TOTAL
                     EDM=1.66915e-08    STRATEGY= 1      ERROR MATRIX ACCURATE 
  EXT PARAMETER                                   STEP         FIRST   
  NO.   NAME      VALUE            ERROR          SIZE      DERIVATIVE 
   1  t0           1.50000e+00     fixed    
   2  dm           1.30000e+01     fixed    
   3  sigma        1.00000e-01     fixed    
   4  mistag       4.93571e-01   2.49447e-02   1.33289e-03  -5.17929e-03
                               ERR DEF= 0.5
 EXTERNAL ERROR MATRIX.    NDIM=  25    NPAR=  1    ERR DEF=0.5
  6.222e-04 
 **********
 **    5 **CALL FCN           3
 **********
iflag  3
ct  0.14024  0.222213
============== dm fixed at 13.5 ====================
Number of events  4000
for event #50: rTime = 1.29467, isMixed = 1.94542
 **********
 **    1 **SET ERR         0.5
 **********
 PARAMETER DEFINITIONS:
    NO.   NAME         VALUE      STEP SIZE      LIMITS
     1 t0           1.50000e+00  1.00000e-01     no limits
     2 dm           1.35000e+01  1.00000e-02     no limits
     3 sigma        1.00000e-01  1.00000e-02     no limits
     4 mistag       4.20000e-01  1.00000e-01     no limits
 **********
 **    2 **FIX           1           2           3
 **********
 **********
 **    3 **CALL FCN           1
 **********
iflag  1
 FCN=5889.78 FROM CALl fcn    STATUS=RESET           1 CALLS           1 TOTAL
                     EDM= unknown      STRATEGY= 1      NO ERROR MATRIX       
  EXT PARAMETER               CURRENT GUESS      PHYSICAL LIMITS       
  NO.   NAME      VALUE            ERROR       NEGATIVE      POSITIVE  
   1  t0           1.50000e+00     fixed    
   2  dm           1.35000e+01     fixed    
   3  sigma        1.00000e-01     fixed    
   4  mistag       4.20000e-01   1.00000e-01
                               ERR DEF= 0.5
 **********
 **    4 **MIGRAD        3000         0.1
 **********
 START MIGRAD MINIMIZATION.  STRATEGY 1.  CONVERGENCE WHEN EDM .LT. 1.00e-04
 FCN=5889.78 FROM MIGRAD    STATUS=INITIATE        4 CALLS           5 TOTAL
                     EDM= unknown      STRATEGY= 1      NO ERROR MATRIX       
  EXT PARAMETER               CURRENT GUESS       STEP         FIRST   
  NO.   NAME      VALUE            ERROR          SIZE      DERIVATIVE 
   1  t0           1.50000e+00     fixed    
   2  dm           1.35000e+01     fixed    
   3  sigma        1.00000e-01     fixed    
   4  mistag       4.20000e-01   1.00000e-01   1.00000e-01  -1.84665e+02
                               ERR DEF= 0.5
 MIGRAD MINIMIZATION HAS CONVERGED.
 MIGRAD WILL VERIFY CONVERGENCE AND ERROR MATRIX.
 COVARIANCE MATRIX CALCULATED SUCCESSFULLY
 FCN=5877.69 FROM MIGRAD    STATUS=CONVERGED      15 CALLS          16 TOTAL
                     EDM=2.55195e-08    STRATEGY= 1      ERROR MATRIX ACCURATE 
  EXT PARAMETER                                   STEP         FIRST   
  NO.   NAME      VALUE            ERROR          SIZE      DERIVATIVE 
   1  t0           1.50000e+00     fixed    
   2  dm           1.35000e+01     fixed    
   3  sigma        1.00000e-01     fixed    
   4  mistag       5.51213e-01   2.66889e-02   1.41312e-03  -5.98556e-03
                               ERR DEF= 0.5
 EXTERNAL ERROR MATRIX.    NDIM=  25    NPAR=  1    ERR DEF=0.5
  7.123e-04 
 **********
 **    5 **CALL FCN           3
 **********
iflag  3
ct  0.14024  0.222213
============== dm fixed at 14 ====================
Number of events  4000
for event #50: rTime = 0.126802, isMixed = 1.41937
 **********
 **    1 **SET ERR         0.5
 **********
 PARAMETER DEFINITIONS:
    NO.   NAME         VALUE      STEP SIZE      LIMITS
     1 t0           1.50000e+00  1.00000e-01     no limits
     2 dm           1.40000e+01  1.00000e-02     no limits
     3 sigma        1.00000e-01  1.00000e-02     no limits
     4 mistag       4.20000e-01  1.00000e-01     no limits
 **********
 **    2 **FIX           1           2           3
 **********
 **********
 **    3 **CALL FCN           1
 **********
iflag  1
 FCN=5852.86 FROM CALl fcn    STATUS=RESET           1 CALLS           1 TOTAL
                     EDM= unknown      STRATEGY= 1      NO ERROR MATRIX       
  EXT PARAMETER               CURRENT GUESS      PHYSICAL LIMITS       
  NO.   NAME      VALUE            ERROR       NEGATIVE      POSITIVE  
   1  t0           1.50000e+00     fixed    
   2  dm           1.40000e+01     fixed    
   3  sigma        1.00000e-01     fixed    
   4  mistag       4.20000e-01   1.00000e-01
                               ERR DEF= 0.5
 **********
 **    4 **MIGRAD        3000         0.1
 **********
 START MIGRAD MINIMIZATION.  STRATEGY 1.  CONVERGENCE WHEN EDM .LT. 1.00e-04
 FCN=5852.86 FROM MIGRAD    STATUS=INITIATE        4 CALLS           5 TOTAL
                     EDM= unknown      STRATEGY= 1      NO ERROR MATRIX       
  EXT PARAMETER               CURRENT GUESS       STEP         FIRST   
  NO.   NAME      VALUE            ERROR          SIZE      DERIVATIVE 
   1  t0           1.50000e+00     fixed    
   2  dm           1.40000e+01     fixed    
   3  sigma        1.00000e-01     fixed    
   4  mistag       4.20000e-01   1.00000e-01   1.00000e-01  -9.84671e+01
                               ERR DEF= 0.5
 MIGRAD MINIMIZATION HAS CONVERGED.
 MIGRAD WILL VERIFY CONVERGENCE AND ERROR MATRIX.
 COVARIANCE MATRIX CALCULATED SUCCESSFULLY
 FCN=5848.95 FROM MIGRAD    STATUS=CONVERGED      15 CALLS          16 TOTAL
                     EDM=3.84962e-09    STRATEGY= 1      ERROR MATRIX ACCURATE 
  EXT PARAMETER                                   STEP         FIRST   
  NO.   NAME      VALUE            ERROR          SIZE      DERIVATIVE 
   1  t0           1.50000e+00     fixed    
   2  dm           1.40000e+01     fixed    
   3  sigma        1.00000e-01     fixed    
   4  mistag       4.99588e-01   2.84766e-02   1.50394e-03  -2.17882e-03
                               ERR DEF= 0.5
 EXTERNAL ERROR MATRIX.    NDIM=  25    NPAR=  1    ERR DEF=0.5
  8.109e-04 
 **********
 **    5 **CALL FCN           3
 **********
iflag  3
ct  0.14024  0.222213
============== dm fixed at 14.5 ====================
Number of events  4000
for event #50: rTime = 0.659945, isMixed = 1.97791
 **********
 **    1 **SET ERR         0.5
 **********
 PARAMETER DEFINITIONS:
    NO.   NAME         VALUE      STEP SIZE      LIMITS
     1 t0           1.50000e+00  1.00000e-01     no limits
     2 dm           1.45000e+01  1.00000e-02     no limits
     3 sigma        1.00000e-01  1.00000e-02     no limits
     4 mistag       4.20000e-01  1.00000e-01     no limits
 **********
 **    2 **FIX           1           2           3
 **********
 **********
 **    3 **CALL FCN           1
 **********
iflag  1
 FCN=5870.12 FROM CALl fcn    STATUS=RESET           1 CALLS           1 TOTAL
                     EDM= unknown      STRATEGY= 1      NO ERROR MATRIX       
  EXT PARAMETER               CURRENT GUESS      PHYSICAL LIMITS       
  NO.   NAME      VALUE            ERROR       NEGATIVE      POSITIVE  
   1  t0           1.50000e+00     fixed    
   2  dm           1.45000e+01     fixed    
   3  sigma        1.00000e-01     fixed    
   4  mistag       4.20000e-01   1.00000e-01
                               ERR DEF= 0.5
 **********
 **    4 **MIGRAD        3000         0.1
 **********
 START MIGRAD MINIMIZATION.  STRATEGY 1.  CONVERGENCE WHEN EDM .LT. 1.00e-04
 FCN=5870.12 FROM MIGRAD    STATUS=INITIATE        4 CALLS           5 TOTAL
                     EDM= unknown      STRATEGY= 1      NO ERROR MATRIX       
  EXT PARAMETER               CURRENT GUESS       STEP         FIRST   
  NO.   NAME      VALUE            ERROR          SIZE      DERIVATIVE 
   1  t0           1.50000e+00     fixed    
   2  dm           1.45000e+01     fixed    
   3  sigma        1.00000e-01     fixed    
   4  mistag       4.20000e-01   1.00000e-01   1.00000e-01  -7.29139e+01
                               ERR DEF= 0.5
 MIGRAD MINIMIZATION HAS CONVERGED.
 MIGRAD WILL VERIFY CONVERGENCE AND ERROR MATRIX.
 COVARIANCE MATRIX CALCULATED SUCCESSFULLY
 FCN=5867.66 FROM MIGRAD    STATUS=CONVERGED      15 CALLS          16 TOTAL
                     EDM=9.8736e-10    STRATEGY= 1      ERROR MATRIX ACCURATE 
  EXT PARAMETER                                   STEP         FIRST   
  NO.   NAME      VALUE            ERROR          SIZE      DERIVATIVE 
   1  t0           1.50000e+00     fixed    
   2  dm           1.45000e+01     fixed    
   3  sigma        1.00000e-01     fixed    
   4  mistag       4.87524e-01   3.04747e-02   1.61203e-03  -1.03109e-03
                               ERR DEF= 0.5
 EXTERNAL ERROR MATRIX.    NDIM=  25    NPAR=  1    ERR DEF=0.5
  9.287e-04 
 **********
 **    5 **CALL FCN           3
 **********
iflag  3
ct  0.14024  0.222213
============== dm fixed at 15 ====================
Number of events  4000
for event #50: rTime = 3.49636, isMixed = 0.0264208
 **********
 **    1 **SET ERR         0.5
 **********
 PARAMETER DEFINITIONS:
    NO.   NAME         VALUE      STEP SIZE      LIMITS
     1 t0           1.50000e+00  1.00000e-01     no limits
     2 dm           1.50000e+01  1.00000e-02     no limits
     3 sigma        1.00000e-01  1.00000e-02     no limits
     4 mistag       4.20000e-01  1.00000e-01     no limits
 **********
 **    2 **FIX           1           2           3
 **********
 **********
 **    3 **CALL FCN           1
 **********
iflag  1
 FCN=5841.56 FROM CALl fcn    STATUS=RESET           1 CALLS           1 TOTAL
                     EDM= unknown      STRATEGY= 1      NO ERROR MATRIX       
  EXT PARAMETER               CURRENT GUESS      PHYSICAL LIMITS       
  NO.   NAME      VALUE            ERROR       NEGATIVE      POSITIVE  
   1  t0           1.50000e+00     fixed    
   2  dm           1.50000e+01     fixed    
   3  sigma        1.00000e-01     fixed    
   4  mistag       4.20000e-01   1.00000e-01
                               ERR DEF= 0.5
 **********
 **    4 **MIGRAD        3000         0.1
 **********
 START MIGRAD MINIMIZATION.  STRATEGY 1.  CONVERGENCE WHEN EDM .LT. 1.00e-04
 FCN=5841.56 FROM MIGRAD    STATUS=INITIATE        4 CALLS           5 TOTAL
                     EDM= unknown      STRATEGY= 1      NO ERROR MATRIX       
  EXT PARAMETER               CURRENT GUESS       STEP         FIRST   
  NO.   NAME      VALUE            ERROR          SIZE      DERIVATIVE 
   1  t0           1.50000e+00     fixed    
   2  dm           1.50000e+01     fixed    
   3  sigma        1.00000e-01     fixed    
   4  mistag       4.20000e-01   1.00000e-01   1.00000e-01  -4.31770e+01
                               ERR DEF= 0.5
 MIGRAD MINIMIZATION HAS CONVERGED.
 MIGRAD WILL VERIFY CONVERGENCE AND ERROR MATRIX.
 COVARIANCE MATRIX CALCULATED SUCCESSFULLY
 FCN=5840.57 FROM MIGRAD    STATUS=CONVERGED      17 CALLS          18 TOTAL
                     EDM=9.6903e-11    STRATEGY= 1      ERROR MATRIX ACCURATE 
  EXT PARAMETER                                   STEP         FIRST   
  NO.   NAME      VALUE            ERROR          SIZE      DERIVATIVE 
   1  t0           1.50000e+00     fixed    
   2  dm           1.50000e+01     fixed    
   3  sigma        1.00000e-01     fixed    
   4  mistag       4.65849e-01   3.26247e-02   1.72177e-03  -3.01732e-04
                               ERR DEF= 0.5
 EXTERNAL ERROR MATRIX.    NDIM=  25    NPAR=  1    ERR DEF=0.5
  1.064e-03 
 **********
 **    5 **CALL FCN           3
 **********
iflag  3
ct  0.14024  0.222213
============== dm fixed at 15.5 ====================
Number of events  4000
for event #50: rTime = 0.375806, isMixed = 1.37661
 **********
 **    1 **SET ERR         0.5
 **********
 PARAMETER DEFINITIONS:
    NO.   NAME         VALUE      STEP SIZE      LIMITS
     1 t0           1.50000e+00  1.00000e-01     no limits
     2 dm           1.55000e+01  1.00000e-02     no limits
     3 sigma        1.00000e-01  1.00000e-02     no limits
     4 mistag       4.20000e-01  1.00000e-01     no limits
 **********
 **    2 **FIX           1           2           3
 **********
 **********
 **    3 **CALL FCN           1
 **********
iflag  1
 FCN=5758.4 FROM CALl fcn    STATUS=RESET           1 CALLS           1 TOTAL
                     EDM= unknown      STRATEGY= 1      NO ERROR MATRIX       
  EXT PARAMETER               CURRENT GUESS      PHYSICAL LIMITS       
  NO.   NAME      VALUE            ERROR       NEGATIVE      POSITIVE  
   1  t0           1.50000e+00     fixed    
   2  dm           1.55000e+01     fixed    
   3  sigma        1.00000e-01     fixed    
   4  mistag       4.20000e-01   1.00000e-01
                               ERR DEF= 0.5
 **********
 **    4 **MIGRAD        3000         0.1
 **********
 START MIGRAD MINIMIZATION.  STRATEGY 1.  CONVERGENCE WHEN EDM .LT. 1.00e-04
 FCN=5758.4 FROM MIGRAD    STATUS=INITIATE        4 CALLS           5 TOTAL
                     EDM= unknown      STRATEGY= 1      NO ERROR MATRIX       
  EXT PARAMETER               CURRENT GUESS       STEP         FIRST   
  NO.   NAME      VALUE            ERROR          SIZE      DERIVATIVE 
   1  t0           1.50000e+00     fixed    
   2  dm           1.55000e+01     fixed    
   3  sigma        1.00000e-01     fixed    
   4  mistag       4.20000e-01   1.00000e-01   1.00000e-01  -1.15642e+02
                               ERR DEF= 0.5
 MIGRAD MINIMIZATION HAS CONVERGED.
 MIGRAD WILL VERIFY CONVERGENCE AND ERROR MATRIX.
 COVARIANCE MATRIX CALCULATED SUCCESSFULLY
 FCN=5750.2 FROM MIGRAD    STATUS=CONVERGED      17 CALLS          18 TOTAL
                     EDM=2.87661e-10    STRATEGY= 1      ERROR MATRIX ACCURATE 
  EXT PARAMETER                                   STEP         FIRST   
  NO.   NAME      VALUE            ERROR          SIZE      DERIVATIVE 
   1  t0           1.50000e+00     fixed    
   2  dm           1.55000e+01     fixed    
   3  sigma        1.00000e-01     fixed    
   4  mistag       5.62012e-01   3.50505e-02   1.83554e-03  -4.83890e-04
                               ERR DEF= 0.5
 EXTERNAL ERROR MATRIX.    NDIM=  25    NPAR=  1    ERR DEF=0.5
  1.229e-03 
 **********
 **    5 **CALL FCN           3
 **********
iflag  3
ct  0.14024  0.222213
============== dm fixed at 16 ====================
Number of events  4000
for event #50: rTime = 2.51029, isMixed = 0.0124598
 **********
 **    1 **SET ERR         0.5
 **********
 PARAMETER DEFINITIONS:
    NO.   NAME         VALUE      STEP SIZE      LIMITS
     1 t0           1.50000e+00  1.00000e-01     no limits
     2 dm           1.60000e+01  1.00000e-02     no limits
     3 sigma        1.00000e-01  1.00000e-02     no limits
     4 mistag       4.20000e-01  1.00000e-01     no limits
 **********
 **    2 **FIX           1           2           3
 **********
 **********
 **    3 **CALL FCN           1
 **********
iflag  1
 FCN=5910.76 FROM CALl fcn    STATUS=RESET           1 CALLS           1 TOTAL
                     EDM= unknown      STRATEGY= 1      NO ERROR MATRIX       
  EXT PARAMETER               CURRENT GUESS      PHYSICAL LIMITS       
  NO.   NAME      VALUE            ERROR       NEGATIVE      POSITIVE  
   1  t0           1.50000e+00     fixed    
   2  dm           1.60000e+01     fixed    
   3  sigma        1.00000e-01     fixed    
   4  mistag       4.20000e-01   1.00000e-01
                               ERR DEF= 0.5
 **********
 **    4 **MIGRAD        3000         0.1
 **********
 START MIGRAD MINIMIZATION.  STRATEGY 1.  CONVERGENCE WHEN EDM .LT. 1.00e-04
 FCN=5910.76 FROM MIGRAD    STATUS=INITIATE        4 CALLS           5 TOTAL
                     EDM= unknown      STRATEGY= 1      NO ERROR MATRIX       
  EXT PARAMETER               CURRENT GUESS       STEP         FIRST   
  NO.   NAME      VALUE            ERROR          SIZE      DERIVATIVE 
   1  t0           1.50000e+00     fixed    
   2  dm           1.60000e+01     fixed    
   3  sigma        1.00000e-01     fixed    
   4  mistag       4.20000e-01   1.00000e-01   1.00000e-01  -9.32327e+01
                               ERR DEF= 0.5
 MIGRAD MINIMIZATION HAS CONVERGED.
 MIGRAD WILL VERIFY CONVERGENCE AND ERROR MATRIX.
 COVARIANCE MATRIX CALCULATED SUCCESSFULLY
 FCN=5904.72 FROM MIGRAD    STATUS=CONVERGED      17 CALLS          18 TOTAL
                     EDM=7.83308e-11    STRATEGY= 1      ERROR MATRIX ACCURATE 
  EXT PARAMETER                                   STEP         FIRST   
  NO.   NAME      VALUE            ERROR          SIZE      DERIVATIVE 
   1  t0           1.50000e+00     fixed    
   2  dm           1.60000e+01     fixed    
   3  sigma        1.00000e-01     fixed    
   4  mistag       5.49739e-01   3.73089e-02   1.97985e-03  -2.37221e-04
                               ERR DEF= 0.5
 EXTERNAL ERROR MATRIX.    NDIM=  25    NPAR=  1    ERR DEF=0.5
  1.392e-03 
 **********
 **    5 **CALL FCN           3
 **********
iflag  3
ct  0.14024  0.222213
============== dm fixed at 16.5 ====================
Number of events  4000
for event #50: rTime = 0.288897, isMixed = 1.99157
 **********
 **    1 **SET ERR         0.5
 **********
 PARAMETER DEFINITIONS:
    NO.   NAME         VALUE      STEP SIZE      LIMITS
     1 t0           1.50000e+00  1.00000e-01     no limits
     2 dm           1.65000e+01  1.00000e-02     no limits
     3 sigma        1.00000e-01  1.00000e-02     no limits
     4 mistag       4.20000e-01  1.00000e-01     no limits
 **********
 **    2 **FIX           1           2           3
 **********
 **********
 **    3 **CALL FCN           1
 **********
iflag  1
 FCN=5862.58 FROM CALl fcn    STATUS=RESET           1 CALLS           1 TOTAL
                     EDM= unknown      STRATEGY= 1      NO ERROR MATRIX       
  EXT PARAMETER               CURRENT GUESS      PHYSICAL LIMITS       
  NO.   NAME      VALUE            ERROR       NEGATIVE      POSITIVE  
   1  t0           1.50000e+00     fixed    
   2  dm           1.65000e+01     fixed    
   3  sigma        1.00000e-01     fixed    
   4  mistag       4.20000e-01   1.00000e-01
                               ERR DEF= 0.5
 **********
 **    4 **MIGRAD        3000         0.1
 **********
 START MIGRAD MINIMIZATION.  STRATEGY 1.  CONVERGENCE WHEN EDM .LT. 1.00e-04
 FCN=5862.58 FROM MIGRAD    STATUS=INITIATE        4 CALLS           5 TOTAL
                     EDM= unknown      STRATEGY= 1      NO ERROR MATRIX       
  EXT PARAMETER               CURRENT GUESS       STEP         FIRST   
  NO.   NAME      VALUE            ERROR          SIZE      DERIVATIVE 
   1  t0           1.50000e+00     fixed    
   2  dm           1.65000e+01     fixed    
   3  sigma        1.00000e-01     fixed    
   4  mistag       4.20000e-01   1.00000e-01   1.00000e-01  -7.75329e+00
                               ERR DEF= 0.5
 MIGRAD MINIMIZATION HAS CONVERGED.
 MIGRAD WILL VERIFY CONVERGENCE AND ERROR MATRIX.
 COVARIANCE MATRIX CALCULATED SUCCESSFULLY
 FCN=5862.53 FROM MIGRAD    STATUS=CONVERGED      12 CALLS          13 TOTAL
                     EDM=2.59932e-08    STRATEGY= 1      ERROR MATRIX ACCURATE 
  EXT PARAMETER                                   STEP         FIRST   
  NO.   NAME      VALUE            ERROR          SIZE      DERIVATIVE 
   1  t0           1.50000e+00     fixed    
   2  dm           1.65000e+01     fixed    
   3  sigma        1.00000e-01     fixed    
   4  mistag       4.32453e-01   4.00964e-02   2.11902e-03  -4.02091e-03
                               ERR DEF= 0.5
 EXTERNAL ERROR MATRIX.    NDIM=  25    NPAR=  1    ERR DEF=0.5
  1.608e-03 
 **********
 **    5 **CALL FCN           3
 **********
iflag  3
ct  0.14024  0.222213
============== dm fixed at 17 ====================
Number of events  4000
for event #50: rTime = 2.49054, isMixed = 0.263367
 **********
 **    1 **SET ERR         0.5
 **********
 PARAMETER DEFINITIONS:
    NO.   NAME         VALUE      STEP SIZE      LIMITS
     1 t0           1.50000e+00  1.00000e-01     no limits
     2 dm           1.70000e+01  1.00000e-02     no limits
     3 sigma        1.00000e-01  1.00000e-02     no limits
     4 mistag       4.20000e-01  1.00000e-01     no limits
 **********
 **    2 **FIX           1           2           3
 **********
 **********
 **    3 **CALL FCN           1
 **********
iflag  1
 FCN=5894.84 FROM CALl fcn    STATUS=RESET           1 CALLS           1 TOTAL
                     EDM= unknown      STRATEGY= 1      NO ERROR MATRIX       
  EXT PARAMETER               CURRENT GUESS      PHYSICAL LIMITS       
  NO.   NAME      VALUE            ERROR       NEGATIVE      POSITIVE  
   1  t0           1.50000e+00     fixed    
   2  dm           1.70000e+01     fixed    
   3  sigma        1.00000e-01     fixed    
   4  mistag       4.20000e-01   1.00000e-01
                               ERR DEF= 0.5
 **********
 **    4 **MIGRAD        3000         0.1
 **********
 START MIGRAD MINIMIZATION.  STRATEGY 1.  CONVERGENCE WHEN EDM .LT. 1.00e-04
 FCN=5894.84 FROM MIGRAD    STATUS=INITIATE        4 CALLS           5 TOTAL
                     EDM= unknown      STRATEGY= 1      NO ERROR MATRIX       
  EXT PARAMETER               CURRENT GUESS       STEP         FIRST   
  NO.   NAME      VALUE            ERROR          SIZE      DERIVATIVE 
   1  t0           1.50000e+00     fixed    
   2  dm           1.70000e+01     fixed    
   3  sigma        1.00000e-01     fixed    
   4  mistag       4.20000e-01   1.00000e-01   1.00000e-01  -4.47061e+01
                               ERR DEF= 0.5
 MIGRAD MINIMIZATION HAS CONVERGED.
 MIGRAD WILL VERIFY CONVERGENCE AND ERROR MATRIX.
 COVARIANCE MATRIX CALCULATED SUCCESSFULLY
 FCN=5893 FROM MIGRAD    STATUS=CONVERGED      15 CALLS          16 TOTAL
                     EDM=5.67674e-10    STRATEGY= 1      ERROR MATRIX ACCURATE 
  EXT PARAMETER                                   STEP         FIRST   
  NO.   NAME      VALUE            ERROR          SIZE      DERIVATIVE 
   1  t0           1.50000e+00     fixed    
   2  dm           1.70000e+01     fixed    
   3  sigma        1.00000e-01     fixed    
   4  mistag       5.02608e-01   4.30415e-02   2.28170e-03  -5.53557e-04
                               ERR DEF= 0.5
 EXTERNAL ERROR MATRIX.    NDIM=  25    NPAR=  1    ERR DEF=0.5
  1.853e-03 
 **********
 **    5 **CALL FCN           3
 **********
iflag  3
ct  0.14024  0.222213
============== dm fixed at 17.5 ====================
Number of events  4000
for event #50: rTime = 0.366255, isMixed = 0.743792
 **********
 **    1 **SET ERR         0.5
 **********
 PARAMETER DEFINITIONS:
    NO.   NAME         VALUE      STEP SIZE      LIMITS
     1 t0           1.50000e+00  1.00000e-01     no limits
     2 dm           1.75000e+01  1.00000e-02     no limits
     3 sigma        1.00000e-01  1.00000e-02     no limits
     4 mistag       4.20000e-01  1.00000e-01     no limits
 **********
 **    2 **FIX           1           2           3
 **********
 **********
 **    3 **CALL FCN           1
 **********
iflag  1
 FCN=5734 FROM CALl fcn    STATUS=RESET           1 CALLS           1 TOTAL
                     EDM= unknown      STRATEGY= 1      NO ERROR MATRIX       
  EXT PARAMETER               CURRENT GUESS      PHYSICAL LIMITS       
  NO.   NAME      VALUE            ERROR       NEGATIVE      POSITIVE  
   1  t0           1.50000e+00     fixed    
   2  dm           1.75000e+01     fixed    
   3  sigma        1.00000e-01     fixed    
   4  mistag       4.20000e-01   1.00000e-01
                               ERR DEF= 0.5
 **********
 **    4 **MIGRAD        3000         0.1
 **********
 START MIGRAD MINIMIZATION.  STRATEGY 1.  CONVERGENCE WHEN EDM .LT. 1.00e-04
 FCN=5734 FROM MIGRAD    STATUS=INITIATE        4 CALLS           5 TOTAL
                     EDM= unknown      STRATEGY= 1      NO ERROR MATRIX       
  EXT PARAMETER               CURRENT GUESS       STEP         FIRST   
  NO.   NAME      VALUE            ERROR          SIZE      DERIVATIVE 
   1  t0           1.50000e+00     fixed    
   2  dm           1.75000e+01     fixed    
   3  sigma        1.00000e-01     fixed    
   4  mistag       4.20000e-01   1.00000e-01   1.00000e-01  -3.67485e+01
                               ERR DEF= 0.5
 MIGRAD MINIMIZATION HAS CONVERGED.
 MIGRAD WILL VERIFY CONVERGENCE AND ERROR MATRIX.
 COVARIANCE MATRIX CALCULATED SUCCESSFULLY
 FCN=5732.52 FROM MIGRAD    STATUS=CONVERGED      17 CALLS          18 TOTAL
                     EDM=3.82729e-11    STRATEGY= 1      ERROR MATRIX ACCURATE 
  EXT PARAMETER                                   STEP         FIRST   
  NO.   NAME      VALUE            ERROR          SIZE      DERIVATIVE 
   1  t0           1.50000e+00     fixed    
   2  dm           1.75000e+01     fixed    
   3  sigma        1.00000e-01     fixed    
   4  mistag       5.00995e-01   4.69738e-02   2.45603e-03  -1.31701e-04
                               ERR DEF= 0.5
 EXTERNAL ERROR MATRIX.    NDIM=  25    NPAR=  1    ERR DEF=0.5
  2.207e-03 
 **********
 **    5 **CALL FCN           3
 **********
iflag  3
ct  0.14024  0.222213
============== dm fixed at 18 ====================
Number of events  4000
for event #50: rTime = 3.38547, isMixed = 1.39283
 **********
 **    1 **SET ERR         0.5
 **********
 PARAMETER DEFINITIONS:
    NO.   NAME         VALUE      STEP SIZE      LIMITS
     1 t0           1.50000e+00  1.00000e-01     no limits
     2 dm           1.80000e+01  1.00000e-02     no limits
     3 sigma        1.00000e-01  1.00000e-02     no limits
     4 mistag       4.20000e-01  1.00000e-01     no limits
 **********
 **    2 **FIX           1           2           3
 **********
 **********
 **    3 **CALL FCN           1
 **********
iflag  1
 FCN=5969.46 FROM CALl fcn    STATUS=RESET           1 CALLS           1 TOTAL
                     EDM= unknown      STRATEGY= 1      NO ERROR MATRIX       
  EXT PARAMETER               CURRENT GUESS      PHYSICAL LIMITS       
  NO.   NAME      VALUE            ERROR       NEGATIVE      POSITIVE  
   1  t0           1.50000e+00     fixed    
   2  dm           1.80000e+01     fixed    
   3  sigma        1.00000e-01     fixed    
   4  mistag       4.20000e-01   1.00000e-01
                               ERR DEF= 0.5
 **********
 **    4 **MIGRAD        3000         0.1
 **********
 START MIGRAD MINIMIZATION.  STRATEGY 1.  CONVERGENCE WHEN EDM .LT. 1.00e-04
 FCN=5969.46 FROM MIGRAD    STATUS=INITIATE        4 CALLS           5 TOTAL
                     EDM= unknown      STRATEGY= 1      NO ERROR MATRIX       
  EXT PARAMETER               CURRENT GUESS       STEP         FIRST   
  NO.   NAME      VALUE            ERROR          SIZE      DERIVATIVE 
   1  t0           1.50000e+00     fixed    
   2  dm           1.80000e+01     fixed    
   3  sigma        1.00000e-01     fixed    
   4  mistag       4.20000e-01   1.00000e-01   1.00000e-01  -4.88684e+01
                               ERR DEF= 0.5
 MIGRAD MINIMIZATION HAS CONVERGED.
 MIGRAD WILL VERIFY CONVERGENCE AND ERROR MATRIX.
 COVARIANCE MATRIX CALCULATED SUCCESSFULLY
 FCN=5966.43 FROM MIGRAD    STATUS=CONVERGED      15 CALLS          16 TOTAL
                     EDM=1.49161e-09    STRATEGY= 1      ERROR MATRIX ACCURATE 
  EXT PARAMETER                                   STEP         FIRST   
  NO.   NAME      VALUE            ERROR          SIZE      DERIVATIVE 
   1  t0           1.50000e+00     fixed    
   2  dm           1.80000e+01     fixed    
   3  sigma        1.00000e-01     fixed    
   4  mistag       5.44230e-01   5.04728e-02   2.69232e-03  -7.65191e-04
                               ERR DEF= 0.5
 EXTERNAL ERROR MATRIX.    NDIM=  25    NPAR=  1    ERR DEF=0.5
  2.548e-03 
 **********
 **    5 **CALL FCN           3
 **********
iflag  3
ct  0.14024  0.222213
============== dm fixed at 18.5 ====================
Number of events  4000
for event #50: rTime = 0.636961, isMixed = 0.291008
 **********
 **    1 **SET ERR         0.5
 **********
 PARAMETER DEFINITIONS:
    NO.   NAME         VALUE      STEP SIZE      LIMITS
     1 t0           1.50000e+00  1.00000e-01     no limits
     2 dm           1.85000e+01  1.00000e-02     no limits
     3 sigma        1.00000e-01  1.00000e-02     no limits
     4 mistag       4.20000e-01  1.00000e-01     no limits
 **********
 **    2 **FIX           1           2           3
 **********
 **********
 **    3 **CALL FCN           1
 **********
iflag  1
 FCN=5900.35 FROM CALl fcn    STATUS=RESET           1 CALLS           1 TOTAL
                     EDM= unknown      STRATEGY= 1      NO ERROR MATRIX       
  EXT PARAMETER               CURRENT GUESS      PHYSICAL LIMITS       
  NO.   NAME      VALUE            ERROR       NEGATIVE      POSITIVE  
   1  t0           1.50000e+00     fixed    
   2  dm           1.85000e+01     fixed    
   3  sigma        1.00000e-01     fixed    
   4  mistag       4.20000e-01   1.00000e-01
                               ERR DEF= 0.5
 **********
 **    4 **MIGRAD        3000         0.1
 **********
 START MIGRAD MINIMIZATION.  STRATEGY 1.  CONVERGENCE WHEN EDM .LT. 1.00e-04
 FCN=5900.35 FROM MIGRAD    STATUS=INITIATE        4 CALLS           5 TOTAL
                     EDM= unknown      STRATEGY= 1      NO ERROR MATRIX       
  EXT PARAMETER               CURRENT GUESS       STEP         FIRST   
  NO.   NAME      VALUE            ERROR          SIZE      DERIVATIVE 
   1  t0           1.50000e+00     fixed    
   2  dm           1.85000e+01     fixed    
   3  sigma        1.00000e-01     fixed    
   4  mistag       4.20000e-01   1.00000e-01   1.00000e-01  -2.52305e+01
                               ERR DEF= 0.5
 MIGRAD MINIMIZATION HAS CONVERGED.
 MIGRAD WILL VERIFY CONVERGENCE AND ERROR MATRIX.
 COVARIANCE MATRIX CALCULATED SUCCESSFULLY
 FCN=5899.39 FROM MIGRAD    STATUS=CONVERGED      12 CALLS          13 TOTAL
                     EDM=1.38317e-06    STRATEGY= 1      ERROR MATRIX ACCURATE 
  EXT PARAMETER                                   STEP         FIRST   
  NO.   NAME      VALUE            ERROR          SIZE      DERIVATIVE 
   1  t0           1.50000e+00     fixed    
   2  dm           1.85000e+01     fixed    
   3  sigma        1.00000e-01     fixed    
   4  mistag       4.96456e-01   5.50511e-02   2.91979e-03  -2.13635e-02
                               ERR DEF= 0.5
 EXTERNAL ERROR MATRIX.    NDIM=  25    NPAR=  1    ERR DEF=0.5
  3.031e-03 
 **********
 **    5 **CALL FCN           3
 **********
iflag  3
ct  0.14024  0.222213
============== dm fixed at 19 ====================
Number of events  4000
for event #50: rTime = 0.106646, isMixed = 1.98593
 **********
 **    1 **SET ERR         0.5
 **********
 PARAMETER DEFINITIONS:
    NO.   NAME         VALUE      STEP SIZE      LIMITS
     1 t0           1.50000e+00  1.00000e-01     no limits
     2 dm           1.90000e+01  1.00000e-02     no limits
     3 sigma        1.00000e-01  1.00000e-02     no limits
     4 mistag       4.20000e-01  1.00000e-01     no limits
 **********
 **    2 **FIX           1           2           3
 **********
 **********
 **    3 **CALL FCN           1
 **********
iflag  1
 FCN=5851.84 FROM CALl fcn    STATUS=RESET           1 CALLS           1 TOTAL
                     EDM= unknown      STRATEGY= 1      NO ERROR MATRIX       
  EXT PARAMETER               CURRENT GUESS      PHYSICAL LIMITS       
  NO.   NAME      VALUE            ERROR       NEGATIVE      POSITIVE  
   1  t0           1.50000e+00     fixed    
   2  dm           1.90000e+01     fixed    
   3  sigma        1.00000e-01     fixed    
   4  mistag       4.20000e-01   1.00000e-01
                               ERR DEF= 0.5
 **********
 **    4 **MIGRAD        3000         0.1
 **********
 START MIGRAD MINIMIZATION.  STRATEGY 1.  CONVERGENCE WHEN EDM .LT. 1.00e-04
 FCN=5851.84 FROM MIGRAD    STATUS=INITIATE        4 CALLS           5 TOTAL
                     EDM= unknown      STRATEGY= 1      NO ERROR MATRIX       
  EXT PARAMETER               CURRENT GUESS       STEP         FIRST   
  NO.   NAME      VALUE            ERROR          SIZE      DERIVATIVE 
   1  t0           1.50000e+00     fixed    
   2  dm           1.90000e+01     fixed    
   3  sigma        1.00000e-01     fixed    
   4  mistag       4.20000e-01   1.00000e-01   1.00000e-01   1.09756e+01
                               ERR DEF= 0.5
 MIGRAD MINIMIZATION HAS CONVERGED.
 MIGRAD WILL VERIFY CONVERGENCE AND ERROR MATRIX.
 COVARIANCE MATRIX CALCULATED SUCCESSFULLY
 FCN=5851.64 FROM MIGRAD    STATUS=CONVERGED      12 CALLS          13 TOTAL
                     EDM=2.35763e-06    STRATEGY= 1      ERROR MATRIX ACCURATE 
  EXT PARAMETER                                   STEP         FIRST   
  NO.   NAME      VALUE            ERROR          SIZE      DERIVATIVE 
   1  t0           1.50000e+00     fixed    
   2  dm           1.90000e+01     fixed    
   3  sigma        1.00000e-01     fixed    
   4  mistag       3.82581e-01   5.82352e-02   3.08441e-03  -2.63665e-02
                               ERR DEF= 0.5
 EXTERNAL ERROR MATRIX.    NDIM=  25    NPAR=  1    ERR DEF=0.5
  3.391e-03 
 **********
 **    5 **CALL FCN           3
 **********
iflag  3
ct  0.14024  0.222213
============== dm fixed at 19.5 ====================
Number of events  4000
for event #50: rTime = 1.24254, isMixed = 1.04145
 **********
 **    1 **SET ERR         0.5
 **********
 PARAMETER DEFINITIONS:
    NO.   NAME         VALUE      STEP SIZE      LIMITS
     1 t0           1.50000e+00  1.00000e-01     no limits
     2 dm           1.95000e+01  1.00000e-02     no limits
     3 sigma        1.00000e-01  1.00000e-02     no limits
     4 mistag       4.20000e-01  1.00000e-01     no limits
 **********
 **    2 **FIX           1           2           3
 **********
 **********
 **    3 **CALL FCN           1
 **********
iflag  1
 FCN=5849.98 FROM CALl fcn    STATUS=RESET           1 CALLS           1 TOTAL
                     EDM= unknown      STRATEGY= 1      NO ERROR MATRIX       
  EXT PARAMETER               CURRENT GUESS      PHYSICAL LIMITS       
  NO.   NAME      VALUE            ERROR       NEGATIVE      POSITIVE  
   1  t0           1.50000e+00     fixed    
   2  dm           1.95000e+01     fixed    
   3  sigma        1.00000e-01     fixed    
   4  mistag       4.20000e-01   1.00000e-01
                               ERR DEF= 0.5
 **********
 **    4 **MIGRAD        3000         0.1
 **********
 START MIGRAD MINIMIZATION.  STRATEGY 1.  CONVERGENCE WHEN EDM .LT. 1.00e-04
 FCN=5849.98 FROM MIGRAD    STATUS=INITIATE        4 CALLS           5 TOTAL
                     EDM= unknown      STRATEGY= 1      NO ERROR MATRIX       
  EXT PARAMETER               CURRENT GUESS       STEP         FIRST   
  NO.   NAME      VALUE            ERROR          SIZE      DERIVATIVE 
   1  t0           1.50000e+00     fixed    
   2  dm           1.95000e+01     fixed    
   3  sigma        1.00000e-01     fixed    
   4  mistag       4.20000e-01   1.00000e-01   1.00000e-01  -1.05726e+01
                               ERR DEF= 0.5
 MIGRAD MINIMIZATION HAS CONVERGED.
 MIGRAD WILL VERIFY CONVERGENCE AND ERROR MATRIX.
 COVARIANCE MATRIX CALCULATED SUCCESSFULLY
 FCN=5849.75 FROM MIGRAD    STATUS=CONVERGED      12 CALLS          13 TOTAL
                     EDM=1.45418e-08    STRATEGY= 1      ERROR MATRIX ACCURATE 
  EXT PARAMETER                                   STEP         FIRST   
  NO.   NAME      VALUE            ERROR          SIZE      DERIVATIVE 
   1  t0           1.50000e+00     fixed    
   2  dm           1.95000e+01     fixed    
   3  sigma        1.00000e-01     fixed    
   4  mistag       4.63895e-01   6.44313e-02   3.40322e-03  -1.87159e-03
                               ERR DEF= 0.5
 EXTERNAL ERROR MATRIX.    NDIM=  25    NPAR=  1    ERR DEF=0.5
  4.151e-03 
 **********
 **    5 **CALL FCN           3
 **********
iflag  3
ct  0.14024  0.222213
Real time 7450.93
CPU time  6603.72
